<?xml version="1.0" encoding="UTF-8"?>
<testsuite xmlns:xsi="http://www.w3.org/2001/XMLSchema-instance" xsi:noNamespaceSchemaLocation="https://maven.apache.org/surefire/maven-surefire-plugin/xsd/surefire-test-report-3.0.xsd" version="3.0" name="cucumber.Options.RunCucumberTests" time="92.079" tests="75" errors="0" skipped="0" failures="32">
  <properties>
    <property name="java.specification.version" value="16"/>
    <property name="log4j.configurationFile" value="C:\SnehProjects\DemoProject\Demo_APIFramework/src/test/resources/log4j.xml"/>
    <property name="sun.cpu.isalist" value="amd64"/>
    <property name="sun.jnu.encoding" value="Cp1252"/>
    <property name="java.class.path" value="C:\SnehProjects\DemoProject\Demo_APIFramework\target\test-classes;C:\SnehProjects\DemoProject\Demo_APIFramework\target\classes;C:\Users\abhij\.m2\repository\io\cucumber\cucumber-testng\6.11.0\cucumber-testng-6.11.0.jar;C:\Users\abhij\.m2\repository\org\apiguardian\apiguardian-api\1.1.2\apiguardian-api-1.1.2.jar;C:\Users\abhij\.m2\repository\io\cucumber\cucumber-core\6.11.0\cucumber-core-6.11.0.jar;C:\Users\abhij\.m2\repository\io\cucumber\cucumber-gherkin\6.11.0\cucumber-gherkin-6.11.0.jar;C:\Users\abhij\.m2\repository\io\cucumber\cucumber-gherkin-messages\6.11.0\cucumber-gherkin-messages-6.11.0.jar;C:\Users\abhij\.m2\repository\io\cucumber\messages\15.0.0\messages-15.0.0.jar;C:\Users\abhij\.m2\repository\io\cucumber\tag-expressions\3.0.1\tag-expressions-3.0.1.jar;C:\Users\abhij\.m2\repository\io\cucumber\cucumber-expressions\10.3.0\cucumber-expressions-10.3.0.jar;C:\Users\abhij\.m2\repository\io\cucumber\datatable\3.5.0\datatable-3.5.0.jar;C:\Users\abhij\.m2\repository\io\cucumber\cucumber-plugin\6.11.0\cucumber-plugin-6.11.0.jar;C:\Users\abhij\.m2\repository\io\cucumber\docstring\6.11.0\docstring-6.11.0.jar;C:\Users\abhij\.m2\repository\io\cucumber\html-formatter\13.0.0\html-formatter-13.0.0.jar;C:\Users\abhij\.m2\repository\io\cucumber\create-meta\4.0.0\create-meta-4.0.0.jar;C:\Users\abhij\.m2\repository\org\testng\testng\7.3.0\testng-7.3.0.jar;C:\Users\abhij\.m2\repository\com\beust\jcommander\1.78\jcommander-1.78.jar;C:\Users\abhij\.m2\repository\org\apache\ant\ant\1.10.3\ant-1.10.3.jar;C:\Users\abhij\.m2\repository\org\apache\ant\ant-launcher\1.10.3\ant-launcher-1.10.3.jar;C:\Users\abhij\.m2\repository\junit\junit\4.12\junit-4.12.jar;C:\Users\abhij\.m2\repository\org\hamcrest\hamcrest-core\1.3\hamcrest-core-1.3.jar;C:\Users\abhij\.m2\repository\com\google\inject\guice\4.2.2\guice-4.2.2-no_aop.jar;C:\Users\abhij\.m2\repository\javax\inject\javax.inject\1\javax.inject-1.jar;C:\Users\abhij\.m2\repository\aopalliance\aopalliance\1.0\aopalliance-1.0.jar;C:\Users\abhij\.m2\repository\com\google\guava\guava\25.1-android\guava-25.1-android.jar;C:\Users\abhij\.m2\repository\com\google\code\findbugs\jsr305\3.0.2\jsr305-3.0.2.jar;C:\Users\abhij\.m2\repository\org\checkerframework\checker-compat-qual\2.0.0\checker-compat-qual-2.0.0.jar;C:\Users\abhij\.m2\repository\com\google\errorprone\error_prone_annotations\2.1.3\error_prone_annotations-2.1.3.jar;C:\Users\abhij\.m2\repository\com\google\j2objc\j2objc-annotations\1.1\j2objc-annotations-1.1.jar;C:\Users\abhij\.m2\repository\org\codehaus\mojo\animal-sniffer-annotations\1.14\animal-sniffer-annotations-1.14.jar;C:\Users\abhij\.m2\repository\org\yaml\snakeyaml\1.21\snakeyaml-1.21.jar;C:\Users\abhij\.m2\repository\io\cucumber\cucumber-java\6.11.0\cucumber-java-6.11.0.jar;C:\Users\abhij\.m2\repository\io\cucumber\cucumber-picocontainer\6.11.0\cucumber-picocontainer-6.11.0.jar;C:\Users\abhij\.m2\repository\org\picocontainer\picocontainer\2.15\picocontainer-2.15.jar;C:\Users\abhij\.m2\repository\io\rest-assured\rest-assured\4.3.3\rest-assured-4.3.3.jar;C:\Users\abhij\.m2\repository\org\codehaus\groovy\groovy\3.0.7\groovy-3.0.7.jar;C:\Users\abhij\.m2\repository\org\codehaus\groovy\groovy-xml\3.0.7\groovy-xml-3.0.7.jar;C:\Users\abhij\.m2\repository\org\apache\httpcomponents\httpclient\4.5.3\httpclient-4.5.3.jar;C:\Users\abhij\.m2\repository\org\apache\httpcomponents\httpcore\4.4.6\httpcore-4.4.6.jar;C:\Users\abhij\.m2\repository\commons-logging\commons-logging\1.2\commons-logging-1.2.jar;C:\Users\abhij\.m2\repository\commons-codec\commons-codec\1.9\commons-codec-1.9.jar;C:\Users\abhij\.m2\repository\org\apache\httpcomponents\httpmime\4.5.3\httpmime-4.5.3.jar;C:\Users\abhij\.m2\repository\org\hamcrest\hamcrest\2.1\hamcrest-2.1.jar;C:\Users\abhij\.m2\repository\org\ccil\cowan\tagsoup\tagsoup\1.2.1\tagsoup-1.2.1.jar;C:\Users\abhij\.m2\repository\io\rest-assured\json-path\4.3.3\json-path-4.3.3.jar;C:\Users\abhij\.m2\repository\org\codehaus\groovy\groovy-json\3.0.7\groovy-json-3.0.7.jar;C:\Users\abhij\.m2\repository\io\rest-assured\rest-assured-common\4.3.3\rest-assured-common-4.3.3.jar;C:\Users\abhij\.m2\repository\io\rest-assured\xml-path\4.3.3\xml-path-4.3.3.jar;C:\Users\abhij\.m2\repository\jakarta\xml\bind\jakarta.xml.bind-api\2.3.3\jakarta.xml.bind-api-2.3.3.jar;C:\Users\abhij\.m2\repository\jakarta\activation\jakarta.activation-api\1.2.2\jakarta.activation-api-1.2.2.jar;C:\Users\abhij\.m2\repository\com\sun\xml\bind\jaxb-impl\2.3.3\jaxb-impl-2.3.3.jar;C:\Users\abhij\.m2\repository\com\fasterxml\jackson\core\jackson-databind\2.12.3\jackson-databind-2.12.3.jar;C:\Users\abhij\.m2\repository\com\fasterxml\jackson\core\jackson-annotations\2.12.3\jackson-annotations-2.12.3.jar;C:\Users\abhij\.m2\repository\com\fasterxml\jackson\core\jackson-core\2.12.3\jackson-core-2.12.3.jar;C:\Users\abhij\.m2\repository\org\apache\logging\log4j\log4j-api\2.14.1\log4j-api-2.14.1.jar;C:\Users\abhij\.m2\repository\org\apache\logging\log4j\log4j-core\2.14.1\log4j-core-2.14.1.jar;C:\Users\abhij\.m2\repository\org\json\json\20210307\json-20210307.jar;C:\Users\abhij\.m2\repository\com\github\javafaker\javafaker\1.0.2\javafaker-1.0.2.jar;C:\Users\abhij\.m2\repository\org\apache\commons\commons-lang3\3.5\commons-lang3-3.5.jar;C:\Users\abhij\.m2\repository\org\yaml\snakeyaml\1.23\snakeyaml-1.23-android.jar;C:\Users\abhij\.m2\repository\com\github\mifmif\generex\1.0.2\generex-1.0.2.jar;C:\Users\abhij\.m2\repository\dk\brics\automaton\automaton\1.11-8\automaton-1.11-8.jar;"/>
    <property name="java.vm.vendor" value="Oracle Corporation"/>
    <property name="sun.arch.data.model" value="64"/>
    <property name="user.variant" value=""/>
    <property name="java.vendor.url" value="https://java.oracle.com/"/>
    <property name="user.timezone" value="Europe/Amsterdam"/>
    <property name="os.name" value="Windows 10"/>
    <property name="java.vm.specification.version" value="16"/>
    <property name="logoutputpath" value="C:\SnehProjects\DemoProject\Demo_APIFramework"/>
    <property name="sun.java.launcher" value="SUN_STANDARD"/>
    <property name="user.country" value="US"/>
    <property name="sun.boot.library.path" value="C:\Program Files\Java\jdk-16.0.1\bin"/>
    <property name="sun.java.command" value="C:\Users\abhij\AppData\Local\Temp\surefire7966400179168440278\surefirebooter4793528138852894065.jar C:\Users\abhij\AppData\Local\Temp\surefire7966400179168440278 2021-08-23T10-54-14_654-jvmRun1 surefire7349712784535695676tmp surefire_06871324129433248447tmp"/>
    <property name="jdk.debug" value="release"/>
    <property name="surefire.test.class.path" value="C:\SnehProjects\DemoProject\Demo_APIFramework\target\test-classes;C:\SnehProjects\DemoProject\Demo_APIFramework\target\classes;C:\Users\abhij\.m2\repository\io\cucumber\cucumber-testng\6.11.0\cucumber-testng-6.11.0.jar;C:\Users\abhij\.m2\repository\org\apiguardian\apiguardian-api\1.1.2\apiguardian-api-1.1.2.jar;C:\Users\abhij\.m2\repository\io\cucumber\cucumber-core\6.11.0\cucumber-core-6.11.0.jar;C:\Users\abhij\.m2\repository\io\cucumber\cucumber-gherkin\6.11.0\cucumber-gherkin-6.11.0.jar;C:\Users\abhij\.m2\repository\io\cucumber\cucumber-gherkin-messages\6.11.0\cucumber-gherkin-messages-6.11.0.jar;C:\Users\abhij\.m2\repository\io\cucumber\messages\15.0.0\messages-15.0.0.jar;C:\Users\abhij\.m2\repository\io\cucumber\tag-expressions\3.0.1\tag-expressions-3.0.1.jar;C:\Users\abhij\.m2\repository\io\cucumber\cucumber-expressions\10.3.0\cucumber-expressions-10.3.0.jar;C:\Users\abhij\.m2\repository\io\cucumber\datatable\3.5.0\datatable-3.5.0.jar;C:\Users\abhij\.m2\repository\io\cucumber\cucumber-plugin\6.11.0\cucumber-plugin-6.11.0.jar;C:\Users\abhij\.m2\repository\io\cucumber\docstring\6.11.0\docstring-6.11.0.jar;C:\Users\abhij\.m2\repository\io\cucumber\html-formatter\13.0.0\html-formatter-13.0.0.jar;C:\Users\abhij\.m2\repository\io\cucumber\create-meta\4.0.0\create-meta-4.0.0.jar;C:\Users\abhij\.m2\repository\org\testng\testng\7.3.0\testng-7.3.0.jar;C:\Users\abhij\.m2\repository\com\beust\jcommander\1.78\jcommander-1.78.jar;C:\Users\abhij\.m2\repository\org\apache\ant\ant\1.10.3\ant-1.10.3.jar;C:\Users\abhij\.m2\repository\org\apache\ant\ant-launcher\1.10.3\ant-launcher-1.10.3.jar;C:\Users\abhij\.m2\repository\junit\junit\4.12\junit-4.12.jar;C:\Users\abhij\.m2\repository\org\hamcrest\hamcrest-core\1.3\hamcrest-core-1.3.jar;C:\Users\abhij\.m2\repository\com\google\inject\guice\4.2.2\guice-4.2.2-no_aop.jar;C:\Users\abhij\.m2\repository\javax\inject\javax.inject\1\javax.inject-1.jar;C:\Users\abhij\.m2\repository\aopalliance\aopalliance\1.0\aopalliance-1.0.jar;C:\Users\abhij\.m2\repository\com\google\guava\guava\25.1-android\guava-25.1-android.jar;C:\Users\abhij\.m2\repository\com\google\code\findbugs\jsr305\3.0.2\jsr305-3.0.2.jar;C:\Users\abhij\.m2\repository\org\checkerframework\checker-compat-qual\2.0.0\checker-compat-qual-2.0.0.jar;C:\Users\abhij\.m2\repository\com\google\errorprone\error_prone_annotations\2.1.3\error_prone_annotations-2.1.3.jar;C:\Users\abhij\.m2\repository\com\google\j2objc\j2objc-annotations\1.1\j2objc-annotations-1.1.jar;C:\Users\abhij\.m2\repository\org\codehaus\mojo\animal-sniffer-annotations\1.14\animal-sniffer-annotations-1.14.jar;C:\Users\abhij\.m2\repository\org\yaml\snakeyaml\1.21\snakeyaml-1.21.jar;C:\Users\abhij\.m2\repository\io\cucumber\cucumber-java\6.11.0\cucumber-java-6.11.0.jar;C:\Users\abhij\.m2\repository\io\cucumber\cucumber-picocontainer\6.11.0\cucumber-picocontainer-6.11.0.jar;C:\Users\abhij\.m2\repository\org\picocontainer\picocontainer\2.15\picocontainer-2.15.jar;C:\Users\abhij\.m2\repository\io\rest-assured\rest-assured\4.3.3\rest-assured-4.3.3.jar;C:\Users\abhij\.m2\repository\org\codehaus\groovy\groovy\3.0.7\groovy-3.0.7.jar;C:\Users\abhij\.m2\repository\org\codehaus\groovy\groovy-xml\3.0.7\groovy-xml-3.0.7.jar;C:\Users\abhij\.m2\repository\org\apache\httpcomponents\httpclient\4.5.3\httpclient-4.5.3.jar;C:\Users\abhij\.m2\repository\org\apache\httpcomponents\httpcore\4.4.6\httpcore-4.4.6.jar;C:\Users\abhij\.m2\repository\commons-logging\commons-logging\1.2\commons-logging-1.2.jar;C:\Users\abhij\.m2\repository\commons-codec\commons-codec\1.9\commons-codec-1.9.jar;C:\Users\abhij\.m2\repository\org\apache\httpcomponents\httpmime\4.5.3\httpmime-4.5.3.jar;C:\Users\abhij\.m2\repository\org\hamcrest\hamcrest\2.1\hamcrest-2.1.jar;C:\Users\abhij\.m2\repository\org\ccil\cowan\tagsoup\tagsoup\1.2.1\tagsoup-1.2.1.jar;C:\Users\abhij\.m2\repository\io\rest-assured\json-path\4.3.3\json-path-4.3.3.jar;C:\Users\abhij\.m2\repository\org\codehaus\groovy\groovy-json\3.0.7\groovy-json-3.0.7.jar;C:\Users\abhij\.m2\repository\io\rest-assured\rest-assured-common\4.3.3\rest-assured-common-4.3.3.jar;C:\Users\abhij\.m2\repository\io\rest-assured\xml-path\4.3.3\xml-path-4.3.3.jar;C:\Users\abhij\.m2\repository\jakarta\xml\bind\jakarta.xml.bind-api\2.3.3\jakarta.xml.bind-api-2.3.3.jar;C:\Users\abhij\.m2\repository\jakarta\activation\jakarta.activation-api\1.2.2\jakarta.activation-api-1.2.2.jar;C:\Users\abhij\.m2\repository\com\sun\xml\bind\jaxb-impl\2.3.3\jaxb-impl-2.3.3.jar;C:\Users\abhij\.m2\repository\com\fasterxml\jackson\core\jackson-databind\2.12.3\jackson-databind-2.12.3.jar;C:\Users\abhij\.m2\repository\com\fasterxml\jackson\core\jackson-annotations\2.12.3\jackson-annotations-2.12.3.jar;C:\Users\abhij\.m2\repository\com\fasterxml\jackson\core\jackson-core\2.12.3\jackson-core-2.12.3.jar;C:\Users\abhij\.m2\repository\org\apache\logging\log4j\log4j-api\2.14.1\log4j-api-2.14.1.jar;C:\Users\abhij\.m2\repository\org\apache\logging\log4j\log4j-core\2.14.1\log4j-core-2.14.1.jar;C:\Users\abhij\.m2\repository\org\json\json\20210307\json-20210307.jar;C:\Users\abhij\.m2\repository\com\github\javafaker\javafaker\1.0.2\javafaker-1.0.2.jar;C:\Users\abhij\.m2\repository\org\apache\commons\commons-lang3\3.5\commons-lang3-3.5.jar;C:\Users\abhij\.m2\repository\org\yaml\snakeyaml\1.23\snakeyaml-1.23-android.jar;C:\Users\abhij\.m2\repository\com\github\mifmif\generex\1.0.2\generex-1.0.2.jar;C:\Users\abhij\.m2\repository\dk\brics\automaton\automaton\1.11-8\automaton-1.11-8.jar;"/>
    <property name="sun.cpu.endian" value="little"/>
    <property name="user.home" value="C:\Users\abhij"/>
    <property name="user.language" value="en"/>
    <property name="java.specification.vendor" value="Oracle Corporation"/>
    <property name="java.version.date" value="2021-04-20"/>
    <property name="java.home" value="C:\Program Files\Java\jdk-16.0.1"/>
    <property name="file.separator" value="\"/>
    <property name="basedir" value="C:\SnehProjects\DemoProject\Demo_APIFramework"/>
    <property name="java.vm.compressedOopsMode" value="Zero based"/>
    <property name="line.separator" value="&#10;"/>
    <property name="java.vm.specification.vendor" value="Oracle Corporation"/>
    <property name="java.specification.name" value="Java Platform API Specification"/>
    <property name="surefire.real.class.path" value="C:\Users\abhij\AppData\Local\Temp\surefire7966400179168440278\surefirebooter4793528138852894065.jar"/>
    <property name="user.script" value=""/>
    <property name="sun.management.compiler" value="HotSpot 64-Bit Tiered Compilers"/>
    <property name="java.runtime.version" value="16.0.1+9-24"/>
    <property name="user.name" value="abhij"/>
    <property name="path.separator" value=";"/>
    <property name="os.version" value="10.0"/>
    <property name="java.runtime.name" value="Java(TM) SE Runtime Environment"/>
    <property name="file.encoding" value="Cp1252"/>
    <property name="java.vm.name" value="Java HotSpot(TM) 64-Bit Server VM"/>
    <property name="localRepository" value="C:\Users\abhij\.m2\repository"/>
    <property name="java.vendor.url.bug" value="https://bugreport.java.com/bugreport/"/>
    <property name="java.io.tmpdir" value="C:\Users\abhij\AppData\Local\Temp\"/>
    <property name="java.version" value="16.0.1"/>
    <property name="user.dir" value="C:\SnehProjects\DemoProject\Demo_APIFramework"/>
    <property name="os.arch" value="amd64"/>
    <property name="java.vm.specification.name" value="Java Virtual Machine Specification"/>
    <property name="sun.os.patch.level" value=""/>
    <property name="java.library.path" value="C:\Program Files\Java\jdk-16.0.1\bin;C:\Windows\Sun\Java\bin;C:\Windows\system32;C:\Windows;C:\Program Files\Common Files\Oracle\Java\javapath;C:\Windows\system32;C:\Windows;C:\Windows\System32\Wbem;C:\Windows\System32\WindowsPowerShell\v1.0\;C:\Windows\System32\OpenSSH\;C:\Program Files\Java\jdk-15.0.2\bin;C:\Program Files\Git\cmd;C:\Program Files\nodejs\;;C:\Program Files\Docker\Docker\resources\bin;C:\ProgramData\DockerDesktop\version-bin;C:\Users\abhij\AppData\Local\Programs\Python\Python39\Scripts\;C:\Users\abhij\AppData\Local\Programs\Python\Python39\;C:\Users\abhij\AppData\Local\Microsoft\WindowsApps;C:\Users\abhij\AppData\Roaming\npm;."/>
    <property name="java.vm.info" value="mixed mode, sharing"/>
    <property name="java.vendor" value="Oracle Corporation"/>
    <property name="java.vm.version" value="16.0.1+9-24"/>
    <property name="sun.io.unicode.encoding" value="UnicodeLittle"/>
    <property name="java.class.version" value="60.0"/>
  </properties>
  <testcase name="runScenario[&quot;Validates beneficiary is not added when account_name key is missing from bankdetails jsonobject&quot;, &quot;Optional[Validates Account_Name in Bank_details]&quot;](1)" classname="cucumber.Options.RunCucumberTests" time="5.747">
    <system-out><![CDATA[
@SchemaValidation
Scenario: Validates beneficiary is not added when account_name key is missing from bankdetails jsonobject &amp#27;[90m# src/test/resources/features/Account_Name.feature:7&amp#27;[0m
2021-08-23 10:54:18,337 [INFO  ] Log - -----------------------------------------------------------------------------------------
2021-08-23 10:54:18,341 [INFO  ] Log - >> Validates beneficiary is not added when account_name key is missing from bankdetails jsonobject
2021-08-23 10:54:18,342 [INFO  ] Log - -----------------------------------------------------------------------------------------
2021-08-23 10:54:21,210 [INFO  ] Log - >> Token Created
  &amp#27;[32mGiven &amp#27;[0m&amp#27;[32mI am authorized user&amp#27;[0m                                                                              &amp#27;[90m# stepDefinitions.Generic_Steps.i_am_authorized_user()&amp#27;[0m
2021-08-23 10:54:21,212 [INFO  ] Log - >> Request PayLoad Created with all keys, except without  account_name Code key

    Request Payload : {
        "payment_methods": ["SWIFT"],
        "beneficiary": {
            "address": {
                "country_code": "US",
                "street_address": "412 5th Avenue",
                "city": "Seattle",
                "postcode": "98104",
                "state": "Washington"
            },
            "entity_type": "COMPANY",
            "additional_info": {"personal_email": "john.walker@gmail.com"},
            "bank_details": {
                "account_number": "502231121",
                "account_currency": "USD",
                "bank_country_code": "US",
                "swift_code": "CHASUS33",
                "bank_name": "JP Morgan Chase Bank",
                "account_routing_value1": "907765701",
                "account_routing_type1": "aba"
            },
            "company_name": "ABC University"
        },
        "nickname": "ABC University",
        "payer_entity_type": "PERSONAL"
    }

  &amp#27;[32mAnd &amp#27;[0m&amp#27;[32mI create request payload with valid data for all keys without &amp#27;[0m&amp#27;[32m&amp#27;[1m"account_name"&amp#27;[0m                        &amp#27;[90m# stepDefinitions.Generic_Steps.i_create_request_payload_with_valid_data_for_all_keys_without_bank_country_code(java.lang.String)&amp#27;[0m
2021-08-23 10:54:22,433 [INFO  ] Log - >> Request PayLoad is posted

    Response : {
        "code": "payment_schema_validation_failed",
        "message": "This field is required",
        "source": "beneficiary.bank_details.account_name"
    }

  &amp#27;[32mWhen &amp#27;[0m&amp#27;[32mI perform post on CreateBeneficiary endpoint&amp#27;[0m                                                       &amp#27;[90m# stepDefinitions.Generic_Steps.i_perform_post_on_create_beneficiary_endpoint()&amp#27;[0m
2021-08-23 10:54:22,484 [INFO  ] Log - >> Response status code is 400
  &amp#27;[32mThen &amp#27;[0m&amp#27;[32mResponse status code is &amp#27;[0m&amp#27;[32m&amp#27;[1m400&amp#27;[0m                                                                        &amp#27;[90m# stepDefinitions.Generic_Steps.response_status_code_is(java.lang.Integer)&amp#27;[0m
2021-08-23 10:54:22,487 [INFO  ] Log - >> Response status line is HTTP/1.1 400 Bad Request
  &amp#27;[32mAnd &amp#27;[0m&amp#27;[32mResponse status line is &amp#27;[0m&amp#27;[32m&amp#27;[1m"Bad Request"&amp#27;[0m                                                               &amp#27;[90m# stepDefinitions.Generic_Steps.response_status_line_is(java.lang.String)&amp#27;[0m
2021-08-23 10:54:22,525 [INFO  ] Log - >> Response code contains value payment_schema_validation_failed
  &amp#27;[32mAnd &amp#27;[0m&amp#27;[32mResponse &amp#27;[0m&amp#27;[32m&amp#27;[1m"code"&amp#27;[0m&amp#27;[32m has value &amp#27;[0m&amp#27;[32m&amp#27;[1m"payment_schema_validation_failed"&amp#27;[0m                                        &amp#27;[90m# stepDefinitions.Generic_Steps.response_contains_value(java.lang.String,java.lang.String)&amp#27;[0m
2021-08-23 10:54:22,593 [INFO  ] Log - >> Response message contains value This field is required
  &amp#27;[32mAnd &amp#27;[0m&amp#27;[32mResponse &amp#27;[0m&amp#27;[32m&amp#27;[1m"message"&amp#27;[0m&amp#27;[32m has value &amp#27;[0m&amp#27;[32m&amp#27;[1m"This field is required"&amp#27;[0m                                               &amp#27;[90m# stepDefinitions.Generic_Steps.response_contains_value(java.lang.String,java.lang.String)&amp#27;[0m
2021-08-23 10:54:22,626 [INFO  ] Log - >> Response source contains value beneficiary.bank_details.account_name
  &amp#27;[32mAnd &amp#27;[0m&amp#27;[32mResponse &amp#27;[0m&amp#27;[32m&amp#27;[1m"source"&amp#27;[0m&amp#27;[32m has value &amp#27;[0m&amp#27;[32m&amp#27;[1m"beneficiary.bank_details.account_name"&amp#27;[0m                                 &amp#27;[90m# stepDefinitions.Generic_Steps.response_contains_value(java.lang.String,java.lang.String)&amp#27;[0m
]]></system-out>
  </testcase>
  <testcase name="runScenario[&quot;Validates beneficiary is not added when account_name value is Empty&quot;, &quot;Optional[Validates Account_Name in Bank_details]&quot;](2)" classname="cucumber.Options.RunCucumberTests" time="1.879">
    <system-out><![CDATA[
@SchemaValidation
Scenario: Validates beneficiary is not added when account_name value is Empty              &amp#27;[90m# src/test/resources/features/Account_Name.feature:17&amp#27;[0m
2021-08-23 10:54:22,689 [INFO  ] Log - -----------------------------------------------------------------------------------------
2021-08-23 10:54:22,689 [INFO  ] Log - >> Validates beneficiary is not added when account_name value is Empty
2021-08-23 10:54:22,689 [INFO  ] Log - -----------------------------------------------------------------------------------------
2021-08-23 10:54:23,870 [INFO  ] Log - >> Token Created
  &amp#27;[32mGiven &amp#27;[0m&amp#27;[32mI am authorized user&amp#27;[0m                                                               &amp#27;[90m# stepDefinitions.Generic_Steps.i_am_authorized_user()&amp#27;[0m
2021-08-23 10:54:23,873 [INFO  ] Log - >> Request PayLoad Created with all keys, with account_name value is Empty

    Request Payload : {
        "payment_methods": ["SWIFT"],
        "beneficiary": {
            "address": {
                "country_code": "US",
                "street_address": "412 5th Avenue",
                "city": "Seattle",
                "postcode": "98104",
                "state": "Washington"
            },
            "entity_type": "COMPANY",
            "additional_info": {"personal_email": "john.walker@gmail.com"},
            "bank_details": {
                "account_number": "502231121",
                "account_currency": "USD",
                "bank_country_code": "US",
                "swift_code": "CHASUS33",
                "account_name": "",
                "bank_name": "JP Morgan Chase Bank",
                "account_routing_value1": "907765701",
                "account_routing_type1": "aba"
            },
            "company_name": "ABC University"
        },
        "nickname": "ABC University",
        "payer_entity_type": "PERSONAL"
    }

  &amp#27;[32mAnd &amp#27;[0m&amp#27;[32mI create request payload with valid data for all keys with &amp#27;[0m&amp#27;[32m&amp#27;[1m"account_name"&amp#27;[0m&amp#27;[32m is &amp#27;[0m&amp#27;[32m&amp#27;[1m"Empty"&amp#27;[0m &amp#27;[90m# stepDefinitions.Generic_Steps.i_create_request_payload_with_valid_data_for_all_keys_with_bank_country_code_is(java.lang.String,java.lang.String)&amp#27;[0m
2021-08-23 10:54:24,353 [INFO  ] Log - >> Request PayLoad is posted

    Response : {
        "code": "payment_schema_validation_failed",
        "message": "This field is required",
        "source": "beneficiary.bank_details.account_name"
    }

  &amp#27;[32mWhen &amp#27;[0m&amp#27;[32mI perform post on CreateBeneficiary endpoint&amp#27;[0m                                        &amp#27;[90m# stepDefinitions.Generic_Steps.i_perform_post_on_create_beneficiary_endpoint()&amp#27;[0m
2021-08-23 10:54:24,365 [INFO  ] Log - >> Response status code is 400
  &amp#27;[32mThen &amp#27;[0m&amp#27;[32mResponse status code is &amp#27;[0m&amp#27;[32m&amp#27;[1m400&amp#27;[0m                                                         &amp#27;[90m# stepDefinitions.Generic_Steps.response_status_code_is(java.lang.Integer)&amp#27;[0m
2021-08-23 10:54:24,366 [INFO  ] Log - >> Response status line is HTTP/1.1 400 Bad Request
  &amp#27;[32mAnd &amp#27;[0m&amp#27;[32mResponse status line is &amp#27;[0m&amp#27;[32m&amp#27;[1m"Bad Request"&amp#27;[0m                                                &amp#27;[90m# stepDefinitions.Generic_Steps.response_status_line_is(java.lang.String)&amp#27;[0m
2021-08-23 10:54:24,391 [INFO  ] Log - >> Response code contains value payment_schema_validation_failed
  &amp#27;[32mAnd &amp#27;[0m&amp#27;[32mResponse &amp#27;[0m&amp#27;[32m&amp#27;[1m"code"&amp#27;[0m&amp#27;[32m has value &amp#27;[0m&amp#27;[32m&amp#27;[1m"payment_schema_validation_failed"&amp#27;[0m                         &amp#27;[90m# stepDefinitions.Generic_Steps.response_contains_value(java.lang.String,java.lang.String)&amp#27;[0m
2021-08-23 10:54:24,441 [INFO  ] Log - >> Response message contains value This field is required
  &amp#27;[32mAnd &amp#27;[0m&amp#27;[32mResponse &amp#27;[0m&amp#27;[32m&amp#27;[1m"message"&amp#27;[0m&amp#27;[32m has value &amp#27;[0m&amp#27;[32m&amp#27;[1m"This field is required"&amp#27;[0m                                &amp#27;[90m# stepDefinitions.Generic_Steps.response_contains_value(java.lang.String,java.lang.String)&amp#27;[0m
2021-08-23 10:54:24,497 [INFO  ] Log - >> Response source contains value beneficiary.bank_details.account_name
  &amp#27;[32mAnd &amp#27;[0m&amp#27;[32mResponse &amp#27;[0m&amp#27;[32m&amp#27;[1m"source"&amp#27;[0m&amp#27;[32m has value &amp#27;[0m&amp#27;[32m&amp#27;[1m"beneficiary.bank_details.account_name"&amp#27;[0m                  &amp#27;[90m# stepDefinitions.Generic_Steps.response_contains_value(java.lang.String,java.lang.String)&amp#27;[0m
]]></system-out>
  </testcase>
  <testcase name="runScenario[&quot;Validate error response is returned for &quot;bank_country_code&quot; US when &quot;account_name&quot; U has invalid no. of characters 1&quot;, &quot;Optional[Validates Account_Name in Bank_details]&quot;](3)" classname="cucumber.Options.RunCucumberTests" time="1.899">
    <failure message="The following asserts failed:&#10;	expected [Length of account_number should be between 2 and 10 when bank_country_code is US] but found [Should contain 2 to 200 characters],&#10;	expected [Should contain 2 to 10 characters] but found [Should contain 2 to 200 characters]" type="java.lang.AssertionError"><![CDATA[java.lang.AssertionError: 
The following asserts failed:
	expected [Length of account_number should be between 2 and 10 when bank_country_code is US] but found [Should contain 2 to 200 characters],
	expected [Should contain 2 to 10 characters] but found [Should contain 2 to 200 characters]
]]></failure>
    <system-out><![CDATA[
@RequirementMismatch-AcctNameLength @RequirementMismatch-ImproperResponseMessage
Scenario Outline: Validate error response is returned for "bank_country_code" US when "account_name" U has invalid no. of characters 1 &amp#27;[90m# src/test/resources/features/Account_Name.feature:39&amp#27;[0m
2021-08-23 10:54:24,584 [INFO  ] Log - -----------------------------------------------------------------------------------------
2021-08-23 10:54:24,584 [INFO  ] Log - >> Validate error response is returned for "bank_country_code" US when "account_name" U has invalid no. of characters 1
2021-08-23 10:54:24,585 [INFO  ] Log - -----------------------------------------------------------------------------------------
2021-08-23 10:54:25,110 [INFO  ] Log - >> Token Created
  &amp#27;[32mGiven &amp#27;[0m&amp#27;[32mI am authorized user&amp#27;[0m                                                                                                           &amp#27;[90m# stepDefinitions.Generic_Steps.i_am_authorized_user()&amp#27;[0m
2021-08-23 10:54:25,111 [INFO  ] Log - >> Request PayLoad Created

    Request Payload : {
        "payment_methods": ["SWIFT"],
        "beneficiary": {
            "address": {
                "country_code": "US",
                "street_address": "412 5th Avenue",
                "city": "Seattle",
                "postcode": "98104",
                "state": "Washington"
            },
            "entity_type": "COMPANY",
            "additional_info": {"personal_email": "john.walker@gmail.com"},
            "bank_details": {
                "account_number": "502231121",
                "account_currency": "USD",
                "bank_country_code": "US",
                "swift_code": "CHASUS33",
                "account_name": "U",
                "bank_name": "JP Morgan Chase Bank",
                "account_routing_value1": "907765701",
                "account_routing_type1": "aba"
            },
            "company_name": "ABC University"
        },
        "nickname": "ABC University",
        "payer_entity_type": "PERSONAL"
    }

  &amp#27;[32mAnd &amp#27;[0m&amp#27;[32mI create request payload with valid data for all keys with &amp#27;[0m&amp#27;[32m&amp#27;[1m"bank_country_code"&amp#27;[0m&amp#27;[32m is &amp#27;[0m&amp#27;[32m&amp#27;[1m"US"&amp#27;[0m&amp#27;[32m &amp#27;[0m&amp#27;[32m&amp#27;[1m"account_name"&amp#27;[0m&amp#27;[32m is &amp#27;[0m&amp#27;[32m&amp#27;[1m"U"&amp#27;[0m                     &amp#27;[90m# stepDefinitions.Generic_Steps.i_create_request_payload_with_valid_data_for_all_keys_with_is_is(java.lang.String,java.lang.String,java.lang.String,java.lang.String)&amp#27;[0m
2021-08-23 10:54:26,287 [INFO  ] Log - >> Request PayLoad is posted

    Response : {
        "code": "payment_schema_validation_failed",
        "message": "Should contain 2 to 200 characters",
        "source": "beneficiary.bank_details.account_name"
    }

  &amp#27;[32mWhen &amp#27;[0m&amp#27;[32mI perform post on CreateBeneficiary endpoint&amp#27;[0m                                                                                    &amp#27;[90m# stepDefinitions.Generic_Steps.i_perform_post_on_create_beneficiary_endpoint()&amp#27;[0m
2021-08-23 10:54:26,290 [INFO  ] Log - >> Response status code is 400
  &amp#27;[32mThen &amp#27;[0m&amp#27;[32mResponse status code is &amp#27;[0m&amp#27;[32m&amp#27;[1m400&amp#27;[0m                                                                                                     &amp#27;[90m# stepDefinitions.Generic_Steps.response_status_code_is(java.lang.Integer)&amp#27;[0m
2021-08-23 10:54:26,291 [INFO  ] Log - >> Response status line is HTTP/1.1 400 Bad Request
  &amp#27;[32mAnd &amp#27;[0m&amp#27;[32mResponse status line is &amp#27;[0m&amp#27;[32m&amp#27;[1m"Bad Request"&amp#27;[0m                                                                                            &amp#27;[90m# stepDefinitions.Generic_Steps.response_status_line_is(java.lang.String)&amp#27;[0m
2021-08-23 10:54:26,323 [INFO  ] Log - >> Response code contains value payment_schema_validation_failed
  &amp#27;[32mAnd &amp#27;[0m&amp#27;[32mResponse &amp#27;[0m&amp#27;[32m&amp#27;[1m"code"&amp#27;[0m&amp#27;[32m has value &amp#27;[0m&amp#27;[32m&amp#27;[1m"payment_schema_validation_failed"&amp#27;[0m                                                                     &amp#27;[90m# stepDefinitions.Generic_Steps.response_contains_value(java.lang.String,java.lang.String)&amp#27;[0m
2021-08-23 10:54:26,357 [INFO  ] Log - >> Response message contains value Should contain 2 to 200 characters
  &amp#27;[32mAnd &amp#27;[0m&amp#27;[32mResponse &amp#27;[0m&amp#27;[32m&amp#27;[1m"message"&amp#27;[0m&amp#27;[32m has value &amp#27;[0m&amp#27;[32m&amp#27;[1m"Length of account_number should be between 2 and 10 when bank_country_code is US"&amp#27;[0m                  &amp#27;[90m# stepDefinitions.Generic_Steps.response_contains_value(java.lang.String,java.lang.String)&amp#27;[0m
2021-08-23 10:54:26,390 [INFO  ] Log - >> Response message contains value Should contain 2 to 200 characters
  &amp#27;[32mAnd &amp#27;[0m&amp#27;[32mResponse &amp#27;[0m&amp#27;[32m&amp#27;[1m"message"&amp#27;[0m&amp#27;[32m has value &amp#27;[0m&amp#27;[32m&amp#27;[1m"Should contain 2 to 10 characters"&amp#27;[0m                                                                 &amp#27;[90m# stepDefinitions.Generic_Steps.response_contains_value(java.lang.String,java.lang.String)&amp#27;[0m
2021-08-23 10:54:26,422 [INFO  ] Log - >> Response source contains value beneficiary.bank_details.account_name
  &amp#27;[32mAnd &amp#27;[0m&amp#27;[32mResponse &amp#27;[0m&amp#27;[32m&amp#27;[1m"source"&amp#27;[0m&amp#27;[32m has value &amp#27;[0m&amp#27;[32m&amp#27;[1m"beneficiary.bank_details.account_name"&amp#27;[0m                                                              &amp#27;[90m# stepDefinitions.Generic_Steps.response_contains_value(java.lang.String,java.lang.String)&amp#27;[0m
      &amp#27;[31mjava.lang.AssertionError: The following asserts failed:
	expected [Length of account_number should be between 2 and 10 when bank_country_code is US] but found [Should contain 2 to 200 characters],
	expected [Should contain 2 to 10 characters] but found [Should contain 2 to 200 characters]
	at org.testng.asserts.SoftAssert.assertAll(SoftAssert.java:47)
	at org.testng.asserts.SoftAssert.assertAll(SoftAssert.java:31)
	at stepDefinitions.Generic_Steps.after(Generic_Steps.java:38)
&amp#27;[0m
]]></system-out>
  </testcase>
  <testcase name="runScenario[&quot;Validate error response is returned for &quot;bank_country_code&quot; AU when &quot;account_name&quot; a has invalid no. of characters 1&quot;, &quot;Optional[Validates Account_Name in Bank_details]&quot;](4)" classname="cucumber.Options.RunCucumberTests" time="2.452">
    <failure message="The following asserts failed:&#10;	expected [Length of account_number should be between 2 and 10 when bank_country_code is AU] but found [Should contain 2 to 200 characters],&#10;	expected [Should contain 2 to 10 characters] but found [Should contain 2 to 200 characters]" type="java.lang.AssertionError"><![CDATA[java.lang.AssertionError: 
The following asserts failed:
	expected [Length of account_number should be between 2 and 10 when bank_country_code is AU] but found [Should contain 2 to 200 characters],
	expected [Should contain 2 to 10 characters] but found [Should contain 2 to 200 characters]
]]></failure>
    <system-out><![CDATA[
@RequirementMismatch-AcctNameLength @RequirementMismatch-ImproperResponseMessage
Scenario Outline: Validate error response is returned for "bank_country_code" AU when "account_name" a has invalid no. of characters 1 &amp#27;[90m# src/test/resources/features/Account_Name.feature:40&amp#27;[0m
2021-08-23 10:54:26,451 [INFO  ] Log - -----------------------------------------------------------------------------------------
2021-08-23 10:54:26,451 [INFO  ] Log - >> Validate error response is returned for "bank_country_code" AU when "account_name" a has invalid no. of characters 1
2021-08-23 10:54:26,452 [INFO  ] Log - -----------------------------------------------------------------------------------------
2021-08-23 10:54:27,618 [INFO  ] Log - >> Token Created
  &amp#27;[32mGiven &amp#27;[0m&amp#27;[32mI am authorized user&amp#27;[0m                                                                                                           &amp#27;[90m# stepDefinitions.Generic_Steps.i_am_authorized_user()&amp#27;[0m
2021-08-23 10:54:27,620 [INFO  ] Log - >> Request PayLoad Created

    Request Payload : {
        "payment_methods": ["SWIFT"],
        "beneficiary": {
            "address": {
                "country_code": "AU",
                "street_address": "412 5th Avenue",
                "city": "Seattle",
                "postcode": "98104",
                "state": "Washington"
            },
            "entity_type": "COMPANY",
            "additional_info": {"personal_email": "john.walker@gmail.com"},
            "bank_details": {
                "account_number": "12750852",
                "account_currency": "AUD",
                "bank_country_code": "AU",
                "swift_code": "CTBAAU2S",
                "account_name": "a",
                "iban": "ES8023100001180000012345",
                "bank_name": "National Australia Bank",
                "account_routing_value1": "083064",
                "transaction_reference": "4140110135",
                "local_clearing_system": "ACH",
                "account_routing_type1": "bsb"
            },
            "company_name": "ABC University"
        },
        "nickname": "ABC University",
        "payer_entity_type": "PERSONAL"
    }

  &amp#27;[32mAnd &amp#27;[0m&amp#27;[32mI create request payload with valid data for all keys with &amp#27;[0m&amp#27;[32m&amp#27;[1m"bank_country_code"&amp#27;[0m&amp#27;[32m is &amp#27;[0m&amp#27;[32m&amp#27;[1m"AU"&amp#27;[0m&amp#27;[32m &amp#27;[0m&amp#27;[32m&amp#27;[1m"account_name"&amp#27;[0m&amp#27;[32m is &amp#27;[0m&amp#27;[32m&amp#27;[1m"a"&amp#27;[0m                     &amp#27;[90m# stepDefinitions.Generic_Steps.i_create_request_payload_with_valid_data_for_all_keys_with_is_is(java.lang.String,java.lang.String,java.lang.String,java.lang.String)&amp#27;[0m
2021-08-23 10:54:28,764 [INFO  ] Log - >> Request PayLoad is posted

    Response : {
        "code": "payment_schema_validation_failed",
        "message": "Should contain 2 to 200 characters",
        "source": "beneficiary.bank_details.account_name"
    }

  &amp#27;[32mWhen &amp#27;[0m&amp#27;[32mI perform post on CreateBeneficiary endpoint&amp#27;[0m                                                                                    &amp#27;[90m# stepDefinitions.Generic_Steps.i_perform_post_on_create_beneficiary_endpoint()&amp#27;[0m
2021-08-23 10:54:28,769 [INFO  ] Log - >> Response status code is 400
  &amp#27;[32mThen &amp#27;[0m&amp#27;[32mResponse status code is &amp#27;[0m&amp#27;[32m&amp#27;[1m400&amp#27;[0m                                                                                                     &amp#27;[90m# stepDefinitions.Generic_Steps.response_status_code_is(java.lang.Integer)&amp#27;[0m
2021-08-23 10:54:28,771 [INFO  ] Log - >> Response status line is HTTP/1.1 400 Bad Request
  &amp#27;[32mAnd &amp#27;[0m&amp#27;[32mResponse status line is &amp#27;[0m&amp#27;[32m&amp#27;[1m"Bad Request"&amp#27;[0m                                                                                            &amp#27;[90m# stepDefinitions.Generic_Steps.response_status_line_is(java.lang.String)&amp#27;[0m
2021-08-23 10:54:28,794 [INFO  ] Log - >> Response code contains value payment_schema_validation_failed
  &amp#27;[32mAnd &amp#27;[0m&amp#27;[32mResponse &amp#27;[0m&amp#27;[32m&amp#27;[1m"code"&amp#27;[0m&amp#27;[32m has value &amp#27;[0m&amp#27;[32m&amp#27;[1m"payment_schema_validation_failed"&amp#27;[0m                                                                     &amp#27;[90m# stepDefinitions.Generic_Steps.response_contains_value(java.lang.String,java.lang.String)&amp#27;[0m
2021-08-23 10:54:28,823 [INFO  ] Log - >> Response message contains value Should contain 2 to 200 characters
  &amp#27;[32mAnd &amp#27;[0m&amp#27;[32mResponse &amp#27;[0m&amp#27;[32m&amp#27;[1m"message"&amp#27;[0m&amp#27;[32m has value &amp#27;[0m&amp#27;[32m&amp#27;[1m"Length of account_number should be between 2 and 10 when bank_country_code is AU"&amp#27;[0m                  &amp#27;[90m# stepDefinitions.Generic_Steps.response_contains_value(java.lang.String,java.lang.String)&amp#27;[0m
2021-08-23 10:54:28,860 [INFO  ] Log - >> Response message contains value Should contain 2 to 200 characters
  &amp#27;[32mAnd &amp#27;[0m&amp#27;[32mResponse &amp#27;[0m&amp#27;[32m&amp#27;[1m"message"&amp#27;[0m&amp#27;[32m has value &amp#27;[0m&amp#27;[32m&amp#27;[1m"Should contain 2 to 10 characters"&amp#27;[0m                                                                 &amp#27;[90m# stepDefinitions.Generic_Steps.response_contains_value(java.lang.String,java.lang.String)&amp#27;[0m
2021-08-23 10:54:28,889 [INFO  ] Log - >> Response source contains value beneficiary.bank_details.account_name
  &amp#27;[32mAnd &amp#27;[0m&amp#27;[32mResponse &amp#27;[0m&amp#27;[32m&amp#27;[1m"source"&amp#27;[0m&amp#27;[32m has value &amp#27;[0m&amp#27;[32m&amp#27;[1m"beneficiary.bank_details.account_name"&amp#27;[0m                                                              &amp#27;[90m# stepDefinitions.Generic_Steps.response_contains_value(java.lang.String,java.lang.String)&amp#27;[0m
      &amp#27;[31mjava.lang.AssertionError: The following asserts failed:
	expected [Length of account_number should be between 2 and 10 when bank_country_code is AU] but found [Should contain 2 to 200 characters],
	expected [Should contain 2 to 10 characters] but found [Should contain 2 to 200 characters]
	at org.testng.asserts.SoftAssert.assertAll(SoftAssert.java:47)
	at org.testng.asserts.SoftAssert.assertAll(SoftAssert.java:31)
	at stepDefinitions.Generic_Steps.after(Generic_Steps.java:38)
&amp#27;[0m
]]></system-out>
  </testcase>
  <testcase name="runScenario[&quot;Validate error response is returned for &quot;bank_country_code&quot; CN when &quot;account_name&quot; G has invalid no. of characters 1&quot;, &quot;Optional[Validates Account_Name in Bank_details]&quot;](5)" classname="cucumber.Options.RunCucumberTests" time="2.551">
    <failure message="The following asserts failed:&#10;	expected [Length of account_number should be between 2 and 10 when bank_country_code is CN] but found [Should contain 2 to 200 characters],&#10;	expected [Should contain 2 to 10 characters] but found [Should contain 2 to 200 characters]" type="java.lang.AssertionError"><![CDATA[java.lang.AssertionError: 
The following asserts failed:
	expected [Length of account_number should be between 2 and 10 when bank_country_code is CN] but found [Should contain 2 to 200 characters],
	expected [Should contain 2 to 10 characters] but found [Should contain 2 to 200 characters]
]]></failure>
    <system-out><![CDATA[
@RequirementMismatch-AcctNameLength @RequirementMismatch-ImproperResponseMessage
Scenario Outline: Validate error response is returned for "bank_country_code" CN when "account_name" G has invalid no. of characters 1 &amp#27;[90m# src/test/resources/features/Account_Name.feature:41&amp#27;[0m
2021-08-23 10:54:28,935 [INFO  ] Log - -----------------------------------------------------------------------------------------
2021-08-23 10:54:28,935 [INFO  ] Log - >> Validate error response is returned for "bank_country_code" CN when "account_name" G has invalid no. of characters 1
2021-08-23 10:54:28,935 [INFO  ] Log - -----------------------------------------------------------------------------------------
2021-08-23 10:54:30,122 [INFO  ] Log - >> Token Created
  &amp#27;[32mGiven &amp#27;[0m&amp#27;[32mI am authorized user&amp#27;[0m                                                                                                           &amp#27;[90m# stepDefinitions.Generic_Steps.i_am_authorized_user()&amp#27;[0m
2021-08-23 10:54:30,128 [INFO  ] Log - >> Request PayLoad Created

    Request Payload : {
        "payment_methods": ["SWIFT"],
        "beneficiary": {
            "address": {
                "country_code": "CN",
                "street_address": "412 5th Avenue",
                "city": "Seattle",
                "postcode": "98104",
                "state": "Washington"
            },
            "entity_type": "COMPANY",
            "additional_info": {"personal_email": "john.walker@gmail.com"},
            "bank_details": {
                "account_number": "12750852",
                "account_currency": "CAD",
                "bank_country_code": "CN",
                "swift_code": "ICBKCNBJ",
                "account_name": "G",
                "iban": "ES8023100001180000012345",
                "bank_name": "National Canadian Bank",
                "account_routing_value1": "083064",
                "transaction_reference": "4140110135",
                "local_clearing_system": "ACH",
                "account_routing_type1": "aba"
            },
            "company_name": "ABC University"
        },
        "nickname": "ABC University",
        "payer_entity_type": "PERSONAL"
    }

  &amp#27;[32mAnd &amp#27;[0m&amp#27;[32mI create request payload with valid data for all keys with &amp#27;[0m&amp#27;[32m&amp#27;[1m"bank_country_code"&amp#27;[0m&amp#27;[32m is &amp#27;[0m&amp#27;[32m&amp#27;[1m"CN"&amp#27;[0m&amp#27;[32m &amp#27;[0m&amp#27;[32m&amp#27;[1m"account_name"&amp#27;[0m&amp#27;[32m is &amp#27;[0m&amp#27;[32m&amp#27;[1m"G"&amp#27;[0m                     &amp#27;[90m# stepDefinitions.Generic_Steps.i_create_request_payload_with_valid_data_for_all_keys_with_is_is(java.lang.String,java.lang.String,java.lang.String,java.lang.String)&amp#27;[0m
2021-08-23 10:54:31,321 [INFO  ] Log - >> Request PayLoad is posted

    Response : {
        "code": "payment_schema_validation_failed",
        "message": "Should contain 2 to 200 characters",
        "source": "beneficiary.bank_details.account_name"
    }

  &amp#27;[32mWhen &amp#27;[0m&amp#27;[32mI perform post on CreateBeneficiary endpoint&amp#27;[0m                                                                                    &amp#27;[90m# stepDefinitions.Generic_Steps.i_perform_post_on_create_beneficiary_endpoint()&amp#27;[0m
2021-08-23 10:54:31,325 [INFO  ] Log - >> Response status code is 400
  &amp#27;[32mThen &amp#27;[0m&amp#27;[32mResponse status code is &amp#27;[0m&amp#27;[32m&amp#27;[1m400&amp#27;[0m                                                                                                     &amp#27;[90m# stepDefinitions.Generic_Steps.response_status_code_is(java.lang.Integer)&amp#27;[0m
2021-08-23 10:54:31,326 [INFO  ] Log - >> Response status line is HTTP/1.1 400 Bad Request
  &amp#27;[32mAnd &amp#27;[0m&amp#27;[32mResponse status line is &amp#27;[0m&amp#27;[32m&amp#27;[1m"Bad Request"&amp#27;[0m                                                                                            &amp#27;[90m# stepDefinitions.Generic_Steps.response_status_line_is(java.lang.String)&amp#27;[0m
2021-08-23 10:54:31,363 [INFO  ] Log - >> Response code contains value payment_schema_validation_failed
  &amp#27;[32mAnd &amp#27;[0m&amp#27;[32mResponse &amp#27;[0m&amp#27;[32m&amp#27;[1m"code"&amp#27;[0m&amp#27;[32m has value &amp#27;[0m&amp#27;[32m&amp#27;[1m"payment_schema_validation_failed"&amp#27;[0m                                                                     &amp#27;[90m# stepDefinitions.Generic_Steps.response_contains_value(java.lang.String,java.lang.String)&amp#27;[0m
2021-08-23 10:54:31,388 [INFO  ] Log - >> Response message contains value Should contain 2 to 200 characters
  &amp#27;[32mAnd &amp#27;[0m&amp#27;[32mResponse &amp#27;[0m&amp#27;[32m&amp#27;[1m"message"&amp#27;[0m&amp#27;[32m has value &amp#27;[0m&amp#27;[32m&amp#27;[1m"Length of account_number should be between 2 and 10 when bank_country_code is CN"&amp#27;[0m                  &amp#27;[90m# stepDefinitions.Generic_Steps.response_contains_value(java.lang.String,java.lang.String)&amp#27;[0m
2021-08-23 10:54:31,414 [INFO  ] Log - >> Response message contains value Should contain 2 to 200 characters
  &amp#27;[32mAnd &amp#27;[0m&amp#27;[32mResponse &amp#27;[0m&amp#27;[32m&amp#27;[1m"message"&amp#27;[0m&amp#27;[32m has value &amp#27;[0m&amp#27;[32m&amp#27;[1m"Should contain 2 to 10 characters"&amp#27;[0m                                                                 &amp#27;[90m# stepDefinitions.Generic_Steps.response_contains_value(java.lang.String,java.lang.String)&amp#27;[0m
2021-08-23 10:54:31,441 [INFO  ] Log - >> Response source contains value beneficiary.bank_details.account_name
  &amp#27;[32mAnd &amp#27;[0m&amp#27;[32mResponse &amp#27;[0m&amp#27;[32m&amp#27;[1m"source"&amp#27;[0m&amp#27;[32m has value &amp#27;[0m&amp#27;[32m&amp#27;[1m"beneficiary.bank_details.account_name"&amp#27;[0m                                                              &amp#27;[90m# stepDefinitions.Generic_Steps.response_contains_value(java.lang.String,java.lang.String)&amp#27;[0m
      &amp#27;[31mjava.lang.AssertionError: The following asserts failed:
	expected [Length of account_number should be between 2 and 10 when bank_country_code is CN] but found [Should contain 2 to 200 characters],
	expected [Should contain 2 to 10 characters] but found [Should contain 2 to 200 characters]
	at org.testng.asserts.SoftAssert.assertAll(SoftAssert.java:47)
	at org.testng.asserts.SoftAssert.assertAll(SoftAssert.java:31)
	at stepDefinitions.Generic_Steps.after(Generic_Steps.java:38)
&amp#27;[0m
]]></system-out>
  </testcase>
  <testcase name="runScenario[&quot;Validate error response is returned for &quot;bank_country_code&quot; CN when &quot;account_name&quot; asfsf4567w3 has invalid no. of characters 11&quot;, &quot;Optional[Validates Account_Name in Bank_details]&quot;](6)" classname="cucumber.Options.RunCucumberTests" time="1.793">
    <failure message="Cannot invoke &quot;Object.toString()&quot; because the return value of &quot;io.restassured.path.json.JsonPath.get(String)&quot; is null" type="java.lang.NullPointerException"><![CDATA[java.lang.NullPointerException: Cannot invoke "Object.toString()" because the return value of "io.restassured.path.json.JsonPath.get(String)" is null
]]></failure>
    <system-out><![CDATA[
@RequirementMismatch-AcctNameLength @RequirementMismatch-ImproperResponseMessage
Scenario Outline: Validate error response is returned for "bank_country_code" CN when "account_name" asfsf4567w3 has invalid no. of characters 11 &amp#27;[90m# src/test/resources/features/Account_Name.feature:42&amp#27;[0m
2021-08-23 10:54:31,481 [INFO  ] Log - -----------------------------------------------------------------------------------------
2021-08-23 10:54:31,482 [INFO  ] Log - >> Validate error response is returned for "bank_country_code" CN when "account_name" asfsf4567w3 has invalid no. of characters 11
2021-08-23 10:54:31,482 [INFO  ] Log - -----------------------------------------------------------------------------------------
2021-08-23 10:54:31,956 [INFO  ] Log - >> Token Created
  &amp#27;[32mGiven &amp#27;[0m&amp#27;[32mI am authorized user&amp#27;[0m                                                                                                                      &amp#27;[90m# stepDefinitions.Generic_Steps.i_am_authorized_user()&amp#27;[0m
2021-08-23 10:54:31,958 [INFO  ] Log - >> Request PayLoad Created

    Request Payload : {
        "payment_methods": ["SWIFT"],
        "beneficiary": {
            "address": {
                "country_code": "CN",
                "street_address": "412 5th Avenue",
                "city": "Seattle",
                "postcode": "98104",
                "state": "Washington"
            },
            "entity_type": "COMPANY",
            "additional_info": {"personal_email": "john.walker@gmail.com"},
            "bank_details": {
                "account_number": "12750852",
                "account_currency": "CAD",
                "bank_country_code": "CN",
                "swift_code": "ICBKCNBJ",
                "account_name": "asfsf4567w3",
                "iban": "ES8023100001180000012345",
                "bank_name": "National Canadian Bank",
                "account_routing_value1": "083064",
                "transaction_reference": "4140110135",
                "local_clearing_system": "ACH",
                "account_routing_type1": "aba"
            },
            "company_name": "ABC University"
        },
        "nickname": "ABC University",
        "payer_entity_type": "PERSONAL"
    }

  &amp#27;[32mAnd &amp#27;[0m&amp#27;[32mI create request payload with valid data for all keys with &amp#27;[0m&amp#27;[32m&amp#27;[1m"bank_country_code"&amp#27;[0m&amp#27;[32m is &amp#27;[0m&amp#27;[32m&amp#27;[1m"CN"&amp#27;[0m&amp#27;[32m &amp#27;[0m&amp#27;[32m&amp#27;[1m"account_name"&amp#27;[0m&amp#27;[32m is &amp#27;[0m&amp#27;[32m&amp#27;[1m"asfsf4567w3"&amp#27;[0m                      &amp#27;[90m# stepDefinitions.Generic_Steps.i_create_request_payload_with_valid_data_for_all_keys_with_is_is(java.lang.String,java.lang.String,java.lang.String,java.lang.String)&amp#27;[0m
2021-08-23 10:54:33,163 [INFO  ] Log - >> Request PayLoad is posted

    Response : {
        "beneficiary": {
            "additional_info": {
                "personal_email": "john.walker@gmail.com"
            },
            "address": {
                "city": "Seattle",
                "country_code": "CN",
                "postcode": "98104",
                "state": "Washington",
                "street_address": "412 5th Avenue"
            },
            "bank_details": {
                "account_currency": "CAD",
                "account_name": "asfsf4567w3",
                "account_number": "12750852",
                "account_routing_type1": "aba",
                "account_routing_value1": "083064",
                "bank_country_code": "CN",
                "bank_name": "National Canadian Bank",
                "iban": "ES8023100001180000012345",
                "swift_code": "ICBKCNBJ"
            },
            "company_name": "ABC University",
            "entity_type": "COMPANY"
        },
        "beneficiary_id": "bfc7be79-e06e-41ba-a773-fdf7298f803f",
        "nickname": "ABC University",
        "payer_entity_type": "PERSONAL",
        "payment_methods": [
            "SWIFT"
        ]
    }

  &amp#27;[32mWhen &amp#27;[0m&amp#27;[32mI perform post on CreateBeneficiary endpoint&amp#27;[0m                                                                                               &amp#27;[90m# stepDefinitions.Generic_Steps.i_perform_post_on_create_beneficiary_endpoint()&amp#27;[0m
2021-08-23 10:54:33,176 [INFO  ] Log - >> Response status code is 201
  &amp#27;[32mThen &amp#27;[0m&amp#27;[32mResponse status code is &amp#27;[0m&amp#27;[32m&amp#27;[1m400&amp#27;[0m                                                                                                                &amp#27;[90m# stepDefinitions.Generic_Steps.response_status_code_is(java.lang.Integer)&amp#27;[0m
2021-08-23 10:54:33,179 [INFO  ] Log - >> Response status line is HTTP/1.1 201 Created
  &amp#27;[32mAnd &amp#27;[0m&amp#27;[32mResponse status line is &amp#27;[0m&amp#27;[32m&amp#27;[1m"Bad Request"&amp#27;[0m                                                                                                       &amp#27;[90m# stepDefinitions.Generic_Steps.response_status_line_is(java.lang.String)&amp#27;[0m
  &amp#27;[31mAnd &amp#27;[0m&amp#27;[31mResponse &amp#27;[0m&amp#27;[31m&amp#27;[1m"code"&amp#27;[0m&amp#27;[31m has value &amp#27;[0m&amp#27;[31m&amp#27;[1m"payment_schema_validation_failed"&amp#27;[0m                                                                                &amp#27;[90m# stepDefinitions.Generic_Steps.response_contains_value(java.lang.String,java.lang.String)&amp#27;[0m
      &amp#27;[31mjava.lang.NullPointerException: Cannot invoke "Object.toString()" because the return value of "io.restassured.path.json.JsonPath.get(String)" is null
	at utilities.Json_handler.getJsonPath(Json_handler.java:21)
	at stepDefinitions.Generic_Steps.response_contains_value(Generic_Steps.java:139)
	at âœ½.Response "code" has value "payment_schema_validation_failed"(file:///C:/SnehProjects/DemoProject/Demo_APIFramework/src/test/resources/features/Account_Name.feature:32)
&amp#27;[0m
  &amp#27;[36mAnd &amp#27;[0m&amp#27;[36mResponse &amp#27;[0m&amp#27;[36m&amp#27;[1m"message"&amp#27;[0m&amp#27;[36m has value &amp#27;[0m&amp#27;[36m&amp#27;[1m"Length of account_number should be between 2 and 10 when bank_country_code is CN"&amp#27;[0m                             &amp#27;[90m# stepDefinitions.Generic_Steps.response_contains_value(java.lang.String,java.lang.String)&amp#27;[0m
  &amp#27;[36mAnd &amp#27;[0m&amp#27;[36mResponse &amp#27;[0m&amp#27;[36m&amp#27;[1m"message"&amp#27;[0m&amp#27;[36m has value &amp#27;[0m&amp#27;[36m&amp#27;[1m"Should contain 2 to 10 characters"&amp#27;[0m                                                                            &amp#27;[90m# stepDefinitions.Generic_Steps.response_contains_value(java.lang.String,java.lang.String)&amp#27;[0m
  &amp#27;[36mAnd &amp#27;[0m&amp#27;[36mResponse &amp#27;[0m&amp#27;[36m&amp#27;[1m"source"&amp#27;[0m&amp#27;[36m has value &amp#27;[0m&amp#27;[36m&amp#27;[1m"beneficiary.bank_details.account_name"&amp#27;[0m                                                                         &amp#27;[90m# stepDefinitions.Generic_Steps.response_contains_value(java.lang.String,java.lang.String)&amp#27;[0m
      &amp#27;[31mjava.lang.AssertionError: The following asserts failed:
	expected [400] but found [201],
	expected [true] but found [false]
	at org.testng.asserts.SoftAssert.assertAll(SoftAssert.java:47)
	at org.testng.asserts.SoftAssert.assertAll(SoftAssert.java:31)
	at stepDefinitions.Generic_Steps.after(Generic_Steps.java:38)
&amp#27;[0m
]]></system-out>
  </testcase>
  <testcase name="runScenario[&quot;Validate correct response is returned for &quot;bank_country_code&quot; US when &quot;account_name&quot; UA has valid no. of characters 2&quot;, &quot;Optional[Validates Account_Name in Bank_details]&quot;](7)" classname="cucumber.Options.RunCucumberTests" time="1.71">
    <system-out><![CDATA[
@PositiveScenarios @AcctName_allSpecialCharAllowed
Scenario Outline: Validate correct response is returned for "bank_country_code" US when "account_name" UA has valid no. of characters 2 &amp#27;[90m# src/test/resources/features/Account_Name.feature:53&amp#27;[0m
2021-08-23 10:54:33,233 [INFO  ] Log - -----------------------------------------------------------------------------------------
2021-08-23 10:54:33,234 [INFO  ] Log - >> Validate correct response is returned for "bank_country_code" US when "account_name" UA has valid no. of characters 2
2021-08-23 10:54:33,234 [INFO  ] Log - -----------------------------------------------------------------------------------------
2021-08-23 10:54:33,702 [INFO  ] Log - >> Token Created
  &amp#27;[32mGiven &amp#27;[0m&amp#27;[32mI am authorized user&amp#27;[0m                                                                                                            &amp#27;[90m# stepDefinitions.Generic_Steps.i_am_authorized_user()&amp#27;[0m
2021-08-23 10:54:33,704 [INFO  ] Log - >> Request PayLoad Created

    Request Payload : {
        "payment_methods": ["SWIFT"],
        "beneficiary": {
            "address": {
                "country_code": "US",
                "street_address": "412 5th Avenue",
                "city": "Seattle",
                "postcode": "98104",
                "state": "Washington"
            },
            "entity_type": "COMPANY",
            "additional_info": {"personal_email": "john.walker@gmail.com"},
            "bank_details": {
                "account_number": "502231121",
                "account_currency": "USD",
                "bank_country_code": "US",
                "swift_code": "CHASUS33",
                "account_name": "UA",
                "bank_name": "JP Morgan Chase Bank",
                "account_routing_value1": "907765701",
                "account_routing_type1": "aba"
            },
            "company_name": "ABC University"
        },
        "nickname": "ABC University",
        "payer_entity_type": "PERSONAL"
    }

  &amp#27;[32mAnd &amp#27;[0m&amp#27;[32mI create request payload with valid data for all keys with &amp#27;[0m&amp#27;[32m&amp#27;[1m"bank_country_code"&amp#27;[0m&amp#27;[32m is &amp#27;[0m&amp#27;[32m&amp#27;[1m"US"&amp#27;[0m&amp#27;[32m &amp#27;[0m&amp#27;[32m&amp#27;[1m"account_name"&amp#27;[0m&amp#27;[32m is &amp#27;[0m&amp#27;[32m&amp#27;[1m"UA"&amp#27;[0m                     &amp#27;[90m# stepDefinitions.Generic_Steps.i_create_request_payload_with_valid_data_for_all_keys_with_is_is(java.lang.String,java.lang.String,java.lang.String,java.lang.String)&amp#27;[0m
2021-08-23 10:54:34,917 [INFO  ] Log - >> Request PayLoad is posted

    Response : {
        "beneficiary": {
            "additional_info": {
                "personal_email": "john.walker@gmail.com"
            },
            "address": {
                "city": "Seattle",
                "country_code": "US",
                "postcode": "98104",
                "state": "Washington",
                "street_address": "412 5th Avenue"
            },
            "bank_details": {
                "account_currency": "USD",
                "account_name": "UA",
                "account_number": "502231121",
                "account_routing_type1": "aba",
                "account_routing_value1": "907765701",
                "bank_country_code": "US",
                "bank_name": "JP Morgan Chase Bank",
                "swift_code": "CHASUS33"
            },
            "company_name": "ABC University",
            "entity_type": "COMPANY"
        },
        "beneficiary_id": "535b004a-dd37-4092-a5cd-f517c359aa20",
        "nickname": "ABC University",
        "payer_entity_type": "PERSONAL",
        "payment_methods": [
            "SWIFT"
        ]
    }

  &amp#27;[32mWhen &amp#27;[0m&amp#27;[32mI perform post on CreateBeneficiary endpoint&amp#27;[0m                                                                                     &amp#27;[90m# stepDefinitions.Generic_Steps.i_perform_post_on_create_beneficiary_endpoint()&amp#27;[0m
2021-08-23 10:54:34,923 [INFO  ] Log - >> Response status code is 201
  &amp#27;[32mThen &amp#27;[0m&amp#27;[32mResponse status code is &amp#27;[0m&amp#27;[32m&amp#27;[1m201&amp#27;[0m                                                                                                      &amp#27;[90m# stepDefinitions.Generic_Steps.response_status_code_is(java.lang.Integer)&amp#27;[0m
2021-08-23 10:54:34,925 [INFO  ] Log - >> Response status line is HTTP/1.1 201 Created
  &amp#27;[32mAnd &amp#27;[0m&amp#27;[32mResponse status line is &amp#27;[0m&amp#27;[32m&amp#27;[1m"Created"&amp#27;[0m                                                                                                 &amp#27;[90m# stepDefinitions.Generic_Steps.response_status_line_is(java.lang.String)&amp#27;[0m
]]></system-out>
  </testcase>
  <testcase name="runScenario[&quot;Validate correct response is returned for &quot;bank_country_code&quot; AU when &quot;account_name&quot; @@ has valid no. of characters 1&quot;, &quot;Optional[Validates Account_Name in Bank_details]&quot;](8)" classname="cucumber.Options.RunCucumberTests" time="1.656">
    <system-out><![CDATA[
@PositiveScenarios @AcctName_allSpecialCharAllowed
Scenario Outline: Validate correct response is returned for "bank_country_code" AU when "account_name" @@ has valid no. of characters 1 &amp#27;[90m# src/test/resources/features/Account_Name.feature:54&amp#27;[0m
2021-08-23 10:54:34,952 [INFO  ] Log - -----------------------------------------------------------------------------------------
2021-08-23 10:54:34,953 [INFO  ] Log - >> Validate correct response is returned for "bank_country_code" AU when "account_name" @@ has valid no. of characters 1
2021-08-23 10:54:34,953 [INFO  ] Log - -----------------------------------------------------------------------------------------
2021-08-23 10:54:35,437 [INFO  ] Log - >> Token Created
  &amp#27;[32mGiven &amp#27;[0m&amp#27;[32mI am authorized user&amp#27;[0m                                                                                                            &amp#27;[90m# stepDefinitions.Generic_Steps.i_am_authorized_user()&amp#27;[0m
2021-08-23 10:54:35,443 [INFO  ] Log - >> Request PayLoad Created

    Request Payload : {
        "payment_methods": ["SWIFT"],
        "beneficiary": {
            "address": {
                "country_code": "AU",
                "street_address": "412 5th Avenue",
                "city": "Seattle",
                "postcode": "98104",
                "state": "Washington"
            },
            "entity_type": "COMPANY",
            "additional_info": {"personal_email": "john.walker@gmail.com"},
            "bank_details": {
                "account_number": "12750852",
                "account_currency": "AUD",
                "bank_country_code": "AU",
                "swift_code": "CTBAAU2S",
                "account_name": "@@",
                "iban": "ES8023100001180000012345",
                "bank_name": "National Australia Bank",
                "account_routing_value1": "083064",
                "transaction_reference": "4140110135",
                "local_clearing_system": "ACH",
                "account_routing_type1": "bsb"
            },
            "company_name": "ABC University"
        },
        "nickname": "ABC University",
        "payer_entity_type": "PERSONAL"
    }

  &amp#27;[32mAnd &amp#27;[0m&amp#27;[32mI create request payload with valid data for all keys with &amp#27;[0m&amp#27;[32m&amp#27;[1m"bank_country_code"&amp#27;[0m&amp#27;[32m is &amp#27;[0m&amp#27;[32m&amp#27;[1m"AU"&amp#27;[0m&amp#27;[32m &amp#27;[0m&amp#27;[32m&amp#27;[1m"account_name"&amp#27;[0m&amp#27;[32m is &amp#27;[0m&amp#27;[32m&amp#27;[1m"@@"&amp#27;[0m                     &amp#27;[90m# stepDefinitions.Generic_Steps.i_create_request_payload_with_valid_data_for_all_keys_with_is_is(java.lang.String,java.lang.String,java.lang.String,java.lang.String)&amp#27;[0m
2021-08-23 10:54:36,563 [INFO  ] Log - >> Request PayLoad is posted

    Response : {
        "beneficiary": {
            "additional_info": {
                "personal_email": "john.walker@gmail.com"
            },
            "address": {
                "city": "Seattle",
                "country_code": "AU",
                "postcode": "98104",
                "state": "Washington",
                "street_address": "412 5th Avenue"
            },
            "bank_details": {
                "account_currency": "AUD",
                "account_name": "@@",
                "account_number": "12750852",
                "account_routing_type1": "bsb",
                "account_routing_value1": "083064",
                "bank_country_code": "AU",
                "bank_name": "National Australia Bank",
                "iban": "ES8023100001180000012345",
                "swift_code": "CTBAAU2S"
            },
            "company_name": "ABC University",
            "entity_type": "COMPANY"
        },
        "beneficiary_id": "cdf6f7be-d4fd-483f-a2b4-e06e94dc7a92",
        "nickname": "ABC University",
        "payer_entity_type": "PERSONAL",
        "payment_methods": [
            "SWIFT"
        ]
    }

  &amp#27;[32mWhen &amp#27;[0m&amp#27;[32mI perform post on CreateBeneficiary endpoint&amp#27;[0m                                                                                     &amp#27;[90m# stepDefinitions.Generic_Steps.i_perform_post_on_create_beneficiary_endpoint()&amp#27;[0m
2021-08-23 10:54:36,569 [INFO  ] Log - >> Response status code is 201
  &amp#27;[32mThen &amp#27;[0m&amp#27;[32mResponse status code is &amp#27;[0m&amp#27;[32m&amp#27;[1m201&amp#27;[0m                                                                                                      &amp#27;[90m# stepDefinitions.Generic_Steps.response_status_code_is(java.lang.Integer)&amp#27;[0m
2021-08-23 10:54:36,570 [INFO  ] Log - >> Response status line is HTTP/1.1 201 Created
  &amp#27;[32mAnd &amp#27;[0m&amp#27;[32mResponse status line is &amp#27;[0m&amp#27;[32m&amp#27;[1m"Created"&amp#27;[0m                                                                                                 &amp#27;[90m# stepDefinitions.Generic_Steps.response_status_line_is(java.lang.String)&amp#27;[0m
]]></system-out>
  </testcase>
  <testcase name="runScenario[&quot;Validate correct response is returned for &quot;bank_country_code&quot; AU when &quot;account_name&quot; ()[aE1&lt;:! has valid no. of characters 1&quot;, &quot;Optional[Validates Account_Name in Bank_details]&quot;](9)" classname="cucumber.Options.RunCucumberTests" time="1.755">
    <system-out><![CDATA[
@PositiveScenarios @AcctName_allSpecialCharAllowed
Scenario Outline: Validate correct response is returned for "bank_country_code" AU when "account_name" ()[aE1<:! has valid no. of characters 1 &amp#27;[90m# src/test/resources/features/Account_Name.feature:55&amp#27;[0m
2021-08-23 10:54:36,591 [INFO  ] Log - -----------------------------------------------------------------------------------------
2021-08-23 10:54:36,591 [INFO  ] Log - >> Validate correct response is returned for "bank_country_code" AU when "account_name" ()[aE1<:! has valid no. of characters 1
2021-08-23 10:54:36,591 [INFO  ] Log - -----------------------------------------------------------------------------------------
2021-08-23 10:54:37,729 [INFO  ] Log - >> Token Created
  &amp#27;[32mGiven &amp#27;[0m&amp#27;[32mI am authorized user&amp#27;[0m                                                                                                                   &amp#27;[90m# stepDefinitions.Generic_Steps.i_am_authorized_user()&amp#27;[0m
2021-08-23 10:54:37,732 [INFO  ] Log - >> Request PayLoad Created

    Request Payload : {
        "payment_methods": ["SWIFT"],
        "beneficiary": {
            "address": {
                "country_code": "AU",
                "street_address": "412 5th Avenue",
                "city": "Seattle",
                "postcode": "98104",
                "state": "Washington"
            },
            "entity_type": "COMPANY",
            "additional_info": {"personal_email": "john.walker@gmail.com"},
            "bank_details": {
                "account_number": "12750852",
                "account_currency": "AUD",
                "bank_country_code": "AU",
                "swift_code": "CTBAAU2S",
                "account_name": "()[aE1<:!",
                "iban": "ES8023100001180000012345",
                "bank_name": "National Australia Bank",
                "account_routing_value1": "083064",
                "transaction_reference": "4140110135",
                "local_clearing_system": "ACH",
                "account_routing_type1": "bsb"
            },
            "company_name": "ABC University"
        },
        "nickname": "ABC University",
        "payer_entity_type": "PERSONAL"
    }

  &amp#27;[32mAnd &amp#27;[0m&amp#27;[32mI create request payload with valid data for all keys with &amp#27;[0m&amp#27;[32m&amp#27;[1m"bank_country_code"&amp#27;[0m&amp#27;[32m is &amp#27;[0m&amp#27;[32m&amp#27;[1m"AU"&amp#27;[0m&amp#27;[32m &amp#27;[0m&amp#27;[32m&amp#27;[1m"account_name"&amp#27;[0m&amp#27;[32m is &amp#27;[0m&amp#27;[32m&amp#27;[1m"()[aE1<:!"&amp#27;[0m                     &amp#27;[90m# stepDefinitions.Generic_Steps.i_create_request_payload_with_valid_data_for_all_keys_with_is_is(java.lang.String,java.lang.String,java.lang.String,java.lang.String)&amp#27;[0m
2021-08-23 10:54:38,187 [INFO  ] Log - >> Request PayLoad is posted

    Response : {
        "beneficiary": {
            "additional_info": {
                "personal_email": "john.walker@gmail.com"
            },
            "address": {
                "city": "Seattle",
                "country_code": "AU",
                "postcode": "98104",
                "state": "Washington",
                "street_address": "412 5th Avenue"
            },
            "bank_details": {
                "account_currency": "AUD",
                "account_name": "()[aE1<:!",
                "account_number": "12750852",
                "account_routing_type1": "bsb",
                "account_routing_value1": "083064",
                "bank_country_code": "AU",
                "bank_name": "National Australia Bank",
                "iban": "ES8023100001180000012345",
                "swift_code": "CTBAAU2S"
            },
            "company_name": "ABC University",
            "entity_type": "COMPANY"
        },
        "beneficiary_id": "058c5f17-25f8-4101-af7e-d92c7042580a",
        "nickname": "ABC University",
        "payer_entity_type": "PERSONAL",
        "payment_methods": [
            "SWIFT"
        ]
    }

  &amp#27;[32mWhen &amp#27;[0m&amp#27;[32mI perform post on CreateBeneficiary endpoint&amp#27;[0m                                                                                            &amp#27;[90m# stepDefinitions.Generic_Steps.i_perform_post_on_create_beneficiary_endpoint()&amp#27;[0m
2021-08-23 10:54:38,213 [INFO  ] Log - >> Response status code is 201
  &amp#27;[32mThen &amp#27;[0m&amp#27;[32mResponse status code is &amp#27;[0m&amp#27;[32m&amp#27;[1m201&amp#27;[0m                                                                                                             &amp#27;[90m# stepDefinitions.Generic_Steps.response_status_code_is(java.lang.Integer)&amp#27;[0m
2021-08-23 10:54:38,214 [INFO  ] Log - >> Response status line is HTTP/1.1 201 Created
  &amp#27;[32mAnd &amp#27;[0m&amp#27;[32mResponse status line is &amp#27;[0m&amp#27;[32m&amp#27;[1m"Created"&amp#27;[0m                                                                                                        &amp#27;[90m# stepDefinitions.Generic_Steps.response_status_line_is(java.lang.String)&amp#27;[0m
]]></system-out>
  </testcase>
  <testcase name="runScenario[&quot;Validate correct response is returned for &quot;bank_country_code&quot; US when &quot;account_name&quot; asfsf4567w has valid no. of characters 10&quot;, &quot;Optional[Validates Account_Name in Bank_details]&quot;](10)" classname="cucumber.Options.RunCucumberTests" time="1.695">
    <system-out><![CDATA[
@PositiveScenarios @AcctName_allSpecialCharAllowed
Scenario Outline: Validate correct response is returned for "bank_country_code" US when "account_name" asfsf4567w has valid no. of characters 10 &amp#27;[90m# src/test/resources/features/Account_Name.feature:56&amp#27;[0m
2021-08-23 10:54:38,238 [INFO  ] Log - -----------------------------------------------------------------------------------------
2021-08-23 10:54:38,239 [INFO  ] Log - >> Validate correct response is returned for "bank_country_code" US when "account_name" asfsf4567w has valid no. of characters 10
2021-08-23 10:54:38,239 [INFO  ] Log - -----------------------------------------------------------------------------------------
2021-08-23 10:54:38,925 [INFO  ] Log - >> Token Created
  &amp#27;[32mGiven &amp#27;[0m&amp#27;[32mI am authorized user&amp#27;[0m                                                                                                                     &amp#27;[90m# stepDefinitions.Generic_Steps.i_am_authorized_user()&amp#27;[0m
2021-08-23 10:54:38,926 [INFO  ] Log - >> Request PayLoad Created

    Request Payload : {
        "payment_methods": ["SWIFT"],
        "beneficiary": {
            "address": {
                "country_code": "US",
                "street_address": "412 5th Avenue",
                "city": "Seattle",
                "postcode": "98104",
                "state": "Washington"
            },
            "entity_type": "COMPANY",
            "additional_info": {"personal_email": "john.walker@gmail.com"},
            "bank_details": {
                "account_number": "502231121",
                "account_currency": "USD",
                "bank_country_code": "US",
                "swift_code": "CHASUS33",
                "account_name": "asfsf4567w",
                "bank_name": "JP Morgan Chase Bank",
                "account_routing_value1": "907765701",
                "account_routing_type1": "aba"
            },
            "company_name": "ABC University"
        },
        "nickname": "ABC University",
        "payer_entity_type": "PERSONAL"
    }

  &amp#27;[32mAnd &amp#27;[0m&amp#27;[32mI create request payload with valid data for all keys with &amp#27;[0m&amp#27;[32m&amp#27;[1m"bank_country_code"&amp#27;[0m&amp#27;[32m is &amp#27;[0m&amp#27;[32m&amp#27;[1m"US"&amp#27;[0m&amp#27;[32m &amp#27;[0m&amp#27;[32m&amp#27;[1m"account_name"&amp#27;[0m&amp#27;[32m is &amp#27;[0m&amp#27;[32m&amp#27;[1m"asfsf4567w"&amp#27;[0m                      &amp#27;[90m# stepDefinitions.Generic_Steps.i_create_request_payload_with_valid_data_for_all_keys_with_is_is(java.lang.String,java.lang.String,java.lang.String,java.lang.String)&amp#27;[0m
2021-08-23 10:54:40,014 [INFO  ] Log - >> Request PayLoad is posted

    Response : {
        "beneficiary": {
            "additional_info": {
                "personal_email": "john.walker@gmail.com"
            },
            "address": {
                "city": "Seattle",
                "country_code": "US",
                "postcode": "98104",
                "state": "Washington",
                "street_address": "412 5th Avenue"
            },
            "bank_details": {
                "account_currency": "USD",
                "account_name": "asfsf4567w",
                "account_number": "502231121",
                "account_routing_type1": "aba",
                "account_routing_value1": "907765701",
                "bank_country_code": "US",
                "bank_name": "JP Morgan Chase Bank",
                "swift_code": "CHASUS33"
            },
            "company_name": "ABC University",
            "entity_type": "COMPANY"
        },
        "beneficiary_id": "6f86b441-d418-456e-8b5b-70b3c5567903",
        "nickname": "ABC University",
        "payer_entity_type": "PERSONAL",
        "payment_methods": [
            "SWIFT"
        ]
    }

  &amp#27;[32mWhen &amp#27;[0m&amp#27;[32mI perform post on CreateBeneficiary endpoint&amp#27;[0m                                                                                              &amp#27;[90m# stepDefinitions.Generic_Steps.i_perform_post_on_create_beneficiary_endpoint()&amp#27;[0m
2021-08-23 10:54:40,018 [INFO  ] Log - >> Response status code is 201
  &amp#27;[32mThen &amp#27;[0m&amp#27;[32mResponse status code is &amp#27;[0m&amp#27;[32m&amp#27;[1m201&amp#27;[0m                                                                                                               &amp#27;[90m# stepDefinitions.Generic_Steps.response_status_code_is(java.lang.Integer)&amp#27;[0m
2021-08-23 10:54:40,019 [INFO  ] Log - >> Response status line is HTTP/1.1 201 Created
  &amp#27;[32mAnd &amp#27;[0m&amp#27;[32mResponse status line is &amp#27;[0m&amp#27;[32m&amp#27;[1m"Created"&amp#27;[0m                                                                                                          &amp#27;[90m# stepDefinitions.Generic_Steps.response_status_line_is(java.lang.String)&amp#27;[0m
]]></system-out>
  </testcase>
  <testcase name="runScenario[&quot;Validates beneficiary is not added when account_number key is missing from bankdetails jsonobject&quot;, &quot;Optional[Validates Account_Number in Bank_details]&quot;](11)" classname="cucumber.Options.RunCucumberTests" time="0.887">
    <system-out><![CDATA[
@SchemaValidation
Scenario: Validates beneficiary is not added when account_number key is missing from bankdetails jsonobject &amp#27;[90m# src/test/resources/features/Account_Number.feature:7&amp#27;[0m
2021-08-23 10:54:40,045 [INFO  ] Log - -----------------------------------------------------------------------------------------
2021-08-23 10:54:40,046 [INFO  ] Log - >> Validates beneficiary is not added when account_number key is missing from bankdetails jsonobject
2021-08-23 10:54:40,046 [INFO  ] Log - -----------------------------------------------------------------------------------------
2021-08-23 10:54:40,495 [INFO  ] Log - >> Token Created
  &amp#27;[32mGiven &amp#27;[0m&amp#27;[32mI am authorized user&amp#27;[0m                                                                                &amp#27;[90m# stepDefinitions.Generic_Steps.i_am_authorized_user()&amp#27;[0m
2021-08-23 10:54:40,496 [INFO  ] Log - >> Request PayLoad Created with all keys, except without  account_number Code key

    Request Payload : {
        "payment_methods": ["SWIFT"],
        "beneficiary": {
            "address": {
                "country_code": "US",
                "street_address": "412 5th Avenue",
                "city": "Seattle",
                "postcode": "98104",
                "state": "Washington"
            },
            "entity_type": "COMPANY",
            "additional_info": {"personal_email": "john.walker@gmail.com"},
            "bank_details": {
                "account_currency": "USD",
                "bank_country_code": "US",
                "swift_code": "CHASUS33",
                "account_name": "John Walker",
                "bank_name": "JP Morgan Chase Bank",
                "account_routing_value1": "907765701",
                "account_routing_type1": "aba"
            },
            "company_name": "ABC University"
        },
        "nickname": "ABC University",
        "payer_entity_type": "PERSONAL"
    }

  &amp#27;[32mAnd &amp#27;[0m&amp#27;[32mI create request payload with valid data for all keys without &amp#27;[0m&amp#27;[32m&amp#27;[1m"account_number"&amp#27;[0m                        &amp#27;[90m# stepDefinitions.Generic_Steps.i_create_request_payload_with_valid_data_for_all_keys_without_bank_country_code(java.lang.String)&amp#27;[0m
2021-08-23 10:54:40,853 [INFO  ] Log - >> Request PayLoad is posted

    Response : {
        "code": "payment_schema_validation_failed",
        "message": "This field is required",
        "source": "beneficiary.bank_details.account_number"
    }

  &amp#27;[32mWhen &amp#27;[0m&amp#27;[32mI perform post on CreateBeneficiary endpoint&amp#27;[0m                                                         &amp#27;[90m# stepDefinitions.Generic_Steps.i_perform_post_on_create_beneficiary_endpoint()&amp#27;[0m
2021-08-23 10:54:40,856 [INFO  ] Log - >> Response status code is 400
  &amp#27;[32mThen &amp#27;[0m&amp#27;[32mResponse status code is &amp#27;[0m&amp#27;[32m&amp#27;[1m400&amp#27;[0m                                                                          &amp#27;[90m# stepDefinitions.Generic_Steps.response_status_code_is(java.lang.Integer)&amp#27;[0m
2021-08-23 10:54:40,857 [INFO  ] Log - >> Response status line is HTTP/1.1 400 Bad Request
  &amp#27;[32mAnd &amp#27;[0m&amp#27;[32mResponse status line is &amp#27;[0m&amp#27;[32m&amp#27;[1m"Bad Request"&amp#27;[0m                                                                 &amp#27;[90m# stepDefinitions.Generic_Steps.response_status_line_is(java.lang.String)&amp#27;[0m
2021-08-23 10:54:40,880 [INFO  ] Log - >> Response code contains value payment_schema_validation_failed
  &amp#27;[32mAnd &amp#27;[0m&amp#27;[32mResponse &amp#27;[0m&amp#27;[32m&amp#27;[1m"code"&amp#27;[0m&amp#27;[32m has value &amp#27;[0m&amp#27;[32m&amp#27;[1m"payment_schema_validation_failed"&amp#27;[0m                                          &amp#27;[90m# stepDefinitions.Generic_Steps.response_contains_value(java.lang.String,java.lang.String)&amp#27;[0m
2021-08-23 10:54:40,909 [INFO  ] Log - >> Response message contains value This field is required
  &amp#27;[32mAnd &amp#27;[0m&amp#27;[32mResponse &amp#27;[0m&amp#27;[32m&amp#27;[1m"message"&amp#27;[0m&amp#27;[32m has value &amp#27;[0m&amp#27;[32m&amp#27;[1m"This field is required"&amp#27;[0m                                                 &amp#27;[90m# stepDefinitions.Generic_Steps.response_contains_value(java.lang.String,java.lang.String)&amp#27;[0m
2021-08-23 10:54:40,932 [INFO  ] Log - >> Response source contains value beneficiary.bank_details.account_number
  &amp#27;[32mAnd &amp#27;[0m&amp#27;[32mResponse &amp#27;[0m&amp#27;[32m&amp#27;[1m"source"&amp#27;[0m&amp#27;[32m has value &amp#27;[0m&amp#27;[32m&amp#27;[1m"beneficiary.bank_details.account_number"&amp#27;[0m                                 &amp#27;[90m# stepDefinitions.Generic_Steps.response_contains_value(java.lang.String,java.lang.String)&amp#27;[0m
]]></system-out>
  </testcase>
  <testcase name="runScenario[&quot;Validates beneficiary is not added when account_number value is Empty&quot;, &quot;Optional[Validates Account_Number in Bank_details]&quot;](12)" classname="cucumber.Options.RunCucumberTests" time="1.005">
    <system-out><![CDATA[
@SchemaValidation
Scenario: Validates beneficiary is not added when account_number value is Empty              &amp#27;[90m# src/test/resources/features/Account_Number.feature:17&amp#27;[0m
2021-08-23 10:54:40,959 [INFO  ] Log - -----------------------------------------------------------------------------------------
2021-08-23 10:54:40,968 [INFO  ] Log - >> Validates beneficiary is not added when account_number value is Empty
2021-08-23 10:54:40,968 [INFO  ] Log - -----------------------------------------------------------------------------------------
2021-08-23 10:54:41,487 [INFO  ] Log - >> Token Created
  &amp#27;[32mGiven &amp#27;[0m&amp#27;[32mI am authorized user&amp#27;[0m                                                                 &amp#27;[90m# stepDefinitions.Generic_Steps.i_am_authorized_user()&amp#27;[0m
2021-08-23 10:54:41,490 [INFO  ] Log - >> Request PayLoad Created with all keys, with account_number value is Empty

    Request Payload : {
        "payment_methods": ["SWIFT"],
        "beneficiary": {
            "address": {
                "country_code": "US",
                "street_address": "412 5th Avenue",
                "city": "Seattle",
                "postcode": "98104",
                "state": "Washington"
            },
            "entity_type": "COMPANY",
            "additional_info": {"personal_email": "john.walker@gmail.com"},
            "bank_details": {
                "account_number": "",
                "account_currency": "USD",
                "bank_country_code": "US",
                "swift_code": "CHASUS33",
                "account_name": "John Walker",
                "bank_name": "JP Morgan Chase Bank",
                "account_routing_value1": "907765701",
                "account_routing_type1": "aba"
            },
            "company_name": "ABC University"
        },
        "nickname": "ABC University",
        "payer_entity_type": "PERSONAL"
    }

  &amp#27;[32mAnd &amp#27;[0m&amp#27;[32mI create request payload with valid data for all keys with &amp#27;[0m&amp#27;[32m&amp#27;[1m"account_number"&amp#27;[0m&amp#27;[32m is &amp#27;[0m&amp#27;[32m&amp#27;[1m"Empty"&amp#27;[0m &amp#27;[90m# stepDefinitions.Generic_Steps.i_create_request_payload_with_valid_data_for_all_keys_with_bank_country_code_is(java.lang.String,java.lang.String)&amp#27;[0m
2021-08-23 10:54:41,868 [INFO  ] Log - >> Request PayLoad is posted

    Response : {
        "code": "payment_schema_validation_failed",
        "message": "This field is required",
        "source": "beneficiary.bank_details.account_number"
    }

  &amp#27;[32mWhen &amp#27;[0m&amp#27;[32mI perform post on CreateBeneficiary endpoint&amp#27;[0m                                          &amp#27;[90m# stepDefinitions.Generic_Steps.i_perform_post_on_create_beneficiary_endpoint()&amp#27;[0m
2021-08-23 10:54:41,870 [INFO  ] Log - >> Response status code is 400
  &amp#27;[32mThen &amp#27;[0m&amp#27;[32mResponse status code is &amp#27;[0m&amp#27;[32m&amp#27;[1m400&amp#27;[0m                                                           &amp#27;[90m# stepDefinitions.Generic_Steps.response_status_code_is(java.lang.Integer)&amp#27;[0m
2021-08-23 10:54:41,871 [INFO  ] Log - >> Response status line is HTTP/1.1 400 Bad Request
  &amp#27;[32mAnd &amp#27;[0m&amp#27;[32mResponse status line is &amp#27;[0m&amp#27;[32m&amp#27;[1m"Bad Request"&amp#27;[0m                                                  &amp#27;[90m# stepDefinitions.Generic_Steps.response_status_line_is(java.lang.String)&amp#27;[0m
2021-08-23 10:54:41,887 [INFO  ] Log - >> Response code contains value payment_schema_validation_failed
  &amp#27;[32mAnd &amp#27;[0m&amp#27;[32mResponse &amp#27;[0m&amp#27;[32m&amp#27;[1m"code"&amp#27;[0m&amp#27;[32m has value &amp#27;[0m&amp#27;[32m&amp#27;[1m"payment_schema_validation_failed"&amp#27;[0m                           &amp#27;[90m# stepDefinitions.Generic_Steps.response_contains_value(java.lang.String,java.lang.String)&amp#27;[0m
2021-08-23 10:54:41,917 [INFO  ] Log - >> Response message contains value This field is required
  &amp#27;[32mAnd &amp#27;[0m&amp#27;[32mResponse &amp#27;[0m&amp#27;[32m&amp#27;[1m"message"&amp#27;[0m&amp#27;[32m has value &amp#27;[0m&amp#27;[32m&amp#27;[1m"This field is required"&amp#27;[0m                                  &amp#27;[90m# stepDefinitions.Generic_Steps.response_contains_value(java.lang.String,java.lang.String)&amp#27;[0m
2021-08-23 10:54:41,949 [INFO  ] Log - >> Response source contains value beneficiary.bank_details.account_number
  &amp#27;[32mAnd &amp#27;[0m&amp#27;[32mResponse &amp#27;[0m&amp#27;[32m&amp#27;[1m"source"&amp#27;[0m&amp#27;[32m has value &amp#27;[0m&amp#27;[32m&amp#27;[1m"beneficiary.bank_details.account_number"&amp#27;[0m                  &amp#27;[90m# stepDefinitions.Generic_Steps.response_contains_value(java.lang.String,java.lang.String)&amp#27;[0m
]]></system-out>
  </testcase>
  <testcase name="runScenario[&quot;Validate beneficiary is sucessfully added for &quot;bank_country_code&quot; &lt;bank_country_code&gt; when &quot;account_number&quot; AGT-789IJY-T2345 contains special characters&quot;, &quot;Optional[Validates Account_Number in Bank_details]&quot;](13)" classname="cucumber.Options.RunCucumberTests" time="1.607">
    <failure message="The following asserts failed:&#10;	expected [201] but found [400],&#10;	expected [true] but found [false]" type="java.lang.AssertionError"><![CDATA[java.lang.AssertionError: 
The following asserts failed:
	expected [201] but found [400],
	expected [true] but found [false]
]]></failure>
    <system-out><![CDATA[
@RequirementMismatch-AcctNumber
Scenario Outline: Validate beneficiary is sucessfully added for "bank_country_code" <bank_country_code> when "account_number" AGT-789IJY-T2345 contains special characters &amp#27;[90m# src/test/resources/features/Account_Number.feature:35&amp#27;[0m
2021-08-23 10:54:41,977 [INFO  ] Log - -----------------------------------------------------------------------------------------
2021-08-23 10:54:41,978 [INFO  ] Log - >> Validate beneficiary is sucessfully added for "bank_country_code" <bank_country_code> when "account_number" AGT-789IJY-T2345 contains special characters
2021-08-23 10:54:41,978 [INFO  ] Log - -----------------------------------------------------------------------------------------
2021-08-23 10:54:42,413 [INFO  ] Log - >> Token Created
  &amp#27;[32mGiven &amp#27;[0m&amp#27;[32mI am authorized user&amp#27;[0m                                                                                                                                               &amp#27;[90m# stepDefinitions.Generic_Steps.i_am_authorized_user()&amp#27;[0m
2021-08-23 10:54:42,415 [INFO  ] Log - >> Request PayLoad Created

    Request Payload : {
        "payment_methods": ["SWIFT"],
        "beneficiary": {
            "address": {
                "country_code": "US",
                "street_address": "412 5th Avenue",
                "city": "Seattle",
                "postcode": "98104",
                "state": "Washington"
            },
            "entity_type": "COMPANY",
            "additional_info": {"personal_email": "john.walker@gmail.com"},
            "bank_details": {
                "account_number": "AGT-789IJY-T2345",
                "account_currency": "USD",
                "bank_country_code": "US",
                "swift_code": "CHASUS33",
                "account_name": "John Walker",
                "bank_name": "JP Morgan Chase Bank",
                "account_routing_value1": "907765701",
                "account_routing_type1": "aba"
            },
            "company_name": "ABC University"
        },
        "nickname": "ABC University",
        "payer_entity_type": "PERSONAL"
    }

  &amp#27;[32mAnd &amp#27;[0m&amp#27;[32mI create request payload with valid data for all keys with &amp#27;[0m&amp#27;[32m&amp#27;[1m"bank_country_code"&amp#27;[0m&amp#27;[32m is &amp#27;[0m&amp#27;[32m&amp#27;[1m"US"&amp#27;[0m&amp#27;[32m &amp#27;[0m&amp#27;[32m&amp#27;[1m"account_number"&amp#27;[0m&amp#27;[32m is &amp#27;[0m&amp#27;[32m&amp#27;[1m"AGT-789IJY-T2345"&amp#27;[0m                                        &amp#27;[90m# stepDefinitions.Generic_Steps.i_create_request_payload_with_valid_data_for_all_keys_with_is_is(java.lang.String,java.lang.String,java.lang.String,java.lang.String)&amp#27;[0m
2021-08-23 10:54:43,513 [INFO  ] Log - >> Request PayLoad is posted

    Response : {
        "code": "payment_schema_validation_failed",
        "message": "Should contain alphanumeric characters only",
        "source": "beneficiary.bank_details.account_number"
    }

  &amp#27;[32mWhen &amp#27;[0m&amp#27;[32mI perform post on CreateBeneficiary endpoint&amp#27;[0m                                                                                                                        &amp#27;[90m# stepDefinitions.Generic_Steps.i_perform_post_on_create_beneficiary_endpoint()&amp#27;[0m
2021-08-23 10:54:43,517 [INFO  ] Log - >> Response status code is 400
  &amp#27;[32mThen &amp#27;[0m&amp#27;[32mResponse status code is &amp#27;[0m&amp#27;[32m&amp#27;[1m201&amp#27;[0m                                                                                                                                         &amp#27;[90m# stepDefinitions.Generic_Steps.response_status_code_is(java.lang.Integer)&amp#27;[0m
2021-08-23 10:54:43,522 [INFO  ] Log - >> Response status line is HTTP/1.1 400 Bad Request
  &amp#27;[32mAnd &amp#27;[0m&amp#27;[32mResponse status line is &amp#27;[0m&amp#27;[32m&amp#27;[1m"Created"&amp#27;[0m                                                                                                                                    &amp#27;[90m# stepDefinitions.Generic_Steps.response_status_line_is(java.lang.String)&amp#27;[0m
      &amp#27;[31mjava.lang.AssertionError: The following asserts failed:
	expected [201] but found [400],
	expected [true] but found [false]
	at org.testng.asserts.SoftAssert.assertAll(SoftAssert.java:47)
	at org.testng.asserts.SoftAssert.assertAll(SoftAssert.java:31)
	at stepDefinitions.Generic_Steps.after(Generic_Steps.java:38)
&amp#27;[0m
]]></system-out>
  </testcase>
  <testcase name="runScenario[&quot;Validate beneficiary is sucessfully added for &quot;bank_country_code&quot; &lt;bank_country_code&gt; when &quot;account_number&quot; AGT:789 contains special characters&quot;, &quot;Optional[Validates Account_Number in Bank_details]&quot;](14)" classname="cucumber.Options.RunCucumberTests" time="0.957">
    <failure message="The following asserts failed:&#10;	expected [201] but found [400],&#10;	expected [true] but found [false]" type="java.lang.AssertionError"><![CDATA[java.lang.AssertionError: 
The following asserts failed:
	expected [201] but found [400],
	expected [true] but found [false]
]]></failure>
    <system-out><![CDATA[
@RequirementMismatch-AcctNumber
Scenario Outline: Validate beneficiary is sucessfully added for "bank_country_code" <bank_country_code> when "account_number" AGT:789 contains special characters &amp#27;[90m# src/test/resources/features/Account_Number.feature:36&amp#27;[0m
2021-08-23 10:54:43,557 [INFO  ] Log - -----------------------------------------------------------------------------------------
2021-08-23 10:54:43,558 [INFO  ] Log - >> Validate beneficiary is sucessfully added for "bank_country_code" <bank_country_code> when "account_number" AGT:789 contains special characters
2021-08-23 10:54:43,558 [INFO  ] Log - -----------------------------------------------------------------------------------------
2021-08-23 10:54:44,074 [INFO  ] Log - >> Token Created
  &amp#27;[32mGiven &amp#27;[0m&amp#27;[32mI am authorized user&amp#27;[0m                                                                                                                                      &amp#27;[90m# stepDefinitions.Generic_Steps.i_am_authorized_user()&amp#27;[0m
2021-08-23 10:54:44,076 [INFO  ] Log - >> Request PayLoad Created

    Request Payload : {
        "payment_methods": ["SWIFT"],
        "beneficiary": {
            "address": {
                "country_code": "AU",
                "street_address": "412 5th Avenue",
                "city": "Seattle",
                "postcode": "98104",
                "state": "Washington"
            },
            "entity_type": "COMPANY",
            "additional_info": {"personal_email": "john.walker@gmail.com"},
            "bank_details": {
                "account_number": "AGT:789",
                "account_currency": "AUD",
                "bank_country_code": "AU",
                "swift_code": "CTBAAU2S",
                "account_name": "Lee Da Ming",
                "iban": "ES8023100001180000012345",
                "bank_name": "National Australia Bank",
                "account_routing_value1": "083064",
                "transaction_reference": "4140110135",
                "local_clearing_system": "ACH",
                "account_routing_type1": "bsb"
            },
            "company_name": "ABC University"
        },
        "nickname": "ABC University",
        "payer_entity_type": "PERSONAL"
    }

  &amp#27;[32mAnd &amp#27;[0m&amp#27;[32mI create request payload with valid data for all keys with &amp#27;[0m&amp#27;[32m&amp#27;[1m"bank_country_code"&amp#27;[0m&amp#27;[32m is &amp#27;[0m&amp#27;[32m&amp#27;[1m"AU"&amp#27;[0m&amp#27;[32m &amp#27;[0m&amp#27;[32m&amp#27;[1m"account_number"&amp#27;[0m&amp#27;[32m is &amp#27;[0m&amp#27;[32m&amp#27;[1m"AGT:789"&amp#27;[0m                                        &amp#27;[90m# stepDefinitions.Generic_Steps.i_create_request_payload_with_valid_data_for_all_keys_with_is_is(java.lang.String,java.lang.String,java.lang.String,java.lang.String)&amp#27;[0m
2021-08-23 10:54:44,458 [INFO  ] Log - >> Request PayLoad is posted

    Response : {
        "code": "payment_schema_validation_failed",
        "message": "Should contain alphanumeric characters only",
        "source": "beneficiary.bank_details.account_number"
    }

  &amp#27;[32mWhen &amp#27;[0m&amp#27;[32mI perform post on CreateBeneficiary endpoint&amp#27;[0m                                                                                                               &amp#27;[90m# stepDefinitions.Generic_Steps.i_perform_post_on_create_beneficiary_endpoint()&amp#27;[0m
2021-08-23 10:54:44,461 [INFO  ] Log - >> Response status code is 400
  &amp#27;[32mThen &amp#27;[0m&amp#27;[32mResponse status code is &amp#27;[0m&amp#27;[32m&amp#27;[1m201&amp#27;[0m                                                                                                                                &amp#27;[90m# stepDefinitions.Generic_Steps.response_status_code_is(java.lang.Integer)&amp#27;[0m
2021-08-23 10:54:44,463 [INFO  ] Log - >> Response status line is HTTP/1.1 400 Bad Request
  &amp#27;[32mAnd &amp#27;[0m&amp#27;[32mResponse status line is &amp#27;[0m&amp#27;[32m&amp#27;[1m"Created"&amp#27;[0m                                                                                                                           &amp#27;[90m# stepDefinitions.Generic_Steps.response_status_line_is(java.lang.String)&amp#27;[0m
      &amp#27;[31mjava.lang.AssertionError: The following asserts failed:
	expected [201] but found [400],
	expected [true] but found [false]
	at org.testng.asserts.SoftAssert.assertAll(SoftAssert.java:47)
	at org.testng.asserts.SoftAssert.assertAll(SoftAssert.java:31)
	at stepDefinitions.Generic_Steps.after(Generic_Steps.java:38)
&amp#27;[0m
]]></system-out>
  </testcase>
  <testcase name="runScenario[&quot;Validate beneficiary is sucessfully added for &quot;bank_country_code&quot; &lt;bank_country_code&gt; when &quot;account_number&quot; AGT 789IJY T2345 contains special characters&quot;, &quot;Optional[Validates Account_Number in Bank_details]&quot;](15)" classname="cucumber.Options.RunCucumberTests" time="1.088">
    <failure message="The following asserts failed:&#10;	expected [201] but found [400],&#10;	expected [true] but found [false]" type="java.lang.AssertionError"><![CDATA[java.lang.AssertionError: 
The following asserts failed:
	expected [201] but found [400],
	expected [true] but found [false]
]]></failure>
    <system-out><![CDATA[
@RequirementMismatch-AcctNumber
Scenario Outline: Validate beneficiary is sucessfully added for "bank_country_code" <bank_country_code> when "account_number" AGT 789IJY T2345 contains special characters &amp#27;[90m# src/test/resources/features/Account_Number.feature:37&amp#27;[0m
2021-08-23 10:54:44,484 [INFO  ] Log - -----------------------------------------------------------------------------------------
2021-08-23 10:54:44,485 [INFO  ] Log - >> Validate beneficiary is sucessfully added for "bank_country_code" <bank_country_code> when "account_number" AGT 789IJY T2345 contains special characters
2021-08-23 10:54:44,485 [INFO  ] Log - -----------------------------------------------------------------------------------------
2021-08-23 10:54:45,173 [INFO  ] Log - >> Token Created
  &amp#27;[32mGiven &amp#27;[0m&amp#27;[32mI am authorized user&amp#27;[0m                                                                                                                                               &amp#27;[90m# stepDefinitions.Generic_Steps.i_am_authorized_user()&amp#27;[0m
2021-08-23 10:54:45,175 [INFO  ] Log - >> Request PayLoad Created

    Request Payload : {
        "payment_methods": ["SWIFT"],
        "beneficiary": {
            "address": {
                "country_code": "CN",
                "street_address": "412 5th Avenue",
                "city": "Seattle",
                "postcode": "98104",
                "state": "Washington"
            },
            "entity_type": "COMPANY",
            "additional_info": {"personal_email": "john.walker@gmail.com"},
            "bank_details": {
                "account_number": "AGT 789IJY T2345",
                "account_currency": "CAD",
                "bank_country_code": "CN",
                "swift_code": "ICBKCNBJ",
                "account_name": "Lee Da Ming",
                "iban": "ES8023100001180000012345",
                "bank_name": "National Canadian Bank",
                "account_routing_value1": "083064",
                "transaction_reference": "4140110135",
                "local_clearing_system": "ACH",
                "account_routing_type1": "aba"
            },
            "company_name": "ABC University"
        },
        "nickname": "ABC University",
        "payer_entity_type": "PERSONAL"
    }

  &amp#27;[32mAnd &amp#27;[0m&amp#27;[32mI create request payload with valid data for all keys with &amp#27;[0m&amp#27;[32m&amp#27;[1m"bank_country_code"&amp#27;[0m&amp#27;[32m is &amp#27;[0m&amp#27;[32m&amp#27;[1m"CN"&amp#27;[0m&amp#27;[32m &amp#27;[0m&amp#27;[32m&amp#27;[1m"account_number"&amp#27;[0m&amp#27;[32m is &amp#27;[0m&amp#27;[32m&amp#27;[1m"AGT 789IJY T2345"&amp#27;[0m                                        &amp#27;[90m# stepDefinitions.Generic_Steps.i_create_request_payload_with_valid_data_for_all_keys_with_is_is(java.lang.String,java.lang.String,java.lang.String,java.lang.String)&amp#27;[0m
2021-08-23 10:54:45,574 [INFO  ] Log - >> Request PayLoad is posted

    Response : {
        "code": "payment_schema_validation_failed",
        "message": "Should contain alphanumeric characters only",
        "source": "beneficiary.bank_details.account_number"
    }

  &amp#27;[32mWhen &amp#27;[0m&amp#27;[32mI perform post on CreateBeneficiary endpoint&amp#27;[0m                                                                                                                        &amp#27;[90m# stepDefinitions.Generic_Steps.i_perform_post_on_create_beneficiary_endpoint()&amp#27;[0m
2021-08-23 10:54:45,576 [INFO  ] Log - >> Response status code is 400
  &amp#27;[32mThen &amp#27;[0m&amp#27;[32mResponse status code is &amp#27;[0m&amp#27;[32m&amp#27;[1m201&amp#27;[0m                                                                                                                                         &amp#27;[90m# stepDefinitions.Generic_Steps.response_status_code_is(java.lang.Integer)&amp#27;[0m
2021-08-23 10:54:45,579 [INFO  ] Log - >> Response status line is HTTP/1.1 400 Bad Request
  &amp#27;[32mAnd &amp#27;[0m&amp#27;[32mResponse status line is &amp#27;[0m&amp#27;[32m&amp#27;[1m"Created"&amp#27;[0m                                                                                                                                    &amp#27;[90m# stepDefinitions.Generic_Steps.response_status_line_is(java.lang.String)&amp#27;[0m
      &amp#27;[31mjava.lang.AssertionError: The following asserts failed:
	expected [201] but found [400],
	expected [true] but found [false]
	at org.testng.asserts.SoftAssert.assertAll(SoftAssert.java:47)
	at org.testng.asserts.SoftAssert.assertAll(SoftAssert.java:31)
	at stepDefinitions.Generic_Steps.after(Generic_Steps.java:38)
&amp#27;[0m
]]></system-out>
  </testcase>
  <testcase name="runScenario[&quot;Validate error response is returned for &quot;bank_country_code&quot; US when &quot;account_number&quot; asedr5432GHUYJIO2345 has invalid no. of characters 20&quot;, &quot;Optional[Validates Account_Number in Bank_details]&quot;](16)" classname="cucumber.Options.RunCucumberTests" time="1.747">
    <failure message="Cannot invoke &quot;Object.toString()&quot; because the return value of &quot;io.restassured.path.json.JsonPath.get(String)&quot; is null" type="java.lang.NullPointerException"><![CDATA[java.lang.NullPointerException: Cannot invoke "Object.toString()" because the return value of "io.restassured.path.json.JsonPath.get(String)" is null
]]></failure>
    <system-out><![CDATA[
@RequirementMismatch-AcctNumber @RequirementMismatch-ImproperResponseMessage
Scenario Outline: Validate error response is returned for "bank_country_code" US when "account_number" asedr5432GHUYJIO2345 has invalid no. of characters 20 &amp#27;[90m# src/test/resources/features/Account_Number.feature:51&amp#27;[0m
2021-08-23 10:54:45,606 [INFO  ] Log - -----------------------------------------------------------------------------------------
2021-08-23 10:54:45,607 [INFO  ] Log - >> Validate error response is returned for "bank_country_code" US when "account_number" asedr5432GHUYJIO2345 has invalid no. of characters 20
2021-08-23 10:54:45,607 [INFO  ] Log - -----------------------------------------------------------------------------------------
2021-08-23 10:54:46,077 [INFO  ] Log - >> Token Created
  &amp#27;[32mGiven &amp#27;[0m&amp#27;[32mI am authorized user&amp#27;[0m                                                                                                                                 &amp#27;[90m# stepDefinitions.Generic_Steps.i_am_authorized_user()&amp#27;[0m
2021-08-23 10:54:46,078 [INFO  ] Log - >> Request PayLoad Created

    Request Payload : {
        "payment_methods": ["SWIFT"],
        "beneficiary": {
            "address": {
                "country_code": "US",
                "street_address": "412 5th Avenue",
                "city": "Seattle",
                "postcode": "98104",
                "state": "Washington"
            },
            "entity_type": "COMPANY",
            "additional_info": {"personal_email": "john.walker@gmail.com"},
            "bank_details": {
                "account_number": "asedr5432GHUYJIO2345",
                "account_currency": "USD",
                "bank_country_code": "US",
                "swift_code": "CHASUS33",
                "account_name": "John Walker",
                "bank_name": "JP Morgan Chase Bank",
                "account_routing_value1": "907765701",
                "account_routing_type1": "aba"
            },
            "company_name": "ABC University"
        },
        "nickname": "ABC University",
        "payer_entity_type": "PERSONAL"
    }

  &amp#27;[32mAnd &amp#27;[0m&amp#27;[32mI create request payload with valid data for all keys with &amp#27;[0m&amp#27;[32m&amp#27;[1m"bank_country_code"&amp#27;[0m&amp#27;[32m is &amp#27;[0m&amp#27;[32m&amp#27;[1m"US"&amp#27;[0m&amp#27;[32m &amp#27;[0m&amp#27;[32m&amp#27;[1m"account_number"&amp#27;[0m&amp#27;[32m is &amp#27;[0m&amp#27;[32m&amp#27;[1m"asedr5432GHUYJIO2345"&amp#27;[0m                      &amp#27;[90m# stepDefinitions.Generic_Steps.i_create_request_payload_with_valid_data_for_all_keys_with_is_is(java.lang.String,java.lang.String,java.lang.String,java.lang.String)&amp#27;[0m
2021-08-23 10:54:47,299 [INFO  ] Log - >> Request PayLoad is posted

    Response : {
        "beneficiary": {
            "additional_info": {
                "personal_email": "john.walker@gmail.com"
            },
            "address": {
                "city": "Seattle",
                "country_code": "US",
                "postcode": "98104",
                "state": "Washington",
                "street_address": "412 5th Avenue"
            },
            "bank_details": {
                "account_currency": "USD",
                "account_name": "John Walker",
                "account_number": "asedr5432GHUYJIO2345",
                "account_routing_type1": "aba",
                "account_routing_value1": "907765701",
                "bank_country_code": "US",
                "bank_name": "JP Morgan Chase Bank",
                "swift_code": "CHASUS33"
            },
            "company_name": "ABC University",
            "entity_type": "COMPANY"
        },
        "beneficiary_id": "f5bc99d2-006c-4b9a-ad43-37d4f340c94c",
        "nickname": "ABC University",
        "payer_entity_type": "PERSONAL",
        "payment_methods": [
            "SWIFT"
        ]
    }

  &amp#27;[32mWhen &amp#27;[0m&amp#27;[32mI perform post on CreateBeneficiary endpoint&amp#27;[0m                                                                                                          &amp#27;[90m# stepDefinitions.Generic_Steps.i_perform_post_on_create_beneficiary_endpoint()&amp#27;[0m
2021-08-23 10:54:47,303 [INFO  ] Log - >> Response status code is 201
  &amp#27;[32mThen &amp#27;[0m&amp#27;[32mResponse status code is &amp#27;[0m&amp#27;[32m&amp#27;[1m400&amp#27;[0m                                                                                                                           &amp#27;[90m# stepDefinitions.Generic_Steps.response_status_code_is(java.lang.Integer)&amp#27;[0m
2021-08-23 10:54:47,306 [INFO  ] Log - >> Response status line is HTTP/1.1 201 Created
  &amp#27;[32mAnd &amp#27;[0m&amp#27;[32mResponse status line is &amp#27;[0m&amp#27;[32m&amp#27;[1m"Bad Request"&amp#27;[0m                                                                                                                  &amp#27;[90m# stepDefinitions.Generic_Steps.response_status_line_is(java.lang.String)&amp#27;[0m
  &amp#27;[31mAnd &amp#27;[0m&amp#27;[31mResponse &amp#27;[0m&amp#27;[31m&amp#27;[1m"code"&amp#27;[0m&amp#27;[31m has value &amp#27;[0m&amp#27;[31m&amp#27;[1m"payment_schema_validation_failed"&amp#27;[0m                                                                                           &amp#27;[90m# stepDefinitions.Generic_Steps.response_contains_value(java.lang.String,java.lang.String)&amp#27;[0m
      &amp#27;[31mjava.lang.NullPointerException: Cannot invoke "Object.toString()" because the return value of "io.restassured.path.json.JsonPath.get(String)" is null
	at utilities.Json_handler.getJsonPath(Json_handler.java:21)
	at stepDefinitions.Generic_Steps.response_contains_value(Generic_Steps.java:139)
	at âœ½.Response "code" has value "payment_schema_validation_failed"(file:///C:/SnehProjects/DemoProject/Demo_APIFramework/src/test/resources/features/Account_Number.feature:45)
&amp#27;[0m
  &amp#27;[36mAnd &amp#27;[0m&amp#27;[36mResponse &amp#27;[0m&amp#27;[36m&amp#27;[1m"message"&amp#27;[0m&amp#27;[36m has value &amp#27;[0m&amp#27;[36m&amp#27;[1m"Length of account_number should be between 1 and 17 when bank_country_code is US"&amp#27;[0m                                        &amp#27;[90m# stepDefinitions.Generic_Steps.response_contains_value(java.lang.String,java.lang.String)&amp#27;[0m
  &amp#27;[36mAnd &amp#27;[0m&amp#27;[36mResponse &amp#27;[0m&amp#27;[36m&amp#27;[1m"source"&amp#27;[0m&amp#27;[36m has value &amp#27;[0m&amp#27;[36m&amp#27;[1m"beneficiary.bank_details.account_number"&amp#27;[0m                                                                                  &amp#27;[90m# stepDefinitions.Generic_Steps.response_contains_value(java.lang.String,java.lang.String)&amp#27;[0m
      &amp#27;[31mjava.lang.AssertionError: The following asserts failed:
	expected [400] but found [201],
	expected [true] but found [false]
	at org.testng.asserts.SoftAssert.assertAll(SoftAssert.java:47)
	at org.testng.asserts.SoftAssert.assertAll(SoftAssert.java:31)
	at stepDefinitions.Generic_Steps.after(Generic_Steps.java:38)
&amp#27;[0m
]]></system-out>
  </testcase>
  <testcase name="runScenario[&quot;Validate error response is returned for &quot;bank_country_code&quot; US when &quot;account_number&quot; asedr5432GHUYJIO23451321432 has invalid no. of characters 26&quot;, &quot;Optional[Validates Account_Number in Bank_details]&quot;](17)" classname="cucumber.Options.RunCucumberTests" time="1.802">
    <failure message="The following asserts failed:&#10;	expected [Length of account_number should be between 1 and 17 when bank_country_code is US] but found [Should contain 1 to 26 characters]" type="java.lang.AssertionError"><![CDATA[java.lang.AssertionError: 
The following asserts failed:
	expected [Length of account_number should be between 1 and 17 when bank_country_code is US] but found [Should contain 1 to 26 characters]
]]></failure>
    <system-out><![CDATA[
@RequirementMismatch-AcctNumber @RequirementMismatch-ImproperResponseMessage
Scenario Outline: Validate error response is returned for "bank_country_code" US when "account_number" asedr5432GHUYJIO23451321432 has invalid no. of characters 26 &amp#27;[90m# src/test/resources/features/Account_Number.feature:52&amp#27;[0m
2021-08-23 10:54:47,348 [INFO  ] Log - -----------------------------------------------------------------------------------------
2021-08-23 10:54:47,349 [INFO  ] Log - >> Validate error response is returned for "bank_country_code" US when "account_number" asedr5432GHUYJIO23451321432 has invalid no. of characters 26
2021-08-23 10:54:47,349 [INFO  ] Log - -----------------------------------------------------------------------------------------
2021-08-23 10:54:47,850 [INFO  ] Log - >> Token Created
  &amp#27;[32mGiven &amp#27;[0m&amp#27;[32mI am authorized user&amp#27;[0m                                                                                                                                        &amp#27;[90m# stepDefinitions.Generic_Steps.i_am_authorized_user()&amp#27;[0m
2021-08-23 10:54:47,852 [INFO  ] Log - >> Request PayLoad Created

    Request Payload : {
        "payment_methods": ["SWIFT"],
        "beneficiary": {
            "address": {
                "country_code": "US",
                "street_address": "412 5th Avenue",
                "city": "Seattle",
                "postcode": "98104",
                "state": "Washington"
            },
            "entity_type": "COMPANY",
            "additional_info": {"personal_email": "john.walker@gmail.com"},
            "bank_details": {
                "account_number": "asedr5432GHUYJIO23451321432",
                "account_currency": "USD",
                "bank_country_code": "US",
                "swift_code": "CHASUS33",
                "account_name": "John Walker",
                "bank_name": "JP Morgan Chase Bank",
                "account_routing_value1": "907765701",
                "account_routing_type1": "aba"
            },
            "company_name": "ABC University"
        },
        "nickname": "ABC University",
        "payer_entity_type": "PERSONAL"
    }

  &amp#27;[32mAnd &amp#27;[0m&amp#27;[32mI create request payload with valid data for all keys with &amp#27;[0m&amp#27;[32m&amp#27;[1m"bank_country_code"&amp#27;[0m&amp#27;[32m is &amp#27;[0m&amp#27;[32m&amp#27;[1m"US"&amp#27;[0m&amp#27;[32m &amp#27;[0m&amp#27;[32m&amp#27;[1m"account_number"&amp#27;[0m&amp#27;[32m is &amp#27;[0m&amp#27;[32m&amp#27;[1m"asedr5432GHUYJIO23451321432"&amp#27;[0m                      &amp#27;[90m# stepDefinitions.Generic_Steps.i_create_request_payload_with_valid_data_for_all_keys_with_is_is(java.lang.String,java.lang.String,java.lang.String,java.lang.String)&amp#27;[0m
2021-08-23 10:54:48,954 [INFO  ] Log - >> Request PayLoad is posted

    Response : {
        "code": "payment_schema_validation_failed",
        "message": "Should contain 1 to 26 characters",
        "source": "beneficiary.bank_details.account_number"
    }

  &amp#27;[32mWhen &amp#27;[0m&amp#27;[32mI perform post on CreateBeneficiary endpoint&amp#27;[0m                                                                                                                 &amp#27;[90m# stepDefinitions.Generic_Steps.i_perform_post_on_create_beneficiary_endpoint()&amp#27;[0m
2021-08-23 10:54:48,956 [INFO  ] Log - >> Response status code is 400
  &amp#27;[32mThen &amp#27;[0m&amp#27;[32mResponse status code is &amp#27;[0m&amp#27;[32m&amp#27;[1m400&amp#27;[0m                                                                                                                                  &amp#27;[90m# stepDefinitions.Generic_Steps.response_status_code_is(java.lang.Integer)&amp#27;[0m
2021-08-23 10:54:48,957 [INFO  ] Log - >> Response status line is HTTP/1.1 400 Bad Request
  &amp#27;[32mAnd &amp#27;[0m&amp#27;[32mResponse status line is &amp#27;[0m&amp#27;[32m&amp#27;[1m"Bad Request"&amp#27;[0m                                                                                                                         &amp#27;[90m# stepDefinitions.Generic_Steps.response_status_line_is(java.lang.String)&amp#27;[0m
2021-08-23 10:54:48,985 [INFO  ] Log - >> Response code contains value payment_schema_validation_failed
  &amp#27;[32mAnd &amp#27;[0m&amp#27;[32mResponse &amp#27;[0m&amp#27;[32m&amp#27;[1m"code"&amp#27;[0m&amp#27;[32m has value &amp#27;[0m&amp#27;[32m&amp#27;[1m"payment_schema_validation_failed"&amp#27;[0m                                                                                                  &amp#27;[90m# stepDefinitions.Generic_Steps.response_contains_value(java.lang.String,java.lang.String)&amp#27;[0m
2021-08-23 10:54:49,022 [INFO  ] Log - >> Response message contains value Should contain 1 to 26 characters
  &amp#27;[32mAnd &amp#27;[0m&amp#27;[32mResponse &amp#27;[0m&amp#27;[32m&amp#27;[1m"message"&amp#27;[0m&amp#27;[32m has value &amp#27;[0m&amp#27;[32m&amp#27;[1m"Length of account_number should be between 1 and 17 when bank_country_code is US"&amp#27;[0m                                               &amp#27;[90m# stepDefinitions.Generic_Steps.response_contains_value(java.lang.String,java.lang.String)&amp#27;[0m
2021-08-23 10:54:49,059 [INFO  ] Log - >> Response source contains value beneficiary.bank_details.account_number
  &amp#27;[32mAnd &amp#27;[0m&amp#27;[32mResponse &amp#27;[0m&amp#27;[32m&amp#27;[1m"source"&amp#27;[0m&amp#27;[32m has value &amp#27;[0m&amp#27;[32m&amp#27;[1m"beneficiary.bank_details.account_number"&amp#27;[0m                                                                                         &amp#27;[90m# stepDefinitions.Generic_Steps.response_contains_value(java.lang.String,java.lang.String)&amp#27;[0m
      &amp#27;[31mjava.lang.AssertionError: The following asserts failed:
	expected [Length of account_number should be between 1 and 17 when bank_country_code is US] but found [Should contain 1 to 26 characters]
	at org.testng.asserts.SoftAssert.assertAll(SoftAssert.java:47)
	at org.testng.asserts.SoftAssert.assertAll(SoftAssert.java:31)
	at stepDefinitions.Generic_Steps.after(Generic_Steps.java:38)
&amp#27;[0m
]]></system-out>
  </testcase>
  <testcase name="runScenario[&quot;Validate error response is returned for &quot;bank_country_code&quot; AU when &quot;account_number&quot; MJIKH has invalid no. of characters 5&quot;, &quot;Optional[Validates Account_Number in Bank_details]&quot;](18)" classname="cucumber.Options.RunCucumberTests" time="0.907">
    <failure message="The following asserts failed:&#10;	expected [Length of account_number should be between 6 and 9 when bank_country_code is AU] but found [Should contain 6 to 20 characters]" type="java.lang.AssertionError"><![CDATA[java.lang.AssertionError: 
The following asserts failed:
	expected [Length of account_number should be between 6 and 9 when bank_country_code is AU] but found [Should contain 6 to 20 characters]
]]></failure>
    <system-out><![CDATA[
@RequirementMismatch-AcctNumber @RequirementMismatch-ImproperResponseMessage
Scenario Outline: Validate error response is returned for "bank_country_code" AU when "account_number" MJIKH has invalid no. of characters 5 &amp#27;[90m# src/test/resources/features/Account_Number.feature:53&amp#27;[0m
2021-08-23 10:54:49,089 [INFO  ] Log - -----------------------------------------------------------------------------------------
2021-08-23 10:54:49,089 [INFO  ] Log - >> Validate error response is returned for "bank_country_code" AU when "account_number" MJIKH has invalid no. of characters 5
2021-08-23 10:54:49,089 [INFO  ] Log - -----------------------------------------------------------------------------------------
2021-08-23 10:54:49,549 [INFO  ] Log - >> Token Created
  &amp#27;[32mGiven &amp#27;[0m&amp#27;[32mI am authorized user&amp#27;[0m                                                                                                                 &amp#27;[90m# stepDefinitions.Generic_Steps.i_am_authorized_user()&amp#27;[0m
2021-08-23 10:54:49,551 [INFO  ] Log - >> Request PayLoad Created

    Request Payload : {
        "payment_methods": ["SWIFT"],
        "beneficiary": {
            "address": {
                "country_code": "AU",
                "street_address": "412 5th Avenue",
                "city": "Seattle",
                "postcode": "98104",
                "state": "Washington"
            },
            "entity_type": "COMPANY",
            "additional_info": {"personal_email": "john.walker@gmail.com"},
            "bank_details": {
                "account_number": "MJIKH",
                "account_currency": "AUD",
                "bank_country_code": "AU",
                "swift_code": "CTBAAU2S",
                "account_name": "Lee Da Ming",
                "iban": "ES8023100001180000012345",
                "bank_name": "National Australia Bank",
                "account_routing_value1": "083064",
                "transaction_reference": "4140110135",
                "local_clearing_system": "ACH",
                "account_routing_type1": "bsb"
            },
            "company_name": "ABC University"
        },
        "nickname": "ABC University",
        "payer_entity_type": "PERSONAL"
    }

  &amp#27;[32mAnd &amp#27;[0m&amp#27;[32mI create request payload with valid data for all keys with &amp#27;[0m&amp#27;[32m&amp#27;[1m"bank_country_code"&amp#27;[0m&amp#27;[32m is &amp#27;[0m&amp#27;[32m&amp#27;[1m"AU"&amp#27;[0m&amp#27;[32m &amp#27;[0m&amp#27;[32m&amp#27;[1m"account_number"&amp#27;[0m&amp#27;[32m is &amp#27;[0m&amp#27;[32m&amp#27;[1m"MJIKH"&amp#27;[0m                     &amp#27;[90m# stepDefinitions.Generic_Steps.i_create_request_payload_with_valid_data_for_all_keys_with_is_is(java.lang.String,java.lang.String,java.lang.String,java.lang.String)&amp#27;[0m
2021-08-23 10:54:49,956 [INFO  ] Log - >> Request PayLoad is posted

    Response : {
        "code": "payment_schema_validation_failed",
        "message": "Should contain 6 to 20 characters",
        "source": "beneficiary.bank_details.account_number"
    }

  &amp#27;[32mWhen &amp#27;[0m&amp#27;[32mI perform post on CreateBeneficiary endpoint&amp#27;[0m                                                                                          &amp#27;[90m# stepDefinitions.Generic_Steps.i_perform_post_on_create_beneficiary_endpoint()&amp#27;[0m
2021-08-23 10:54:49,960 [INFO  ] Log - >> Response status code is 400
  &amp#27;[32mThen &amp#27;[0m&amp#27;[32mResponse status code is &amp#27;[0m&amp#27;[32m&amp#27;[1m400&amp#27;[0m                                                                                                           &amp#27;[90m# stepDefinitions.Generic_Steps.response_status_code_is(java.lang.Integer)&amp#27;[0m
2021-08-23 10:54:49,961 [INFO  ] Log - >> Response status line is HTTP/1.1 400 Bad Request
  &amp#27;[32mAnd &amp#27;[0m&amp#27;[32mResponse status line is &amp#27;[0m&amp#27;[32m&amp#27;[1m"Bad Request"&amp#27;[0m                                                                                                  &amp#27;[90m# stepDefinitions.Generic_Steps.response_status_line_is(java.lang.String)&amp#27;[0m
2021-08-23 10:54:49,977 [INFO  ] Log - >> Response code contains value payment_schema_validation_failed
  &amp#27;[32mAnd &amp#27;[0m&amp#27;[32mResponse &amp#27;[0m&amp#27;[32m&amp#27;[1m"code"&amp#27;[0m&amp#27;[32m has value &amp#27;[0m&amp#27;[32m&amp#27;[1m"payment_schema_validation_failed"&amp#27;[0m                                                                           &amp#27;[90m# stepDefinitions.Generic_Steps.response_contains_value(java.lang.String,java.lang.String)&amp#27;[0m
2021-08-23 10:54:50,010 [INFO  ] Log - >> Response message contains value Should contain 6 to 20 characters
  &amp#27;[32mAnd &amp#27;[0m&amp#27;[32mResponse &amp#27;[0m&amp#27;[32m&amp#27;[1m"message"&amp#27;[0m&amp#27;[32m has value &amp#27;[0m&amp#27;[32m&amp#27;[1m"Length of account_number should be between 6 and 9 when bank_country_code is AU"&amp#27;[0m                         &amp#27;[90m# stepDefinitions.Generic_Steps.response_contains_value(java.lang.String,java.lang.String)&amp#27;[0m
2021-08-23 10:54:50,044 [INFO  ] Log - >> Response source contains value beneficiary.bank_details.account_number
  &amp#27;[32mAnd &amp#27;[0m&amp#27;[32mResponse &amp#27;[0m&amp#27;[32m&amp#27;[1m"source"&amp#27;[0m&amp#27;[32m has value &amp#27;[0m&amp#27;[32m&amp#27;[1m"beneficiary.bank_details.account_number"&amp#27;[0m                                                                  &amp#27;[90m# stepDefinitions.Generic_Steps.response_contains_value(java.lang.String,java.lang.String)&amp#27;[0m
      &amp#27;[31mjava.lang.AssertionError: The following asserts failed:
	expected [Length of account_number should be between 6 and 9 when bank_country_code is AU] but found [Should contain 6 to 20 characters]
	at org.testng.asserts.SoftAssert.assertAll(SoftAssert.java:47)
	at org.testng.asserts.SoftAssert.assertAll(SoftAssert.java:31)
	at stepDefinitions.Generic_Steps.after(Generic_Steps.java:38)
&amp#27;[0m
]]></system-out>
  </testcase>
  <testcase name="runScenario[&quot;Validate error response is returned for &quot;bank_country_code&quot; AU when &quot;account_number&quot; er456tbg has invalid no. of characters 8&quot;, &quot;Optional[Validates Account_Number in Bank_details]&quot;](19)" classname="cucumber.Options.RunCucumberTests" time="1.655">
    <failure message="Cannot invoke &quot;Object.toString()&quot; because the return value of &quot;io.restassured.path.json.JsonPath.get(String)&quot; is null" type="java.lang.NullPointerException"><![CDATA[java.lang.NullPointerException: Cannot invoke "Object.toString()" because the return value of "io.restassured.path.json.JsonPath.get(String)" is null
]]></failure>
    <system-out><![CDATA[
@RequirementMismatch-AcctNumber @RequirementMismatch-ImproperResponseMessage
Scenario Outline: Validate error response is returned for "bank_country_code" AU when "account_number" er456tbg has invalid no. of characters 8 &amp#27;[90m# src/test/resources/features/Account_Number.feature:54&amp#27;[0m
2021-08-23 10:54:50,095 [INFO  ] Log - -----------------------------------------------------------------------------------------
2021-08-23 10:54:50,096 [INFO  ] Log - >> Validate error response is returned for "bank_country_code" AU when "account_number" er456tbg has invalid no. of characters 8
2021-08-23 10:54:50,096 [INFO  ] Log - -----------------------------------------------------------------------------------------
2021-08-23 10:54:50,591 [INFO  ] Log - >> Token Created
  &amp#27;[32mGiven &amp#27;[0m&amp#27;[32mI am authorized user&amp#27;[0m                                                                                                                    &amp#27;[90m# stepDefinitions.Generic_Steps.i_am_authorized_user()&amp#27;[0m
2021-08-23 10:54:50,592 [INFO  ] Log - >> Request PayLoad Created

    Request Payload : {
        "payment_methods": ["SWIFT"],
        "beneficiary": {
            "address": {
                "country_code": "AU",
                "street_address": "412 5th Avenue",
                "city": "Seattle",
                "postcode": "98104",
                "state": "Washington"
            },
            "entity_type": "COMPANY",
            "additional_info": {"personal_email": "john.walker@gmail.com"},
            "bank_details": {
                "account_number": "er456tbg",
                "account_currency": "AUD",
                "bank_country_code": "AU",
                "swift_code": "CTBAAU2S",
                "account_name": "Lee Da Ming",
                "iban": "ES8023100001180000012345",
                "bank_name": "National Australia Bank",
                "account_routing_value1": "083064",
                "transaction_reference": "4140110135",
                "local_clearing_system": "ACH",
                "account_routing_type1": "bsb"
            },
            "company_name": "ABC University"
        },
        "nickname": "ABC University",
        "payer_entity_type": "PERSONAL"
    }

  &amp#27;[32mAnd &amp#27;[0m&amp#27;[32mI create request payload with valid data for all keys with &amp#27;[0m&amp#27;[32m&amp#27;[1m"bank_country_code"&amp#27;[0m&amp#27;[32m is &amp#27;[0m&amp#27;[32m&amp#27;[1m"AU"&amp#27;[0m&amp#27;[32m &amp#27;[0m&amp#27;[32m&amp#27;[1m"account_number"&amp#27;[0m&amp#27;[32m is &amp#27;[0m&amp#27;[32m&amp#27;[1m"er456tbg"&amp#27;[0m                     &amp#27;[90m# stepDefinitions.Generic_Steps.i_create_request_payload_with_valid_data_for_all_keys_with_is_is(java.lang.String,java.lang.String,java.lang.String,java.lang.String)&amp#27;[0m
2021-08-23 10:54:51,644 [INFO  ] Log - >> Request PayLoad is posted

    Response : {
        "beneficiary": {
            "additional_info": {
                "personal_email": "john.walker@gmail.com"
            },
            "address": {
                "city": "Seattle",
                "country_code": "AU",
                "postcode": "98104",
                "state": "Washington",
                "street_address": "412 5th Avenue"
            },
            "bank_details": {
                "account_currency": "AUD",
                "account_name": "Lee Da Ming",
                "account_number": "er456tbg",
                "account_routing_type1": "bsb",
                "account_routing_value1": "083064",
                "bank_country_code": "AU",
                "bank_name": "National Australia Bank",
                "iban": "ES8023100001180000012345",
                "swift_code": "CTBAAU2S"
            },
            "company_name": "ABC University",
            "entity_type": "COMPANY"
        },
        "beneficiary_id": "d18d8721-13e2-4b6d-9d40-7d94dec69f62",
        "nickname": "ABC University",
        "payer_entity_type": "PERSONAL",
        "payment_methods": [
            "SWIFT"
        ]
    }

  &amp#27;[32mWhen &amp#27;[0m&amp#27;[32mI perform post on CreateBeneficiary endpoint&amp#27;[0m                                                                                             &amp#27;[90m# stepDefinitions.Generic_Steps.i_perform_post_on_create_beneficiary_endpoint()&amp#27;[0m
2021-08-23 10:54:51,647 [INFO  ] Log - >> Response status code is 201
  &amp#27;[32mThen &amp#27;[0m&amp#27;[32mResponse status code is &amp#27;[0m&amp#27;[32m&amp#27;[1m400&amp#27;[0m                                                                                                              &amp#27;[90m# stepDefinitions.Generic_Steps.response_status_code_is(java.lang.Integer)&amp#27;[0m
2021-08-23 10:54:51,649 [INFO  ] Log - >> Response status line is HTTP/1.1 201 Created
  &amp#27;[32mAnd &amp#27;[0m&amp#27;[32mResponse status line is &amp#27;[0m&amp#27;[32m&amp#27;[1m"Bad Request"&amp#27;[0m                                                                                                     &amp#27;[90m# stepDefinitions.Generic_Steps.response_status_line_is(java.lang.String)&amp#27;[0m
  &amp#27;[31mAnd &amp#27;[0m&amp#27;[31mResponse &amp#27;[0m&amp#27;[31m&amp#27;[1m"code"&amp#27;[0m&amp#27;[31m has value &amp#27;[0m&amp#27;[31m&amp#27;[1m"payment_schema_validation_failed"&amp#27;[0m                                                                              &amp#27;[90m# stepDefinitions.Generic_Steps.response_contains_value(java.lang.String,java.lang.String)&amp#27;[0m
      &amp#27;[31mjava.lang.NullPointerException: Cannot invoke "Object.toString()" because the return value of "io.restassured.path.json.JsonPath.get(String)" is null
	at utilities.Json_handler.getJsonPath(Json_handler.java:21)
	at stepDefinitions.Generic_Steps.response_contains_value(Generic_Steps.java:139)
	at âœ½.Response "code" has value "payment_schema_validation_failed"(file:///C:/SnehProjects/DemoProject/Demo_APIFramework/src/test/resources/features/Account_Number.feature:45)
&amp#27;[0m
  &amp#27;[36mAnd &amp#27;[0m&amp#27;[36mResponse &amp#27;[0m&amp#27;[36m&amp#27;[1m"message"&amp#27;[0m&amp#27;[36m has value &amp#27;[0m&amp#27;[36m&amp#27;[1m"Length of account_number should be between 6 and 9 when bank_country_code is AU"&amp#27;[0m                            &amp#27;[90m# stepDefinitions.Generic_Steps.response_contains_value(java.lang.String,java.lang.String)&amp#27;[0m
  &amp#27;[36mAnd &amp#27;[0m&amp#27;[36mResponse &amp#27;[0m&amp#27;[36m&amp#27;[1m"source"&amp#27;[0m&amp#27;[36m has value &amp#27;[0m&amp#27;[36m&amp#27;[1m"beneficiary.bank_details.account_number"&amp#27;[0m                                                                     &amp#27;[90m# stepDefinitions.Generic_Steps.response_contains_value(java.lang.String,java.lang.String)&amp#27;[0m
      &amp#27;[31mjava.lang.AssertionError: The following asserts failed:
	expected [400] but found [201],
	expected [true] but found [false]
	at org.testng.asserts.SoftAssert.assertAll(SoftAssert.java:47)
	at org.testng.asserts.SoftAssert.assertAll(SoftAssert.java:31)
	at stepDefinitions.Generic_Steps.after(Generic_Steps.java:38)
&amp#27;[0m
]]></system-out>
  </testcase>
  <testcase name="runScenario[&quot;Validate error response is returned for &quot;bank_country_code&quot; AU when &quot;account_number&quot; de444556677833224 has invalid no. of characters 17&quot;, &quot;Optional[Validates Account_Number in Bank_details]&quot;](20)" classname="cucumber.Options.RunCucumberTests" time="1.598">
    <failure message="Cannot invoke &quot;Object.toString()&quot; because the return value of &quot;io.restassured.path.json.JsonPath.get(String)&quot; is null" type="java.lang.NullPointerException"><![CDATA[java.lang.NullPointerException: Cannot invoke "Object.toString()" because the return value of "io.restassured.path.json.JsonPath.get(String)" is null
]]></failure>
    <system-out><![CDATA[
@RequirementMismatch-AcctNumber @RequirementMismatch-ImproperResponseMessage
Scenario Outline: Validate error response is returned for "bank_country_code" AU when "account_number" de444556677833224 has invalid no. of characters 17 &amp#27;[90m# src/test/resources/features/Account_Number.feature:55&amp#27;[0m
2021-08-23 10:54:51,684 [INFO  ] Log - -----------------------------------------------------------------------------------------
2021-08-23 10:54:51,685 [INFO  ] Log - >> Validate error response is returned for "bank_country_code" AU when "account_number" de444556677833224 has invalid no. of characters 17
2021-08-23 10:54:51,685 [INFO  ] Log - -----------------------------------------------------------------------------------------
2021-08-23 10:54:52,837 [INFO  ] Log - >> Token Created
  &amp#27;[32mGiven &amp#27;[0m&amp#27;[32mI am authorized user&amp#27;[0m                                                                                                                              &amp#27;[90m# stepDefinitions.Generic_Steps.i_am_authorized_user()&amp#27;[0m
2021-08-23 10:54:52,838 [INFO  ] Log - >> Request PayLoad Created

    Request Payload : {
        "payment_methods": ["SWIFT"],
        "beneficiary": {
            "address": {
                "country_code": "AU",
                "street_address": "412 5th Avenue",
                "city": "Seattle",
                "postcode": "98104",
                "state": "Washington"
            },
            "entity_type": "COMPANY",
            "additional_info": {"personal_email": "john.walker@gmail.com"},
            "bank_details": {
                "account_number": "de444556677833224",
                "account_currency": "AUD",
                "bank_country_code": "AU",
                "swift_code": "CTBAAU2S",
                "account_name": "Lee Da Ming",
                "iban": "ES8023100001180000012345",
                "bank_name": "National Australia Bank",
                "account_routing_value1": "083064",
                "transaction_reference": "4140110135",
                "local_clearing_system": "ACH",
                "account_routing_type1": "bsb"
            },
            "company_name": "ABC University"
        },
        "nickname": "ABC University",
        "payer_entity_type": "PERSONAL"
    }

  &amp#27;[32mAnd &amp#27;[0m&amp#27;[32mI create request payload with valid data for all keys with &amp#27;[0m&amp#27;[32m&amp#27;[1m"bank_country_code"&amp#27;[0m&amp#27;[32m is &amp#27;[0m&amp#27;[32m&amp#27;[1m"AU"&amp#27;[0m&amp#27;[32m &amp#27;[0m&amp#27;[32m&amp#27;[1m"account_number"&amp#27;[0m&amp#27;[32m is &amp#27;[0m&amp#27;[32m&amp#27;[1m"de444556677833224"&amp#27;[0m                      &amp#27;[90m# stepDefinitions.Generic_Steps.i_create_request_payload_with_valid_data_for_all_keys_with_is_is(java.lang.String,java.lang.String,java.lang.String,java.lang.String)&amp#27;[0m
2021-08-23 10:54:53,276 [INFO  ] Log - >> Request PayLoad is posted

    Response : {
        "beneficiary": {
            "additional_info": {
                "personal_email": "john.walker@gmail.com"
            },
            "address": {
                "city": "Seattle",
                "country_code": "AU",
                "postcode": "98104",
                "state": "Washington",
                "street_address": "412 5th Avenue"
            },
            "bank_details": {
                "account_currency": "AUD",
                "account_name": "Lee Da Ming",
                "account_number": "de444556677833224",
                "account_routing_type1": "bsb",
                "account_routing_value1": "083064",
                "bank_country_code": "AU",
                "bank_name": "National Australia Bank",
                "iban": "ES8023100001180000012345",
                "swift_code": "CTBAAU2S"
            },
            "company_name": "ABC University",
            "entity_type": "COMPANY"
        },
        "beneficiary_id": "88b2436b-6081-46e1-aba7-6a8567f2047c",
        "nickname": "ABC University",
        "payer_entity_type": "PERSONAL",
        "payment_methods": [
            "SWIFT"
        ]
    }

  &amp#27;[32mWhen &amp#27;[0m&amp#27;[32mI perform post on CreateBeneficiary endpoint&amp#27;[0m                                                                                                       &amp#27;[90m# stepDefinitions.Generic_Steps.i_perform_post_on_create_beneficiary_endpoint()&amp#27;[0m
2021-08-23 10:54:53,279 [INFO  ] Log - >> Response status code is 201
  &amp#27;[32mThen &amp#27;[0m&amp#27;[32mResponse status code is &amp#27;[0m&amp#27;[32m&amp#27;[1m400&amp#27;[0m                                                                                                                        &amp#27;[90m# stepDefinitions.Generic_Steps.response_status_code_is(java.lang.Integer)&amp#27;[0m
2021-08-23 10:54:53,279 [INFO  ] Log - >> Response status line is HTTP/1.1 201 Created
  &amp#27;[32mAnd &amp#27;[0m&amp#27;[32mResponse status line is &amp#27;[0m&amp#27;[32m&amp#27;[1m"Bad Request"&amp#27;[0m                                                                                                               &amp#27;[90m# stepDefinitions.Generic_Steps.response_status_line_is(java.lang.String)&amp#27;[0m
  &amp#27;[31mAnd &amp#27;[0m&amp#27;[31mResponse &amp#27;[0m&amp#27;[31m&amp#27;[1m"code"&amp#27;[0m&amp#27;[31m has value &amp#27;[0m&amp#27;[31m&amp#27;[1m"payment_schema_validation_failed"&amp#27;[0m                                                                                        &amp#27;[90m# stepDefinitions.Generic_Steps.response_contains_value(java.lang.String,java.lang.String)&amp#27;[0m
      &amp#27;[31mjava.lang.NullPointerException: Cannot invoke "Object.toString()" because the return value of "io.restassured.path.json.JsonPath.get(String)" is null
	at utilities.Json_handler.getJsonPath(Json_handler.java:21)
	at stepDefinitions.Generic_Steps.response_contains_value(Generic_Steps.java:139)
	at âœ½.Response "code" has value "payment_schema_validation_failed"(file:///C:/SnehProjects/DemoProject/Demo_APIFramework/src/test/resources/features/Account_Number.feature:45)
&amp#27;[0m
  &amp#27;[36mAnd &amp#27;[0m&amp#27;[36mResponse &amp#27;[0m&amp#27;[36m&amp#27;[1m"message"&amp#27;[0m&amp#27;[36m has value &amp#27;[0m&amp#27;[36m&amp#27;[1m"Length of account_number should be between 6 and 9 when bank_country_code is AU"&amp#27;[0m                                      &amp#27;[90m# stepDefinitions.Generic_Steps.response_contains_value(java.lang.String,java.lang.String)&amp#27;[0m
  &amp#27;[36mAnd &amp#27;[0m&amp#27;[36mResponse &amp#27;[0m&amp#27;[36m&amp#27;[1m"source"&amp#27;[0m&amp#27;[36m has value &amp#27;[0m&amp#27;[36m&amp#27;[1m"beneficiary.bank_details.account_number"&amp#27;[0m                                                                               &amp#27;[90m# stepDefinitions.Generic_Steps.response_contains_value(java.lang.String,java.lang.String)&amp#27;[0m
      &amp#27;[31mjava.lang.AssertionError: The following asserts failed:
	expected [400] but found [201],
	expected [true] but found [false]
	at org.testng.asserts.SoftAssert.assertAll(SoftAssert.java:47)
	at org.testng.asserts.SoftAssert.assertAll(SoftAssert.java:31)
	at stepDefinitions.Generic_Steps.after(Generic_Steps.java:38)
&amp#27;[0m
]]></system-out>
  </testcase>
  <testcase name="runScenario[&quot;Validate error response is returned for &quot;bank_country_code&quot; AU when &quot;account_number&quot; de44455667783322412345 has invalid no. of characters 22&quot;, &quot;Optional[Validates Account_Number in Bank_details]&quot;](21)" classname="cucumber.Options.RunCucumberTests" time="1.036">
    <failure message="The following asserts failed:&#10;	expected [Length of account_number should be between 6 and 9 when bank_country_code is AU] but found [Should contain 6 to 20 characters]" type="java.lang.AssertionError"><![CDATA[java.lang.AssertionError: 
The following asserts failed:
	expected [Length of account_number should be between 6 and 9 when bank_country_code is AU] but found [Should contain 6 to 20 characters]
]]></failure>
    <system-out><![CDATA[
@RequirementMismatch-AcctNumber @RequirementMismatch-ImproperResponseMessage
Scenario Outline: Validate error response is returned for "bank_country_code" AU when "account_number" de44455667783322412345 has invalid no. of characters 22 &amp#27;[90m# src/test/resources/features/Account_Number.feature:56&amp#27;[0m
2021-08-23 10:54:53,317 [INFO  ] Log - -----------------------------------------------------------------------------------------
2021-08-23 10:54:53,317 [INFO  ] Log - >> Validate error response is returned for "bank_country_code" AU when "account_number" de44455667783322412345 has invalid no. of characters 22
2021-08-23 10:54:53,317 [INFO  ] Log - -----------------------------------------------------------------------------------------
2021-08-23 10:54:53,769 [INFO  ] Log - >> Token Created
  &amp#27;[32mGiven &amp#27;[0m&amp#27;[32mI am authorized user&amp#27;[0m                                                                                                                                   &amp#27;[90m# stepDefinitions.Generic_Steps.i_am_authorized_user()&amp#27;[0m
2021-08-23 10:54:53,770 [INFO  ] Log - >> Request PayLoad Created

    Request Payload : {
        "payment_methods": ["SWIFT"],
        "beneficiary": {
            "address": {
                "country_code": "AU",
                "street_address": "412 5th Avenue",
                "city": "Seattle",
                "postcode": "98104",
                "state": "Washington"
            },
            "entity_type": "COMPANY",
            "additional_info": {"personal_email": "john.walker@gmail.com"},
            "bank_details": {
                "account_number": "de44455667783322412345",
                "account_currency": "AUD",
                "bank_country_code": "AU",
                "swift_code": "CTBAAU2S",
                "account_name": "Lee Da Ming",
                "iban": "ES8023100001180000012345",
                "bank_name": "National Australia Bank",
                "account_routing_value1": "083064",
                "transaction_reference": "4140110135",
                "local_clearing_system": "ACH",
                "account_routing_type1": "bsb"
            },
            "company_name": "ABC University"
        },
        "nickname": "ABC University",
        "payer_entity_type": "PERSONAL"
    }

  &amp#27;[32mAnd &amp#27;[0m&amp#27;[32mI create request payload with valid data for all keys with &amp#27;[0m&amp#27;[32m&amp#27;[1m"bank_country_code"&amp#27;[0m&amp#27;[32m is &amp#27;[0m&amp#27;[32m&amp#27;[1m"AU"&amp#27;[0m&amp#27;[32m &amp#27;[0m&amp#27;[32m&amp#27;[1m"account_number"&amp#27;[0m&amp#27;[32m is &amp#27;[0m&amp#27;[32m&amp#27;[1m"de44455667783322412345"&amp#27;[0m                      &amp#27;[90m# stepDefinitions.Generic_Steps.i_create_request_payload_with_valid_data_for_all_keys_with_is_is(java.lang.String,java.lang.String,java.lang.String,java.lang.String)&amp#27;[0m
2021-08-23 10:54:54,258 [INFO  ] Log - >> Request PayLoad is posted

    Response : {
        "code": "payment_schema_validation_failed",
        "message": "Should contain 6 to 20 characters",
        "source": "beneficiary.bank_details.account_number"
    }

  &amp#27;[32mWhen &amp#27;[0m&amp#27;[32mI perform post on CreateBeneficiary endpoint&amp#27;[0m                                                                                                            &amp#27;[90m# stepDefinitions.Generic_Steps.i_perform_post_on_create_beneficiary_endpoint()&amp#27;[0m
2021-08-23 10:54:54,260 [INFO  ] Log - >> Response status code is 400
  &amp#27;[32mThen &amp#27;[0m&amp#27;[32mResponse status code is &amp#27;[0m&amp#27;[32m&amp#27;[1m400&amp#27;[0m                                                                                                                             &amp#27;[90m# stepDefinitions.Generic_Steps.response_status_code_is(java.lang.Integer)&amp#27;[0m
2021-08-23 10:54:54,260 [INFO  ] Log - >> Response status line is HTTP/1.1 400 Bad Request
  &amp#27;[32mAnd &amp#27;[0m&amp#27;[32mResponse status line is &amp#27;[0m&amp#27;[32m&amp#27;[1m"Bad Request"&amp#27;[0m                                                                                                                    &amp#27;[90m# stepDefinitions.Generic_Steps.response_status_line_is(java.lang.String)&amp#27;[0m
2021-08-23 10:54:54,304 [INFO  ] Log - >> Response code contains value payment_schema_validation_failed
  &amp#27;[32mAnd &amp#27;[0m&amp#27;[32mResponse &amp#27;[0m&amp#27;[32m&amp#27;[1m"code"&amp#27;[0m&amp#27;[32m has value &amp#27;[0m&amp#27;[32m&amp#27;[1m"payment_schema_validation_failed"&amp#27;[0m                                                                                             &amp#27;[90m# stepDefinitions.Generic_Steps.response_contains_value(java.lang.String,java.lang.String)&amp#27;[0m
2021-08-23 10:54:54,326 [INFO  ] Log - >> Response message contains value Should contain 6 to 20 characters
  &amp#27;[32mAnd &amp#27;[0m&amp#27;[32mResponse &amp#27;[0m&amp#27;[32m&amp#27;[1m"message"&amp#27;[0m&amp#27;[32m has value &amp#27;[0m&amp#27;[32m&amp#27;[1m"Length of account_number should be between 6 and 9 when bank_country_code is AU"&amp#27;[0m                                           &amp#27;[90m# stepDefinitions.Generic_Steps.response_contains_value(java.lang.String,java.lang.String)&amp#27;[0m
2021-08-23 10:54:54,349 [INFO  ] Log - >> Response source contains value beneficiary.bank_details.account_number
  &amp#27;[32mAnd &amp#27;[0m&amp#27;[32mResponse &amp#27;[0m&amp#27;[32m&amp#27;[1m"source"&amp#27;[0m&amp#27;[32m has value &amp#27;[0m&amp#27;[32m&amp#27;[1m"beneficiary.bank_details.account_number"&amp#27;[0m                                                                                    &amp#27;[90m# stepDefinitions.Generic_Steps.response_contains_value(java.lang.String,java.lang.String)&amp#27;[0m
      &amp#27;[31mjava.lang.AssertionError: The following asserts failed:
	expected [Length of account_number should be between 6 and 9 when bank_country_code is AU] but found [Should contain 6 to 20 characters]
	at org.testng.asserts.SoftAssert.assertAll(SoftAssert.java:47)
	at org.testng.asserts.SoftAssert.assertAll(SoftAssert.java:31)
	at stepDefinitions.Generic_Steps.after(Generic_Steps.java:38)
&amp#27;[0m
]]></system-out>
  </testcase>
  <testcase name="runScenario[&quot;Validate error response is returned for &quot;bank_country_code&quot; CN when &quot;account_number&quot; G has invalid no. of characters 1&quot;, &quot;Optional[Validates Account_Number in Bank_details]&quot;](22)" classname="cucumber.Options.RunCucumberTests" time="1.225">
    <failure message="The following asserts failed:&#10;	expected [Length of account_number should be between 8 and 20 when bank_country_code is CN] but found [Should contain 8 to 34 characters]" type="java.lang.AssertionError"><![CDATA[java.lang.AssertionError: 
The following asserts failed:
	expected [Length of account_number should be between 8 and 20 when bank_country_code is CN] but found [Should contain 8 to 34 characters]
]]></failure>
    <system-out><![CDATA[
@RequirementMismatch-AcctNumber @RequirementMismatch-ImproperResponseMessage
Scenario Outline: Validate error response is returned for "bank_country_code" CN when "account_number" G has invalid no. of characters 1 &amp#27;[90m# src/test/resources/features/Account_Number.feature:57&amp#27;[0m
2021-08-23 10:54:54,384 [INFO  ] Log - -----------------------------------------------------------------------------------------
2021-08-23 10:54:54,384 [INFO  ] Log - >> Validate error response is returned for "bank_country_code" CN when "account_number" G has invalid no. of characters 1
2021-08-23 10:54:54,384 [INFO  ] Log - -----------------------------------------------------------------------------------------
2021-08-23 10:54:55,091 [INFO  ] Log - >> Token Created
  &amp#27;[32mGiven &amp#27;[0m&amp#27;[32mI am authorized user&amp#27;[0m                                                                                                             &amp#27;[90m# stepDefinitions.Generic_Steps.i_am_authorized_user()&amp#27;[0m
2021-08-23 10:54:55,093 [INFO  ] Log - >> Request PayLoad Created

    Request Payload : {
        "payment_methods": ["SWIFT"],
        "beneficiary": {
            "address": {
                "country_code": "CN",
                "street_address": "412 5th Avenue",
                "city": "Seattle",
                "postcode": "98104",
                "state": "Washington"
            },
            "entity_type": "COMPANY",
            "additional_info": {"personal_email": "john.walker@gmail.com"},
            "bank_details": {
                "account_number": "G",
                "account_currency": "CAD",
                "bank_country_code": "CN",
                "swift_code": "ICBKCNBJ",
                "account_name": "Lee Da Ming",
                "iban": "ES8023100001180000012345",
                "bank_name": "National Canadian Bank",
                "account_routing_value1": "083064",
                "transaction_reference": "4140110135",
                "local_clearing_system": "ACH",
                "account_routing_type1": "aba"
            },
            "company_name": "ABC University"
        },
        "nickname": "ABC University",
        "payer_entity_type": "PERSONAL"
    }

  &amp#27;[32mAnd &amp#27;[0m&amp#27;[32mI create request payload with valid data for all keys with &amp#27;[0m&amp#27;[32m&amp#27;[1m"bank_country_code"&amp#27;[0m&amp#27;[32m is &amp#27;[0m&amp#27;[32m&amp#27;[1m"CN"&amp#27;[0m&amp#27;[32m &amp#27;[0m&amp#27;[32m&amp#27;[1m"account_number"&amp#27;[0m&amp#27;[32m is &amp#27;[0m&amp#27;[32m&amp#27;[1m"G"&amp#27;[0m                     &amp#27;[90m# stepDefinitions.Generic_Steps.i_create_request_payload_with_valid_data_for_all_keys_with_is_is(java.lang.String,java.lang.String,java.lang.String,java.lang.String)&amp#27;[0m
2021-08-23 10:54:55,488 [INFO  ] Log - >> Request PayLoad is posted

    Response : {
        "code": "payment_schema_validation_failed",
        "message": "Should contain 8 to 34 characters",
        "source": "beneficiary.bank_details.account_number"
    }

  &amp#27;[32mWhen &amp#27;[0m&amp#27;[32mI perform post on CreateBeneficiary endpoint&amp#27;[0m                                                                                      &amp#27;[90m# stepDefinitions.Generic_Steps.i_perform_post_on_create_beneficiary_endpoint()&amp#27;[0m
2021-08-23 10:54:55,490 [INFO  ] Log - >> Response status code is 400
  &amp#27;[32mThen &amp#27;[0m&amp#27;[32mResponse status code is &amp#27;[0m&amp#27;[32m&amp#27;[1m400&amp#27;[0m                                                                                                       &amp#27;[90m# stepDefinitions.Generic_Steps.response_status_code_is(java.lang.Integer)&amp#27;[0m
2021-08-23 10:54:55,491 [INFO  ] Log - >> Response status line is HTTP/1.1 400 Bad Request
  &amp#27;[32mAnd &amp#27;[0m&amp#27;[32mResponse status line is &amp#27;[0m&amp#27;[32m&amp#27;[1m"Bad Request"&amp#27;[0m                                                                                              &amp#27;[90m# stepDefinitions.Generic_Steps.response_status_line_is(java.lang.String)&amp#27;[0m
2021-08-23 10:54:55,509 [INFO  ] Log - >> Response code contains value payment_schema_validation_failed
  &amp#27;[32mAnd &amp#27;[0m&amp#27;[32mResponse &amp#27;[0m&amp#27;[32m&amp#27;[1m"code"&amp#27;[0m&amp#27;[32m has value &amp#27;[0m&amp#27;[32m&amp#27;[1m"payment_schema_validation_failed"&amp#27;[0m                                                                       &amp#27;[90m# stepDefinitions.Generic_Steps.response_contains_value(java.lang.String,java.lang.String)&amp#27;[0m
2021-08-23 10:54:55,542 [INFO  ] Log - >> Response message contains value Should contain 8 to 34 characters
  &amp#27;[32mAnd &amp#27;[0m&amp#27;[32mResponse &amp#27;[0m&amp#27;[32m&amp#27;[1m"message"&amp#27;[0m&amp#27;[32m has value &amp#27;[0m&amp#27;[32m&amp#27;[1m"Length of account_number should be between 8 and 20 when bank_country_code is CN"&amp#27;[0m                    &amp#27;[90m# stepDefinitions.Generic_Steps.response_contains_value(java.lang.String,java.lang.String)&amp#27;[0m
2021-08-23 10:54:55,573 [INFO  ] Log - >> Response source contains value beneficiary.bank_details.account_number
  &amp#27;[32mAnd &amp#27;[0m&amp#27;[32mResponse &amp#27;[0m&amp#27;[32m&amp#27;[1m"source"&amp#27;[0m&amp#27;[32m has value &amp#27;[0m&amp#27;[32m&amp#27;[1m"beneficiary.bank_details.account_number"&amp#27;[0m                                                              &amp#27;[90m# stepDefinitions.Generic_Steps.response_contains_value(java.lang.String,java.lang.String)&amp#27;[0m
      &amp#27;[31mjava.lang.AssertionError: The following asserts failed:
	expected [Length of account_number should be between 8 and 20 when bank_country_code is CN] but found [Should contain 8 to 34 characters]
	at org.testng.asserts.SoftAssert.assertAll(SoftAssert.java:47)
	at org.testng.asserts.SoftAssert.assertAll(SoftAssert.java:31)
	at stepDefinitions.Generic_Steps.after(Generic_Steps.java:38)
&amp#27;[0m
]]></system-out>
  </testcase>
  <testcase name="runScenario[&quot;Validate error response is returned for &quot;bank_country_code&quot; CN when &quot;account_number&quot; 123456 has invalid no. of characters 6&quot;, &quot;Optional[Validates Account_Number in Bank_details]&quot;](23)" classname="cucumber.Options.RunCucumberTests" time="1.032">
    <failure message="The following asserts failed:&#10;	expected [Length of account_number should be between 8 and 20 when bank_country_code is CN] but found [Should contain 8 to 34 characters]" type="java.lang.AssertionError"><![CDATA[java.lang.AssertionError: 
The following asserts failed:
	expected [Length of account_number should be between 8 and 20 when bank_country_code is CN] but found [Should contain 8 to 34 characters]
]]></failure>
    <system-out><![CDATA[
@RequirementMismatch-AcctNumber @RequirementMismatch-ImproperResponseMessage
Scenario Outline: Validate error response is returned for "bank_country_code" CN when "account_number" 123456 has invalid no. of characters 6 &amp#27;[90m# src/test/resources/features/Account_Number.feature:58&amp#27;[0m
2021-08-23 10:54:55,595 [INFO  ] Log - -----------------------------------------------------------------------------------------
2021-08-23 10:54:55,595 [INFO  ] Log - >> Validate error response is returned for "bank_country_code" CN when "account_number" 123456 has invalid no. of characters 6
2021-08-23 10:54:55,595 [INFO  ] Log - -----------------------------------------------------------------------------------------
2021-08-23 10:54:56,122 [INFO  ] Log - >> Token Created
  &amp#27;[32mGiven &amp#27;[0m&amp#27;[32mI am authorized user&amp#27;[0m                                                                                                                  &amp#27;[90m# stepDefinitions.Generic_Steps.i_am_authorized_user()&amp#27;[0m
2021-08-23 10:54:56,124 [INFO  ] Log - >> Request PayLoad Created

    Request Payload : {
        "payment_methods": ["SWIFT"],
        "beneficiary": {
            "address": {
                "country_code": "CN",
                "street_address": "412 5th Avenue",
                "city": "Seattle",
                "postcode": "98104",
                "state": "Washington"
            },
            "entity_type": "COMPANY",
            "additional_info": {"personal_email": "john.walker@gmail.com"},
            "bank_details": {
                "account_number": "123456",
                "account_currency": "CAD",
                "bank_country_code": "CN",
                "swift_code": "ICBKCNBJ",
                "account_name": "Lee Da Ming",
                "iban": "ES8023100001180000012345",
                "bank_name": "National Canadian Bank",
                "account_routing_value1": "083064",
                "transaction_reference": "4140110135",
                "local_clearing_system": "ACH",
                "account_routing_type1": "aba"
            },
            "company_name": "ABC University"
        },
        "nickname": "ABC University",
        "payer_entity_type": "PERSONAL"
    }

  &amp#27;[32mAnd &amp#27;[0m&amp#27;[32mI create request payload with valid data for all keys with &amp#27;[0m&amp#27;[32m&amp#27;[1m"bank_country_code"&amp#27;[0m&amp#27;[32m is &amp#27;[0m&amp#27;[32m&amp#27;[1m"CN"&amp#27;[0m&amp#27;[32m &amp#27;[0m&amp#27;[32m&amp#27;[1m"account_number"&amp#27;[0m&amp#27;[32m is &amp#27;[0m&amp#27;[32m&amp#27;[1m"123456"&amp#27;[0m                     &amp#27;[90m# stepDefinitions.Generic_Steps.i_create_request_payload_with_valid_data_for_all_keys_with_is_is(java.lang.String,java.lang.String,java.lang.String,java.lang.String)&amp#27;[0m
2021-08-23 10:54:56,509 [INFO  ] Log - >> Request PayLoad is posted

    Response : {
        "code": "payment_schema_validation_failed",
        "message": "Should contain 8 to 34 characters",
        "source": "beneficiary.bank_details.account_number"
    }

  &amp#27;[32mWhen &amp#27;[0m&amp#27;[32mI perform post on CreateBeneficiary endpoint&amp#27;[0m                                                                                           &amp#27;[90m# stepDefinitions.Generic_Steps.i_perform_post_on_create_beneficiary_endpoint()&amp#27;[0m
2021-08-23 10:54:56,511 [INFO  ] Log - >> Response status code is 400
  &amp#27;[32mThen &amp#27;[0m&amp#27;[32mResponse status code is &amp#27;[0m&amp#27;[32m&amp#27;[1m400&amp#27;[0m                                                                                                            &amp#27;[90m# stepDefinitions.Generic_Steps.response_status_code_is(java.lang.Integer)&amp#27;[0m
2021-08-23 10:54:56,512 [INFO  ] Log - >> Response status line is HTTP/1.1 400 Bad Request
  &amp#27;[32mAnd &amp#27;[0m&amp#27;[32mResponse status line is &amp#27;[0m&amp#27;[32m&amp#27;[1m"Bad Request"&amp#27;[0m                                                                                                   &amp#27;[90m# stepDefinitions.Generic_Steps.response_status_line_is(java.lang.String)&amp#27;[0m
2021-08-23 10:54:56,527 [INFO  ] Log - >> Response code contains value payment_schema_validation_failed
  &amp#27;[32mAnd &amp#27;[0m&amp#27;[32mResponse &amp#27;[0m&amp#27;[32m&amp#27;[1m"code"&amp#27;[0m&amp#27;[32m has value &amp#27;[0m&amp#27;[32m&amp#27;[1m"payment_schema_validation_failed"&amp#27;[0m                                                                            &amp#27;[90m# stepDefinitions.Generic_Steps.response_contains_value(java.lang.String,java.lang.String)&amp#27;[0m
2021-08-23 10:54:56,555 [INFO  ] Log - >> Response message contains value Should contain 8 to 34 characters
  &amp#27;[32mAnd &amp#27;[0m&amp#27;[32mResponse &amp#27;[0m&amp#27;[32m&amp#27;[1m"message"&amp#27;[0m&amp#27;[32m has value &amp#27;[0m&amp#27;[32m&amp#27;[1m"Length of account_number should be between 8 and 20 when bank_country_code is CN"&amp#27;[0m                         &amp#27;[90m# stepDefinitions.Generic_Steps.response_contains_value(java.lang.String,java.lang.String)&amp#27;[0m
2021-08-23 10:54:56,583 [INFO  ] Log - >> Response source contains value beneficiary.bank_details.account_number
  &amp#27;[32mAnd &amp#27;[0m&amp#27;[32mResponse &amp#27;[0m&amp#27;[32m&amp#27;[1m"source"&amp#27;[0m&amp#27;[32m has value &amp#27;[0m&amp#27;[32m&amp#27;[1m"beneficiary.bank_details.account_number"&amp#27;[0m                                                                   &amp#27;[90m# stepDefinitions.Generic_Steps.response_contains_value(java.lang.String,java.lang.String)&amp#27;[0m
      &amp#27;[31mjava.lang.AssertionError: The following asserts failed:
	expected [Length of account_number should be between 8 and 20 when bank_country_code is CN] but found [Should contain 8 to 34 characters]
	at org.testng.asserts.SoftAssert.assertAll(SoftAssert.java:47)
	at org.testng.asserts.SoftAssert.assertAll(SoftAssert.java:31)
	at stepDefinitions.Generic_Steps.after(Generic_Steps.java:38)
&amp#27;[0m
]]></system-out>
  </testcase>
  <testcase name="runScenario[&quot;Validate error response is returned for &quot;bank_country_code&quot; CN when &quot;account_number&quot; 123456789qwertyui has invalid no. of characters 17&quot;, &quot;Optional[Validates Account_Number in Bank_details]&quot;](24)" classname="cucumber.Options.RunCucumberTests" time="1.116">
    <failure message="Cannot invoke &quot;Object.toString()&quot; because the return value of &quot;io.restassured.path.json.JsonPath.get(String)&quot; is null" type="java.lang.NullPointerException"><![CDATA[java.lang.NullPointerException: Cannot invoke "Object.toString()" because the return value of "io.restassured.path.json.JsonPath.get(String)" is null
]]></failure>
    <system-out><![CDATA[
@RequirementMismatch-AcctNumber @RequirementMismatch-ImproperResponseMessage
Scenario Outline: Validate error response is returned for "bank_country_code" CN when "account_number" 123456789qwertyui has invalid no. of characters 17 &amp#27;[90m# src/test/resources/features/Account_Number.feature:59&amp#27;[0m
2021-08-23 10:54:56,631 [INFO  ] Log - -----------------------------------------------------------------------------------------
2021-08-23 10:54:56,631 [INFO  ] Log - >> Validate error response is returned for "bank_country_code" CN when "account_number" 123456789qwertyui has invalid no. of characters 17
2021-08-23 10:54:56,631 [INFO  ] Log - -----------------------------------------------------------------------------------------
2021-08-23 10:54:57,141 [INFO  ] Log - >> Token Created
  &amp#27;[32mGiven &amp#27;[0m&amp#27;[32mI am authorized user&amp#27;[0m                                                                                                                              &amp#27;[90m# stepDefinitions.Generic_Steps.i_am_authorized_user()&amp#27;[0m
2021-08-23 10:54:57,143 [INFO  ] Log - >> Request PayLoad Created

    Request Payload : {
        "payment_methods": ["SWIFT"],
        "beneficiary": {
            "address": {
                "country_code": "CN",
                "street_address": "412 5th Avenue",
                "city": "Seattle",
                "postcode": "98104",
                "state": "Washington"
            },
            "entity_type": "COMPANY",
            "additional_info": {"personal_email": "john.walker@gmail.com"},
            "bank_details": {
                "account_number": "123456789qwertyui",
                "account_currency": "CAD",
                "bank_country_code": "CN",
                "swift_code": "ICBKCNBJ",
                "account_name": "Lee Da Ming",
                "iban": "ES8023100001180000012345",
                "bank_name": "National Canadian Bank",
                "account_routing_value1": "083064",
                "transaction_reference": "4140110135",
                "local_clearing_system": "ACH",
                "account_routing_type1": "aba"
            },
            "company_name": "ABC University"
        },
        "nickname": "ABC University",
        "payer_entity_type": "PERSONAL"
    }

  &amp#27;[32mAnd &amp#27;[0m&amp#27;[32mI create request payload with valid data for all keys with &amp#27;[0m&amp#27;[32m&amp#27;[1m"bank_country_code"&amp#27;[0m&amp#27;[32m is &amp#27;[0m&amp#27;[32m&amp#27;[1m"CN"&amp#27;[0m&amp#27;[32m &amp#27;[0m&amp#27;[32m&amp#27;[1m"account_number"&amp#27;[0m&amp#27;[32m is &amp#27;[0m&amp#27;[32m&amp#27;[1m"123456789qwertyui"&amp#27;[0m                      &amp#27;[90m# stepDefinitions.Generic_Steps.i_create_request_payload_with_valid_data_for_all_keys_with_is_is(java.lang.String,java.lang.String,java.lang.String,java.lang.String)&amp#27;[0m
2021-08-23 10:54:57,640 [INFO  ] Log - >> Request PayLoad is posted

    Response : {
        "beneficiary": {
            "additional_info": {
                "personal_email": "john.walker@gmail.com"
            },
            "address": {
                "city": "Seattle",
                "country_code": "CN",
                "postcode": "98104",
                "state": "Washington",
                "street_address": "412 5th Avenue"
            },
            "bank_details": {
                "account_currency": "CAD",
                "account_name": "Lee Da Ming",
                "account_number": "123456789qwertyui",
                "account_routing_type1": "aba",
                "account_routing_value1": "083064",
                "bank_country_code": "CN",
                "bank_name": "National Canadian Bank",
                "iban": "ES8023100001180000012345",
                "swift_code": "ICBKCNBJ"
            },
            "company_name": "ABC University",
            "entity_type": "COMPANY"
        },
        "beneficiary_id": "635efdfd-ca4c-439d-9307-7010a568d638",
        "nickname": "ABC University",
        "payer_entity_type": "PERSONAL",
        "payment_methods": [
            "SWIFT"
        ]
    }

  &amp#27;[32mWhen &amp#27;[0m&amp#27;[32mI perform post on CreateBeneficiary endpoint&amp#27;[0m                                                                                                       &amp#27;[90m# stepDefinitions.Generic_Steps.i_perform_post_on_create_beneficiary_endpoint()&amp#27;[0m
2021-08-23 10:54:57,646 [INFO  ] Log - >> Response status code is 201
  &amp#27;[32mThen &amp#27;[0m&amp#27;[32mResponse status code is &amp#27;[0m&amp#27;[32m&amp#27;[1m400&amp#27;[0m                                                                                                                        &amp#27;[90m# stepDefinitions.Generic_Steps.response_status_code_is(java.lang.Integer)&amp#27;[0m
2021-08-23 10:54:57,648 [INFO  ] Log - >> Response status line is HTTP/1.1 201 Created
  &amp#27;[32mAnd &amp#27;[0m&amp#27;[32mResponse status line is &amp#27;[0m&amp#27;[32m&amp#27;[1m"Bad Request"&amp#27;[0m                                                                                                               &amp#27;[90m# stepDefinitions.Generic_Steps.response_status_line_is(java.lang.String)&amp#27;[0m
  &amp#27;[31mAnd &amp#27;[0m&amp#27;[31mResponse &amp#27;[0m&amp#27;[31m&amp#27;[1m"code"&amp#27;[0m&amp#27;[31m has value &amp#27;[0m&amp#27;[31m&amp#27;[1m"payment_schema_validation_failed"&amp#27;[0m                                                                                        &amp#27;[90m# stepDefinitions.Generic_Steps.response_contains_value(java.lang.String,java.lang.String)&amp#27;[0m
      &amp#27;[31mjava.lang.NullPointerException: Cannot invoke "Object.toString()" because the return value of "io.restassured.path.json.JsonPath.get(String)" is null
	at utilities.Json_handler.getJsonPath(Json_handler.java:21)
	at stepDefinitions.Generic_Steps.response_contains_value(Generic_Steps.java:139)
	at âœ½.Response "code" has value "payment_schema_validation_failed"(file:///C:/SnehProjects/DemoProject/Demo_APIFramework/src/test/resources/features/Account_Number.feature:45)
&amp#27;[0m
  &amp#27;[36mAnd &amp#27;[0m&amp#27;[36mResponse &amp#27;[0m&amp#27;[36m&amp#27;[1m"message"&amp#27;[0m&amp#27;[36m has value &amp#27;[0m&amp#27;[36m&amp#27;[1m"Length of account_number should be between 8 and 20 when bank_country_code is CN"&amp#27;[0m                                     &amp#27;[90m# stepDefinitions.Generic_Steps.response_contains_value(java.lang.String,java.lang.String)&amp#27;[0m
  &amp#27;[36mAnd &amp#27;[0m&amp#27;[36mResponse &amp#27;[0m&amp#27;[36m&amp#27;[1m"source"&amp#27;[0m&amp#27;[36m has value &amp#27;[0m&amp#27;[36m&amp#27;[1m"beneficiary.bank_details.account_number"&amp#27;[0m                                                                               &amp#27;[90m# stepDefinitions.Generic_Steps.response_contains_value(java.lang.String,java.lang.String)&amp#27;[0m
      &amp#27;[31mjava.lang.AssertionError: The following asserts failed:
	expected [400] but found [201],
	expected [true] but found [false]
	at org.testng.asserts.SoftAssert.assertAll(SoftAssert.java:47)
	at org.testng.asserts.SoftAssert.assertAll(SoftAssert.java:31)
	at stepDefinitions.Generic_Steps.after(Generic_Steps.java:38)
&amp#27;[0m
]]></system-out>
  </testcase>
  <testcase name="runScenario[&quot;Validate error response is returned for &quot;bank_country_code&quot; CN when &quot;account_number&quot; ASEDRFTGYHUJIKOL1234123456789012345 has invalid no. of characters 35&quot;, &quot;Optional[Validates Account_Number in Bank_details]&quot;](25)" classname="cucumber.Options.RunCucumberTests" time="1.012">
    <failure message="The following asserts failed:&#10;	expected [Length of account_number should be between 8 and 20 when bank_country_code is CN] but found [Should contain 8 to 34 characters]" type="java.lang.AssertionError"><![CDATA[java.lang.AssertionError: 
The following asserts failed:
	expected [Length of account_number should be between 8 and 20 when bank_country_code is CN] but found [Should contain 8 to 34 characters]
]]></failure>
    <system-out><![CDATA[
@RequirementMismatch-AcctNumber @RequirementMismatch-ImproperResponseMessage
Scenario Outline: Validate error response is returned for "bank_country_code" CN when "account_number" ASEDRFTGYHUJIKOL1234123456789012345 has invalid no. of characters 35 &amp#27;[90m# src/test/resources/features/Account_Number.feature:60&amp#27;[0m
2021-08-23 10:54:57,714 [INFO  ] Log - -----------------------------------------------------------------------------------------
2021-08-23 10:54:57,715 [INFO  ] Log - >> Validate error response is returned for "bank_country_code" CN when "account_number" ASEDRFTGYHUJIKOL1234123456789012345 has invalid no. of characters 35
2021-08-23 10:54:57,715 [INFO  ] Log - -----------------------------------------------------------------------------------------
2021-08-23 10:54:58,268 [INFO  ] Log - >> Token Created
  &amp#27;[32mGiven &amp#27;[0m&amp#27;[32mI am authorized user&amp#27;[0m                                                                                                                                                &amp#27;[90m# stepDefinitions.Generic_Steps.i_am_authorized_user()&amp#27;[0m
2021-08-23 10:54:58,269 [INFO  ] Log - >> Request PayLoad Created

    Request Payload : {
        "payment_methods": ["SWIFT"],
        "beneficiary": {
            "address": {
                "country_code": "CN",
                "street_address": "412 5th Avenue",
                "city": "Seattle",
                "postcode": "98104",
                "state": "Washington"
            },
            "entity_type": "COMPANY",
            "additional_info": {"personal_email": "john.walker@gmail.com"},
            "bank_details": {
                "account_number": "ASEDRFTGYHUJIKOL1234123456789012345",
                "account_currency": "CAD",
                "bank_country_code": "CN",
                "swift_code": "ICBKCNBJ",
                "account_name": "Lee Da Ming",
                "iban": "ES8023100001180000012345",
                "bank_name": "National Canadian Bank",
                "account_routing_value1": "083064",
                "transaction_reference": "4140110135",
                "local_clearing_system": "ACH",
                "account_routing_type1": "aba"
            },
            "company_name": "ABC University"
        },
        "nickname": "ABC University",
        "payer_entity_type": "PERSONAL"
    }

  &amp#27;[32mAnd &amp#27;[0m&amp#27;[32mI create request payload with valid data for all keys with &amp#27;[0m&amp#27;[32m&amp#27;[1m"bank_country_code"&amp#27;[0m&amp#27;[32m is &amp#27;[0m&amp#27;[32m&amp#27;[1m"CN"&amp#27;[0m&amp#27;[32m &amp#27;[0m&amp#27;[32m&amp#27;[1m"account_number"&amp#27;[0m&amp#27;[32m is &amp#27;[0m&amp#27;[32m&amp#27;[1m"ASEDRFTGYHUJIKOL1234123456789012345"&amp#27;[0m                      &amp#27;[90m# stepDefinitions.Generic_Steps.i_create_request_payload_with_valid_data_for_all_keys_with_is_is(java.lang.String,java.lang.String,java.lang.String,java.lang.String)&amp#27;[0m
2021-08-23 10:54:58,633 [INFO  ] Log - >> Request PayLoad is posted

    Response : {
        "code": "payment_schema_validation_failed",
        "message": "Should contain 8 to 34 characters",
        "source": "beneficiary.bank_details.account_number"
    }

  &amp#27;[32mWhen &amp#27;[0m&amp#27;[32mI perform post on CreateBeneficiary endpoint&amp#27;[0m                                                                                                                         &amp#27;[90m# stepDefinitions.Generic_Steps.i_perform_post_on_create_beneficiary_endpoint()&amp#27;[0m
2021-08-23 10:54:58,636 [INFO  ] Log - >> Response status code is 400
  &amp#27;[32mThen &amp#27;[0m&amp#27;[32mResponse status code is &amp#27;[0m&amp#27;[32m&amp#27;[1m400&amp#27;[0m                                                                                                                                          &amp#27;[90m# stepDefinitions.Generic_Steps.response_status_code_is(java.lang.Integer)&amp#27;[0m
2021-08-23 10:54:58,636 [INFO  ] Log - >> Response status line is HTTP/1.1 400 Bad Request
  &amp#27;[32mAnd &amp#27;[0m&amp#27;[32mResponse status line is &amp#27;[0m&amp#27;[32m&amp#27;[1m"Bad Request"&amp#27;[0m                                                                                                                                 &amp#27;[90m# stepDefinitions.Generic_Steps.response_status_line_is(java.lang.String)&amp#27;[0m
2021-08-23 10:54:58,656 [INFO  ] Log - >> Response code contains value payment_schema_validation_failed
  &amp#27;[32mAnd &amp#27;[0m&amp#27;[32mResponse &amp#27;[0m&amp#27;[32m&amp#27;[1m"code"&amp#27;[0m&amp#27;[32m has value &amp#27;[0m&amp#27;[32m&amp#27;[1m"payment_schema_validation_failed"&amp#27;[0m                                                                                                          &amp#27;[90m# stepDefinitions.Generic_Steps.response_contains_value(java.lang.String,java.lang.String)&amp#27;[0m
2021-08-23 10:54:58,691 [INFO  ] Log - >> Response message contains value Should contain 8 to 34 characters
  &amp#27;[32mAnd &amp#27;[0m&amp#27;[32mResponse &amp#27;[0m&amp#27;[32m&amp#27;[1m"message"&amp#27;[0m&amp#27;[32m has value &amp#27;[0m&amp#27;[32m&amp#27;[1m"Length of account_number should be between 8 and 20 when bank_country_code is CN"&amp#27;[0m                                                       &amp#27;[90m# stepDefinitions.Generic_Steps.response_contains_value(java.lang.String,java.lang.String)&amp#27;[0m
2021-08-23 10:54:58,724 [INFO  ] Log - >> Response source contains value beneficiary.bank_details.account_number
  &amp#27;[32mAnd &amp#27;[0m&amp#27;[32mResponse &amp#27;[0m&amp#27;[32m&amp#27;[1m"source"&amp#27;[0m&amp#27;[32m has value &amp#27;[0m&amp#27;[32m&amp#27;[1m"beneficiary.bank_details.account_number"&amp#27;[0m                                                                                                 &amp#27;[90m# stepDefinitions.Generic_Steps.response_contains_value(java.lang.String,java.lang.String)&amp#27;[0m
      &amp#27;[31mjava.lang.AssertionError: The following asserts failed:
	expected [Length of account_number should be between 8 and 20 when bank_country_code is CN] but found [Should contain 8 to 34 characters]
	at org.testng.asserts.SoftAssert.assertAll(SoftAssert.java:47)
	at org.testng.asserts.SoftAssert.assertAll(SoftAssert.java:31)
	at stepDefinitions.Generic_Steps.after(Generic_Steps.java:38)
&amp#27;[0m
]]></system-out>
  </testcase>
  <testcase name="runScenario[&quot;Validate beneficiary is sucessfully added when for &quot;bank_country_code&quot; &lt;Bank_country_code&gt; when &quot;account_number&quot; A has valid 1 characters&quot;, &quot;Optional[Validates Account_Number in Bank_details]&quot;](26)" classname="cucumber.Options.RunCucumberTests" time="1.06">
    <system-out><![CDATA[
@PositiveScenarios
Scenario Outline: Validate beneficiary is sucessfully added when for "bank_country_code" <Bank_country_code> when "account_number" A has valid 1 characters &amp#27;[90m# src/test/resources/features/Account_Number.feature:72&amp#27;[0m
2021-08-23 10:54:58,749 [INFO  ] Log - -----------------------------------------------------------------------------------------
2021-08-23 10:54:58,750 [INFO  ] Log - >> Validate beneficiary is sucessfully added when for "bank_country_code" <Bank_country_code> when "account_number" A has valid 1 characters
2021-08-23 10:54:58,750 [INFO  ] Log - -----------------------------------------------------------------------------------------
2021-08-23 10:54:59,189 [INFO  ] Log - >> Token Created
  &amp#27;[32mGiven &amp#27;[0m&amp#27;[32mI am authorized user&amp#27;[0m                                                                                                                                &amp#27;[90m# stepDefinitions.Generic_Steps.i_am_authorized_user()&amp#27;[0m
2021-08-23 10:54:59,190 [INFO  ] Log - >> Request PayLoad Created

    Request Payload : {
        "payment_methods": ["SWIFT"],
        "beneficiary": {
            "address": {
                "country_code": "US",
                "street_address": "412 5th Avenue",
                "city": "Seattle",
                "postcode": "98104",
                "state": "Washington"
            },
            "entity_type": "COMPANY",
            "additional_info": {"personal_email": "john.walker@gmail.com"},
            "bank_details": {
                "account_number": "A",
                "account_currency": "USD",
                "bank_country_code": "US",
                "swift_code": "CHASUS33",
                "account_name": "John Walker",
                "bank_name": "JP Morgan Chase Bank",
                "account_routing_value1": "907765701",
                "account_routing_type1": "aba"
            },
            "company_name": "ABC University"
        },
        "nickname": "ABC University",
        "payer_entity_type": "PERSONAL"
    }

  &amp#27;[32mAnd &amp#27;[0m&amp#27;[32mI create request payload with valid data for all keys with &amp#27;[0m&amp#27;[32m&amp#27;[1m"bank_country_code"&amp#27;[0m&amp#27;[32m is &amp#27;[0m&amp#27;[32m&amp#27;[1m"US"&amp#27;[0m&amp#27;[32m &amp#27;[0m&amp#27;[32m&amp#27;[1m"account_number"&amp#27;[0m&amp#27;[32m is &amp#27;[0m&amp#27;[32m&amp#27;[1m"A"&amp#27;[0m                                        &amp#27;[90m# stepDefinitions.Generic_Steps.i_create_request_payload_with_valid_data_for_all_keys_with_is_is(java.lang.String,java.lang.String,java.lang.String,java.lang.String)&amp#27;[0m
2021-08-23 10:54:59,562 [INFO  ] Log - >> Request PayLoad is posted

    Response : {
        "beneficiary": {
            "additional_info": {
                "personal_email": "john.walker@gmail.com"
            },
            "address": {
                "city": "Seattle",
                "country_code": "US",
                "postcode": "98104",
                "state": "Washington",
                "street_address": "412 5th Avenue"
            },
            "bank_details": {
                "account_currency": "USD",
                "account_name": "John Walker",
                "account_number": "A",
                "account_routing_type1": "aba",
                "account_routing_value1": "907765701",
                "bank_country_code": "US",
                "bank_name": "JP Morgan Chase Bank",
                "swift_code": "CHASUS33"
            },
            "company_name": "ABC University",
            "entity_type": "COMPANY"
        },
        "beneficiary_id": "bfbdb7b0-37b9-4b65-8319-4b0b4b9b0632",
        "nickname": "ABC University",
        "payer_entity_type": "PERSONAL",
        "payment_methods": [
            "SWIFT"
        ]
    }

  &amp#27;[32mWhen &amp#27;[0m&amp#27;[32mI perform post on CreateBeneficiary endpoint&amp#27;[0m                                                                                                         &amp#27;[90m# stepDefinitions.Generic_Steps.i_perform_post_on_create_beneficiary_endpoint()&amp#27;[0m
2021-08-23 10:54:59,787 [INFO  ] Log - >> Response status code is 201
  &amp#27;[32mThen &amp#27;[0m&amp#27;[32mResponse status code is &amp#27;[0m&amp#27;[32m&amp#27;[1m201&amp#27;[0m                                                                                                                          &amp#27;[90m# stepDefinitions.Generic_Steps.response_status_code_is(java.lang.Integer)&amp#27;[0m
2021-08-23 10:54:59,787 [INFO  ] Log - >> Response status line is HTTP/1.1 201 Created
  &amp#27;[32mAnd &amp#27;[0m&amp#27;[32mResponse status line is &amp#27;[0m&amp#27;[32m&amp#27;[1m"Created"&amp#27;[0m                                                                                                                     &amp#27;[90m# stepDefinitions.Generic_Steps.response_status_line_is(java.lang.String)&amp#27;[0m
]]></system-out>
  </testcase>
  <testcase name="runScenario[&quot;Validate beneficiary is sucessfully added when for &quot;bank_country_code&quot; &lt;Bank_country_code&gt; when &quot;account_number&quot; 0 has valid 1 characters&quot;, &quot;Optional[Validates Account_Number in Bank_details]&quot;](27)" classname="cucumber.Options.RunCucumberTests" time="0.95">
    <system-out><![CDATA[
@PositiveScenarios
Scenario Outline: Validate beneficiary is sucessfully added when for "bank_country_code" <Bank_country_code> when "account_number" 0 has valid 1 characters &amp#27;[90m# src/test/resources/features/Account_Number.feature:73&amp#27;[0m
2021-08-23 10:54:59,802 [INFO  ] Log - -----------------------------------------------------------------------------------------
2021-08-23 10:54:59,803 [INFO  ] Log - >> Validate beneficiary is sucessfully added when for "bank_country_code" <Bank_country_code> when "account_number" 0 has valid 1 characters
2021-08-23 10:54:59,803 [INFO  ] Log - -----------------------------------------------------------------------------------------
2021-08-23 10:55:00,315 [INFO  ] Log - >> Token Created
  &amp#27;[32mGiven &amp#27;[0m&amp#27;[32mI am authorized user&amp#27;[0m                                                                                                                                &amp#27;[90m# stepDefinitions.Generic_Steps.i_am_authorized_user()&amp#27;[0m
2021-08-23 10:55:00,317 [INFO  ] Log - >> Request PayLoad Created

    Request Payload : {
        "payment_methods": ["SWIFT"],
        "beneficiary": {
            "address": {
                "country_code": "US",
                "street_address": "412 5th Avenue",
                "city": "Seattle",
                "postcode": "98104",
                "state": "Washington"
            },
            "entity_type": "COMPANY",
            "additional_info": {"personal_email": "john.walker@gmail.com"},
            "bank_details": {
                "account_number": "0",
                "account_currency": "USD",
                "bank_country_code": "US",
                "swift_code": "CHASUS33",
                "account_name": "John Walker",
                "bank_name": "JP Morgan Chase Bank",
                "account_routing_value1": "907765701",
                "account_routing_type1": "aba"
            },
            "company_name": "ABC University"
        },
        "nickname": "ABC University",
        "payer_entity_type": "PERSONAL"
    }

  &amp#27;[32mAnd &amp#27;[0m&amp#27;[32mI create request payload with valid data for all keys with &amp#27;[0m&amp#27;[32m&amp#27;[1m"bank_country_code"&amp#27;[0m&amp#27;[32m is &amp#27;[0m&amp#27;[32m&amp#27;[1m"US"&amp#27;[0m&amp#27;[32m &amp#27;[0m&amp#27;[32m&amp#27;[1m"account_number"&amp#27;[0m&amp#27;[32m is &amp#27;[0m&amp#27;[32m&amp#27;[1m"0"&amp#27;[0m                                        &amp#27;[90m# stepDefinitions.Generic_Steps.i_create_request_payload_with_valid_data_for_all_keys_with_is_is(java.lang.String,java.lang.String,java.lang.String,java.lang.String)&amp#27;[0m
2021-08-23 10:55:00,714 [INFO  ] Log - >> Request PayLoad is posted

    Response : {
        "beneficiary": {
            "additional_info": {
                "personal_email": "john.walker@gmail.com"
            },
            "address": {
                "city": "Seattle",
                "country_code": "US",
                "postcode": "98104",
                "state": "Washington",
                "street_address": "412 5th Avenue"
            },
            "bank_details": {
                "account_currency": "USD",
                "account_name": "John Walker",
                "account_number": "0",
                "account_routing_type1": "aba",
                "account_routing_value1": "907765701",
                "bank_country_code": "US",
                "bank_name": "JP Morgan Chase Bank",
                "swift_code": "CHASUS33"
            },
            "company_name": "ABC University",
            "entity_type": "COMPANY"
        },
        "beneficiary_id": "8e05e136-fb7e-41cd-b983-84e24459f95a",
        "nickname": "ABC University",
        "payer_entity_type": "PERSONAL",
        "payment_methods": [
            "SWIFT"
        ]
    }

  &amp#27;[32mWhen &amp#27;[0m&amp#27;[32mI perform post on CreateBeneficiary endpoint&amp#27;[0m                                                                                                         &amp#27;[90m# stepDefinitions.Generic_Steps.i_perform_post_on_create_beneficiary_endpoint()&amp#27;[0m
2021-08-23 10:55:00,724 [INFO  ] Log - >> Response status code is 201
  &amp#27;[32mThen &amp#27;[0m&amp#27;[32mResponse status code is &amp#27;[0m&amp#27;[32m&amp#27;[1m201&amp#27;[0m                                                                                                                          &amp#27;[90m# stepDefinitions.Generic_Steps.response_status_code_is(java.lang.Integer)&amp#27;[0m
2021-08-23 10:55:00,727 [INFO  ] Log - >> Response status line is HTTP/1.1 201 Created
  &amp#27;[32mAnd &amp#27;[0m&amp#27;[32mResponse status line is &amp#27;[0m&amp#27;[32m&amp#27;[1m"Created"&amp#27;[0m                                                                                                                     &amp#27;[90m# stepDefinitions.Generic_Steps.response_status_line_is(java.lang.String)&amp#27;[0m
]]></system-out>
  </testcase>
  <testcase name="runScenario[&quot;Validate beneficiary is sucessfully added when for &quot;bank_country_code&quot; &lt;Bank_country_code&gt; when &quot;account_number&quot; 123456789 has valid 9 characters&quot;, &quot;Optional[Validates Account_Number in Bank_details]&quot;](28)" classname="cucumber.Options.RunCucumberTests" time="1.507">
    <system-out><![CDATA[
@PositiveScenarios
Scenario Outline: Validate beneficiary is sucessfully added when for "bank_country_code" <Bank_country_code> when "account_number" 123456789 has valid 9 characters &amp#27;[90m# src/test/resources/features/Account_Number.feature:74&amp#27;[0m
2021-08-23 10:55:00,744 [INFO  ] Log - -----------------------------------------------------------------------------------------
2021-08-23 10:55:00,745 [INFO  ] Log - >> Validate beneficiary is sucessfully added when for "bank_country_code" <Bank_country_code> when "account_number" 123456789 has valid 9 characters
2021-08-23 10:55:00,745 [INFO  ] Log - -----------------------------------------------------------------------------------------
2021-08-23 10:55:01,900 [INFO  ] Log - >> Token Created
  &amp#27;[32mGiven &amp#27;[0m&amp#27;[32mI am authorized user&amp#27;[0m                                                                                                                                        &amp#27;[90m# stepDefinitions.Generic_Steps.i_am_authorized_user()&amp#27;[0m
2021-08-23 10:55:01,901 [INFO  ] Log - >> Request PayLoad Created

    Request Payload : {
        "payment_methods": ["SWIFT"],
        "beneficiary": {
            "address": {
                "country_code": "US",
                "street_address": "412 5th Avenue",
                "city": "Seattle",
                "postcode": "98104",
                "state": "Washington"
            },
            "entity_type": "COMPANY",
            "additional_info": {"personal_email": "john.walker@gmail.com"},
            "bank_details": {
                "account_number": "123456789",
                "account_currency": "USD",
                "bank_country_code": "US",
                "swift_code": "CHASUS33",
                "account_name": "John Walker",
                "bank_name": "JP Morgan Chase Bank",
                "account_routing_value1": "907765701",
                "account_routing_type1": "aba"
            },
            "company_name": "ABC University"
        },
        "nickname": "ABC University",
        "payer_entity_type": "PERSONAL"
    }

  &amp#27;[32mAnd &amp#27;[0m&amp#27;[32mI create request payload with valid data for all keys with &amp#27;[0m&amp#27;[32m&amp#27;[1m"bank_country_code"&amp#27;[0m&amp#27;[32m is &amp#27;[0m&amp#27;[32m&amp#27;[1m"US"&amp#27;[0m&amp#27;[32m &amp#27;[0m&amp#27;[32m&amp#27;[1m"account_number"&amp#27;[0m&amp#27;[32m is &amp#27;[0m&amp#27;[32m&amp#27;[1m"123456789"&amp#27;[0m                                        &amp#27;[90m# stepDefinitions.Generic_Steps.i_create_request_payload_with_valid_data_for_all_keys_with_is_is(java.lang.String,java.lang.String,java.lang.String,java.lang.String)&amp#27;[0m
2021-08-23 10:55:02,260 [INFO  ] Log - >> Request PayLoad is posted

    Response : {
        "beneficiary": {
            "additional_info": {
                "personal_email": "john.walker@gmail.com"
            },
            "address": {
                "city": "Seattle",
                "country_code": "US",
                "postcode": "98104",
                "state": "Washington",
                "street_address": "412 5th Avenue"
            },
            "bank_details": {
                "account_currency": "USD",
                "account_name": "John Walker",
                "account_number": "123456789",
                "account_routing_type1": "aba",
                "account_routing_value1": "907765701",
                "bank_country_code": "US",
                "bank_name": "JP Morgan Chase Bank",
                "swift_code": "CHASUS33"
            },
            "company_name": "ABC University",
            "entity_type": "COMPANY"
        },
        "beneficiary_id": "5a9af680-b8bf-4714-97bf-ddcc079ccc23",
        "nickname": "ABC University",
        "payer_entity_type": "PERSONAL",
        "payment_methods": [
            "SWIFT"
        ]
    }

  &amp#27;[32mWhen &amp#27;[0m&amp#27;[32mI perform post on CreateBeneficiary endpoint&amp#27;[0m                                                                                                                 &amp#27;[90m# stepDefinitions.Generic_Steps.i_perform_post_on_create_beneficiary_endpoint()&amp#27;[0m
2021-08-23 10:55:02,262 [INFO  ] Log - >> Response status code is 201
  &amp#27;[32mThen &amp#27;[0m&amp#27;[32mResponse status code is &amp#27;[0m&amp#27;[32m&amp#27;[1m201&amp#27;[0m                                                                                                                                  &amp#27;[90m# stepDefinitions.Generic_Steps.response_status_code_is(java.lang.Integer)&amp#27;[0m
2021-08-23 10:55:02,262 [INFO  ] Log - >> Response status line is HTTP/1.1 201 Created
  &amp#27;[32mAnd &amp#27;[0m&amp#27;[32mResponse status line is &amp#27;[0m&amp#27;[32m&amp#27;[1m"Created"&amp#27;[0m                                                                                                                             &amp#27;[90m# stepDefinitions.Generic_Steps.response_status_line_is(java.lang.String)&amp#27;[0m
]]></system-out>
  </testcase>
  <testcase name="runScenario[&quot;Validate beneficiary is sucessfully added when for &quot;bank_country_code&quot; &lt;Bank_country_code&gt; when &quot;account_number&quot; MJIKHI has valid 6 characters&quot;, &quot;Optional[Validates Account_Number in Bank_details]&quot;](29)" classname="cucumber.Options.RunCucumberTests" time="0.804">
    <system-out><![CDATA[
@PositiveScenarios
Scenario Outline: Validate beneficiary is sucessfully added when for "bank_country_code" <Bank_country_code> when "account_number" MJIKHI has valid 6 characters &amp#27;[90m# src/test/resources/features/Account_Number.feature:75&amp#27;[0m
2021-08-23 10:55:02,268 [INFO  ] Log - -----------------------------------------------------------------------------------------
2021-08-23 10:55:02,268 [INFO  ] Log - >> Validate beneficiary is sucessfully added when for "bank_country_code" <Bank_country_code> when "account_number" MJIKHI has valid 6 characters
2021-08-23 10:55:02,268 [INFO  ] Log - -----------------------------------------------------------------------------------------
2021-08-23 10:55:02,694 [INFO  ] Log - >> Token Created
  &amp#27;[32mGiven &amp#27;[0m&amp#27;[32mI am authorized user&amp#27;[0m                                                                                                                                     &amp#27;[90m# stepDefinitions.Generic_Steps.i_am_authorized_user()&amp#27;[0m
2021-08-23 10:55:02,696 [INFO  ] Log - >> Request PayLoad Created

    Request Payload : {
        "payment_methods": ["SWIFT"],
        "beneficiary": {
            "address": {
                "country_code": "AU",
                "street_address": "412 5th Avenue",
                "city": "Seattle",
                "postcode": "98104",
                "state": "Washington"
            },
            "entity_type": "COMPANY",
            "additional_info": {"personal_email": "john.walker@gmail.com"},
            "bank_details": {
                "account_number": "MJIKHI",
                "account_currency": "AUD",
                "bank_country_code": "AU",
                "swift_code": "CTBAAU2S",
                "account_name": "Lee Da Ming",
                "iban": "ES8023100001180000012345",
                "bank_name": "National Australia Bank",
                "account_routing_value1": "083064",
                "transaction_reference": "4140110135",
                "local_clearing_system": "ACH",
                "account_routing_type1": "bsb"
            },
            "company_name": "ABC University"
        },
        "nickname": "ABC University",
        "payer_entity_type": "PERSONAL"
    }

  &amp#27;[32mAnd &amp#27;[0m&amp#27;[32mI create request payload with valid data for all keys with &amp#27;[0m&amp#27;[32m&amp#27;[1m"bank_country_code"&amp#27;[0m&amp#27;[32m is &amp#27;[0m&amp#27;[32m&amp#27;[1m"AU"&amp#27;[0m&amp#27;[32m &amp#27;[0m&amp#27;[32m&amp#27;[1m"account_number"&amp#27;[0m&amp#27;[32m is &amp#27;[0m&amp#27;[32m&amp#27;[1m"MJIKHI"&amp#27;[0m                                        &amp#27;[90m# stepDefinitions.Generic_Steps.i_create_request_payload_with_valid_data_for_all_keys_with_is_is(java.lang.String,java.lang.String,java.lang.String,java.lang.String)&amp#27;[0m
2021-08-23 10:55:03,050 [INFO  ] Log - >> Request PayLoad is posted

    Response : {
        "beneficiary": {
            "additional_info": {
                "personal_email": "john.walker@gmail.com"
            },
            "address": {
                "city": "Seattle",
                "country_code": "AU",
                "postcode": "98104",
                "state": "Washington",
                "street_address": "412 5th Avenue"
            },
            "bank_details": {
                "account_currency": "AUD",
                "account_name": "Lee Da Ming",
                "account_number": "MJIKHI",
                "account_routing_type1": "bsb",
                "account_routing_value1": "083064",
                "bank_country_code": "AU",
                "bank_name": "National Australia Bank",
                "iban": "ES8023100001180000012345",
                "swift_code": "CTBAAU2S"
            },
            "company_name": "ABC University",
            "entity_type": "COMPANY"
        },
        "beneficiary_id": "7f0b94f8-58d5-427f-8dbf-41c082aa8897",
        "nickname": "ABC University",
        "payer_entity_type": "PERSONAL",
        "payment_methods": [
            "SWIFT"
        ]
    }

  &amp#27;[32mWhen &amp#27;[0m&amp#27;[32mI perform post on CreateBeneficiary endpoint&amp#27;[0m                                                                                                              &amp#27;[90m# stepDefinitions.Generic_Steps.i_perform_post_on_create_beneficiary_endpoint()&amp#27;[0m
2021-08-23 10:55:03,052 [INFO  ] Log - >> Response status code is 201
  &amp#27;[32mThen &amp#27;[0m&amp#27;[32mResponse status code is &amp#27;[0m&amp#27;[32m&amp#27;[1m201&amp#27;[0m                                                                                                                               &amp#27;[90m# stepDefinitions.Generic_Steps.response_status_code_is(java.lang.Integer)&amp#27;[0m
2021-08-23 10:55:03,053 [INFO  ] Log - >> Response status line is HTTP/1.1 201 Created
  &amp#27;[32mAnd &amp#27;[0m&amp#27;[32mResponse status line is &amp#27;[0m&amp#27;[32m&amp#27;[1m"Created"&amp#27;[0m                                                                                                                          &amp#27;[90m# stepDefinitions.Generic_Steps.response_status_line_is(java.lang.String)&amp#27;[0m
]]></system-out>
  </testcase>
  <testcase name="runScenario[&quot;Validate beneficiary is sucessfully added when for &quot;bank_country_code&quot; &lt;Bank_country_code&gt; when &quot;account_number&quot; 987654321 has valid 9 characters&quot;, &quot;Optional[Validates Account_Number in Bank_details]&quot;](30)" classname="cucumber.Options.RunCucumberTests" time="0.841">
    <system-out><![CDATA[
@PositiveScenarios
Scenario Outline: Validate beneficiary is sucessfully added when for "bank_country_code" <Bank_country_code> when "account_number" 987654321 has valid 9 characters &amp#27;[90m# src/test/resources/features/Account_Number.feature:76&amp#27;[0m
2021-08-23 10:55:03,067 [INFO  ] Log - -----------------------------------------------------------------------------------------
2021-08-23 10:55:03,067 [INFO  ] Log - >> Validate beneficiary is sucessfully added when for "bank_country_code" <Bank_country_code> when "account_number" 987654321 has valid 9 characters
2021-08-23 10:55:03,067 [INFO  ] Log - -----------------------------------------------------------------------------------------
2021-08-23 10:55:03,529 [INFO  ] Log - >> Token Created
  &amp#27;[32mGiven &amp#27;[0m&amp#27;[32mI am authorized user&amp#27;[0m                                                                                                                                        &amp#27;[90m# stepDefinitions.Generic_Steps.i_am_authorized_user()&amp#27;[0m
2021-08-23 10:55:03,530 [INFO  ] Log - >> Request PayLoad Created

    Request Payload : {
        "payment_methods": ["SWIFT"],
        "beneficiary": {
            "address": {
                "country_code": "AU",
                "street_address": "412 5th Avenue",
                "city": "Seattle",
                "postcode": "98104",
                "state": "Washington"
            },
            "entity_type": "COMPANY",
            "additional_info": {"personal_email": "john.walker@gmail.com"},
            "bank_details": {
                "account_number": "987654321",
                "account_currency": "AUD",
                "bank_country_code": "AU",
                "swift_code": "CTBAAU2S",
                "account_name": "Lee Da Ming",
                "iban": "ES8023100001180000012345",
                "bank_name": "National Australia Bank",
                "account_routing_value1": "083064",
                "transaction_reference": "4140110135",
                "local_clearing_system": "ACH",
                "account_routing_type1": "bsb"
            },
            "company_name": "ABC University"
        },
        "nickname": "ABC University",
        "payer_entity_type": "PERSONAL"
    }

  &amp#27;[32mAnd &amp#27;[0m&amp#27;[32mI create request payload with valid data for all keys with &amp#27;[0m&amp#27;[32m&amp#27;[1m"bank_country_code"&amp#27;[0m&amp#27;[32m is &amp#27;[0m&amp#27;[32m&amp#27;[1m"AU"&amp#27;[0m&amp#27;[32m &amp#27;[0m&amp#27;[32m&amp#27;[1m"account_number"&amp#27;[0m&amp#27;[32m is &amp#27;[0m&amp#27;[32m&amp#27;[1m"987654321"&amp#27;[0m                                        &amp#27;[90m# stepDefinitions.Generic_Steps.i_create_request_payload_with_valid_data_for_all_keys_with_is_is(java.lang.String,java.lang.String,java.lang.String,java.lang.String)&amp#27;[0m
2021-08-23 10:55:03,885 [INFO  ] Log - >> Request PayLoad is posted

    Response : {
        "beneficiary": {
            "additional_info": {
                "personal_email": "john.walker@gmail.com"
            },
            "address": {
                "city": "Seattle",
                "country_code": "AU",
                "postcode": "98104",
                "state": "Washington",
                "street_address": "412 5th Avenue"
            },
            "bank_details": {
                "account_currency": "AUD",
                "account_name": "Lee Da Ming",
                "account_number": "987654321",
                "account_routing_type1": "bsb",
                "account_routing_value1": "083064",
                "bank_country_code": "AU",
                "bank_name": "National Australia Bank",
                "iban": "ES8023100001180000012345",
                "swift_code": "CTBAAU2S"
            },
            "company_name": "ABC University",
            "entity_type": "COMPANY"
        },
        "beneficiary_id": "a93fad6a-65c9-4247-b1c5-fabe8ac07507",
        "nickname": "ABC University",
        "payer_entity_type": "PERSONAL",
        "payment_methods": [
            "SWIFT"
        ]
    }

  &amp#27;[32mWhen &amp#27;[0m&amp#27;[32mI perform post on CreateBeneficiary endpoint&amp#27;[0m                                                                                                                 &amp#27;[90m# stepDefinitions.Generic_Steps.i_perform_post_on_create_beneficiary_endpoint()&amp#27;[0m
2021-08-23 10:55:03,890 [INFO  ] Log - >> Response status code is 201
  &amp#27;[32mThen &amp#27;[0m&amp#27;[32mResponse status code is &amp#27;[0m&amp#27;[32m&amp#27;[1m201&amp#27;[0m                                                                                                                                  &amp#27;[90m# stepDefinitions.Generic_Steps.response_status_code_is(java.lang.Integer)&amp#27;[0m
2021-08-23 10:55:03,892 [INFO  ] Log - >> Response status line is HTTP/1.1 201 Created
  &amp#27;[32mAnd &amp#27;[0m&amp#27;[32mResponse status line is &amp#27;[0m&amp#27;[32m&amp#27;[1m"Created"&amp#27;[0m                                                                                                                             &amp#27;[90m# stepDefinitions.Generic_Steps.response_status_line_is(java.lang.String)&amp#27;[0m
]]></system-out>
  </testcase>
  <testcase name="runScenario[&quot;Validate beneficiary is sucessfully added when for &quot;bank_country_code&quot; &lt;Bank_country_code&gt; when &quot;account_number&quot; GFhyi345 has valid 8 characters&quot;, &quot;Optional[Validates Account_Number in Bank_details]&quot;](31)" classname="cucumber.Options.RunCucumberTests" time="0.922">
    <system-out><![CDATA[
@PositiveScenarios
Scenario Outline: Validate beneficiary is sucessfully added when for "bank_country_code" <Bank_country_code> when "account_number" GFhyi345 has valid 8 characters &amp#27;[90m# src/test/resources/features/Account_Number.feature:77&amp#27;[0m
2021-08-23 10:55:03,902 [INFO  ] Log - -----------------------------------------------------------------------------------------
2021-08-23 10:55:03,903 [INFO  ] Log - >> Validate beneficiary is sucessfully added when for "bank_country_code" <Bank_country_code> when "account_number" GFhyi345 has valid 8 characters
2021-08-23 10:55:03,903 [INFO  ] Log - -----------------------------------------------------------------------------------------
2021-08-23 10:55:04,329 [INFO  ] Log - >> Token Created
  &amp#27;[32mGiven &amp#27;[0m&amp#27;[32mI am authorized user&amp#27;[0m                                                                                                                                       &amp#27;[90m# stepDefinitions.Generic_Steps.i_am_authorized_user()&amp#27;[0m
2021-08-23 10:55:04,330 [INFO  ] Log - >> Request PayLoad Created

    Request Payload : {
        "payment_methods": ["SWIFT"],
        "beneficiary": {
            "address": {
                "country_code": "AU",
                "street_address": "412 5th Avenue",
                "city": "Seattle",
                "postcode": "98104",
                "state": "Washington"
            },
            "entity_type": "COMPANY",
            "additional_info": {"personal_email": "john.walker@gmail.com"},
            "bank_details": {
                "account_number": "GFhyi345",
                "account_currency": "AUD",
                "bank_country_code": "AU",
                "swift_code": "CTBAAU2S",
                "account_name": "Lee Da Ming",
                "iban": "ES8023100001180000012345",
                "bank_name": "National Australia Bank",
                "account_routing_value1": "083064",
                "transaction_reference": "4140110135",
                "local_clearing_system": "ACH",
                "account_routing_type1": "bsb"
            },
            "company_name": "ABC University"
        },
        "nickname": "ABC University",
        "payer_entity_type": "PERSONAL"
    }

  &amp#27;[32mAnd &amp#27;[0m&amp#27;[32mI create request payload with valid data for all keys with &amp#27;[0m&amp#27;[32m&amp#27;[1m"bank_country_code"&amp#27;[0m&amp#27;[32m is &amp#27;[0m&amp#27;[32m&amp#27;[1m"AU"&amp#27;[0m&amp#27;[32m &amp#27;[0m&amp#27;[32m&amp#27;[1m"account_number"&amp#27;[0m&amp#27;[32m is &amp#27;[0m&amp#27;[32m&amp#27;[1m"GFhyi345"&amp#27;[0m                                        &amp#27;[90m# stepDefinitions.Generic_Steps.i_create_request_payload_with_valid_data_for_all_keys_with_is_is(java.lang.String,java.lang.String,java.lang.String,java.lang.String)&amp#27;[0m
2021-08-23 10:55:04,807 [INFO  ] Log - >> Request PayLoad is posted

    Response : {
        "beneficiary": {
            "additional_info": {
                "personal_email": "john.walker@gmail.com"
            },
            "address": {
                "city": "Seattle",
                "country_code": "AU",
                "postcode": "98104",
                "state": "Washington",
                "street_address": "412 5th Avenue"
            },
            "bank_details": {
                "account_currency": "AUD",
                "account_name": "Lee Da Ming",
                "account_number": "GFhyi345",
                "account_routing_type1": "bsb",
                "account_routing_value1": "083064",
                "bank_country_code": "AU",
                "bank_name": "National Australia Bank",
                "iban": "ES8023100001180000012345",
                "swift_code": "CTBAAU2S"
            },
            "company_name": "ABC University",
            "entity_type": "COMPANY"
        },
        "beneficiary_id": "ba7e10e4-2fe1-4568-b67a-9d98c2bc7fff",
        "nickname": "ABC University",
        "payer_entity_type": "PERSONAL",
        "payment_methods": [
            "SWIFT"
        ]
    }

  &amp#27;[32mWhen &amp#27;[0m&amp#27;[32mI perform post on CreateBeneficiary endpoint&amp#27;[0m                                                                                                                &amp#27;[90m# stepDefinitions.Generic_Steps.i_perform_post_on_create_beneficiary_endpoint()&amp#27;[0m
2021-08-23 10:55:04,818 [INFO  ] Log - >> Response status code is 201
  &amp#27;[32mThen &amp#27;[0m&amp#27;[32mResponse status code is &amp#27;[0m&amp#27;[32m&amp#27;[1m201&amp#27;[0m                                                                                                                                 &amp#27;[90m# stepDefinitions.Generic_Steps.response_status_code_is(java.lang.Integer)&amp#27;[0m
2021-08-23 10:55:04,819 [INFO  ] Log - >> Response status line is HTTP/1.1 201 Created
  &amp#27;[32mAnd &amp#27;[0m&amp#27;[32mResponse status line is &amp#27;[0m&amp#27;[32m&amp#27;[1m"Created"&amp#27;[0m                                                                                                                            &amp#27;[90m# stepDefinitions.Generic_Steps.response_status_line_is(java.lang.String)&amp#27;[0m
]]></system-out>
  </testcase>
  <testcase name="runScenario[&quot;Validate beneficiary is sucessfully added when for &quot;bank_country_code&quot; &lt;Bank_country_code&gt; when &quot;account_number&quot; GFh44445 has valid 8 characters&quot;, &quot;Optional[Validates Account_Number in Bank_details]&quot;](32)" classname="cucumber.Options.RunCucumberTests" time="0.772">
    <system-out><![CDATA[
@PositiveScenarios
Scenario Outline: Validate beneficiary is sucessfully added when for "bank_country_code" <Bank_country_code> when "account_number" GFh44445 has valid 8 characters &amp#27;[90m# src/test/resources/features/Account_Number.feature:78&amp#27;[0m
2021-08-23 10:55:04,829 [INFO  ] Log - -----------------------------------------------------------------------------------------
2021-08-23 10:55:04,829 [INFO  ] Log - >> Validate beneficiary is sucessfully added when for "bank_country_code" <Bank_country_code> when "account_number" GFh44445 has valid 8 characters
2021-08-23 10:55:04,829 [INFO  ] Log - -----------------------------------------------------------------------------------------
2021-08-23 10:55:05,235 [INFO  ] Log - >> Token Created
  &amp#27;[32mGiven &amp#27;[0m&amp#27;[32mI am authorized user&amp#27;[0m                                                                                                                                       &amp#27;[90m# stepDefinitions.Generic_Steps.i_am_authorized_user()&amp#27;[0m
2021-08-23 10:55:05,236 [INFO  ] Log - >> Request PayLoad Created

    Request Payload : {
        "payment_methods": ["SWIFT"],
        "beneficiary": {
            "address": {
                "country_code": "CN",
                "street_address": "412 5th Avenue",
                "city": "Seattle",
                "postcode": "98104",
                "state": "Washington"
            },
            "entity_type": "COMPANY",
            "additional_info": {"personal_email": "john.walker@gmail.com"},
            "bank_details": {
                "account_number": "GFh44445",
                "account_currency": "CAD",
                "bank_country_code": "CN",
                "swift_code": "ICBKCNBJ",
                "account_name": "Lee Da Ming",
                "iban": "ES8023100001180000012345",
                "bank_name": "National Canadian Bank",
                "account_routing_value1": "083064",
                "transaction_reference": "4140110135",
                "local_clearing_system": "ACH",
                "account_routing_type1": "aba"
            },
            "company_name": "ABC University"
        },
        "nickname": "ABC University",
        "payer_entity_type": "PERSONAL"
    }

  &amp#27;[32mAnd &amp#27;[0m&amp#27;[32mI create request payload with valid data for all keys with &amp#27;[0m&amp#27;[32m&amp#27;[1m"bank_country_code"&amp#27;[0m&amp#27;[32m is &amp#27;[0m&amp#27;[32m&amp#27;[1m"CN"&amp#27;[0m&amp#27;[32m &amp#27;[0m&amp#27;[32m&amp#27;[1m"account_number"&amp#27;[0m&amp#27;[32m is &amp#27;[0m&amp#27;[32m&amp#27;[1m"GFh44445"&amp#27;[0m                                        &amp#27;[90m# stepDefinitions.Generic_Steps.i_create_request_payload_with_valid_data_for_all_keys_with_is_is(java.lang.String,java.lang.String,java.lang.String,java.lang.String)&amp#27;[0m
2021-08-23 10:55:05,590 [INFO  ] Log - >> Request PayLoad is posted

    Response : {
        "beneficiary": {
            "additional_info": {
                "personal_email": "john.walker@gmail.com"
            },
            "address": {
                "city": "Seattle",
                "country_code": "CN",
                "postcode": "98104",
                "state": "Washington",
                "street_address": "412 5th Avenue"
            },
            "bank_details": {
                "account_currency": "CAD",
                "account_name": "Lee Da Ming",
                "account_number": "GFh44445",
                "account_routing_type1": "aba",
                "account_routing_value1": "083064",
                "bank_country_code": "CN",
                "bank_name": "National Canadian Bank",
                "iban": "ES8023100001180000012345",
                "swift_code": "ICBKCNBJ"
            },
            "company_name": "ABC University",
            "entity_type": "COMPANY"
        },
        "beneficiary_id": "67a7937e-a3d9-443e-b8b9-25b9b594ad16",
        "nickname": "ABC University",
        "payer_entity_type": "PERSONAL",
        "payment_methods": [
            "SWIFT"
        ]
    }

  &amp#27;[32mWhen &amp#27;[0m&amp#27;[32mI perform post on CreateBeneficiary endpoint&amp#27;[0m                                                                                                                &amp#27;[90m# stepDefinitions.Generic_Steps.i_perform_post_on_create_beneficiary_endpoint()&amp#27;[0m
2021-08-23 10:55:05,592 [INFO  ] Log - >> Response status code is 201
  &amp#27;[32mThen &amp#27;[0m&amp#27;[32mResponse status code is &amp#27;[0m&amp#27;[32m&amp#27;[1m201&amp#27;[0m                                                                                                                                 &amp#27;[90m# stepDefinitions.Generic_Steps.response_status_code_is(java.lang.Integer)&amp#27;[0m
2021-08-23 10:55:05,593 [INFO  ] Log - >> Response status line is HTTP/1.1 201 Created
  &amp#27;[32mAnd &amp#27;[0m&amp#27;[32mResponse status line is &amp#27;[0m&amp#27;[32m&amp#27;[1m"Created"&amp#27;[0m                                                                                                                            &amp#27;[90m# stepDefinitions.Generic_Steps.response_status_line_is(java.lang.String)&amp#27;[0m
]]></system-out>
  </testcase>
  <testcase name="runScenario[&quot;Validate beneficiary is sucessfully added when for &quot;bank_country_code&quot; &lt;Bank_country_code&gt; when &quot;account_number&quot; 123456789DERftguhijo has valid 20 characters&quot;, &quot;Optional[Validates Account_Number in Bank_details]&quot;](33)" classname="cucumber.Options.RunCucumberTests" time="0.836">
    <system-out><![CDATA[
@PositiveScenarios
Scenario Outline: Validate beneficiary is sucessfully added when for "bank_country_code" <Bank_country_code> when "account_number" 123456789DERftguhijo has valid 20 characters &amp#27;[90m# src/test/resources/features/Account_Number.feature:79&amp#27;[0m
2021-08-23 10:55:05,602 [INFO  ] Log - -----------------------------------------------------------------------------------------
2021-08-23 10:55:05,603 [INFO  ] Log - >> Validate beneficiary is sucessfully added when for "bank_country_code" <Bank_country_code> when "account_number" 123456789DERftguhijo has valid 20 characters
2021-08-23 10:55:05,603 [INFO  ] Log - -----------------------------------------------------------------------------------------
2021-08-23 10:55:06,052 [INFO  ] Log - >> Token Created
  &amp#27;[32mGiven &amp#27;[0m&amp#27;[32mI am authorized user&amp#27;[0m                                                                                                                                                    &amp#27;[90m# stepDefinitions.Generic_Steps.i_am_authorized_user()&amp#27;[0m
2021-08-23 10:55:06,054 [INFO  ] Log - >> Request PayLoad Created

    Request Payload : {
        "payment_methods": ["SWIFT"],
        "beneficiary": {
            "address": {
                "country_code": "CN",
                "street_address": "412 5th Avenue",
                "city": "Seattle",
                "postcode": "98104",
                "state": "Washington"
            },
            "entity_type": "COMPANY",
            "additional_info": {"personal_email": "john.walker@gmail.com"},
            "bank_details": {
                "account_number": "123456789DERftguhijo",
                "account_currency": "CAD",
                "bank_country_code": "CN",
                "swift_code": "ICBKCNBJ",
                "account_name": "Lee Da Ming",
                "iban": "ES8023100001180000012345",
                "bank_name": "National Canadian Bank",
                "account_routing_value1": "083064",
                "transaction_reference": "4140110135",
                "local_clearing_system": "ACH",
                "account_routing_type1": "aba"
            },
            "company_name": "ABC University"
        },
        "nickname": "ABC University",
        "payer_entity_type": "PERSONAL"
    }

  &amp#27;[32mAnd &amp#27;[0m&amp#27;[32mI create request payload with valid data for all keys with &amp#27;[0m&amp#27;[32m&amp#27;[1m"bank_country_code"&amp#27;[0m&amp#27;[32m is &amp#27;[0m&amp#27;[32m&amp#27;[1m"CN"&amp#27;[0m&amp#27;[32m &amp#27;[0m&amp#27;[32m&amp#27;[1m"account_number"&amp#27;[0m&amp#27;[32m is &amp#27;[0m&amp#27;[32m&amp#27;[1m"123456789DERftguhijo"&amp#27;[0m                                         &amp#27;[90m# stepDefinitions.Generic_Steps.i_create_request_payload_with_valid_data_for_all_keys_with_is_is(java.lang.String,java.lang.String,java.lang.String,java.lang.String)&amp#27;[0m
2021-08-23 10:55:06,425 [INFO  ] Log - >> Request PayLoad is posted

    Response : {
        "beneficiary": {
            "additional_info": {
                "personal_email": "john.walker@gmail.com"
            },
            "address": {
                "city": "Seattle",
                "country_code": "CN",
                "postcode": "98104",
                "state": "Washington",
                "street_address": "412 5th Avenue"
            },
            "bank_details": {
                "account_currency": "CAD",
                "account_name": "Lee Da Ming",
                "account_number": "123456789DERftguhijo",
                "account_routing_type1": "aba",
                "account_routing_value1": "083064",
                "bank_country_code": "CN",
                "bank_name": "National Canadian Bank",
                "iban": "ES8023100001180000012345",
                "swift_code": "ICBKCNBJ"
            },
            "company_name": "ABC University",
            "entity_type": "COMPANY"
        },
        "beneficiary_id": "1bb2a5ac-d937-4c37-9ec4-7fc9d53b3a64",
        "nickname": "ABC University",
        "payer_entity_type": "PERSONAL",
        "payment_methods": [
            "SWIFT"
        ]
    }

  &amp#27;[32mWhen &amp#27;[0m&amp#27;[32mI perform post on CreateBeneficiary endpoint&amp#27;[0m                                                                                                                             &amp#27;[90m# stepDefinitions.Generic_Steps.i_perform_post_on_create_beneficiary_endpoint()&amp#27;[0m
2021-08-23 10:55:06,428 [INFO  ] Log - >> Response status code is 201
  &amp#27;[32mThen &amp#27;[0m&amp#27;[32mResponse status code is &amp#27;[0m&amp#27;[32m&amp#27;[1m201&amp#27;[0m                                                                                                                                              &amp#27;[90m# stepDefinitions.Generic_Steps.response_status_code_is(java.lang.Integer)&amp#27;[0m
2021-08-23 10:55:06,429 [INFO  ] Log - >> Response status line is HTTP/1.1 201 Created
  &amp#27;[32mAnd &amp#27;[0m&amp#27;[32mResponse status line is &amp#27;[0m&amp#27;[32m&amp#27;[1m"Created"&amp#27;[0m                                                                                                                                         &amp#27;[90m# stepDefinitions.Generic_Steps.response_status_line_is(java.lang.String)&amp#27;[0m
]]></system-out>
  </testcase>
  <testcase name="runScenario[&quot;Validates beneficiary is not added when Bank_Country_Code key is missing&quot;, &quot;Optional[Validates bank_country_code in BankDetails]&quot;](34)" classname="cucumber.Options.RunCucumberTests" time="1.036">
    <system-out><![CDATA[
@SchemaValidation
Scenario: Validates beneficiary is not added when Bank_Country_Code key is missing      &amp#27;[90m# src/test/resources/features/Bank_CountryCode.feature:9&amp#27;[0m
2021-08-23 10:55:06,439 [INFO  ] Log - -----------------------------------------------------------------------------------------
2021-08-23 10:55:06,440 [INFO  ] Log - >> Validates beneficiary is not added when Bank_Country_Code key is missing
2021-08-23 10:55:06,440 [INFO  ] Log - -----------------------------------------------------------------------------------------
2021-08-23 10:55:06,871 [INFO  ] Log - >> Token Created
  &amp#27;[32mGiven &amp#27;[0m&amp#27;[32mI am authorized user&amp#27;[0m                                                            &amp#27;[90m# stepDefinitions.Generic_Steps.i_am_authorized_user()&amp#27;[0m
2021-08-23 10:55:06,873 [INFO  ] Log - >> Request PayLoad Created with all keys, except without  bank_country_code Code key

    Request Payload : {
        "payment_methods": ["SWIFT"],
        "beneficiary": {
            "address": {
                "country_code": "US",
                "street_address": "412 5th Avenue",
                "city": "Seattle",
                "postcode": "98104",
                "state": "Washington"
            },
            "entity_type": "COMPANY",
            "additional_info": {"personal_email": "john.walker@gmail.com"},
            "bank_details": {
                "account_number": "502231121",
                "account_currency": "USD",
                "swift_code": "CHASUS33",
                "account_name": "John Walker",
                "bank_name": "JP Morgan Chase Bank",
                "account_routing_value1": "907765701",
                "account_routing_type1": "aba"
            },
            "company_name": "ABC University"
        },
        "nickname": "ABC University",
        "payer_entity_type": "PERSONAL"
    }

  &amp#27;[32mAnd &amp#27;[0m&amp#27;[32mI create request payload with valid data for all keys without &amp#27;[0m&amp#27;[32m&amp#27;[1m"bank_country_code"&amp#27;[0m &amp#27;[90m# stepDefinitions.Generic_Steps.i_create_request_payload_with_valid_data_for_all_keys_without_bank_country_code(java.lang.String)&amp#27;[0m
2021-08-23 10:55:07,319 [INFO  ] Log - >> Request PayLoad is posted

    Response : {
        "code": "field_required",
        "message": "must not be null",
        "source": "beneficiary.bank_details.bank_country_code"
    }

  &amp#27;[32mWhen &amp#27;[0m&amp#27;[32mI perform post on CreateBeneficiary endpoint&amp#27;[0m                                     &amp#27;[90m# stepDefinitions.Generic_Steps.i_perform_post_on_create_beneficiary_endpoint()&amp#27;[0m
2021-08-23 10:55:07,321 [INFO  ] Log - >> Response status code is 400
  &amp#27;[32mThen &amp#27;[0m&amp#27;[32mResponse status code is &amp#27;[0m&amp#27;[32m&amp#27;[1m400&amp#27;[0m                                                      &amp#27;[90m# stepDefinitions.Generic_Steps.response_status_code_is(java.lang.Integer)&amp#27;[0m
2021-08-23 10:55:07,322 [INFO  ] Log - >> Response status line is HTTP/1.1 400 Bad Request
  &amp#27;[32mAnd &amp#27;[0m&amp#27;[32mResponse status line is &amp#27;[0m&amp#27;[32m&amp#27;[1m"Bad Request"&amp#27;[0m                                             &amp#27;[90m# stepDefinitions.Generic_Steps.response_status_line_is(java.lang.String)&amp#27;[0m
2021-08-23 10:55:07,336 [INFO  ] Log - >> Response code contains value field_required
  &amp#27;[32mAnd &amp#27;[0m&amp#27;[32mResponse &amp#27;[0m&amp#27;[32m&amp#27;[1m"code"&amp#27;[0m&amp#27;[32m has value &amp#27;[0m&amp#27;[32m&amp#27;[1m"field_required"&amp#27;[0m                                        &amp#27;[90m# stepDefinitions.Generic_Steps.response_contains_value(java.lang.String,java.lang.String)&amp#27;[0m
2021-08-23 10:55:07,379 [INFO  ] Log - >> Response message contains value must not be null
  &amp#27;[32mAnd &amp#27;[0m&amp#27;[32mResponse &amp#27;[0m&amp#27;[32m&amp#27;[1m"message"&amp#27;[0m&amp#27;[32m has value &amp#27;[0m&amp#27;[32m&amp#27;[1m"must not be null"&amp#27;[0m                                   &amp#27;[90m# stepDefinitions.Generic_Steps.response_contains_value(java.lang.String,java.lang.String)&amp#27;[0m
2021-08-23 10:55:07,463 [INFO  ] Log - >> Response source contains value beneficiary.bank_details.bank_country_code
  &amp#27;[32mAnd &amp#27;[0m&amp#27;[32mResponse &amp#27;[0m&amp#27;[32m&amp#27;[1m"source"&amp#27;[0m&amp#27;[32m has value &amp#27;[0m&amp#27;[32m&amp#27;[1m"beneficiary.bank_details.bank_country_code"&amp#27;[0m          &amp#27;[90m# stepDefinitions.Generic_Steps.response_contains_value(java.lang.String,java.lang.String)&amp#27;[0m
]]></system-out>
  </testcase>
  <testcase name="runScenario[&quot;Validates beneficiary is not added when Bank_Country_Code value is Empty&quot;, &quot;Optional[Validates bank_country_code in BankDetails]&quot;](35)" classname="cucumber.Options.RunCucumberTests" time="1.063">
    <system-out><![CDATA[
@SchemaValidation
Scenario: Validates beneficiary is not added when Bank_Country_Code value is Empty              &amp#27;[90m# src/test/resources/features/Bank_CountryCode.feature:19&amp#27;[0m
2021-08-23 10:55:07,482 [INFO  ] Log - -----------------------------------------------------------------------------------------
2021-08-23 10:55:07,483 [INFO  ] Log - >> Validates beneficiary is not added when Bank_Country_Code value is Empty
2021-08-23 10:55:07,483 [INFO  ] Log - -----------------------------------------------------------------------------------------
2021-08-23 10:55:08,101 [INFO  ] Log - >> Token Created
  &amp#27;[32mGiven &amp#27;[0m&amp#27;[32mI am authorized user&amp#27;[0m                                                                    &amp#27;[90m# stepDefinitions.Generic_Steps.i_am_authorized_user()&amp#27;[0m
2021-08-23 10:55:08,104 [INFO  ] Log - >> Request PayLoad Created with all keys, with bank_country_code value is Empty

    Request Payload : {
        "payment_methods": ["SWIFT"],
        "beneficiary": {
            "address": {
                "country_code": "US",
                "street_address": "412 5th Avenue",
                "city": "Seattle",
                "postcode": "98104",
                "state": "Washington"
            },
            "entity_type": "COMPANY",
            "additional_info": {"personal_email": "john.walker@gmail.com"},
            "bank_details": {
                "account_number": "502231121",
                "account_currency": "USD",
                "bank_country_code": "",
                "swift_code": "CHASUS33",
                "account_name": "John Walker",
                "bank_name": "JP Morgan Chase Bank",
                "account_routing_value1": "907765701",
                "account_routing_type1": "aba"
            },
            "company_name": "ABC University"
        },
        "nickname": "ABC University",
        "payer_entity_type": "PERSONAL"
    }

  &amp#27;[32mAnd &amp#27;[0m&amp#27;[32mI create request payload with valid data for all keys with &amp#27;[0m&amp#27;[32m&amp#27;[1m"bank_country_code"&amp#27;[0m&amp#27;[32m is &amp#27;[0m&amp#27;[32m&amp#27;[1m"Empty"&amp#27;[0m &amp#27;[90m# stepDefinitions.Generic_Steps.i_create_request_payload_with_valid_data_for_all_keys_with_bank_country_code_is(java.lang.String,java.lang.String)&amp#27;[0m
2021-08-23 10:55:08,452 [INFO  ] Log - >> Request PayLoad is posted

    Response : {
        "code": "invalid_argument",
        "message": " is not a valid type",
        "source": "beneficiary.bank_details.bank_country_code"
    }

  &amp#27;[32mWhen &amp#27;[0m&amp#27;[32mI perform post on CreateBeneficiary endpoint&amp#27;[0m                                             &amp#27;[90m# stepDefinitions.Generic_Steps.i_perform_post_on_create_beneficiary_endpoint()&amp#27;[0m
2021-08-23 10:55:08,454 [INFO  ] Log - >> Response status code is 400
  &amp#27;[32mThen &amp#27;[0m&amp#27;[32mResponse status code is &amp#27;[0m&amp#27;[32m&amp#27;[1m400&amp#27;[0m                                                              &amp#27;[90m# stepDefinitions.Generic_Steps.response_status_code_is(java.lang.Integer)&amp#27;[0m
2021-08-23 10:55:08,455 [INFO  ] Log - >> Response status line is HTTP/1.1 400 Bad Request
  &amp#27;[32mAnd &amp#27;[0m&amp#27;[32mResponse status line is &amp#27;[0m&amp#27;[32m&amp#27;[1m"Bad Request"&amp#27;[0m                                                     &amp#27;[90m# stepDefinitions.Generic_Steps.response_status_line_is(java.lang.String)&amp#27;[0m
2021-08-23 10:55:08,469 [INFO  ] Log - >> Response code contains value invalid_argument
  &amp#27;[32mAnd &amp#27;[0m&amp#27;[32mResponse &amp#27;[0m&amp#27;[32m&amp#27;[1m"code"&amp#27;[0m&amp#27;[32m has value &amp#27;[0m&amp#27;[32m&amp#27;[1m"invalid_argument"&amp#27;[0m                                              &amp#27;[90m# stepDefinitions.Generic_Steps.response_contains_value(java.lang.String,java.lang.String)&amp#27;[0m
2021-08-23 10:55:08,496 [INFO  ] Log - >> Response message contains value  is not a valid type
  &amp#27;[32mAnd &amp#27;[0m&amp#27;[32mResponse &amp#27;[0m&amp#27;[32m&amp#27;[1m"message"&amp#27;[0m&amp#27;[32m has value &amp#27;[0m&amp#27;[32m&amp#27;[1m" is not a valid type"&amp#27;[0m                                       &amp#27;[90m# stepDefinitions.Generic_Steps.response_contains_value(java.lang.String,java.lang.String)&amp#27;[0m
2021-08-23 10:55:08,519 [INFO  ] Log - >> Response source contains value beneficiary.bank_details.bank_country_code
  &amp#27;[32mAnd &amp#27;[0m&amp#27;[32mResponse &amp#27;[0m&amp#27;[32m&amp#27;[1m"source"&amp#27;[0m&amp#27;[32m has value &amp#27;[0m&amp#27;[32m&amp#27;[1m"beneficiary.bank_details.bank_country_code"&amp#27;[0m                  &amp#27;[90m# stepDefinitions.Generic_Steps.response_contains_value(java.lang.String,java.lang.String)&amp#27;[0m
]]></system-out>
  </testcase>
  <testcase name="runScenario[&quot;Validates beneficiary is added when Bank_Country_Code is valid but in small case us&quot;, &quot;Optional[Validates bank_country_code in BankDetails]&quot;](36)" classname="cucumber.Options.RunCucumberTests" time="0.878">
    <system-out><![CDATA[
Scenario Outline: Validates beneficiary is added when Bank_Country_Code is valid but in small case us &amp#27;[90m# src/test/resources/features/Bank_CountryCode.feature:39&amp#27;[0m
2021-08-23 10:55:08,541 [INFO  ] Log - -----------------------------------------------------------------------------------------
2021-08-23 10:55:08,542 [INFO  ] Log - >> Validates beneficiary is added when Bank_Country_Code is valid but in small case us
2021-08-23 10:55:08,542 [INFO  ] Log - -----------------------------------------------------------------------------------------
2021-08-23 10:55:08,958 [INFO  ] Log - >> Token Created
  &amp#27;[32mGiven &amp#27;[0m&amp#27;[32mI am authorized user&amp#27;[0m                                                                          &amp#27;[90m# stepDefinitions.Generic_Steps.i_am_authorized_user()&amp#27;[0m
2021-08-23 10:55:08,960 [INFO  ] Log - >> Request PayLoad Created with all keys, with bank_country_code value is us

    Request Payload : {
        "payment_methods": ["SWIFT"],
        "beneficiary": {
            "address": {
                "country_code": "US",
                "street_address": "412 5th Avenue",
                "city": "Seattle",
                "postcode": "98104",
                "state": "Washington"
            },
            "entity_type": "COMPANY",
            "additional_info": {"personal_email": "john.walker@gmail.com"},
            "bank_details": {
                "account_number": "502231121",
                "account_currency": "USD",
                "bank_country_code": "us",
                "swift_code": "CHASUS33",
                "account_name": "John Walker",
                "bank_name": "JP Morgan Chase Bank",
                "account_routing_value1": "907765701",
                "account_routing_type1": "aba"
            },
            "company_name": "ABC University"
        },
        "nickname": "ABC University",
        "payer_entity_type": "PERSONAL"
    }

  &amp#27;[32mAnd &amp#27;[0m&amp#27;[32mI create request payload with valid data for all keys with &amp#27;[0m&amp#27;[32m&amp#27;[1m"bank_country_code"&amp#27;[0m&amp#27;[32m is &amp#27;[0m&amp#27;[32m&amp#27;[1m"us"&amp#27;[0m          &amp#27;[90m# stepDefinitions.Generic_Steps.i_create_request_payload_with_valid_data_for_all_keys_with_bank_country_code_is(java.lang.String,java.lang.String)&amp#27;[0m
2021-08-23 10:55:09,313 [INFO  ] Log - >> Request PayLoad is posted

    Response : {
        "code": "invalid_argument",
        "message": "us is not a valid type",
        "source": "beneficiary.bank_details.bank_country_code"
    }

  &amp#27;[32mWhen &amp#27;[0m&amp#27;[32mI perform post on CreateBeneficiary endpoint&amp#27;[0m                                                   &amp#27;[90m# stepDefinitions.Generic_Steps.i_perform_post_on_create_beneficiary_endpoint()&amp#27;[0m
2021-08-23 10:55:09,315 [INFO  ] Log - >> Response status code is 400
  &amp#27;[32mThen &amp#27;[0m&amp#27;[32mResponse status code is &amp#27;[0m&amp#27;[32m&amp#27;[1m400&amp#27;[0m                                                                    &amp#27;[90m# stepDefinitions.Generic_Steps.response_status_code_is(java.lang.Integer)&amp#27;[0m
2021-08-23 10:55:09,315 [INFO  ] Log - >> Response status line is HTTP/1.1 400 Bad Request
  &amp#27;[32mAnd &amp#27;[0m&amp#27;[32mResponse status line is &amp#27;[0m&amp#27;[32m&amp#27;[1m"Bad Request"&amp#27;[0m                                                           &amp#27;[90m# stepDefinitions.Generic_Steps.response_status_line_is(java.lang.String)&amp#27;[0m
2021-08-23 10:55:09,345 [INFO  ] Log - >> Response code contains value invalid_argument
  &amp#27;[32mAnd &amp#27;[0m&amp#27;[32mResponse &amp#27;[0m&amp#27;[32m&amp#27;[1m"code"&amp#27;[0m&amp#27;[32m has value &amp#27;[0m&amp#27;[32m&amp#27;[1m"invalid_argument"&amp#27;[0m                                                    &amp#27;[90m# stepDefinitions.Generic_Steps.response_contains_value(java.lang.String,java.lang.String)&amp#27;[0m
2021-08-23 10:55:09,375 [INFO  ] Log - >> Response message contains value us is not a valid type
  &amp#27;[32mAnd &amp#27;[0m&amp#27;[32mResponse &amp#27;[0m&amp#27;[32m&amp#27;[1m"message"&amp#27;[0m&amp#27;[32m has value &amp#27;[0m&amp#27;[32m&amp#27;[1m"us is not a valid type"&amp#27;[0m                                           &amp#27;[90m# stepDefinitions.Generic_Steps.response_contains_value(java.lang.String,java.lang.String)&amp#27;[0m
2021-08-23 10:55:09,397 [INFO  ] Log - >> Response source contains value beneficiary.bank_details.bank_country_code
  &amp#27;[32mAnd &amp#27;[0m&amp#27;[32mResponse &amp#27;[0m&amp#27;[32m&amp#27;[1m"source"&amp#27;[0m&amp#27;[32m has value &amp#27;[0m&amp#27;[32m&amp#27;[1m"beneficiary.bank_details.bank_country_code"&amp#27;[0m                        &amp#27;[90m# stepDefinitions.Generic_Steps.response_contains_value(java.lang.String,java.lang.String)&amp#27;[0m
]]></system-out>
  </testcase>
  <testcase name="runScenario[&quot;Validates beneficiary is added when Bank_Country_Code is valid but in small case cn&quot;, &quot;Optional[Validates bank_country_code in BankDetails]&quot;](37)" classname="cucumber.Options.RunCucumberTests" time="0.995">
    <system-out><![CDATA[
Scenario Outline: Validates beneficiary is added when Bank_Country_Code is valid but in small case cn &amp#27;[90m# src/test/resources/features/Bank_CountryCode.feature:40&amp#27;[0m
2021-08-23 10:55:09,426 [INFO  ] Log - -----------------------------------------------------------------------------------------
2021-08-23 10:55:09,426 [INFO  ] Log - >> Validates beneficiary is added when Bank_Country_Code is valid but in small case cn
2021-08-23 10:55:09,426 [INFO  ] Log - -----------------------------------------------------------------------------------------
2021-08-23 10:55:09,939 [INFO  ] Log - >> Token Created
  &amp#27;[32mGiven &amp#27;[0m&amp#27;[32mI am authorized user&amp#27;[0m                                                                          &amp#27;[90m# stepDefinitions.Generic_Steps.i_am_authorized_user()&amp#27;[0m
2021-08-23 10:55:09,940 [INFO  ] Log - >> Request PayLoad Created with all keys, with bank_country_code value is cn

    Request Payload : {
        "payment_methods": ["SWIFT"],
        "beneficiary": {
            "address": {
                "country_code": "US",
                "street_address": "412 5th Avenue",
                "city": "Seattle",
                "postcode": "98104",
                "state": "Washington"
            },
            "entity_type": "COMPANY",
            "additional_info": {"personal_email": "john.walker@gmail.com"},
            "bank_details": {
                "account_number": "502231121",
                "account_currency": "USD",
                "bank_country_code": "cn",
                "swift_code": "CHASUS33",
                "account_name": "John Walker",
                "bank_name": "JP Morgan Chase Bank",
                "account_routing_value1": "907765701",
                "account_routing_type1": "aba"
            },
            "company_name": "ABC University"
        },
        "nickname": "ABC University",
        "payer_entity_type": "PERSONAL"
    }

  &amp#27;[32mAnd &amp#27;[0m&amp#27;[32mI create request payload with valid data for all keys with &amp#27;[0m&amp#27;[32m&amp#27;[1m"bank_country_code"&amp#27;[0m&amp#27;[32m is &amp#27;[0m&amp#27;[32m&amp#27;[1m"cn"&amp#27;[0m          &amp#27;[90m# stepDefinitions.Generic_Steps.i_create_request_payload_with_valid_data_for_all_keys_with_bank_country_code_is(java.lang.String,java.lang.String)&amp#27;[0m
2021-08-23 10:55:10,334 [INFO  ] Log - >> Request PayLoad is posted

    Response : {
        "code": "invalid_argument",
        "message": "cn is not a valid type",
        "source": "beneficiary.bank_details.bank_country_code"
    }

  &amp#27;[32mWhen &amp#27;[0m&amp#27;[32mI perform post on CreateBeneficiary endpoint&amp#27;[0m                                                   &amp#27;[90m# stepDefinitions.Generic_Steps.i_perform_post_on_create_beneficiary_endpoint()&amp#27;[0m
2021-08-23 10:55:10,336 [INFO  ] Log - >> Response status code is 400
  &amp#27;[32mThen &amp#27;[0m&amp#27;[32mResponse status code is &amp#27;[0m&amp#27;[32m&amp#27;[1m400&amp#27;[0m                                                                    &amp#27;[90m# stepDefinitions.Generic_Steps.response_status_code_is(java.lang.Integer)&amp#27;[0m
2021-08-23 10:55:10,337 [INFO  ] Log - >> Response status line is HTTP/1.1 400 Bad Request
  &amp#27;[32mAnd &amp#27;[0m&amp#27;[32mResponse status line is &amp#27;[0m&amp#27;[32m&amp#27;[1m"Bad Request"&amp#27;[0m                                                           &amp#27;[90m# stepDefinitions.Generic_Steps.response_status_line_is(java.lang.String)&amp#27;[0m
2021-08-23 10:55:10,350 [INFO  ] Log - >> Response code contains value invalid_argument
  &amp#27;[32mAnd &amp#27;[0m&amp#27;[32mResponse &amp#27;[0m&amp#27;[32m&amp#27;[1m"code"&amp#27;[0m&amp#27;[32m has value &amp#27;[0m&amp#27;[32m&amp#27;[1m"invalid_argument"&amp#27;[0m                                                    &amp#27;[90m# stepDefinitions.Generic_Steps.response_contains_value(java.lang.String,java.lang.String)&amp#27;[0m
2021-08-23 10:55:10,372 [INFO  ] Log - >> Response message contains value cn is not a valid type
  &amp#27;[32mAnd &amp#27;[0m&amp#27;[32mResponse &amp#27;[0m&amp#27;[32m&amp#27;[1m"message"&amp#27;[0m&amp#27;[32m has value &amp#27;[0m&amp#27;[32m&amp#27;[1m"cn is not a valid type"&amp#27;[0m                                           &amp#27;[90m# stepDefinitions.Generic_Steps.response_contains_value(java.lang.String,java.lang.String)&amp#27;[0m
2021-08-23 10:55:10,393 [INFO  ] Log - >> Response source contains value beneficiary.bank_details.bank_country_code
  &amp#27;[32mAnd &amp#27;[0m&amp#27;[32mResponse &amp#27;[0m&amp#27;[32m&amp#27;[1m"source"&amp#27;[0m&amp#27;[32m has value &amp#27;[0m&amp#27;[32m&amp#27;[1m"beneficiary.bank_details.bank_country_code"&amp#27;[0m                        &amp#27;[90m# stepDefinitions.Generic_Steps.response_contains_value(java.lang.String,java.lang.String)&amp#27;[0m
]]></system-out>
  </testcase>
  <testcase name="runScenario[&quot;Validates beneficiary is not added when Bank_Country_Code does not follow &apos;ISO 3166-2&apos; standard&quot;, &quot;Optional[Validates bank_country_code in BankDetails]&quot;](38)" classname="cucumber.Options.RunCucumberTests" time="0.859">
    <system-out><![CDATA[
Scenario Outline: Validates beneficiary is not added when Bank_Country_Code does not follow 'ISO 3166-2' standard &amp#27;[90m# src/test/resources/features/Bank_CountryCode.feature:53&amp#27;[0m
2021-08-23 10:55:10,415 [INFO  ] Log - -----------------------------------------------------------------------------------------
2021-08-23 10:55:10,415 [INFO  ] Log - >> Validates beneficiary is not added when Bank_Country_Code does not follow 'ISO 3166-2' standard
2021-08-23 10:55:10,415 [INFO  ] Log - -----------------------------------------------------------------------------------------
2021-08-23 10:55:10,861 [INFO  ] Log - >> Token Created
  &amp#27;[32mGiven &amp#27;[0m&amp#27;[32mI am authorized user&amp#27;[0m                                                                                      &amp#27;[90m# stepDefinitions.Generic_Steps.i_am_authorized_user()&amp#27;[0m
2021-08-23 10:55:10,865 [INFO  ] Log - >> Request PayLoad Created with all keys, with bank_country_code value is UP

    Request Payload : {
        "payment_methods": ["SWIFT"],
        "beneficiary": {
            "address": {
                "country_code": "US",
                "street_address": "412 5th Avenue",
                "city": "Seattle",
                "postcode": "98104",
                "state": "Washington"
            },
            "entity_type": "COMPANY",
            "additional_info": {"personal_email": "john.walker@gmail.com"},
            "bank_details": {
                "account_number": "502231121",
                "account_currency": "USD",
                "bank_country_code": "UP",
                "swift_code": "CHASUS33",
                "account_name": "John Walker",
                "bank_name": "JP Morgan Chase Bank",
                "account_routing_value1": "907765701",
                "account_routing_type1": "aba"
            },
            "company_name": "ABC University"
        },
        "nickname": "ABC University",
        "payer_entity_type": "PERSONAL"
    }

  &amp#27;[32mAnd &amp#27;[0m&amp#27;[32mI create request payload with valid data for all keys with &amp#27;[0m&amp#27;[32m&amp#27;[1m"bank_country_code"&amp#27;[0m&amp#27;[32m is &amp#27;[0m&amp#27;[32m&amp#27;[1m"UP"&amp#27;[0m                      &amp#27;[90m# stepDefinitions.Generic_Steps.i_create_request_payload_with_valid_data_for_all_keys_with_bank_country_code_is(java.lang.String,java.lang.String)&amp#27;[0m
2021-08-23 10:55:11,206 [INFO  ] Log - >> Request PayLoad is posted

    Response : {
        "code": "invalid_argument",
        "message": "UP is not a valid type",
        "source": "beneficiary.bank_details.bank_country_code"
    }

  &amp#27;[32mWhen &amp#27;[0m&amp#27;[32mI perform post on CreateBeneficiary endpoint&amp#27;[0m                                                               &amp#27;[90m# stepDefinitions.Generic_Steps.i_perform_post_on_create_beneficiary_endpoint()&amp#27;[0m
2021-08-23 10:55:11,208 [INFO  ] Log - >> Response status code is 400
  &amp#27;[32mThen &amp#27;[0m&amp#27;[32mResponse status code is &amp#27;[0m&amp#27;[32m&amp#27;[1m400&amp#27;[0m                                                                                &amp#27;[90m# stepDefinitions.Generic_Steps.response_status_code_is(java.lang.Integer)&amp#27;[0m
2021-08-23 10:55:11,209 [INFO  ] Log - >> Response status line is HTTP/1.1 400 Bad Request
  &amp#27;[32mAnd &amp#27;[0m&amp#27;[32mResponse status line is &amp#27;[0m&amp#27;[32m&amp#27;[1m"Bad Request"&amp#27;[0m                                                                       &amp#27;[90m# stepDefinitions.Generic_Steps.response_status_line_is(java.lang.String)&amp#27;[0m
2021-08-23 10:55:11,220 [INFO  ] Log - >> Response code contains value invalid_argument
  &amp#27;[32mAnd &amp#27;[0m&amp#27;[32mResponse &amp#27;[0m&amp#27;[32m&amp#27;[1m"code"&amp#27;[0m&amp#27;[32m has value &amp#27;[0m&amp#27;[32m&amp#27;[1m"invalid_argument"&amp#27;[0m                                                                &amp#27;[90m# stepDefinitions.Generic_Steps.response_contains_value(java.lang.String,java.lang.String)&amp#27;[0m
2021-08-23 10:55:11,242 [INFO  ] Log - >> Response message contains value UP is not a valid type
  &amp#27;[32mAnd &amp#27;[0m&amp#27;[32mResponse &amp#27;[0m&amp#27;[32m&amp#27;[1m"message"&amp#27;[0m&amp#27;[32m has value &amp#27;[0m&amp#27;[32m&amp#27;[1m"UP is not a valid type"&amp#27;[0m                                                       &amp#27;[90m# stepDefinitions.Generic_Steps.response_contains_value(java.lang.String,java.lang.String)&amp#27;[0m
2021-08-23 10:55:11,263 [INFO  ] Log - >> Response source contains value beneficiary.bank_details.bank_country_code
  &amp#27;[32mAnd &amp#27;[0m&amp#27;[32mResponse &amp#27;[0m&amp#27;[32m&amp#27;[1m"source"&amp#27;[0m&amp#27;[32m has value &amp#27;[0m&amp#27;[32m&amp#27;[1m"beneficiary.bank_details.bank_country_code"&amp#27;[0m                                    &amp#27;[90m# stepDefinitions.Generic_Steps.response_contains_value(java.lang.String,java.lang.String)&amp#27;[0m
]]></system-out>
  </testcase>
  <testcase name="runScenario[&quot;Validates beneficiary is not added when Bank_Country_Code does not follow &apos;ISO 3166-2&apos; standard&quot;, &quot;Optional[Validates bank_country_code in BankDetails]&quot;](39)" classname="cucumber.Options.RunCucumberTests" time="0.902">
    <system-out><![CDATA[
Scenario Outline: Validates beneficiary is not added when Bank_Country_Code does not follow 'ISO 3166-2' standard &amp#27;[90m# src/test/resources/features/Bank_CountryCode.feature:54&amp#27;[0m
2021-08-23 10:55:11,282 [INFO  ] Log - -----------------------------------------------------------------------------------------
2021-08-23 10:55:11,282 [INFO  ] Log - >> Validates beneficiary is not added when Bank_Country_Code does not follow 'ISO 3166-2' standard
2021-08-23 10:55:11,282 [INFO  ] Log - -----------------------------------------------------------------------------------------
2021-08-23 10:55:11,701 [INFO  ] Log - >> Token Created
  &amp#27;[32mGiven &amp#27;[0m&amp#27;[32mI am authorized user&amp#27;[0m                                                                                      &amp#27;[90m# stepDefinitions.Generic_Steps.i_am_authorized_user()&amp#27;[0m
2021-08-23 10:55:11,703 [INFO  ] Log - >> Request PayLoad Created with all keys, with bank_country_code value is XT

    Request Payload : {
        "payment_methods": ["SWIFT"],
        "beneficiary": {
            "address": {
                "country_code": "US",
                "street_address": "412 5th Avenue",
                "city": "Seattle",
                "postcode": "98104",
                "state": "Washington"
            },
            "entity_type": "COMPANY",
            "additional_info": {"personal_email": "john.walker@gmail.com"},
            "bank_details": {
                "account_number": "502231121",
                "account_currency": "USD",
                "bank_country_code": "XT",
                "swift_code": "CHASUS33",
                "account_name": "John Walker",
                "bank_name": "JP Morgan Chase Bank",
                "account_routing_value1": "907765701",
                "account_routing_type1": "aba"
            },
            "company_name": "ABC University"
        },
        "nickname": "ABC University",
        "payer_entity_type": "PERSONAL"
    }

  &amp#27;[32mAnd &amp#27;[0m&amp#27;[32mI create request payload with valid data for all keys with &amp#27;[0m&amp#27;[32m&amp#27;[1m"bank_country_code"&amp#27;[0m&amp#27;[32m is &amp#27;[0m&amp#27;[32m&amp#27;[1m"XT"&amp#27;[0m                      &amp#27;[90m# stepDefinitions.Generic_Steps.i_create_request_payload_with_valid_data_for_all_keys_with_bank_country_code_is(java.lang.String,java.lang.String)&amp#27;[0m
2021-08-23 10:55:12,078 [INFO  ] Log - >> Request PayLoad is posted

    Response : {
        "code": "invalid_argument",
        "message": "XT is not a valid type",
        "source": "beneficiary.bank_details.bank_country_code"
    }

  &amp#27;[32mWhen &amp#27;[0m&amp#27;[32mI perform post on CreateBeneficiary endpoint&amp#27;[0m                                                               &amp#27;[90m# stepDefinitions.Generic_Steps.i_perform_post_on_create_beneficiary_endpoint()&amp#27;[0m
2021-08-23 10:55:12,084 [INFO  ] Log - >> Response status code is 400
  &amp#27;[32mThen &amp#27;[0m&amp#27;[32mResponse status code is &amp#27;[0m&amp#27;[32m&amp#27;[1m400&amp#27;[0m                                                                                &amp#27;[90m# stepDefinitions.Generic_Steps.response_status_code_is(java.lang.Integer)&amp#27;[0m
2021-08-23 10:55:12,089 [INFO  ] Log - >> Response status line is HTTP/1.1 400 Bad Request
  &amp#27;[32mAnd &amp#27;[0m&amp#27;[32mResponse status line is &amp#27;[0m&amp#27;[32m&amp#27;[1m"Bad Request"&amp#27;[0m                                                                       &amp#27;[90m# stepDefinitions.Generic_Steps.response_status_line_is(java.lang.String)&amp#27;[0m
2021-08-23 10:55:12,114 [INFO  ] Log - >> Response code contains value invalid_argument
  &amp#27;[32mAnd &amp#27;[0m&amp#27;[32mResponse &amp#27;[0m&amp#27;[32m&amp#27;[1m"code"&amp#27;[0m&amp#27;[32m has value &amp#27;[0m&amp#27;[32m&amp#27;[1m"invalid_argument"&amp#27;[0m                                                                &amp#27;[90m# stepDefinitions.Generic_Steps.response_contains_value(java.lang.String,java.lang.String)&amp#27;[0m
2021-08-23 10:55:12,138 [INFO  ] Log - >> Response message contains value XT is not a valid type
  &amp#27;[32mAnd &amp#27;[0m&amp#27;[32mResponse &amp#27;[0m&amp#27;[32m&amp#27;[1m"message"&amp#27;[0m&amp#27;[32m has value &amp#27;[0m&amp#27;[32m&amp#27;[1m"XT is not a valid type"&amp#27;[0m                                                       &amp#27;[90m# stepDefinitions.Generic_Steps.response_contains_value(java.lang.String,java.lang.String)&amp#27;[0m
2021-08-23 10:55:12,162 [INFO  ] Log - >> Response source contains value beneficiary.bank_details.bank_country_code
  &amp#27;[32mAnd &amp#27;[0m&amp#27;[32mResponse &amp#27;[0m&amp#27;[32m&amp#27;[1m"source"&amp#27;[0m&amp#27;[32m has value &amp#27;[0m&amp#27;[32m&amp#27;[1m"beneficiary.bank_details.bank_country_code"&amp#27;[0m                                    &amp#27;[90m# stepDefinitions.Generic_Steps.response_contains_value(java.lang.String,java.lang.String)&amp#27;[0m
]]></system-out>
  </testcase>
  <testcase name="runScenario[&quot;Validates beneficiary is not added when Bank_Country_Code as per &apos;ISO 3166-2&apos; standard but invalid for Airwallex&quot;, &quot;Optional[Validates bank_country_code in BankDetails]&quot;](40)" classname="cucumber.Options.RunCucumberTests" time="1.053">
    <system-out><![CDATA[
Scenario Outline: Validates beneficiary is not added when Bank_Country_Code as per 'ISO 3166-2' standard but invalid for Airwallex                                                                                                                                                                                                                                                                                                                                                                                                                                                                                            &amp#27;[90m# src/test/resources/features/Bank_CountryCode.feature:67&amp#27;[0m
2021-08-23 10:55:12,191 [INFO  ] Log - -----------------------------------------------------------------------------------------
2021-08-23 10:55:12,192 [INFO  ] Log - >> Validates beneficiary is not added when Bank_Country_Code as per 'ISO 3166-2' standard but invalid for Airwallex
2021-08-23 10:55:12,192 [INFO  ] Log - -----------------------------------------------------------------------------------------
2021-08-23 10:55:12,705 [INFO  ] Log - >> Token Created
  &amp#27;[32mGiven &amp#27;[0m&amp#27;[32mI am authorized user&amp#27;[0m                                                                                                                                                                                                                                                                                                                                                                                                                                                                                                                                                                                                  &amp#27;[90m# stepDefinitions.Generic_Steps.i_am_authorized_user()&amp#27;[0m
2021-08-23 10:55:12,706 [INFO  ] Log - >> Request PayLoad Created with all keys, with bank_country_code value is AX

    Request Payload : {
        "payment_methods": ["SWIFT"],
        "beneficiary": {
            "address": {
                "country_code": "US",
                "street_address": "412 5th Avenue",
                "city": "Seattle",
                "postcode": "98104",
                "state": "Washington"
            },
            "entity_type": "COMPANY",
            "additional_info": {"personal_email": "john.walker@gmail.com"},
            "bank_details": {
                "account_number": "502231121",
                "account_currency": "USD",
                "bank_country_code": "AX",
                "swift_code": "CHASUS33",
                "account_name": "John Walker",
                "bank_name": "JP Morgan Chase Bank",
                "account_routing_value1": "907765701",
                "account_routing_type1": "aba"
            },
            "company_name": "ABC University"
        },
        "nickname": "ABC University",
        "payer_entity_type": "PERSONAL"
    }

  &amp#27;[32mAnd &amp#27;[0m&amp#27;[32mI create request payload with valid data for all keys with &amp#27;[0m&amp#27;[32m&amp#27;[1m"bank_country_code"&amp#27;[0m&amp#27;[32m is &amp#27;[0m&amp#27;[32m&amp#27;[1m"AX"&amp#27;[0m                                                                                                                                                                                                                                                                                                                                                                                                                                                                                                                                  &amp#27;[90m# stepDefinitions.Generic_Steps.i_create_request_payload_with_valid_data_for_all_keys_with_bank_country_code_is(java.lang.String,java.lang.String)&amp#27;[0m
2021-08-23 10:55:13,100 [INFO  ] Log - >> Request PayLoad is posted

    Response : {
        "code": "payment_schema_validation_failed",
        "message": "Should be one of the following: [AD, AE, AG, AI, AL, AM, AN, AO, AR, AT, AU, AW, AZ, BA, BD, BE, BG, BH, BO, BR, BZ, CA, CH, CL, CN, CO, CR, CW, CY, CZ, DE, DK, DM, DO, DZ, EC, EE, EG, ES, FI, FJ, FR, GB, GD, GE, GG, GI, GQ, GR, GT, GY, HK, HN, HR, HU, ID, IE, IL, IM, IN, IS, IT, JE, JM, JO, JP, KE, KG, KH, KR, KZ, KW, LI, LK, LT, LU, LV, MA, MC, MD, ME, MK, MO, MQ, MT, MU, MV, MX, MY, NA, NG, NL, NO, NP, NZ, OM, PA, PE, PF, PH, PK, PL, PM, PR, PT, PY, QA, RO, RS, RU, SA, SC, SE, SG, SI, SK, SM, SV, TH, TJ, TN, TR, TZ, TW, UA, UG, US, UY, UZ, VN, VU, YT, ZA, ZM]",
        "source": "beneficiary.bank_details.bank_country_code"
    }

  &amp#27;[32mWhen &amp#27;[0m&amp#27;[32mI perform post on CreateBeneficiary endpoint&amp#27;[0m                                                                                                                                                                                                                                                                                                                                                                                                                                                                                                                                                                           &amp#27;[90m# stepDefinitions.Generic_Steps.i_perform_post_on_create_beneficiary_endpoint()&amp#27;[0m
2021-08-23 10:55:13,102 [INFO  ] Log - >> Response status code is 400
  &amp#27;[32mThen &amp#27;[0m&amp#27;[32mResponse status code is &amp#27;[0m&amp#27;[32m&amp#27;[1m400&amp#27;[0m                                                                                                                                                                                                                                                                                                                                                                                                                                                                                                                                                                                            &amp#27;[90m# stepDefinitions.Generic_Steps.response_status_code_is(java.lang.Integer)&amp#27;[0m
2021-08-23 10:55:13,103 [INFO  ] Log - >> Response status line is HTTP/1.1 400 Bad Request
  &amp#27;[32mAnd &amp#27;[0m&amp#27;[32mResponse status line is &amp#27;[0m&amp#27;[32m&amp#27;[1m"Bad Request"&amp#27;[0m                                                                                                                                                                                                                                                                                                                                                                                                                                                                                                                                                                                   &amp#27;[90m# stepDefinitions.Generic_Steps.response_status_line_is(java.lang.String)&amp#27;[0m
2021-08-23 10:55:13,118 [INFO  ] Log - >> Response code contains value payment_schema_validation_failed
  &amp#27;[32mAnd &amp#27;[0m&amp#27;[32mResponse &amp#27;[0m&amp#27;[32m&amp#27;[1m"code"&amp#27;[0m&amp#27;[32m has value &amp#27;[0m&amp#27;[32m&amp#27;[1m"payment_schema_validation_failed"&amp#27;[0m                                                                                                                                                                                                                                                                                                                                                                                                                                                                                                                                                            &amp#27;[90m# stepDefinitions.Generic_Steps.response_contains_value(java.lang.String,java.lang.String)&amp#27;[0m
2021-08-23 10:55:13,148 [INFO  ] Log - >> Response message contains value Should be one of the following: [AD, AE, AG, AI, AL, AM, AN, AO, AR, AT, AU, AW, AZ, BA, BD, BE, BG, BH, BO, BR, BZ, CA, CH, CL, CN, CO, CR, CW, CY, CZ, DE, DK, DM, DO, DZ, EC, EE, EG, ES, FI, FJ, FR, GB, GD, GE, GG, GI, GQ, GR, GT, GY, HK, HN, HR, HU, ID, IE, IL, IM, IN, IS, IT, JE, JM, JO, JP, KE, KG, KH, KR, KZ, KW, LI, LK, LT, LU, LV, MA, MC, MD, ME, MK, MO, MQ, MT, MU, MV, MX, MY, NA, NG, NL, NO, NP, NZ, OM, PA, PE, PF, PH, PK, PL, PM, PR, PT, PY, QA, RO, RS, RU, SA, SC, SE, SG, SI, SK, SM, SV, TH, TJ, TN, TR, TZ, TW, UA, UG, US, UY, UZ, VN, VU, YT, ZA, ZM]
  &amp#27;[32mAnd &amp#27;[0m&amp#27;[32mResponse &amp#27;[0m&amp#27;[32m&amp#27;[1m"message"&amp#27;[0m&amp#27;[32m has value &amp#27;[0m&amp#27;[32m&amp#27;[1m"Should be one of the following: [AD, AE, AG, AI, AL, AM, AN, AO, AR, AT, AU, AW, AZ, BA, BD, BE, BG, BH, BO, BR, BZ, CA, CH, CL, CN, CO, CR, CW, CY, CZ, DE, DK, DM, DO, DZ, EC, EE, EG, ES, FI, FJ, FR, GB, GD, GE, GG, GI, GQ, GR, GT, GY, HK, HN, HR, HU, ID, IE, IL, IM, IN, IS, IT, JE, JM, JO, JP, KE, KG, KH, KR, KZ, KW, LI, LK, LT, LU, LV, MA, MC, MD, ME, MK, MO, MQ, MT, MU, MV, MX, MY, NA, NG, NL, NO, NP, NZ, OM, PA, PE, PF, PH, PK, PL, PM, PR, PT, PY, QA, RO, RS, RU, SA, SC, SE, SG, SI, SK, SM, SV, TH, TJ, TN, TR, TZ, TW, UA, UG, US, UY, UZ, VN, VU, YT, ZA, ZM]"&amp#27;[0m &amp#27;[90m# stepDefinitions.Generic_Steps.response_contains_value(java.lang.String,java.lang.String)&amp#27;[0m
2021-08-23 10:55:13,176 [INFO  ] Log - >> Response source contains value beneficiary.bank_details.bank_country_code
  &amp#27;[32mAnd &amp#27;[0m&amp#27;[32mResponse &amp#27;[0m&amp#27;[32m&amp#27;[1m"source"&amp#27;[0m&amp#27;[32m has value &amp#27;[0m&amp#27;[32m&amp#27;[1m"beneficiary.bank_details.bank_country_code"&amp#27;[0m                                                                                                                                                                                                                                                                                                                                                                                                                                                                                                                                                &amp#27;[90m# stepDefinitions.Generic_Steps.response_contains_value(java.lang.String,java.lang.String)&amp#27;[0m
]]></system-out>
  </testcase>
  <testcase name="runScenario[&quot;Validates beneficiary is not added when Bank_Country_Code as per &apos;ISO 3166-2&apos; standard but invalid for Airwallex&quot;, &quot;Optional[Validates bank_country_code in BankDetails]&quot;](41)" classname="cucumber.Options.RunCucumberTests" time="0.992">
    <system-out><![CDATA[
Scenario Outline: Validates beneficiary is not added when Bank_Country_Code as per 'ISO 3166-2' standard but invalid for Airwallex                                                                                                                                                                                                                                                                                                                                                                                                                                                                                            &amp#27;[90m# src/test/resources/features/Bank_CountryCode.feature:68&amp#27;[0m
2021-08-23 10:55:13,206 [INFO  ] Log - -----------------------------------------------------------------------------------------
2021-08-23 10:55:13,206 [INFO  ] Log - >> Validates beneficiary is not added when Bank_Country_Code as per 'ISO 3166-2' standard but invalid for Airwallex
2021-08-23 10:55:13,206 [INFO  ] Log - -----------------------------------------------------------------------------------------
2021-08-23 10:55:13,732 [INFO  ] Log - >> Token Created
  &amp#27;[32mGiven &amp#27;[0m&amp#27;[32mI am authorized user&amp#27;[0m                                                                                                                                                                                                                                                                                                                                                                                                                                                                                                                                                                                                  &amp#27;[90m# stepDefinitions.Generic_Steps.i_am_authorized_user()&amp#27;[0m
2021-08-23 10:55:13,733 [INFO  ] Log - >> Request PayLoad Created with all keys, with bank_country_code value is CC

    Request Payload : {
        "payment_methods": ["SWIFT"],
        "beneficiary": {
            "address": {
                "country_code": "US",
                "street_address": "412 5th Avenue",
                "city": "Seattle",
                "postcode": "98104",
                "state": "Washington"
            },
            "entity_type": "COMPANY",
            "additional_info": {"personal_email": "john.walker@gmail.com"},
            "bank_details": {
                "account_number": "502231121",
                "account_currency": "USD",
                "bank_country_code": "CC",
                "swift_code": "CHASUS33",
                "account_name": "John Walker",
                "bank_name": "JP Morgan Chase Bank",
                "account_routing_value1": "907765701",
                "account_routing_type1": "aba"
            },
            "company_name": "ABC University"
        },
        "nickname": "ABC University",
        "payer_entity_type": "PERSONAL"
    }

  &amp#27;[32mAnd &amp#27;[0m&amp#27;[32mI create request payload with valid data for all keys with &amp#27;[0m&amp#27;[32m&amp#27;[1m"bank_country_code"&amp#27;[0m&amp#27;[32m is &amp#27;[0m&amp#27;[32m&amp#27;[1m"CC"&amp#27;[0m                                                                                                                                                                                                                                                                                                                                                                                                                                                                                                                                  &amp#27;[90m# stepDefinitions.Generic_Steps.i_create_request_payload_with_valid_data_for_all_keys_with_bank_country_code_is(java.lang.String,java.lang.String)&amp#27;[0m
2021-08-23 10:55:14,103 [INFO  ] Log - >> Request PayLoad is posted

    Response : {
        "code": "payment_schema_validation_failed",
        "message": "Should be one of the following: [AD, AE, AG, AI, AL, AM, AN, AO, AR, AT, AU, AW, AZ, BA, BD, BE, BG, BH, BO, BR, BZ, CA, CH, CL, CN, CO, CR, CW, CY, CZ, DE, DK, DM, DO, DZ, EC, EE, EG, ES, FI, FJ, FR, GB, GD, GE, GG, GI, GQ, GR, GT, GY, HK, HN, HR, HU, ID, IE, IL, IM, IN, IS, IT, JE, JM, JO, JP, KE, KG, KH, KR, KZ, KW, LI, LK, LT, LU, LV, MA, MC, MD, ME, MK, MO, MQ, MT, MU, MV, MX, MY, NA, NG, NL, NO, NP, NZ, OM, PA, PE, PF, PH, PK, PL, PM, PR, PT, PY, QA, RO, RS, RU, SA, SC, SE, SG, SI, SK, SM, SV, TH, TJ, TN, TR, TZ, TW, UA, UG, US, UY, UZ, VN, VU, YT, ZA, ZM]",
        "source": "beneficiary.bank_details.bank_country_code"
    }

  &amp#27;[32mWhen &amp#27;[0m&amp#27;[32mI perform post on CreateBeneficiary endpoint&amp#27;[0m                                                                                                                                                                                                                                                                                                                                                                                                                                                                                                                                                                           &amp#27;[90m# stepDefinitions.Generic_Steps.i_perform_post_on_create_beneficiary_endpoint()&amp#27;[0m
2021-08-23 10:55:14,105 [INFO  ] Log - >> Response status code is 400
  &amp#27;[32mThen &amp#27;[0m&amp#27;[32mResponse status code is &amp#27;[0m&amp#27;[32m&amp#27;[1m400&amp#27;[0m                                                                                                                                                                                                                                                                                                                                                                                                                                                                                                                                                                                            &amp#27;[90m# stepDefinitions.Generic_Steps.response_status_code_is(java.lang.Integer)&amp#27;[0m
2021-08-23 10:55:14,106 [INFO  ] Log - >> Response status line is HTTP/1.1 400 Bad Request
  &amp#27;[32mAnd &amp#27;[0m&amp#27;[32mResponse status line is &amp#27;[0m&amp#27;[32m&amp#27;[1m"Bad Request"&amp#27;[0m                                                                                                                                                                                                                                                                                                                                                                                                                                                                                                                                                                                   &amp#27;[90m# stepDefinitions.Generic_Steps.response_status_line_is(java.lang.String)&amp#27;[0m
2021-08-23 10:55:14,122 [INFO  ] Log - >> Response code contains value payment_schema_validation_failed
  &amp#27;[32mAnd &amp#27;[0m&amp#27;[32mResponse &amp#27;[0m&amp#27;[32m&amp#27;[1m"code"&amp#27;[0m&amp#27;[32m has value &amp#27;[0m&amp#27;[32m&amp#27;[1m"payment_schema_validation_failed"&amp#27;[0m                                                                                                                                                                                                                                                                                                                                                                                                                                                                                                                                                            &amp#27;[90m# stepDefinitions.Generic_Steps.response_contains_value(java.lang.String,java.lang.String)&amp#27;[0m
2021-08-23 10:55:14,149 [INFO  ] Log - >> Response message contains value Should be one of the following: [AD, AE, AG, AI, AL, AM, AN, AO, AR, AT, AU, AW, AZ, BA, BD, BE, BG, BH, BO, BR, BZ, CA, CH, CL, CN, CO, CR, CW, CY, CZ, DE, DK, DM, DO, DZ, EC, EE, EG, ES, FI, FJ, FR, GB, GD, GE, GG, GI, GQ, GR, GT, GY, HK, HN, HR, HU, ID, IE, IL, IM, IN, IS, IT, JE, JM, JO, JP, KE, KG, KH, KR, KZ, KW, LI, LK, LT, LU, LV, MA, MC, MD, ME, MK, MO, MQ, MT, MU, MV, MX, MY, NA, NG, NL, NO, NP, NZ, OM, PA, PE, PF, PH, PK, PL, PM, PR, PT, PY, QA, RO, RS, RU, SA, SC, SE, SG, SI, SK, SM, SV, TH, TJ, TN, TR, TZ, TW, UA, UG, US, UY, UZ, VN, VU, YT, ZA, ZM]
  &amp#27;[32mAnd &amp#27;[0m&amp#27;[32mResponse &amp#27;[0m&amp#27;[32m&amp#27;[1m"message"&amp#27;[0m&amp#27;[32m has value &amp#27;[0m&amp#27;[32m&amp#27;[1m"Should be one of the following: [AD, AE, AG, AI, AL, AM, AN, AO, AR, AT, AU, AW, AZ, BA, BD, BE, BG, BH, BO, BR, BZ, CA, CH, CL, CN, CO, CR, CW, CY, CZ, DE, DK, DM, DO, DZ, EC, EE, EG, ES, FI, FJ, FR, GB, GD, GE, GG, GI, GQ, GR, GT, GY, HK, HN, HR, HU, ID, IE, IL, IM, IN, IS, IT, JE, JM, JO, JP, KE, KG, KH, KR, KZ, KW, LI, LK, LT, LU, LV, MA, MC, MD, ME, MK, MO, MQ, MT, MU, MV, MX, MY, NA, NG, NL, NO, NP, NZ, OM, PA, PE, PF, PH, PK, PL, PM, PR, PT, PY, QA, RO, RS, RU, SA, SC, SE, SG, SI, SK, SM, SV, TH, TJ, TN, TR, TZ, TW, UA, UG, US, UY, UZ, VN, VU, YT, ZA, ZM]"&amp#27;[0m &amp#27;[90m# stepDefinitions.Generic_Steps.response_contains_value(java.lang.String,java.lang.String)&amp#27;[0m
2021-08-23 10:55:14,174 [INFO  ] Log - >> Response source contains value beneficiary.bank_details.bank_country_code
  &amp#27;[32mAnd &amp#27;[0m&amp#27;[32mResponse &amp#27;[0m&amp#27;[32m&amp#27;[1m"source"&amp#27;[0m&amp#27;[32m has value &amp#27;[0m&amp#27;[32m&amp#27;[1m"beneficiary.bank_details.bank_country_code"&amp#27;[0m                                                                                                                                                                                                                                                                                                                                                                                                                                                                                                                                                &amp#27;[90m# stepDefinitions.Generic_Steps.response_contains_value(java.lang.String,java.lang.String)&amp#27;[0m
]]></system-out>
  </testcase>
  <testcase name="runScenario[&quot;Validates beneficiary is added when Bank_Country_Code is valid but in small case US&quot;, &quot;Optional[Validates bank_country_code in BankDetails]&quot;](42)" classname="cucumber.Options.RunCucumberTests" time="0.848">
    <system-out><![CDATA[
@PositiveScenarios
Scenario Outline: Validates beneficiary is added when Bank_Country_Code is valid but in small case US               &amp#27;[90m# src/test/resources/features/Bank_CountryCode.feature:79&amp#27;[0m
2021-08-23 10:55:14,197 [INFO  ] Log - -----------------------------------------------------------------------------------------
2021-08-23 10:55:14,197 [INFO  ] Log - >> Validates beneficiary is added when Bank_Country_Code is valid but in small case US
2021-08-23 10:55:14,197 [INFO  ] Log - -----------------------------------------------------------------------------------------
2021-08-23 10:55:14,625 [INFO  ] Log - >> Token Created
  &amp#27;[32mGiven &amp#27;[0m&amp#27;[32mI am authorized user&amp#27;[0m                                                                                        &amp#27;[90m# stepDefinitions.Generic_Steps.i_am_authorized_user()&amp#27;[0m
2021-08-23 10:55:14,626 [INFO  ] Log - >> Request PayLoad Created

    Request Payload : {
        "payment_methods": ["SWIFT"],
        "beneficiary": {
            "address": {
                "country_code": "US",
                "street_address": "412 5th Avenue",
                "city": "Seattle",
                "postcode": "98104",
                "state": "Washington"
            },
            "entity_type": "COMPANY",
            "additional_info": {"personal_email": "john.walker@gmail.com"},
            "bank_details": {
                "account_number": "502231121",
                "account_currency": "USD",
                "bank_country_code": "US",
                "swift_code": "CHASUS33",
                "account_name": "John Walker",
                "bank_name": "JP Morgan Chase Bank",
                "account_routing_value1": "907765701",
                "account_routing_type1": "aba"
            },
            "company_name": "ABC University"
        },
        "nickname": "ABC University",
        "payer_entity_type": "PERSONAL"
    }

  &amp#27;[32mAnd &amp#27;[0m&amp#27;[32mI create request payload with valid data for all keys with &amp#27;[0m&amp#27;[32m&amp#27;[1m"country code"&amp#27;[0m&amp#27;[32m is &amp#27;[0m&amp#27;[32m&amp#27;[1m"US"&amp#27;[0m&amp#27;[32m &amp#27;[0m&amp#27;[32m&amp#27;[1m"bank_country_code"&amp#27;[0m&amp#27;[32m is &amp#27;[0m&amp#27;[32m&amp#27;[1m"US"&amp#27;[0m &amp#27;[90m# stepDefinitions.Generic_Steps.i_create_request_payload_with_valid_data_for_all_keys_with_is_is(java.lang.String,java.lang.String,java.lang.String,java.lang.String)&amp#27;[0m
2021-08-23 10:55:15,048 [INFO  ] Log - >> Request PayLoad is posted

    Response : {
        "beneficiary": {
            "additional_info": {
                "personal_email": "john.walker@gmail.com"
            },
            "address": {
                "city": "Seattle",
                "country_code": "US",
                "postcode": "98104",
                "state": "Washington",
                "street_address": "412 5th Avenue"
            },
            "bank_details": {
                "account_currency": "USD",
                "account_name": "John Walker",
                "account_number": "502231121",
                "account_routing_type1": "aba",
                "account_routing_value1": "907765701",
                "bank_country_code": "US",
                "bank_name": "JP Morgan Chase Bank",
                "swift_code": "CHASUS33"
            },
            "company_name": "ABC University",
            "entity_type": "COMPANY"
        },
        "beneficiary_id": "3654ccf1-4030-43e8-a8b7-b90ee7d7bce6",
        "nickname": "ABC University",
        "payer_entity_type": "PERSONAL",
        "payment_methods": [
            "SWIFT"
        ]
    }

  &amp#27;[32mWhen &amp#27;[0m&amp#27;[32mI perform post on CreateBeneficiary endpoint&amp#27;[0m                                                                 &amp#27;[90m# stepDefinitions.Generic_Steps.i_perform_post_on_create_beneficiary_endpoint()&amp#27;[0m
2021-08-23 10:55:15,050 [INFO  ] Log - >> Response status code is 201
  &amp#27;[32mThen &amp#27;[0m&amp#27;[32mResponse status code is &amp#27;[0m&amp#27;[32m&amp#27;[1m201&amp#27;[0m                                                                                  &amp#27;[90m# stepDefinitions.Generic_Steps.response_status_code_is(java.lang.Integer)&amp#27;[0m
2021-08-23 10:55:15,051 [INFO  ] Log - >> Response status line is HTTP/1.1 201 Created
  &amp#27;[32mAnd &amp#27;[0m&amp#27;[32mResponse status line is &amp#27;[0m&amp#27;[32m&amp#27;[1m"Created"&amp#27;[0m                                                                             &amp#27;[90m# stepDefinitions.Generic_Steps.response_status_line_is(java.lang.String)&amp#27;[0m
]]></system-out>
  </testcase>
  <testcase name="runScenario[&quot;Validates beneficiary is added when Bank_Country_Code is valid but in small case AU&quot;, &quot;Optional[Validates bank_country_code in BankDetails]&quot;](43)" classname="cucumber.Options.RunCucumberTests" time="0.962">
    <system-out><![CDATA[
@PositiveScenarios
Scenario Outline: Validates beneficiary is added when Bank_Country_Code is valid but in small case AU               &amp#27;[90m# src/test/resources/features/Bank_CountryCode.feature:80&amp#27;[0m
2021-08-23 10:55:15,061 [INFO  ] Log - -----------------------------------------------------------------------------------------
2021-08-23 10:55:15,061 [INFO  ] Log - >> Validates beneficiary is added when Bank_Country_Code is valid but in small case AU
2021-08-23 10:55:15,061 [INFO  ] Log - -----------------------------------------------------------------------------------------
2021-08-23 10:55:15,570 [INFO  ] Log - >> Token Created
  &amp#27;[32mGiven &amp#27;[0m&amp#27;[32mI am authorized user&amp#27;[0m                                                                                        &amp#27;[90m# stepDefinitions.Generic_Steps.i_am_authorized_user()&amp#27;[0m
2021-08-23 10:55:15,572 [INFO  ] Log - >> Request PayLoad Created

    Request Payload : {
        "payment_methods": ["SWIFT"],
        "beneficiary": {
            "address": {
                "country_code": "AU",
                "street_address": "412 5th Avenue",
                "city": "Seattle",
                "postcode": "98104",
                "state": "Washington"
            },
            "entity_type": "COMPANY",
            "additional_info": {"personal_email": "john.walker@gmail.com"},
            "bank_details": {
                "account_number": "12750852",
                "account_currency": "AUD",
                "bank_country_code": "AU",
                "swift_code": "CTBAAU2S",
                "account_name": "Lee Da Ming",
                "iban": "ES8023100001180000012345",
                "bank_name": "National Australia Bank",
                "account_routing_value1": "083064",
                "transaction_reference": "4140110135",
                "local_clearing_system": "ACH",
                "account_routing_type1": "bsb"
            },
            "company_name": "ABC University"
        },
        "nickname": "ABC University",
        "payer_entity_type": "PERSONAL"
    }

  &amp#27;[32mAnd &amp#27;[0m&amp#27;[32mI create request payload with valid data for all keys with &amp#27;[0m&amp#27;[32m&amp#27;[1m"country code"&amp#27;[0m&amp#27;[32m is &amp#27;[0m&amp#27;[32m&amp#27;[1m"AU"&amp#27;[0m&amp#27;[32m &amp#27;[0m&amp#27;[32m&amp#27;[1m"bank_country_code"&amp#27;[0m&amp#27;[32m is &amp#27;[0m&amp#27;[32m&amp#27;[1m"AU"&amp#27;[0m &amp#27;[90m# stepDefinitions.Generic_Steps.i_create_request_payload_with_valid_data_for_all_keys_with_is_is(java.lang.String,java.lang.String,java.lang.String,java.lang.String)&amp#27;[0m
2021-08-23 10:55:15,975 [INFO  ] Log - >> Request PayLoad is posted

    Response : {
        "beneficiary": {
            "additional_info": {
                "personal_email": "john.walker@gmail.com"
            },
            "address": {
                "city": "Seattle",
                "country_code": "AU",
                "postcode": "98104",
                "state": "Washington",
                "street_address": "412 5th Avenue"
            },
            "bank_details": {
                "account_currency": "AUD",
                "account_name": "Lee Da Ming",
                "account_number": "12750852",
                "account_routing_type1": "bsb",
                "account_routing_value1": "083064",
                "bank_country_code": "AU",
                "bank_name": "National Australia Bank",
                "iban": "ES8023100001180000012345",
                "swift_code": "CTBAAU2S"
            },
            "company_name": "ABC University",
            "entity_type": "COMPANY"
        },
        "beneficiary_id": "b83cec33-6a65-4b96-8c58-e2a7eeff7010",
        "nickname": "ABC University",
        "payer_entity_type": "PERSONAL",
        "payment_methods": [
            "SWIFT"
        ]
    }

  &amp#27;[32mWhen &amp#27;[0m&amp#27;[32mI perform post on CreateBeneficiary endpoint&amp#27;[0m                                                                 &amp#27;[90m# stepDefinitions.Generic_Steps.i_perform_post_on_create_beneficiary_endpoint()&amp#27;[0m
2021-08-23 10:55:15,978 [INFO  ] Log - >> Response status code is 201
  &amp#27;[32mThen &amp#27;[0m&amp#27;[32mResponse status code is &amp#27;[0m&amp#27;[32m&amp#27;[1m201&amp#27;[0m                                                                                  &amp#27;[90m# stepDefinitions.Generic_Steps.response_status_code_is(java.lang.Integer)&amp#27;[0m
2021-08-23 10:55:15,978 [INFO  ] Log - >> Response status line is HTTP/1.1 201 Created
  &amp#27;[32mAnd &amp#27;[0m&amp#27;[32mResponse status line is &amp#27;[0m&amp#27;[32m&amp#27;[1m"Created"&amp#27;[0m                                                                             &amp#27;[90m# stepDefinitions.Generic_Steps.response_status_line_is(java.lang.String)&amp#27;[0m
]]></system-out>
  </testcase>
  <testcase name="runScenario[&quot;Validates error response is received when Payload field payment_method is missing&quot;, &quot;Optional[Validates Payment_Method in BankDetails]&quot;](44)" classname="cucumber.Options.RunCucumberTests" time="0.883">
    <system-out><![CDATA[
@SchemaValidation
Scenario: Validates error response is received when Payload field payment_method is missing &amp#27;[90m# src/test/resources/features/Payment_method.feature:7&amp#27;[0m
2021-08-23 10:55:15,990 [INFO  ] Log - -----------------------------------------------------------------------------------------
2021-08-23 10:55:15,990 [INFO  ] Log - >> Validates error response is received when Payload field payment_method is missing
2021-08-23 10:55:15,991 [INFO  ] Log - -----------------------------------------------------------------------------------------
2021-08-23 10:55:16,493 [INFO  ] Log - >> Token Created
  &amp#27;[32mGiven &amp#27;[0m&amp#27;[32mI am authorized user&amp#27;[0m                                                                &amp#27;[90m# stepDefinitions.Generic_Steps.i_am_authorized_user()&amp#27;[0m
2021-08-23 10:55:16,494 [INFO  ] Log - >> Request PayLoad Created with all keys, except without payment_methods Code key

    Request Payload : {
        "beneficiary": {
            "address": {
                "country_code": "US",
                "street_address": "412 5th Avenue",
                "city": "Seattle",
                "postcode": "98104",
                "state": "Washington"
            },
            "entity_type": "COMPANY",
            "additional_info": {"personal_email": "john.walker@gmail.com"},
            "bank_details": {
                "account_number": "502231121",
                "account_currency": "USD",
                "bank_country_code": "US",
                "swift_code": "CHASUS33",
                "account_name": "John Walker",
                "bank_name": "JP Morgan Chase Bank",
                "account_routing_value1": "907765701",
                "account_routing_type1": "aba"
            },
            "company_name": "ABC University"
        },
        "nickname": "ABC University",
        "payer_entity_type": "PERSONAL"
    }

  &amp#27;[32mAnd &amp#27;[0m&amp#27;[32mI create request payload with valid data for all keys without &amp#27;[0m&amp#27;[32m&amp#27;[1m"payment_methods"&amp#27;[0m       &amp#27;[90m# stepDefinitions.Generic_Steps.i_create_request_payload_with_valid_data_for_all_keys_without_bank_country_code(java.lang.String)&amp#27;[0m
2021-08-23 10:55:16,889 [INFO  ] Log - >> Request PayLoad is posted

    Response : {
        "code": "field_required",
        "message": "must not be null",
        "source": "payment_methods"
    }

  &amp#27;[32mWhen &amp#27;[0m&amp#27;[32mI perform post on CreateBeneficiary endpoint&amp#27;[0m                                         &amp#27;[90m# stepDefinitions.Generic_Steps.i_perform_post_on_create_beneficiary_endpoint()&amp#27;[0m
2021-08-23 10:55:16,891 [INFO  ] Log - >> Response status code is 400
  &amp#27;[32mThen &amp#27;[0m&amp#27;[32mResponse status code is &amp#27;[0m&amp#27;[32m&amp#27;[1m400&amp#27;[0m                                                          &amp#27;[90m# stepDefinitions.Generic_Steps.response_status_code_is(java.lang.Integer)&amp#27;[0m
2021-08-23 10:55:16,891 [INFO  ] Log - >> Response status line is HTTP/1.1 400 Bad Request
  &amp#27;[32mAnd &amp#27;[0m&amp#27;[32mResponse status line is &amp#27;[0m&amp#27;[32m&amp#27;[1m"Bad Request"&amp#27;[0m                                                 &amp#27;[90m# stepDefinitions.Generic_Steps.response_status_line_is(java.lang.String)&amp#27;[0m
]]></system-out>
  </testcase>
  <testcase name="runScenario[&quot;Validates error response is received when Payload field payment_method value is Empty&quot;, &quot;Optional[Validates Payment_Method in BankDetails]&quot;](45)" classname="cucumber.Options.RunCucumberTests" time="0.995">
    <system-out><![CDATA[
@SchemaValidation
Scenario: Validates error response is received when Payload field payment_method value is Empty               &amp#27;[90m# src/test/resources/features/Payment_method.feature:14&amp#27;[0m
2021-08-23 10:55:16,907 [INFO  ] Log - -----------------------------------------------------------------------------------------
2021-08-23 10:55:16,907 [INFO  ] Log - >> Validates error response is received when Payload field payment_method value is Empty
2021-08-23 10:55:16,908 [INFO  ] Log - -----------------------------------------------------------------------------------------
2021-08-23 10:55:17,418 [INFO  ] Log - >> Token Created
  &amp#27;[32mGiven &amp#27;[0m&amp#27;[32mI am authorized user&amp#27;[0m                                                                                  &amp#27;[90m# stepDefinitions.Generic_Steps.i_am_authorized_user()&amp#27;[0m
2021-08-23 10:55:17,419 [INFO  ] Log - >> Request PayLoad Created with all keys, with payment_methods value is Empty

    Request Payload : {
        "payment_methods": [""],
        "beneficiary": {
            "address": {
                "country_code": "US",
                "street_address": "412 5th Avenue",
                "city": "Seattle",
                "postcode": "98104",
                "state": "Washington"
            },
            "entity_type": "COMPANY",
            "additional_info": {"personal_email": "john.walker@gmail.com"},
            "bank_details": {
                "account_number": "502231121",
                "account_currency": "USD",
                "bank_country_code": "US",
                "swift_code": "CHASUS33",
                "account_name": "John Walker",
                "bank_name": "JP Morgan Chase Bank",
                "account_routing_value1": "907765701",
                "account_routing_type1": "aba"
            },
            "company_name": "ABC University"
        },
        "nickname": "ABC University",
        "payer_entity_type": "PERSONAL"
    }

  &amp#27;[32mAnd &amp#27;[0m&amp#27;[32mI create request payload with valid data for all keys with &amp#27;[0m&amp#27;[32m&amp#27;[1m"payment_methods"&amp#27;[0m&amp#27;[32m is &amp#27;[0m&amp#27;[32m&amp#27;[1m"Empty"&amp#27;[0m                 &amp#27;[90m# stepDefinitions.Generic_Steps.i_create_request_payload_with_valid_data_for_all_keys_with_bank_country_code_is(java.lang.String,java.lang.String)&amp#27;[0m
2021-08-23 10:55:17,814 [INFO  ] Log - >> Request PayLoad is posted

    Response : {
        "code": "invalid_argument",
        "message": "No enum constant com.airwallex.domain.transaction.payment.PaymentMethod.",
        "source": "payment_methods"
    }

  &amp#27;[32mWhen &amp#27;[0m&amp#27;[32mI perform post on CreateBeneficiary endpoint&amp#27;[0m                                                           &amp#27;[90m# stepDefinitions.Generic_Steps.i_perform_post_on_create_beneficiary_endpoint()&amp#27;[0m
2021-08-23 10:55:17,816 [INFO  ] Log - >> Response status code is 400
  &amp#27;[32mThen &amp#27;[0m&amp#27;[32mResponse status code is &amp#27;[0m&amp#27;[32m&amp#27;[1m400&amp#27;[0m                                                                            &amp#27;[90m# stepDefinitions.Generic_Steps.response_status_code_is(java.lang.Integer)&amp#27;[0m
2021-08-23 10:55:17,816 [INFO  ] Log - >> Response status line is HTTP/1.1 400 Bad Request
  &amp#27;[32mAnd &amp#27;[0m&amp#27;[32mResponse status line is &amp#27;[0m&amp#27;[32m&amp#27;[1m"Bad Request"&amp#27;[0m                                                                   &amp#27;[90m# stepDefinitions.Generic_Steps.response_status_line_is(java.lang.String)&amp#27;[0m
2021-08-23 10:55:17,829 [INFO  ] Log - >> Response code contains value invalid_argument
  &amp#27;[32mAnd &amp#27;[0m&amp#27;[32mResponse &amp#27;[0m&amp#27;[32m&amp#27;[1m"code"&amp#27;[0m&amp#27;[32m has value &amp#27;[0m&amp#27;[32m&amp#27;[1m"invalid_argument"&amp#27;[0m                                                            &amp#27;[90m# stepDefinitions.Generic_Steps.response_contains_value(java.lang.String,java.lang.String)&amp#27;[0m
2021-08-23 10:55:17,860 [INFO  ] Log - >> Response message contains value No enum constant com.airwallex.domain.transaction.payment.PaymentMethod.
  &amp#27;[32mAnd &amp#27;[0m&amp#27;[32mResponse &amp#27;[0m&amp#27;[32m&amp#27;[1m"message"&amp#27;[0m&amp#27;[32m has value &amp#27;[0m&amp#27;[32m&amp#27;[1m"No enum constant com.airwallex.domain.transaction.payment.PaymentMethod."&amp#27;[0m &amp#27;[90m# stepDefinitions.Generic_Steps.response_contains_value(java.lang.String,java.lang.String)&amp#27;[0m
2021-08-23 10:55:17,897 [INFO  ] Log - >> Response source contains value payment_methods
  &amp#27;[32mAnd &amp#27;[0m&amp#27;[32mResponse &amp#27;[0m&amp#27;[32m&amp#27;[1m"source"&amp#27;[0m&amp#27;[32m has value &amp#27;[0m&amp#27;[32m&amp#27;[1m"payment_methods"&amp#27;[0m                                                           &amp#27;[90m# stepDefinitions.Generic_Steps.response_contains_value(java.lang.String,java.lang.String)&amp#27;[0m
]]></system-out>
  </testcase>
  <testcase name="runScenario[&quot;Validates error response is received when Payload field payment_method value is not valid TARGET&quot;, &quot;Optional[Validates Payment_Method in BankDetails]&quot;](46)" classname="cucumber.Options.RunCucumberTests" time="1.054">
    <system-out><![CDATA[
Scenario: Validates error response is received when Payload field payment_method value is not valid TARGET          &amp#27;[90m# src/test/resources/features/Payment_method.feature:34&amp#27;[0m
2021-08-23 10:55:17,915 [INFO  ] Log - -----------------------------------------------------------------------------------------
2021-08-23 10:55:17,915 [INFO  ] Log - >> Validates error response is received when Payload field payment_method value is not valid TARGET
2021-08-23 10:55:17,915 [INFO  ] Log - -----------------------------------------------------------------------------------------
2021-08-23 10:55:18,439 [INFO  ] Log - >> Token Created
  &amp#27;[32mGiven &amp#27;[0m&amp#27;[32mI am authorized user&amp#27;[0m                                                                                        &amp#27;[90m# stepDefinitions.Generic_Steps.i_am_authorized_user()&amp#27;[0m
2021-08-23 10:55:18,440 [INFO  ] Log - >> Request PayLoad Created with all keys, with payment_methods value is Empty

    Request Payload : {
        "payment_methods": ["TARGET"],
        "beneficiary": {
            "address": {
                "country_code": "US",
                "street_address": "412 5th Avenue",
                "city": "Seattle",
                "postcode": "98104",
                "state": "Washington"
            },
            "entity_type": "COMPANY",
            "additional_info": {"personal_email": "john.walker@gmail.com"},
            "bank_details": {
                "account_number": "502231121",
                "account_currency": "USD",
                "bank_country_code": "US",
                "swift_code": "CHASUS33",
                "account_name": "John Walker",
                "bank_name": "JP Morgan Chase Bank",
                "account_routing_value1": "907765701",
                "account_routing_type1": "aba"
            },
            "company_name": "ABC University"
        },
        "nickname": "ABC University",
        "payer_entity_type": "PERSONAL"
    }

  &amp#27;[32mAnd &amp#27;[0m&amp#27;[32mI create request payload with valid data for all keys with &amp#27;[0m&amp#27;[32m&amp#27;[1m"payment_methods"&amp#27;[0m&amp#27;[32m is &amp#27;[0m&amp#27;[32m&amp#27;[1m"TARGET"&amp#27;[0m                      &amp#27;[90m# stepDefinitions.Generic_Steps.i_create_request_payload_with_valid_data_for_all_keys_with_bank_country_code_is(java.lang.String,java.lang.String)&amp#27;[0m
2021-08-23 10:55:18,834 [INFO  ] Log - >> Request PayLoad is posted

    Response : {
        "code": "invalid_argument",
        "message": "No enum constant com.airwallex.domain.transaction.payment.PaymentMethod.TARGET",
        "source": "payment_methods"
    }

  &amp#27;[32mWhen &amp#27;[0m&amp#27;[32mI perform post on CreateBeneficiary endpoint&amp#27;[0m                                                                 &amp#27;[90m# stepDefinitions.Generic_Steps.i_perform_post_on_create_beneficiary_endpoint()&amp#27;[0m
2021-08-23 10:55:18,836 [INFO  ] Log - >> Response status code is 400
  &amp#27;[32mThen &amp#27;[0m&amp#27;[32mResponse status code is &amp#27;[0m&amp#27;[32m&amp#27;[1m400&amp#27;[0m                                                                                  &amp#27;[90m# stepDefinitions.Generic_Steps.response_status_code_is(java.lang.Integer)&amp#27;[0m
2021-08-23 10:55:18,837 [INFO  ] Log - >> Response status line is HTTP/1.1 400 Bad Request
  &amp#27;[32mAnd &amp#27;[0m&amp#27;[32mResponse status line is &amp#27;[0m&amp#27;[32m&amp#27;[1m"Bad Request"&amp#27;[0m                                                                         &amp#27;[90m# stepDefinitions.Generic_Steps.response_status_line_is(java.lang.String)&amp#27;[0m
2021-08-23 10:55:18,851 [INFO  ] Log - >> Response code contains value invalid_argument
  &amp#27;[32mAnd &amp#27;[0m&amp#27;[32mResponse &amp#27;[0m&amp#27;[32m&amp#27;[1m"code"&amp#27;[0m&amp#27;[32m has value &amp#27;[0m&amp#27;[32m&amp#27;[1m"invalid_argument"&amp#27;[0m                                                                  &amp#27;[90m# stepDefinitions.Generic_Steps.response_contains_value(java.lang.String,java.lang.String)&amp#27;[0m
2021-08-23 10:55:18,911 [INFO  ] Log - >> Response message contains value No enum constant com.airwallex.domain.transaction.payment.PaymentMethod.TARGET
  &amp#27;[32mAnd &amp#27;[0m&amp#27;[32mResponse &amp#27;[0m&amp#27;[32m&amp#27;[1m"message"&amp#27;[0m&amp#27;[32m has value &amp#27;[0m&amp#27;[32m&amp#27;[1m"No enum constant com.airwallex.domain.transaction.payment.PaymentMethod.TARGET"&amp#27;[0m &amp#27;[90m# stepDefinitions.Generic_Steps.response_contains_value(java.lang.String,java.lang.String)&amp#27;[0m
2021-08-23 10:55:18,933 [INFO  ] Log - >> Response source contains value payment_methods
  &amp#27;[32mAnd &amp#27;[0m&amp#27;[32mResponse &amp#27;[0m&amp#27;[32m&amp#27;[1m"source"&amp#27;[0m&amp#27;[32m has value &amp#27;[0m&amp#27;[32m&amp#27;[1m"payment_methods"&amp#27;[0m                                                                 &amp#27;[90m# stepDefinitions.Generic_Steps.response_contains_value(java.lang.String,java.lang.String)&amp#27;[0m
]]></system-out>
  </testcase>
  <testcase name="runScenario[&quot;Validates error response is received when Payload field payment_method value is not valid SEPA&quot;, &quot;Optional[Validates Payment_Method in BankDetails]&quot;](47)" classname="cucumber.Options.RunCucumberTests" time="0.982">
    <system-out><![CDATA[
Scenario: Validates error response is received when Payload field payment_method value is not valid SEPA          &amp#27;[90m# src/test/resources/features/Payment_method.feature:35&amp#27;[0m
2021-08-23 10:55:18,969 [INFO  ] Log - -----------------------------------------------------------------------------------------
2021-08-23 10:55:18,977 [INFO  ] Log - >> Validates error response is received when Payload field payment_method value is not valid SEPA
2021-08-23 10:55:18,977 [INFO  ] Log - -----------------------------------------------------------------------------------------
2021-08-23 10:55:19,412 [INFO  ] Log - >> Token Created
  &amp#27;[32mGiven &amp#27;[0m&amp#27;[32mI am authorized user&amp#27;[0m                                                                                      &amp#27;[90m# stepDefinitions.Generic_Steps.i_am_authorized_user()&amp#27;[0m
2021-08-23 10:55:19,413 [INFO  ] Log - >> Request PayLoad Created with all keys, with payment_methods value is Empty

    Request Payload : {
        "payment_methods": ["SEPA"],
        "beneficiary": {
            "address": {
                "country_code": "US",
                "street_address": "412 5th Avenue",
                "city": "Seattle",
                "postcode": "98104",
                "state": "Washington"
            },
            "entity_type": "COMPANY",
            "additional_info": {"personal_email": "john.walker@gmail.com"},
            "bank_details": {
                "account_number": "502231121",
                "account_currency": "USD",
                "bank_country_code": "US",
                "swift_code": "CHASUS33",
                "account_name": "John Walker",
                "bank_name": "JP Morgan Chase Bank",
                "account_routing_value1": "907765701",
                "account_routing_type1": "aba"
            },
            "company_name": "ABC University"
        },
        "nickname": "ABC University",
        "payer_entity_type": "PERSONAL"
    }

  &amp#27;[32mAnd &amp#27;[0m&amp#27;[32mI create request payload with valid data for all keys with &amp#27;[0m&amp#27;[32m&amp#27;[1m"payment_methods"&amp#27;[0m&amp#27;[32m is &amp#27;[0m&amp#27;[32m&amp#27;[1m"SEPA"&amp#27;[0m                      &amp#27;[90m# stepDefinitions.Generic_Steps.i_create_request_payload_with_valid_data_for_all_keys_with_bank_country_code_is(java.lang.String,java.lang.String)&amp#27;[0m
2021-08-23 10:55:19,858 [INFO  ] Log - >> Request PayLoad is posted

    Response : {
        "code": "invalid_argument",
        "message": "No enum constant com.airwallex.domain.transaction.payment.PaymentMethod.SEPA",
        "source": "payment_methods"
    }

  &amp#27;[32mWhen &amp#27;[0m&amp#27;[32mI perform post on CreateBeneficiary endpoint&amp#27;[0m                                                               &amp#27;[90m# stepDefinitions.Generic_Steps.i_perform_post_on_create_beneficiary_endpoint()&amp#27;[0m
2021-08-23 10:55:19,860 [INFO  ] Log - >> Response status code is 400
  &amp#27;[32mThen &amp#27;[0m&amp#27;[32mResponse status code is &amp#27;[0m&amp#27;[32m&amp#27;[1m400&amp#27;[0m                                                                                &amp#27;[90m# stepDefinitions.Generic_Steps.response_status_code_is(java.lang.Integer)&amp#27;[0m
2021-08-23 10:55:19,861 [INFO  ] Log - >> Response status line is HTTP/1.1 400 Bad Request
  &amp#27;[32mAnd &amp#27;[0m&amp#27;[32mResponse status line is &amp#27;[0m&amp#27;[32m&amp#27;[1m"Bad Request"&amp#27;[0m                                                                       &amp#27;[90m# stepDefinitions.Generic_Steps.response_status_line_is(java.lang.String)&amp#27;[0m
2021-08-23 10:55:19,874 [INFO  ] Log - >> Response code contains value invalid_argument
  &amp#27;[32mAnd &amp#27;[0m&amp#27;[32mResponse &amp#27;[0m&amp#27;[32m&amp#27;[1m"code"&amp#27;[0m&amp#27;[32m has value &amp#27;[0m&amp#27;[32m&amp#27;[1m"invalid_argument"&amp#27;[0m                                                                &amp#27;[90m# stepDefinitions.Generic_Steps.response_contains_value(java.lang.String,java.lang.String)&amp#27;[0m
2021-08-23 10:55:19,900 [INFO  ] Log - >> Response message contains value No enum constant com.airwallex.domain.transaction.payment.PaymentMethod.SEPA
  &amp#27;[32mAnd &amp#27;[0m&amp#27;[32mResponse &amp#27;[0m&amp#27;[32m&amp#27;[1m"message"&amp#27;[0m&amp#27;[32m has value &amp#27;[0m&amp#27;[32m&amp#27;[1m"No enum constant com.airwallex.domain.transaction.payment.PaymentMethod.SEPA"&amp#27;[0m &amp#27;[90m# stepDefinitions.Generic_Steps.response_contains_value(java.lang.String,java.lang.String)&amp#27;[0m
2021-08-23 10:55:19,927 [INFO  ] Log - >> Response source contains value payment_methods
  &amp#27;[32mAnd &amp#27;[0m&amp#27;[32mResponse &amp#27;[0m&amp#27;[32m&amp#27;[1m"source"&amp#27;[0m&amp#27;[32m has value &amp#27;[0m&amp#27;[32m&amp#27;[1m"payment_methods"&amp#27;[0m                                                               &amp#27;[90m# stepDefinitions.Generic_Steps.response_contains_value(java.lang.String,java.lang.String)&amp#27;[0m
]]></system-out>
  </testcase>
  <testcase name="runScenario[&quot;Validates correct response is received when Payload field payment_method value is valid SWIFT&quot;, &quot;Optional[Validates Payment_Method in BankDetails]&quot;](48)" classname="cucumber.Options.RunCucumberTests" time="0.992">
    <system-out><![CDATA[
@PositiveScenarios
Scenario: Validates correct response is received when Payload field payment_method value is valid SWIFT &amp#27;[90m# src/test/resources/features/Payment_method.feature:46&amp#27;[0m
2021-08-23 10:55:19,966 [INFO  ] Log - -----------------------------------------------------------------------------------------
2021-08-23 10:55:19,966 [INFO  ] Log - >> Validates correct response is received when Payload field payment_method value is valid SWIFT
2021-08-23 10:55:19,966 [INFO  ] Log - -----------------------------------------------------------------------------------------
2021-08-23 10:55:20,493 [INFO  ] Log - >> Token Created
  &amp#27;[32mGiven &amp#27;[0m&amp#27;[32mI am authorized user&amp#27;[0m                                                                            &amp#27;[90m# stepDefinitions.Generic_Steps.i_am_authorized_user()&amp#27;[0m
2021-08-23 10:55:20,494 [INFO  ] Log - >> Request PayLoad Created with all keys, with payment_methods value is Empty

    Request Payload : {
        "payment_methods": ["SWIFT"],
        "beneficiary": {
            "address": {
                "country_code": "US",
                "street_address": "412 5th Avenue",
                "city": "Seattle",
                "postcode": "98104",
                "state": "Washington"
            },
            "entity_type": "COMPANY",
            "additional_info": {"personal_email": "john.walker@gmail.com"},
            "bank_details": {
                "account_number": "502231121",
                "account_currency": "USD",
                "bank_country_code": "US",
                "swift_code": "CHASUS33",
                "account_name": "John Walker",
                "bank_name": "JP Morgan Chase Bank",
                "account_routing_value1": "907765701",
                "account_routing_type1": "aba"
            },
            "company_name": "ABC University"
        },
        "nickname": "ABC University",
        "payer_entity_type": "PERSONAL"
    }

  &amp#27;[32mAnd &amp#27;[0m&amp#27;[32mI create request payload with valid data for all keys with &amp#27;[0m&amp#27;[32m&amp#27;[1m"payment_methods"&amp#27;[0m&amp#27;[32m is &amp#27;[0m&amp#27;[32m&amp#27;[1m"SWIFT"&amp#27;[0m           &amp#27;[90m# stepDefinitions.Generic_Steps.i_create_request_payload_with_valid_data_for_all_keys_with_bank_country_code_is(java.lang.String,java.lang.String)&amp#27;[0m
2021-08-23 10:55:20,887 [INFO  ] Log - >> Request PayLoad is posted

    Response : {
        "beneficiary": {
            "additional_info": {
                "personal_email": "john.walker@gmail.com"
            },
            "address": {
                "city": "Seattle",
                "country_code": "US",
                "postcode": "98104",
                "state": "Washington",
                "street_address": "412 5th Avenue"
            },
            "bank_details": {
                "account_currency": "USD",
                "account_name": "John Walker",
                "account_number": "502231121",
                "account_routing_type1": "aba",
                "account_routing_value1": "907765701",
                "bank_country_code": "US",
                "bank_name": "JP Morgan Chase Bank",
                "swift_code": "CHASUS33"
            },
            "company_name": "ABC University",
            "entity_type": "COMPANY"
        },
        "beneficiary_id": "ed0922cd-be00-465f-ad90-c024b80427f2",
        "nickname": "ABC University",
        "payer_entity_type": "PERSONAL",
        "payment_methods": [
            "SWIFT"
        ]
    }

  &amp#27;[32mWhen &amp#27;[0m&amp#27;[32mI perform post on CreateBeneficiary endpoint&amp#27;[0m                                                     &amp#27;[90m# stepDefinitions.Generic_Steps.i_perform_post_on_create_beneficiary_endpoint()&amp#27;[0m
2021-08-23 10:55:20,894 [INFO  ] Log - >> Response status code is 201
  &amp#27;[32mThen &amp#27;[0m&amp#27;[32mResponse status code is &amp#27;[0m&amp#27;[32m&amp#27;[1m201&amp#27;[0m                                                                      &amp#27;[90m# stepDefinitions.Generic_Steps.response_status_code_is(java.lang.Integer)&amp#27;[0m
2021-08-23 10:55:20,895 [INFO  ] Log - >> Response status line is HTTP/1.1 201 Created
  &amp#27;[32mAnd &amp#27;[0m&amp#27;[32mResponse status line is &amp#27;[0m&amp#27;[32m&amp#27;[1m"Created"&amp#27;[0m                                                                 &amp#27;[90m# stepDefinitions.Generic_Steps.response_status_line_is(java.lang.String)&amp#27;[0m
]]></system-out>
  </testcase>
  <testcase name="runScenario[&quot;Validates error response is received when Payload field account_routing_type1 is missing&quot;, &quot;Optional[Validates Routing_type and Routing_value in BankDetails]&quot;](49)" classname="cucumber.Options.RunCucumberTests" time="1.024">
    <failure message="The following asserts failed:&#10;	expected [400] but found [201],&#10;	expected [true] but found [false]" type="java.lang.AssertionError"><![CDATA[java.lang.AssertionError: 
The following asserts failed:
	expected [400] but found [201],
	expected [true] but found [false]
]]></failure>
    <system-out><![CDATA[
@RequirementMismatch-RequiredField @SchemaValidation
Scenario: Validates error response is received when Payload field account_routing_type1 is missing &amp#27;[90m# src/test/resources/features/Routing_Type.feature:7&amp#27;[0m
2021-08-23 10:55:20,918 [INFO  ] Log - -----------------------------------------------------------------------------------------
2021-08-23 10:55:20,918 [INFO  ] Log - >> Validates error response is received when Payload field account_routing_type1 is missing
2021-08-23 10:55:20,918 [INFO  ] Log - -----------------------------------------------------------------------------------------
2021-08-23 10:55:21,408 [INFO  ] Log - >> Token Created
  &amp#27;[32mGiven &amp#27;[0m&amp#27;[32mI am authorized user&amp#27;[0m                                                                       &amp#27;[90m# stepDefinitions.Generic_Steps.i_am_authorized_user()&amp#27;[0m
2021-08-23 10:55:21,409 [INFO  ] Log - >> Request PayLoad Created with all keys, except without  account_routing_type1 Code key

    Request Payload : {
        "payment_methods": ["SWIFT"],
        "beneficiary": {
            "address": {
                "country_code": "US",
                "street_address": "412 5th Avenue",
                "city": "Seattle",
                "postcode": "98104",
                "state": "Washington"
            },
            "entity_type": "COMPANY",
            "additional_info": {"personal_email": "john.walker@gmail.com"},
            "bank_details": {
                "account_number": "502231121",
                "account_currency": "USD",
                "bank_country_code": "US",
                "swift_code": "CHASUS33",
                "account_name": "John Walker",
                "bank_name": "JP Morgan Chase Bank",
                "account_routing_value1": "907765701"
            },
            "company_name": "ABC University"
        },
        "nickname": "ABC University",
        "payer_entity_type": "PERSONAL"
    }

  &amp#27;[32mAnd &amp#27;[0m&amp#27;[32mI create request payload with valid data for all keys without &amp#27;[0m&amp#27;[32m&amp#27;[1m"account_routing_type1"&amp#27;[0m        &amp#27;[90m# stepDefinitions.Generic_Steps.i_create_request_payload_with_valid_data_for_all_keys_without_bank_country_code(java.lang.String)&amp#27;[0m
2021-08-23 10:55:21,907 [INFO  ] Log - >> Request PayLoad is posted

    Response : {
        "beneficiary": {
            "additional_info": {
                "personal_email": "john.walker@gmail.com"
            },
            "address": {
                "city": "Seattle",
                "country_code": "US",
                "postcode": "98104",
                "state": "Washington",
                "street_address": "412 5th Avenue"
            },
            "bank_details": {
                "account_currency": "USD",
                "account_name": "John Walker",
                "account_number": "502231121",
                "account_routing_value1": "907765701",
                "bank_country_code": "US",
                "bank_name": "JP Morgan Chase Bank",
                "swift_code": "CHASUS33"
            },
            "company_name": "ABC University",
            "entity_type": "COMPANY"
        },
        "beneficiary_id": "00056b14-7c39-4aac-8d66-8e25b1cfaea2",
        "nickname": "ABC University",
        "payer_entity_type": "PERSONAL",
        "payment_methods": [
            "SWIFT"
        ]
    }

  &amp#27;[32mWhen &amp#27;[0m&amp#27;[32mI perform post on CreateBeneficiary endpoint&amp#27;[0m                                                &amp#27;[90m# stepDefinitions.Generic_Steps.i_perform_post_on_create_beneficiary_endpoint()&amp#27;[0m
2021-08-23 10:55:21,913 [INFO  ] Log - >> Response status code is 201
  &amp#27;[32mThen &amp#27;[0m&amp#27;[32mResponse status code is &amp#27;[0m&amp#27;[32m&amp#27;[1m400&amp#27;[0m                                                                 &amp#27;[90m# stepDefinitions.Generic_Steps.response_status_code_is(java.lang.Integer)&amp#27;[0m
2021-08-23 10:55:21,927 [INFO  ] Log - >> Response status line is HTTP/1.1 201 Created
  &amp#27;[32mAnd &amp#27;[0m&amp#27;[32mResponse status line is &amp#27;[0m&amp#27;[32m&amp#27;[1m"Bad Request"&amp#27;[0m                                                        &amp#27;[90m# stepDefinitions.Generic_Steps.response_status_line_is(java.lang.String)&amp#27;[0m
      &amp#27;[31mjava.lang.AssertionError: The following asserts failed:
	expected [400] but found [201],
	expected [true] but found [false]
	at org.testng.asserts.SoftAssert.assertAll(SoftAssert.java:47)
	at org.testng.asserts.SoftAssert.assertAll(SoftAssert.java:31)
	at stepDefinitions.Generic_Steps.after(Generic_Steps.java:38)
&amp#27;[0m
]]></system-out>
  </testcase>
  <testcase name="runScenario[&quot;Validates error response is received when Payload feild payment_method value is Empty&quot;, &quot;Optional[Validates Routing_type and Routing_value in BankDetails]&quot;](50)" classname="cucumber.Options.RunCucumberTests" time="0.949">
    <system-out><![CDATA[
@SchemaValidation
Scenario: Validates error response is received when Payload feild payment_method value is Empty     &amp#27;[90m# src/test/resources/features/Routing_Type.feature:14&amp#27;[0m
2021-08-23 10:55:21,939 [INFO  ] Log - -----------------------------------------------------------------------------------------
2021-08-23 10:55:21,940 [INFO  ] Log - >> Validates error response is received when Payload feild payment_method value is Empty
2021-08-23 10:55:21,940 [INFO  ] Log - -----------------------------------------------------------------------------------------
2021-08-23 10:55:22,447 [INFO  ] Log - >> Token Created
  &amp#27;[32mGiven &amp#27;[0m&amp#27;[32mI am authorized user&amp#27;[0m                                                                        &amp#27;[90m# stepDefinitions.Generic_Steps.i_am_authorized_user()&amp#27;[0m
2021-08-23 10:55:22,448 [INFO  ] Log - >> Request PayLoad Created with all keys, with account_routing_type1 value is Empty

    Request Payload : {
        "payment_methods": ["SWIFT"],
        "beneficiary": {
            "address": {
                "country_code": "US",
                "street_address": "412 5th Avenue",
                "city": "Seattle",
                "postcode": "98104",
                "state": "Washington"
            },
            "entity_type": "COMPANY",
            "additional_info": {"personal_email": "john.walker@gmail.com"},
            "bank_details": {
                "account_number": "502231121",
                "account_currency": "USD",
                "bank_country_code": "US",
                "swift_code": "CHASUS33",
                "account_name": "John Walker",
                "bank_name": "JP Morgan Chase Bank",
                "account_routing_value1": "907765701",
                "account_routing_type1": ""
            },
            "company_name": "ABC University"
        },
        "nickname": "ABC University",
        "payer_entity_type": "PERSONAL"
    }

  &amp#27;[32mAnd &amp#27;[0m&amp#27;[32mI create request payload with valid data for all keys with &amp#27;[0m&amp#27;[32m&amp#27;[1m"account_routing_type1"&amp#27;[0m&amp#27;[32m is &amp#27;[0m&amp#27;[32m&amp#27;[1m"Empty"&amp#27;[0m &amp#27;[90m# stepDefinitions.Generic_Steps.i_create_request_payload_with_valid_data_for_all_keys_with_bank_country_code_is(java.lang.String,java.lang.String)&amp#27;[0m
2021-08-23 10:55:22,829 [INFO  ] Log - >> Request PayLoad is posted

    Response : {
        "code": "invalid_argument",
        "message": " is not a valid type",
        "source": "beneficiary.bank_details.account_routing_type1"
    }

  &amp#27;[32mWhen &amp#27;[0m&amp#27;[32mI perform post on CreateBeneficiary endpoint&amp#27;[0m                                                 &amp#27;[90m# stepDefinitions.Generic_Steps.i_perform_post_on_create_beneficiary_endpoint()&amp#27;[0m
2021-08-23 10:55:22,830 [INFO  ] Log - >> Response status code is 400
  &amp#27;[32mThen &amp#27;[0m&amp#27;[32mResponse status code is &amp#27;[0m&amp#27;[32m&amp#27;[1m400&amp#27;[0m                                                                  &amp#27;[90m# stepDefinitions.Generic_Steps.response_status_code_is(java.lang.Integer)&amp#27;[0m
2021-08-23 10:55:22,831 [INFO  ] Log - >> Response status line is HTTP/1.1 400 Bad Request
  &amp#27;[32mAnd &amp#27;[0m&amp#27;[32mResponse status line is &amp#27;[0m&amp#27;[32m&amp#27;[1m"Bad Request"&amp#27;[0m                                                         &amp#27;[90m# stepDefinitions.Generic_Steps.response_status_line_is(java.lang.String)&amp#27;[0m
2021-08-23 10:55:22,844 [INFO  ] Log - >> Response code contains value invalid_argument
  &amp#27;[32mAnd &amp#27;[0m&amp#27;[32mResponse &amp#27;[0m&amp#27;[32m&amp#27;[1m"code"&amp#27;[0m&amp#27;[32m has value &amp#27;[0m&amp#27;[32m&amp#27;[1m"invalid_argument"&amp#27;[0m                                                  &amp#27;[90m# stepDefinitions.Generic_Steps.response_contains_value(java.lang.String,java.lang.String)&amp#27;[0m
2021-08-23 10:55:22,871 [INFO  ] Log - >> Response message contains value  is not a valid type
  &amp#27;[32mAnd &amp#27;[0m&amp#27;[32mResponse &amp#27;[0m&amp#27;[32m&amp#27;[1m"message"&amp#27;[0m&amp#27;[32m has value &amp#27;[0m&amp#27;[32m&amp#27;[1m" is not a valid type"&amp#27;[0m                                           &amp#27;[90m# stepDefinitions.Generic_Steps.response_contains_value(java.lang.String,java.lang.String)&amp#27;[0m
2021-08-23 10:55:22,896 [INFO  ] Log - >> Response source contains value beneficiary.bank_details.account_routing_type1
  &amp#27;[32mAnd &amp#27;[0m&amp#27;[32mResponse &amp#27;[0m&amp#27;[32m&amp#27;[1m"source"&amp#27;[0m&amp#27;[32m has value &amp#27;[0m&amp#27;[32m&amp#27;[1m"beneficiary.bank_details.account_routing_type1"&amp#27;[0m                  &amp#27;[90m# stepDefinitions.Generic_Steps.response_contains_value(java.lang.String,java.lang.String)&amp#27;[0m
]]></system-out>
  </testcase>
  <testcase name="runScenario[&quot;Validate error response is returned for &quot;bank_country_code&quot; US when &quot;account_routing_type1&quot; aab has invalid characters &lt;number_of_characters&gt;&quot;, &quot;Optional[Validates Routing_type and Routing_value in BankDetails]&quot;](51)" classname="cucumber.Options.RunCucumberTests" time="1.011">
    <system-out><![CDATA[
Scenario Outline: Validate error response is returned for "bank_country_code" US when "account_routing_type1" aab has invalid characters <number_of_characters> &amp#27;[90m# src/test/resources/features/Routing_Type.feature:34&amp#27;[0m
2021-08-23 10:55:22,920 [INFO  ] Log - -----------------------------------------------------------------------------------------
2021-08-23 10:55:22,920 [INFO  ] Log - >> Validate error response is returned for "bank_country_code" US when "account_routing_type1" aab has invalid characters <number_of_characters>
2021-08-23 10:55:22,920 [INFO  ] Log - -----------------------------------------------------------------------------------------
2021-08-23 10:55:23,468 [INFO  ] Log - >> Token Created
  &amp#27;[32mGiven &amp#27;[0m&amp#27;[32mI am authorized user&amp#27;[0m                                                                                                                                    &amp#27;[90m# stepDefinitions.Generic_Steps.i_am_authorized_user()&amp#27;[0m
2021-08-23 10:55:23,469 [INFO  ] Log - >> Request PayLoad Created

    Request Payload : {
        "payment_methods": ["SWIFT"],
        "beneficiary": {
            "address": {
                "country_code": "US",
                "street_address": "412 5th Avenue",
                "city": "Seattle",
                "postcode": "98104",
                "state": "Washington"
            },
            "entity_type": "COMPANY",
            "additional_info": {"personal_email": "john.walker@gmail.com"},
            "bank_details": {
                "account_number": "502231121",
                "account_currency": "USD",
                "bank_country_code": "US",
                "swift_code": "CHASUS33",
                "account_name": "John Walker",
                "bank_name": "JP Morgan Chase Bank",
                "account_routing_value1": "907765701",
                "account_routing_type1": "aab"
            },
            "company_name": "ABC University"
        },
        "nickname": "ABC University",
        "payer_entity_type": "PERSONAL"
    }

  &amp#27;[32mAnd &amp#27;[0m&amp#27;[32mI create request payload with valid data for all keys with &amp#27;[0m&amp#27;[32m&amp#27;[1m"bank_country_code"&amp#27;[0m&amp#27;[32m is &amp#27;[0m&amp#27;[32m&amp#27;[1m"US"&amp#27;[0m&amp#27;[32m &amp#27;[0m&amp#27;[32m&amp#27;[1m"account_routing_type1"&amp#27;[0m&amp#27;[32m is &amp#27;[0m&amp#27;[32m&amp#27;[1m"aab"&amp#27;[0m                                   &amp#27;[90m# stepDefinitions.Generic_Steps.i_create_request_payload_with_valid_data_for_all_keys_with_is_is(java.lang.String,java.lang.String,java.lang.String,java.lang.String)&amp#27;[0m
2021-08-23 10:55:23,853 [INFO  ] Log - >> Request PayLoad is posted

    Response : {
        "code": "invalid_argument",
        "message": "aab is not a valid type",
        "source": "beneficiary.bank_details.account_routing_type1"
    }

  &amp#27;[32mWhen &amp#27;[0m&amp#27;[32mI perform post on CreateBeneficiary endpoint&amp#27;[0m                                                                                                             &amp#27;[90m# stepDefinitions.Generic_Steps.i_perform_post_on_create_beneficiary_endpoint()&amp#27;[0m
2021-08-23 10:55:23,856 [INFO  ] Log - >> Response status code is 400
  &amp#27;[32mThen &amp#27;[0m&amp#27;[32mResponse status code is &amp#27;[0m&amp#27;[32m&amp#27;[1m400&amp#27;[0m                                                                                                                              &amp#27;[90m# stepDefinitions.Generic_Steps.response_status_code_is(java.lang.Integer)&amp#27;[0m
2021-08-23 10:55:23,856 [INFO  ] Log - >> Response status line is HTTP/1.1 400 Bad Request
  &amp#27;[32mAnd &amp#27;[0m&amp#27;[32mResponse status line is &amp#27;[0m&amp#27;[32m&amp#27;[1m"Bad Request"&amp#27;[0m                                                                                                                     &amp#27;[90m# stepDefinitions.Generic_Steps.response_status_line_is(java.lang.String)&amp#27;[0m
2021-08-23 10:55:23,867 [INFO  ] Log - >> Response code contains value invalid_argument
  &amp#27;[32mAnd &amp#27;[0m&amp#27;[32mResponse &amp#27;[0m&amp#27;[32m&amp#27;[1m"code"&amp#27;[0m&amp#27;[32m has value &amp#27;[0m&amp#27;[32m&amp#27;[1m"invalid_argument"&amp#27;[0m                                                                                                              &amp#27;[90m# stepDefinitions.Generic_Steps.response_contains_value(java.lang.String,java.lang.String)&amp#27;[0m
2021-08-23 10:55:23,889 [INFO  ] Log - >> Response message contains value aab is not a valid type
  &amp#27;[32mAnd &amp#27;[0m&amp#27;[32mResponse &amp#27;[0m&amp#27;[32m&amp#27;[1m"message"&amp#27;[0m&amp#27;[32m has value &amp#27;[0m&amp#27;[32m&amp#27;[1m"aab is not a valid type"&amp#27;[0m                                                                                                    &amp#27;[90m# stepDefinitions.Generic_Steps.response_contains_value(java.lang.String,java.lang.String)&amp#27;[0m
2021-08-23 10:55:23,908 [INFO  ] Log - >> Response source contains value beneficiary.bank_details.account_routing_type1
  &amp#27;[32mAnd &amp#27;[0m&amp#27;[32mResponse &amp#27;[0m&amp#27;[32m&amp#27;[1m"source"&amp#27;[0m&amp#27;[32m has value &amp#27;[0m&amp#27;[32m&amp#27;[1m"beneficiary.bank_details.account_routing_type1"&amp#27;[0m                                                                              &amp#27;[90m# stepDefinitions.Generic_Steps.response_contains_value(java.lang.String,java.lang.String)&amp#27;[0m
]]></system-out>
  </testcase>
  <testcase name="runScenario[&quot;Validate error response is returned for &quot;bank_country_code&quot; AU when &quot;account_routing_type1&quot; baa has invalid characters &lt;number_of_characters&gt;&quot;, &quot;Optional[Validates Routing_type and Routing_value in BankDetails]&quot;](52)" classname="cucumber.Options.RunCucumberTests" time="0.956">
    <system-out><![CDATA[
Scenario Outline: Validate error response is returned for "bank_country_code" AU when "account_routing_type1" baa has invalid characters <number_of_characters> &amp#27;[90m# src/test/resources/features/Routing_Type.feature:35&amp#27;[0m
2021-08-23 10:55:23,931 [INFO  ] Log - -----------------------------------------------------------------------------------------
2021-08-23 10:55:23,932 [INFO  ] Log - >> Validate error response is returned for "bank_country_code" AU when "account_routing_type1" baa has invalid characters <number_of_characters>
2021-08-23 10:55:23,932 [INFO  ] Log - -----------------------------------------------------------------------------------------
2021-08-23 10:55:24,371 [INFO  ] Log - >> Token Created
  &amp#27;[32mGiven &amp#27;[0m&amp#27;[32mI am authorized user&amp#27;[0m                                                                                                                                    &amp#27;[90m# stepDefinitions.Generic_Steps.i_am_authorized_user()&amp#27;[0m
2021-08-23 10:55:24,372 [INFO  ] Log - >> Request PayLoad Created

    Request Payload : {
        "payment_methods": ["SWIFT"],
        "beneficiary": {
            "address": {
                "country_code": "AU",
                "street_address": "412 5th Avenue",
                "city": "Seattle",
                "postcode": "98104",
                "state": "Washington"
            },
            "entity_type": "COMPANY",
            "additional_info": {"personal_email": "john.walker@gmail.com"},
            "bank_details": {
                "account_number": "12750852",
                "account_currency": "AUD",
                "bank_country_code": "AU",
                "swift_code": "CTBAAU2S",
                "account_name": "Lee Da Ming",
                "iban": "ES8023100001180000012345",
                "bank_name": "National Australia Bank",
                "account_routing_value1": "083064",
                "transaction_reference": "4140110135",
                "local_clearing_system": "ACH",
                "account_routing_type1": "baa"
            },
            "company_name": "ABC University"
        },
        "nickname": "ABC University",
        "payer_entity_type": "PERSONAL"
    }

  &amp#27;[32mAnd &amp#27;[0m&amp#27;[32mI create request payload with valid data for all keys with &amp#27;[0m&amp#27;[32m&amp#27;[1m"bank_country_code"&amp#27;[0m&amp#27;[32m is &amp#27;[0m&amp#27;[32m&amp#27;[1m"AU"&amp#27;[0m&amp#27;[32m &amp#27;[0m&amp#27;[32m&amp#27;[1m"account_routing_type1"&amp#27;[0m&amp#27;[32m is &amp#27;[0m&amp#27;[32m&amp#27;[1m"baa"&amp#27;[0m                                   &amp#27;[90m# stepDefinitions.Generic_Steps.i_create_request_payload_with_valid_data_for_all_keys_with_is_is(java.lang.String,java.lang.String,java.lang.String,java.lang.String)&amp#27;[0m
2021-08-23 10:55:24,774 [INFO  ] Log - >> Request PayLoad is posted

    Response : {
        "code": "invalid_argument",
        "message": "baa is not a valid type",
        "source": "beneficiary.bank_details.account_routing_type1"
    }

  &amp#27;[32mWhen &amp#27;[0m&amp#27;[32mI perform post on CreateBeneficiary endpoint&amp#27;[0m                                                                                                             &amp#27;[90m# stepDefinitions.Generic_Steps.i_perform_post_on_create_beneficiary_endpoint()&amp#27;[0m
2021-08-23 10:55:24,776 [INFO  ] Log - >> Response status code is 400
  &amp#27;[32mThen &amp#27;[0m&amp#27;[32mResponse status code is &amp#27;[0m&amp#27;[32m&amp#27;[1m400&amp#27;[0m                                                                                                                              &amp#27;[90m# stepDefinitions.Generic_Steps.response_status_code_is(java.lang.Integer)&amp#27;[0m
2021-08-23 10:55:24,777 [INFO  ] Log - >> Response status line is HTTP/1.1 400 Bad Request
  &amp#27;[32mAnd &amp#27;[0m&amp#27;[32mResponse status line is &amp#27;[0m&amp#27;[32m&amp#27;[1m"Bad Request"&amp#27;[0m                                                                                                                     &amp#27;[90m# stepDefinitions.Generic_Steps.response_status_line_is(java.lang.String)&amp#27;[0m
2021-08-23 10:55:24,792 [INFO  ] Log - >> Response code contains value invalid_argument
  &amp#27;[32mAnd &amp#27;[0m&amp#27;[32mResponse &amp#27;[0m&amp#27;[32m&amp#27;[1m"code"&amp#27;[0m&amp#27;[32m has value &amp#27;[0m&amp#27;[32m&amp#27;[1m"invalid_argument"&amp#27;[0m                                                                                                              &amp#27;[90m# stepDefinitions.Generic_Steps.response_contains_value(java.lang.String,java.lang.String)&amp#27;[0m
2021-08-23 10:55:24,818 [INFO  ] Log - >> Response message contains value baa is not a valid type
  &amp#27;[32mAnd &amp#27;[0m&amp#27;[32mResponse &amp#27;[0m&amp#27;[32m&amp#27;[1m"message"&amp#27;[0m&amp#27;[32m has value &amp#27;[0m&amp#27;[32m&amp#27;[1m"baa is not a valid type"&amp#27;[0m                                                                                                    &amp#27;[90m# stepDefinitions.Generic_Steps.response_contains_value(java.lang.String,java.lang.String)&amp#27;[0m
2021-08-23 10:55:24,845 [INFO  ] Log - >> Response source contains value beneficiary.bank_details.account_routing_type1
  &amp#27;[32mAnd &amp#27;[0m&amp#27;[32mResponse &amp#27;[0m&amp#27;[32m&amp#27;[1m"source"&amp#27;[0m&amp#27;[32m has value &amp#27;[0m&amp#27;[32m&amp#27;[1m"beneficiary.bank_details.account_routing_type1"&amp#27;[0m                                                                              &amp#27;[90m# stepDefinitions.Generic_Steps.response_contains_value(java.lang.String,java.lang.String)&amp#27;[0m
]]></system-out>
  </testcase>
  <testcase name="runScenario[&quot;Validate error response is returned for &quot;bank_country_code&quot; CN when &quot;account_routing_type1&quot; caa has invalid characters &lt;number_of_characters&gt;&quot;, &quot;Optional[Validates Routing_type and Routing_value in BankDetails]&quot;](53)" classname="cucumber.Options.RunCucumberTests" time="1.02">
    <system-out><![CDATA[
Scenario Outline: Validate error response is returned for "bank_country_code" CN when "account_routing_type1" caa has invalid characters <number_of_characters> &amp#27;[90m# src/test/resources/features/Routing_Type.feature:36&amp#27;[0m
2021-08-23 10:55:24,871 [INFO  ] Log - -----------------------------------------------------------------------------------------
2021-08-23 10:55:24,871 [INFO  ] Log - >> Validate error response is returned for "bank_country_code" CN when "account_routing_type1" caa has invalid characters <number_of_characters>
2021-08-23 10:55:24,872 [INFO  ] Log - -----------------------------------------------------------------------------------------
2021-08-23 10:55:25,401 [INFO  ] Log - >> Token Created
  &amp#27;[32mGiven &amp#27;[0m&amp#27;[32mI am authorized user&amp#27;[0m                                                                                                                                    &amp#27;[90m# stepDefinitions.Generic_Steps.i_am_authorized_user()&amp#27;[0m
2021-08-23 10:55:25,402 [INFO  ] Log - >> Request PayLoad Created

    Request Payload : {
        "payment_methods": ["SWIFT"],
        "beneficiary": {
            "address": {
                "country_code": "CN",
                "street_address": "412 5th Avenue",
                "city": "Seattle",
                "postcode": "98104",
                "state": "Washington"
            },
            "entity_type": "COMPANY",
            "additional_info": {"personal_email": "john.walker@gmail.com"},
            "bank_details": {
                "account_number": "12750852",
                "account_currency": "CAD",
                "bank_country_code": "CN",
                "swift_code": "ICBKCNBJ",
                "account_name": "Lee Da Ming",
                "iban": "ES8023100001180000012345",
                "bank_name": "National Canadian Bank",
                "account_routing_value1": "083064",
                "transaction_reference": "4140110135",
                "local_clearing_system": "ACH",
                "account_routing_type1": "caa"
            },
            "company_name": "ABC University"
        },
        "nickname": "ABC University",
        "payer_entity_type": "PERSONAL"
    }

  &amp#27;[32mAnd &amp#27;[0m&amp#27;[32mI create request payload with valid data for all keys with &amp#27;[0m&amp#27;[32m&amp#27;[1m"bank_country_code"&amp#27;[0m&amp#27;[32m is &amp#27;[0m&amp#27;[32m&amp#27;[1m"CN"&amp#27;[0m&amp#27;[32m &amp#27;[0m&amp#27;[32m&amp#27;[1m"account_routing_type1"&amp#27;[0m&amp#27;[32m is &amp#27;[0m&amp#27;[32m&amp#27;[1m"caa"&amp#27;[0m                                   &amp#27;[90m# stepDefinitions.Generic_Steps.i_create_request_payload_with_valid_data_for_all_keys_with_is_is(java.lang.String,java.lang.String,java.lang.String,java.lang.String)&amp#27;[0m
2021-08-23 10:55:25,799 [INFO  ] Log - >> Request PayLoad is posted

    Response : {
        "code": "invalid_argument",
        "message": "caa is not a valid type",
        "source": "beneficiary.bank_details.account_routing_type1"
    }

  &amp#27;[32mWhen &amp#27;[0m&amp#27;[32mI perform post on CreateBeneficiary endpoint&amp#27;[0m                                                                                                             &amp#27;[90m# stepDefinitions.Generic_Steps.i_perform_post_on_create_beneficiary_endpoint()&amp#27;[0m
2021-08-23 10:55:25,800 [INFO  ] Log - >> Response status code is 400
  &amp#27;[32mThen &amp#27;[0m&amp#27;[32mResponse status code is &amp#27;[0m&amp#27;[32m&amp#27;[1m400&amp#27;[0m                                                                                                                              &amp#27;[90m# stepDefinitions.Generic_Steps.response_status_code_is(java.lang.Integer)&amp#27;[0m
2021-08-23 10:55:25,801 [INFO  ] Log - >> Response status line is HTTP/1.1 400 Bad Request
  &amp#27;[32mAnd &amp#27;[0m&amp#27;[32mResponse status line is &amp#27;[0m&amp#27;[32m&amp#27;[1m"Bad Request"&amp#27;[0m                                                                                                                     &amp#27;[90m# stepDefinitions.Generic_Steps.response_status_line_is(java.lang.String)&amp#27;[0m
2021-08-23 10:55:25,816 [INFO  ] Log - >> Response code contains value invalid_argument
  &amp#27;[32mAnd &amp#27;[0m&amp#27;[32mResponse &amp#27;[0m&amp#27;[32m&amp#27;[1m"code"&amp#27;[0m&amp#27;[32m has value &amp#27;[0m&amp#27;[32m&amp#27;[1m"invalid_argument"&amp#27;[0m                                                                                                              &amp#27;[90m# stepDefinitions.Generic_Steps.response_contains_value(java.lang.String,java.lang.String)&amp#27;[0m
2021-08-23 10:55:25,846 [INFO  ] Log - >> Response message contains value caa is not a valid type
  &amp#27;[32mAnd &amp#27;[0m&amp#27;[32mResponse &amp#27;[0m&amp#27;[32m&amp#27;[1m"message"&amp#27;[0m&amp#27;[32m has value &amp#27;[0m&amp#27;[32m&amp#27;[1m"caa is not a valid type"&amp#27;[0m                                                                                                    &amp#27;[90m# stepDefinitions.Generic_Steps.response_contains_value(java.lang.String,java.lang.String)&amp#27;[0m
2021-08-23 10:55:25,869 [INFO  ] Log - >> Response source contains value beneficiary.bank_details.account_routing_type1
  &amp#27;[32mAnd &amp#27;[0m&amp#27;[32mResponse &amp#27;[0m&amp#27;[32m&amp#27;[1m"source"&amp#27;[0m&amp#27;[32m has value &amp#27;[0m&amp#27;[32m&amp#27;[1m"beneficiary.bank_details.account_routing_type1"&amp#27;[0m                                                                              &amp#27;[90m# stepDefinitions.Generic_Steps.response_contains_value(java.lang.String,java.lang.String)&amp#27;[0m
]]></system-out>
  </testcase>
  <testcase name="runScenario[&quot;Validate error response is returned for &quot;bank_country_code&quot; US, &quot;account_routing_type1&quot; aba when &quot;account_routing_value1&quot; 12345678 contains invalid no. of charaters&quot;, &quot;Optional[Validates Routing_type and Routing_value in BankDetails]&quot;](54)" classname="cucumber.Options.RunCucumberTests" time="1.012">
    <system-out><![CDATA[
@RequirementMismatch-RequiredField @RequirementMismatch-AUAcctRoutingValueLength
Scenario Outline: Validate error response is returned for "bank_country_code" US, "account_routing_type1" aba when "account_routing_value1" 12345678 contains invalid no. of charaters &amp#27;[90m# src/test/resources/features/Routing_Type.feature:50&amp#27;[0m
2021-08-23 10:55:25,893 [INFO  ] Log - -----------------------------------------------------------------------------------------
2021-08-23 10:55:25,893 [INFO  ] Log - >> Validate error response is returned for "bank_country_code" US, "account_routing_type1" aba when "account_routing_value1" 12345678 contains invalid no. of charaters
2021-08-23 10:55:25,893 [INFO  ] Log - -----------------------------------------------------------------------------------------
2021-08-23 10:55:26,429 [INFO  ] Log - >> Token Created
  &amp#27;[32mGiven &amp#27;[0m&amp#27;[32mI am authorized user&amp#27;[0m                                                                                                                                                           &amp#27;[90m# stepDefinitions.Generic_Steps.i_am_authorized_user()&amp#27;[0m
2021-08-23 10:55:26,430 [INFO  ] Log - >> Request PayLoad Created

    Request Payload : {
        "payment_methods": ["SWIFT"],
        "beneficiary": {
            "address": {
                "country_code": "US",
                "street_address": "412 5th Avenue",
                "city": "Seattle",
                "postcode": "98104",
                "state": "Washington"
            },
            "entity_type": "COMPANY",
            "additional_info": {"personal_email": "john.walker@gmail.com"},
            "bank_details": {
                "account_number": "502231121",
                "account_currency": "USD",
                "bank_country_code": "US",
                "swift_code": "CHASUS33",
                "account_name": "John Walker",
                "bank_name": "JP Morgan Chase Bank",
                "account_routing_value1": "12345678",
                "account_routing_type1": "aba"
            },
            "company_name": "ABC University"
        },
        "nickname": "ABC University",
        "payer_entity_type": "PERSONAL"
    }

  &amp#27;[32mAnd &amp#27;[0m&amp#27;[32mI create request payload with valid data for all keys with &amp#27;[0m&amp#27;[32m&amp#27;[1m"Bank_Country_Code"&amp#27;[0m&amp#27;[32m is &amp#27;[0m&amp#27;[32m&amp#27;[1m"US"&amp#27;[0m&amp#27;[32m &amp#27;[0m&amp#27;[32m&amp#27;[1m"account_routing_type1"&amp#27;[0m&amp#27;[32m is &amp#27;[0m&amp#27;[32m&amp#27;[1m"aba"&amp#27;[0m&amp#27;[32m &amp#27;[0m&amp#27;[32m&amp#27;[1m"account_routing_value1"&amp#27;[0m&amp#27;[32m is &amp#27;[0m&amp#27;[32m&amp#27;[1m"12345678"&amp#27;[0m                   &amp#27;[90m# stepDefinitions.Generic_Steps.i_create_request_payload_with_valid_data_for_all_keys_with_is_is_is(java.lang.String,java.lang.String,java.lang.String,java.lang.String,java.lang.String,java.lang.String)&amp#27;[0m
2021-08-23 10:55:26,805 [INFO  ] Log - >> Request PayLoad is posted

    Response : {
        "code": "payment_schema_validation_failed",
        "message": "Should be 9 characters long",
        "source": "beneficiary.bank_details.account_routing_value1"
    }

  &amp#27;[32mWhen &amp#27;[0m&amp#27;[32mI perform post on CreateBeneficiary endpoint&amp#27;[0m                                                                                                                                    &amp#27;[90m# stepDefinitions.Generic_Steps.i_perform_post_on_create_beneficiary_endpoint()&amp#27;[0m
2021-08-23 10:55:26,807 [INFO  ] Log - >> Response status code is 400
  &amp#27;[32mThen &amp#27;[0m&amp#27;[32mResponse status code is &amp#27;[0m&amp#27;[32m&amp#27;[1m400&amp#27;[0m                                                                                                                                                     &amp#27;[90m# stepDefinitions.Generic_Steps.response_status_code_is(java.lang.Integer)&amp#27;[0m
2021-08-23 10:55:26,807 [INFO  ] Log - >> Response status line is HTTP/1.1 400 Bad Request
  &amp#27;[32mAnd &amp#27;[0m&amp#27;[32mResponse status line is &amp#27;[0m&amp#27;[32m&amp#27;[1m"Bad Request"&amp#27;[0m                                                                                                                                            &amp#27;[90m# stepDefinitions.Generic_Steps.response_status_line_is(java.lang.String)&amp#27;[0m
2021-08-23 10:55:26,821 [INFO  ] Log - >> Response code contains value payment_schema_validation_failed
  &amp#27;[32mAnd &amp#27;[0m&amp#27;[32mResponse &amp#27;[0m&amp#27;[32m&amp#27;[1m"code"&amp#27;[0m&amp#27;[32m has value &amp#27;[0m&amp#27;[32m&amp#27;[1m"payment_schema_validation_failed"&amp#27;[0m                                                                                                                     &amp#27;[90m# stepDefinitions.Generic_Steps.response_contains_value(java.lang.String,java.lang.String)&amp#27;[0m
2021-08-23 10:55:26,849 [INFO  ] Log - >> Response message contains value Should be 9 characters long
  &amp#27;[32mAnd &amp#27;[0m&amp#27;[32mResponse &amp#27;[0m&amp#27;[32m&amp#27;[1m"message"&amp#27;[0m&amp#27;[32m has value &amp#27;[0m&amp#27;[32m&amp#27;[1m"Should be 9 characters long"&amp#27;[0m                                                                                                                       &amp#27;[90m# stepDefinitions.Generic_Steps.response_contains_value(java.lang.String,java.lang.String)&amp#27;[0m
2021-08-23 10:55:26,876 [INFO  ] Log - >> Response source contains value beneficiary.bank_details.account_routing_value1
  &amp#27;[32mAnd &amp#27;[0m&amp#27;[32mResponse &amp#27;[0m&amp#27;[32m&amp#27;[1m"source"&amp#27;[0m&amp#27;[32m has value &amp#27;[0m&amp#27;[32m&amp#27;[1m"beneficiary.bank_details.account_routing_value1"&amp#27;[0m                                                                                                    &amp#27;[90m# stepDefinitions.Generic_Steps.response_contains_value(java.lang.String,java.lang.String)&amp#27;[0m
]]></system-out>
  </testcase>
  <testcase name="runScenario[&quot;Validate error response is returned for &quot;bank_country_code&quot; US, &quot;account_routing_type1&quot; aba when &quot;account_routing_value1&quot; 1234567890 contains invalid no. of charaters&quot;, &quot;Optional[Validates Routing_type and Routing_value in BankDetails]&quot;](55)" classname="cucumber.Options.RunCucumberTests" time="1.031">
    <system-out><![CDATA[
@RequirementMismatch-RequiredField @RequirementMismatch-AUAcctRoutingValueLength
Scenario Outline: Validate error response is returned for "bank_country_code" US, "account_routing_type1" aba when "account_routing_value1" 1234567890 contains invalid no. of charaters &amp#27;[90m# src/test/resources/features/Routing_Type.feature:51&amp#27;[0m
2021-08-23 10:55:26,918 [INFO  ] Log - -----------------------------------------------------------------------------------------
2021-08-23 10:55:26,918 [INFO  ] Log - >> Validate error response is returned for "bank_country_code" US, "account_routing_type1" aba when "account_routing_value1" 1234567890 contains invalid no. of charaters
2021-08-23 10:55:26,918 [INFO  ] Log - -----------------------------------------------------------------------------------------
2021-08-23 10:55:27,459 [INFO  ] Log - >> Token Created
  &amp#27;[32mGiven &amp#27;[0m&amp#27;[32mI am authorized user&amp#27;[0m                                                                                                                                                             &amp#27;[90m# stepDefinitions.Generic_Steps.i_am_authorized_user()&amp#27;[0m
2021-08-23 10:55:27,460 [INFO  ] Log - >> Request PayLoad Created

    Request Payload : {
        "payment_methods": ["SWIFT"],
        "beneficiary": {
            "address": {
                "country_code": "US",
                "street_address": "412 5th Avenue",
                "city": "Seattle",
                "postcode": "98104",
                "state": "Washington"
            },
            "entity_type": "COMPANY",
            "additional_info": {"personal_email": "john.walker@gmail.com"},
            "bank_details": {
                "account_number": "502231121",
                "account_currency": "USD",
                "bank_country_code": "US",
                "swift_code": "CHASUS33",
                "account_name": "John Walker",
                "bank_name": "JP Morgan Chase Bank",
                "account_routing_value1": "1234567890",
                "account_routing_type1": "aba"
            },
            "company_name": "ABC University"
        },
        "nickname": "ABC University",
        "payer_entity_type": "PERSONAL"
    }

  &amp#27;[32mAnd &amp#27;[0m&amp#27;[32mI create request payload with valid data for all keys with &amp#27;[0m&amp#27;[32m&amp#27;[1m"Bank_Country_Code"&amp#27;[0m&amp#27;[32m is &amp#27;[0m&amp#27;[32m&amp#27;[1m"US"&amp#27;[0m&amp#27;[32m &amp#27;[0m&amp#27;[32m&amp#27;[1m"account_routing_type1"&amp#27;[0m&amp#27;[32m is &amp#27;[0m&amp#27;[32m&amp#27;[1m"aba"&amp#27;[0m&amp#27;[32m &amp#27;[0m&amp#27;[32m&amp#27;[1m"account_routing_value1"&amp#27;[0m&amp#27;[32m is &amp#27;[0m&amp#27;[32m&amp#27;[1m"1234567890"&amp#27;[0m                   &amp#27;[90m# stepDefinitions.Generic_Steps.i_create_request_payload_with_valid_data_for_all_keys_with_is_is_is(java.lang.String,java.lang.String,java.lang.String,java.lang.String,java.lang.String,java.lang.String)&amp#27;[0m
2021-08-23 10:55:27,846 [INFO  ] Log - >> Request PayLoad is posted

    Response : {
        "code": "payment_schema_validation_failed",
        "message": "Should be 9 characters long",
        "source": "beneficiary.bank_details.account_routing_value1"
    }

  &amp#27;[32mWhen &amp#27;[0m&amp#27;[32mI perform post on CreateBeneficiary endpoint&amp#27;[0m                                                                                                                                      &amp#27;[90m# stepDefinitions.Generic_Steps.i_perform_post_on_create_beneficiary_endpoint()&amp#27;[0m
2021-08-23 10:55:27,847 [INFO  ] Log - >> Response status code is 400
  &amp#27;[32mThen &amp#27;[0m&amp#27;[32mResponse status code is &amp#27;[0m&amp#27;[32m&amp#27;[1m400&amp#27;[0m                                                                                                                                                       &amp#27;[90m# stepDefinitions.Generic_Steps.response_status_code_is(java.lang.Integer)&amp#27;[0m
2021-08-23 10:55:27,847 [INFO  ] Log - >> Response status line is HTTP/1.1 400 Bad Request
  &amp#27;[32mAnd &amp#27;[0m&amp#27;[32mResponse status line is &amp#27;[0m&amp#27;[32m&amp#27;[1m"Bad Request"&amp#27;[0m                                                                                                                                              &amp#27;[90m# stepDefinitions.Generic_Steps.response_status_line_is(java.lang.String)&amp#27;[0m
2021-08-23 10:55:27,862 [INFO  ] Log - >> Response code contains value payment_schema_validation_failed
  &amp#27;[32mAnd &amp#27;[0m&amp#27;[32mResponse &amp#27;[0m&amp#27;[32m&amp#27;[1m"code"&amp#27;[0m&amp#27;[32m has value &amp#27;[0m&amp#27;[32m&amp#27;[1m"payment_schema_validation_failed"&amp#27;[0m                                                                                                                       &amp#27;[90m# stepDefinitions.Generic_Steps.response_contains_value(java.lang.String,java.lang.String)&amp#27;[0m
2021-08-23 10:55:27,886 [INFO  ] Log - >> Response message contains value Should be 9 characters long
  &amp#27;[32mAnd &amp#27;[0m&amp#27;[32mResponse &amp#27;[0m&amp#27;[32m&amp#27;[1m"message"&amp#27;[0m&amp#27;[32m has value &amp#27;[0m&amp#27;[32m&amp#27;[1m"Should be 9 characters long"&amp#27;[0m                                                                                                                         &amp#27;[90m# stepDefinitions.Generic_Steps.response_contains_value(java.lang.String,java.lang.String)&amp#27;[0m
2021-08-23 10:55:27,912 [INFO  ] Log - >> Response source contains value beneficiary.bank_details.account_routing_value1
  &amp#27;[32mAnd &amp#27;[0m&amp#27;[32mResponse &amp#27;[0m&amp#27;[32m&amp#27;[1m"source"&amp#27;[0m&amp#27;[32m has value &amp#27;[0m&amp#27;[32m&amp#27;[1m"beneficiary.bank_details.account_routing_value1"&amp#27;[0m                                                                                                      &amp#27;[90m# stepDefinitions.Generic_Steps.response_contains_value(java.lang.String,java.lang.String)&amp#27;[0m
]]></system-out>
  </testcase>
  <testcase name="runScenario[&quot;Validate error response is returned for &quot;bank_country_code&quot; AU, &quot;account_routing_type1&quot; bsb when &quot;account_routing_value1&quot; 12345 contains invalid no. of charaters&quot;, &quot;Optional[Validates Routing_type and Routing_value in BankDetails]&quot;](56)" classname="cucumber.Options.RunCucumberTests" time="0.979">
    <failure message="Cannot invoke &quot;Object.toString()&quot; because the return value of &quot;io.restassured.path.json.JsonPath.get(String)&quot; is null" type="java.lang.NullPointerException"><![CDATA[java.lang.NullPointerException: Cannot invoke "Object.toString()" because the return value of "io.restassured.path.json.JsonPath.get(String)" is null
]]></failure>
    <system-out><![CDATA[
@RequirementMismatch-RequiredField @RequirementMismatch-AUAcctRoutingValueLength
Scenario Outline: Validate error response is returned for "bank_country_code" AU, "account_routing_type1" bsb when "account_routing_value1" 12345 contains invalid no. of charaters &amp#27;[90m# src/test/resources/features/Routing_Type.feature:52&amp#27;[0m
2021-08-23 10:55:27,941 [INFO  ] Log - -----------------------------------------------------------------------------------------
2021-08-23 10:55:27,942 [INFO  ] Log - >> Validate error response is returned for "bank_country_code" AU, "account_routing_type1" bsb when "account_routing_value1" 12345 contains invalid no. of charaters
2021-08-23 10:55:27,942 [INFO  ] Log - -----------------------------------------------------------------------------------------
2021-08-23 10:55:28,471 [INFO  ] Log - >> Token Created
  &amp#27;[32mGiven &amp#27;[0m&amp#27;[32mI am authorized user&amp#27;[0m                                                                                                                                                        &amp#27;[90m# stepDefinitions.Generic_Steps.i_am_authorized_user()&amp#27;[0m
2021-08-23 10:55:28,472 [INFO  ] Log - >> Request PayLoad Created

    Request Payload : {
        "payment_methods": ["SWIFT"],
        "beneficiary": {
            "address": {
                "country_code": "AU",
                "street_address": "412 5th Avenue",
                "city": "Seattle",
                "postcode": "98104",
                "state": "Washington"
            },
            "entity_type": "COMPANY",
            "additional_info": {"personal_email": "john.walker@gmail.com"},
            "bank_details": {
                "account_number": "12750852",
                "account_currency": "AUD",
                "bank_country_code": "AU",
                "swift_code": "CTBAAU2S",
                "account_name": "Lee Da Ming",
                "iban": "ES8023100001180000012345",
                "bank_name": "National Australia Bank",
                "account_routing_value1": "12345",
                "transaction_reference": "4140110135",
                "local_clearing_system": "ACH",
                "account_routing_type1": "bsb"
            },
            "company_name": "ABC University"
        },
        "nickname": "ABC University",
        "payer_entity_type": "PERSONAL"
    }

  &amp#27;[32mAnd &amp#27;[0m&amp#27;[32mI create request payload with valid data for all keys with &amp#27;[0m&amp#27;[32m&amp#27;[1m"Bank_Country_Code"&amp#27;[0m&amp#27;[32m is &amp#27;[0m&amp#27;[32m&amp#27;[1m"AU"&amp#27;[0m&amp#27;[32m &amp#27;[0m&amp#27;[32m&amp#27;[1m"account_routing_type1"&amp#27;[0m&amp#27;[32m is &amp#27;[0m&amp#27;[32m&amp#27;[1m"bsb"&amp#27;[0m&amp#27;[32m &amp#27;[0m&amp#27;[32m&amp#27;[1m"account_routing_value1"&amp#27;[0m&amp#27;[32m is &amp#27;[0m&amp#27;[32m&amp#27;[1m"12345"&amp#27;[0m                   &amp#27;[90m# stepDefinitions.Generic_Steps.i_create_request_payload_with_valid_data_for_all_keys_with_is_is_is(java.lang.String,java.lang.String,java.lang.String,java.lang.String,java.lang.String,java.lang.String)&amp#27;[0m
2021-08-23 10:55:28,873 [INFO  ] Log - >> Request PayLoad is posted

    Response : {
        "beneficiary": {
            "additional_info": {
                "personal_email": "john.walker@gmail.com"
            },
            "address": {
                "city": "Seattle",
                "country_code": "AU",
                "postcode": "98104",
                "state": "Washington",
                "street_address": "412 5th Avenue"
            },
            "bank_details": {
                "account_currency": "AUD",
                "account_name": "Lee Da Ming",
                "account_number": "12750852",
                "account_routing_type1": "bsb",
                "account_routing_value1": "12345",
                "bank_country_code": "AU",
                "bank_name": "National Australia Bank",
                "iban": "ES8023100001180000012345",
                "swift_code": "CTBAAU2S"
            },
            "company_name": "ABC University",
            "entity_type": "COMPANY"
        },
        "beneficiary_id": "3515e1e9-dcf6-4fa3-90a6-7fa21857d935",
        "nickname": "ABC University",
        "payer_entity_type": "PERSONAL",
        "payment_methods": [
            "SWIFT"
        ]
    }

  &amp#27;[32mWhen &amp#27;[0m&amp#27;[32mI perform post on CreateBeneficiary endpoint&amp#27;[0m                                                                                                                                 &amp#27;[90m# stepDefinitions.Generic_Steps.i_perform_post_on_create_beneficiary_endpoint()&amp#27;[0m
2021-08-23 10:55:28,875 [INFO  ] Log - >> Response status code is 201
  &amp#27;[32mThen &amp#27;[0m&amp#27;[32mResponse status code is &amp#27;[0m&amp#27;[32m&amp#27;[1m400&amp#27;[0m                                                                                                                                                  &amp#27;[90m# stepDefinitions.Generic_Steps.response_status_code_is(java.lang.Integer)&amp#27;[0m
2021-08-23 10:55:28,875 [INFO  ] Log - >> Response status line is HTTP/1.1 201 Created
  &amp#27;[32mAnd &amp#27;[0m&amp#27;[32mResponse status line is &amp#27;[0m&amp#27;[32m&amp#27;[1m"Bad Request"&amp#27;[0m                                                                                                                                         &amp#27;[90m# stepDefinitions.Generic_Steps.response_status_line_is(java.lang.String)&amp#27;[0m
  &amp#27;[31mAnd &amp#27;[0m&amp#27;[31mResponse &amp#27;[0m&amp#27;[31m&amp#27;[1m"code"&amp#27;[0m&amp#27;[31m has value &amp#27;[0m&amp#27;[31m&amp#27;[1m"payment_schema_validation_failed"&amp#27;[0m                                                                                                                  &amp#27;[90m# stepDefinitions.Generic_Steps.response_contains_value(java.lang.String,java.lang.String)&amp#27;[0m
      &amp#27;[31mjava.lang.NullPointerException: Cannot invoke "Object.toString()" because the return value of "io.restassured.path.json.JsonPath.get(String)" is null
	at utilities.Json_handler.getJsonPath(Json_handler.java:21)
	at stepDefinitions.Generic_Steps.response_contains_value(Generic_Steps.java:139)
	at âœ½.Response "code" has value "payment_schema_validation_failed"(file:///C:/SnehProjects/DemoProject/Demo_APIFramework/src/test/resources/features/Routing_Type.feature:44)
&amp#27;[0m
  &amp#27;[36mAnd &amp#27;[0m&amp#27;[36mResponse &amp#27;[0m&amp#27;[36m&amp#27;[1m"message"&amp#27;[0m&amp#27;[36m has value &amp#27;[0m&amp#27;[36m&amp#27;[1m"Should be 6 characters long"&amp#27;[0m                                                                                                                    &amp#27;[90m# stepDefinitions.Generic_Steps.response_contains_value(java.lang.String,java.lang.String)&amp#27;[0m
  &amp#27;[36mAnd &amp#27;[0m&amp#27;[36mResponse &amp#27;[0m&amp#27;[36m&amp#27;[1m"source"&amp#27;[0m&amp#27;[36m has value &amp#27;[0m&amp#27;[36m&amp#27;[1m"beneficiary.bank_details.account_routing_value1"&amp#27;[0m                                                                                                 &amp#27;[90m# stepDefinitions.Generic_Steps.response_contains_value(java.lang.String,java.lang.String)&amp#27;[0m
      &amp#27;[31mjava.lang.AssertionError: The following asserts failed:
	expected [400] but found [201],
	expected [true] but found [false]
	at org.testng.asserts.SoftAssert.assertAll(SoftAssert.java:47)
	at org.testng.asserts.SoftAssert.assertAll(SoftAssert.java:31)
	at stepDefinitions.Generic_Steps.after(Generic_Steps.java:38)
&amp#27;[0m
]]></system-out>
  </testcase>
  <testcase name="runScenario[&quot;Validate error response is returned for &quot;bank_country_code&quot; AU, &quot;account_routing_type1&quot; bsb when &quot;account_routing_value1&quot; 1234567890 contains invalid no. of charaters&quot;, &quot;Optional[Validates Routing_type and Routing_value in BankDetails]&quot;](57)" classname="cucumber.Options.RunCucumberTests" time="0.953">
    <failure message="Cannot invoke &quot;Object.toString()&quot; because the return value of &quot;io.restassured.path.json.JsonPath.get(String)&quot; is null" type="java.lang.NullPointerException"><![CDATA[java.lang.NullPointerException: Cannot invoke "Object.toString()" because the return value of "io.restassured.path.json.JsonPath.get(String)" is null
]]></failure>
    <system-out><![CDATA[
@RequirementMismatch-RequiredField @RequirementMismatch-AUAcctRoutingValueLength
Scenario Outline: Validate error response is returned for "bank_country_code" AU, "account_routing_type1" bsb when "account_routing_value1" 1234567890 contains invalid no. of charaters &amp#27;[90m# src/test/resources/features/Routing_Type.feature:53&amp#27;[0m
2021-08-23 10:55:28,901 [INFO  ] Log - -----------------------------------------------------------------------------------------
2021-08-23 10:55:28,901 [INFO  ] Log - >> Validate error response is returned for "bank_country_code" AU, "account_routing_type1" bsb when "account_routing_value1" 1234567890 contains invalid no. of charaters
2021-08-23 10:55:28,901 [INFO  ] Log - -----------------------------------------------------------------------------------------
2021-08-23 10:55:29,407 [INFO  ] Log - >> Token Created
  &amp#27;[32mGiven &amp#27;[0m&amp#27;[32mI am authorized user&amp#27;[0m                                                                                                                                                             &amp#27;[90m# stepDefinitions.Generic_Steps.i_am_authorized_user()&amp#27;[0m
2021-08-23 10:55:29,408 [INFO  ] Log - >> Request PayLoad Created

    Request Payload : {
        "payment_methods": ["SWIFT"],
        "beneficiary": {
            "address": {
                "country_code": "AU",
                "street_address": "412 5th Avenue",
                "city": "Seattle",
                "postcode": "98104",
                "state": "Washington"
            },
            "entity_type": "COMPANY",
            "additional_info": {"personal_email": "john.walker@gmail.com"},
            "bank_details": {
                "account_number": "12750852",
                "account_currency": "AUD",
                "bank_country_code": "AU",
                "swift_code": "CTBAAU2S",
                "account_name": "Lee Da Ming",
                "iban": "ES8023100001180000012345",
                "bank_name": "National Australia Bank",
                "account_routing_value1": "1234567890",
                "transaction_reference": "4140110135",
                "local_clearing_system": "ACH",
                "account_routing_type1": "bsb"
            },
            "company_name": "ABC University"
        },
        "nickname": "ABC University",
        "payer_entity_type": "PERSONAL"
    }

  &amp#27;[32mAnd &amp#27;[0m&amp#27;[32mI create request payload with valid data for all keys with &amp#27;[0m&amp#27;[32m&amp#27;[1m"Bank_Country_Code"&amp#27;[0m&amp#27;[32m is &amp#27;[0m&amp#27;[32m&amp#27;[1m"AU"&amp#27;[0m&amp#27;[32m &amp#27;[0m&amp#27;[32m&amp#27;[1m"account_routing_type1"&amp#27;[0m&amp#27;[32m is &amp#27;[0m&amp#27;[32m&amp#27;[1m"bsb"&amp#27;[0m&amp#27;[32m &amp#27;[0m&amp#27;[32m&amp#27;[1m"account_routing_value1"&amp#27;[0m&amp#27;[32m is &amp#27;[0m&amp#27;[32m&amp#27;[1m"1234567890"&amp#27;[0m                   &amp#27;[90m# stepDefinitions.Generic_Steps.i_create_request_payload_with_valid_data_for_all_keys_with_is_is_is(java.lang.String,java.lang.String,java.lang.String,java.lang.String,java.lang.String,java.lang.String)&amp#27;[0m
2021-08-23 10:55:29,809 [INFO  ] Log - >> Request PayLoad is posted

    Response : {
        "beneficiary": {
            "additional_info": {
                "personal_email": "john.walker@gmail.com"
            },
            "address": {
                "city": "Seattle",
                "country_code": "AU",
                "postcode": "98104",
                "state": "Washington",
                "street_address": "412 5th Avenue"
            },
            "bank_details": {
                "account_currency": "AUD",
                "account_name": "Lee Da Ming",
                "account_number": "12750852",
                "account_routing_type1": "bsb",
                "account_routing_value1": "1234567890",
                "bank_country_code": "AU",
                "bank_name": "National Australia Bank",
                "iban": "ES8023100001180000012345",
                "swift_code": "CTBAAU2S"
            },
            "company_name": "ABC University",
            "entity_type": "COMPANY"
        },
        "beneficiary_id": "4d8b9b7e-e8b7-4d1b-935a-0fb151956b6c",
        "nickname": "ABC University",
        "payer_entity_type": "PERSONAL",
        "payment_methods": [
            "SWIFT"
        ]
    }

  &amp#27;[32mWhen &amp#27;[0m&amp#27;[32mI perform post on CreateBeneficiary endpoint&amp#27;[0m                                                                                                                                      &amp#27;[90m# stepDefinitions.Generic_Steps.i_perform_post_on_create_beneficiary_endpoint()&amp#27;[0m
2021-08-23 10:55:29,811 [INFO  ] Log - >> Response status code is 201
  &amp#27;[32mThen &amp#27;[0m&amp#27;[32mResponse status code is &amp#27;[0m&amp#27;[32m&amp#27;[1m400&amp#27;[0m                                                                                                                                                       &amp#27;[90m# stepDefinitions.Generic_Steps.response_status_code_is(java.lang.Integer)&amp#27;[0m
2021-08-23 10:55:29,811 [INFO  ] Log - >> Response status line is HTTP/1.1 201 Created
  &amp#27;[32mAnd &amp#27;[0m&amp#27;[32mResponse status line is &amp#27;[0m&amp#27;[32m&amp#27;[1m"Bad Request"&amp#27;[0m                                                                                                                                              &amp#27;[90m# stepDefinitions.Generic_Steps.response_status_line_is(java.lang.String)&amp#27;[0m
  &amp#27;[31mAnd &amp#27;[0m&amp#27;[31mResponse &amp#27;[0m&amp#27;[31m&amp#27;[1m"code"&amp#27;[0m&amp#27;[31m has value &amp#27;[0m&amp#27;[31m&amp#27;[1m"payment_schema_validation_failed"&amp#27;[0m                                                                                                                       &amp#27;[90m# stepDefinitions.Generic_Steps.response_contains_value(java.lang.String,java.lang.String)&amp#27;[0m
      &amp#27;[31mjava.lang.NullPointerException: Cannot invoke "Object.toString()" because the return value of "io.restassured.path.json.JsonPath.get(String)" is null
	at utilities.Json_handler.getJsonPath(Json_handler.java:21)
	at stepDefinitions.Generic_Steps.response_contains_value(Generic_Steps.java:139)
	at âœ½.Response "code" has value "payment_schema_validation_failed"(file:///C:/SnehProjects/DemoProject/Demo_APIFramework/src/test/resources/features/Routing_Type.feature:44)
&amp#27;[0m
  &amp#27;[36mAnd &amp#27;[0m&amp#27;[36mResponse &amp#27;[0m&amp#27;[36m&amp#27;[1m"message"&amp#27;[0m&amp#27;[36m has value &amp#27;[0m&amp#27;[36m&amp#27;[1m"Should be 6 characters long"&amp#27;[0m                                                                                                                         &amp#27;[90m# stepDefinitions.Generic_Steps.response_contains_value(java.lang.String,java.lang.String)&amp#27;[0m
  &amp#27;[36mAnd &amp#27;[0m&amp#27;[36mResponse &amp#27;[0m&amp#27;[36m&amp#27;[1m"source"&amp#27;[0m&amp#27;[36m has value &amp#27;[0m&amp#27;[36m&amp#27;[1m"beneficiary.bank_details.account_routing_value1"&amp#27;[0m                                                                                                      &amp#27;[90m# stepDefinitions.Generic_Steps.response_contains_value(java.lang.String,java.lang.String)&amp#27;[0m
      &amp#27;[31mjava.lang.AssertionError: The following asserts failed:
	expected [400] but found [201],
	expected [true] but found [false]
	at org.testng.asserts.SoftAssert.assertAll(SoftAssert.java:47)
	at org.testng.asserts.SoftAssert.assertAll(SoftAssert.java:31)
	at stepDefinitions.Generic_Steps.after(Generic_Steps.java:38)
&amp#27;[0m
]]></system-out>
  </testcase>
  <testcase name="runScenario[&quot;Validate error response is returned for &quot;bank_country_code&quot; US, &quot;account_routing_type1&quot; aba when &quot;account_routing_value1&quot;  contains invalid no. of charaters&quot;, &quot;Optional[Validates Routing_type and Routing_value in BankDetails]&quot;](58)" classname="cucumber.Options.RunCucumberTests" time="0.902">
    <failure message="Cannot invoke &quot;Object.toString()&quot; because the return value of &quot;io.restassured.path.json.JsonPath.get(String)&quot; is null" type="java.lang.NullPointerException"><![CDATA[java.lang.NullPointerException: Cannot invoke "Object.toString()" because the return value of "io.restassured.path.json.JsonPath.get(String)" is null
]]></failure>
    <system-out><![CDATA[
@RequirementMismatch-RequiredField @RequirementMismatch-AUAcctRoutingValueLength
Scenario Outline: Validate error response is returned for "bank_country_code" US, "account_routing_type1" aba when "account_routing_value1"  contains invalid no. of charaters &amp#27;[90m# src/test/resources/features/Routing_Type.feature:54&amp#27;[0m
2021-08-23 10:55:29,841 [INFO  ] Log - -----------------------------------------------------------------------------------------
2021-08-23 10:55:29,841 [INFO  ] Log - >> Validate error response is returned for "bank_country_code" US, "account_routing_type1" aba when "account_routing_value1"  contains invalid no. of charaters
2021-08-23 10:55:29,841 [INFO  ] Log - -----------------------------------------------------------------------------------------
2021-08-23 10:55:30,317 [INFO  ] Log - >> Token Created
  &amp#27;[32mGiven &amp#27;[0m&amp#27;[32mI am authorized user&amp#27;[0m                                                                                                                                                   &amp#27;[90m# stepDefinitions.Generic_Steps.i_am_authorized_user()&amp#27;[0m
2021-08-23 10:55:30,318 [INFO  ] Log - >> Request PayLoad Created

    Request Payload : {
        "payment_methods": ["SWIFT"],
        "beneficiary": {
            "address": {
                "country_code": "US",
                "street_address": "412 5th Avenue",
                "city": "Seattle",
                "postcode": "98104",
                "state": "Washington"
            },
            "entity_type": "COMPANY",
            "additional_info": {"personal_email": "john.walker@gmail.com"},
            "bank_details": {
                "account_number": "502231121",
                "account_currency": "USD",
                "bank_country_code": "US",
                "swift_code": "CHASUS33",
                "account_name": "John Walker",
                "bank_name": "JP Morgan Chase Bank",
                "account_routing_value1": "",
                "account_routing_type1": "aba"
            },
            "company_name": "ABC University"
        },
        "nickname": "ABC University",
        "payer_entity_type": "PERSONAL"
    }

  &amp#27;[32mAnd &amp#27;[0m&amp#27;[32mI create request payload with valid data for all keys with &amp#27;[0m&amp#27;[32m&amp#27;[1m"Bank_Country_Code"&amp#27;[0m&amp#27;[32m is &amp#27;[0m&amp#27;[32m&amp#27;[1m"US"&amp#27;[0m&amp#27;[32m &amp#27;[0m&amp#27;[32m&amp#27;[1m"account_routing_type1"&amp#27;[0m&amp#27;[32m is &amp#27;[0m&amp#27;[32m&amp#27;[1m"aba"&amp#27;[0m&amp#27;[32m &amp#27;[0m&amp#27;[32m&amp#27;[1m"account_routing_value1"&amp#27;[0m&amp#27;[32m is &amp#27;[0m&amp#27;[32m&amp#27;[1m""&amp#27;[0m                   &amp#27;[90m# stepDefinitions.Generic_Steps.i_create_request_payload_with_valid_data_for_all_keys_with_is_is_is(java.lang.String,java.lang.String,java.lang.String,java.lang.String,java.lang.String,java.lang.String)&amp#27;[0m
2021-08-23 10:55:30,694 [INFO  ] Log - >> Request PayLoad is posted

    Response : {
        "beneficiary": {
            "additional_info": {
                "personal_email": "john.walker@gmail.com"
            },
            "address": {
                "city": "Seattle",
                "country_code": "US",
                "postcode": "98104",
                "state": "Washington",
                "street_address": "412 5th Avenue"
            },
            "bank_details": {
                "account_currency": "USD",
                "account_name": "John Walker",
                "account_number": "502231121",
                "account_routing_type1": "aba",
                "account_routing_value1": "",
                "bank_country_code": "US",
                "bank_name": "JP Morgan Chase Bank",
                "swift_code": "CHASUS33"
            },
            "company_name": "ABC University",
            "entity_type": "COMPANY"
        },
        "beneficiary_id": "6e38d74a-2789-4dca-9a15-c083f253a483",
        "nickname": "ABC University",
        "payer_entity_type": "PERSONAL",
        "payment_methods": [
            "SWIFT"
        ]
    }

  &amp#27;[32mWhen &amp#27;[0m&amp#27;[32mI perform post on CreateBeneficiary endpoint&amp#27;[0m                                                                                                                            &amp#27;[90m# stepDefinitions.Generic_Steps.i_perform_post_on_create_beneficiary_endpoint()&amp#27;[0m
2021-08-23 10:55:30,696 [INFO  ] Log - >> Response status code is 201
  &amp#27;[32mThen &amp#27;[0m&amp#27;[32mResponse status code is &amp#27;[0m&amp#27;[32m&amp#27;[1m400&amp#27;[0m                                                                                                                                             &amp#27;[90m# stepDefinitions.Generic_Steps.response_status_code_is(java.lang.Integer)&amp#27;[0m
2021-08-23 10:55:30,696 [INFO  ] Log - >> Response status line is HTTP/1.1 201 Created
  &amp#27;[32mAnd &amp#27;[0m&amp#27;[32mResponse status line is &amp#27;[0m&amp#27;[32m&amp#27;[1m"Bad Request"&amp#27;[0m                                                                                                                                    &amp#27;[90m# stepDefinitions.Generic_Steps.response_status_line_is(java.lang.String)&amp#27;[0m
  &amp#27;[31mAnd &amp#27;[0m&amp#27;[31mResponse &amp#27;[0m&amp#27;[31m&amp#27;[1m"code"&amp#27;[0m&amp#27;[31m has value &amp#27;[0m&amp#27;[31m&amp#27;[1m"payment_schema_validation_failed"&amp#27;[0m                                                                                                             &amp#27;[90m# stepDefinitions.Generic_Steps.response_contains_value(java.lang.String,java.lang.String)&amp#27;[0m
      &amp#27;[31mjava.lang.NullPointerException: Cannot invoke "Object.toString()" because the return value of "io.restassured.path.json.JsonPath.get(String)" is null
	at utilities.Json_handler.getJsonPath(Json_handler.java:21)
	at stepDefinitions.Generic_Steps.response_contains_value(Generic_Steps.java:139)
	at âœ½.Response "code" has value "payment_schema_validation_failed"(file:///C:/SnehProjects/DemoProject/Demo_APIFramework/src/test/resources/features/Routing_Type.feature:44)
&amp#27;[0m
  &amp#27;[36mAnd &amp#27;[0m&amp#27;[36mResponse &amp#27;[0m&amp#27;[36m&amp#27;[1m"message"&amp#27;[0m&amp#27;[36m has value &amp#27;[0m&amp#27;[36m&amp#27;[1m"Should be 9 characters long"&amp#27;[0m                                                                                                               &amp#27;[90m# stepDefinitions.Generic_Steps.response_contains_value(java.lang.String,java.lang.String)&amp#27;[0m
  &amp#27;[36mAnd &amp#27;[0m&amp#27;[36mResponse &amp#27;[0m&amp#27;[36m&amp#27;[1m"source"&amp#27;[0m&amp#27;[36m has value &amp#27;[0m&amp#27;[36m&amp#27;[1m"beneficiary.bank_details.account_routing_value1"&amp#27;[0m                                                                                            &amp#27;[90m# stepDefinitions.Generic_Steps.response_contains_value(java.lang.String,java.lang.String)&amp#27;[0m
      &amp#27;[31mjava.lang.AssertionError: The following asserts failed:
	expected [400] but found [201],
	expected [true] but found [false]
	at org.testng.asserts.SoftAssert.assertAll(SoftAssert.java:47)
	at org.testng.asserts.SoftAssert.assertAll(SoftAssert.java:31)
	at stepDefinitions.Generic_Steps.after(Generic_Steps.java:38)
&amp#27;[0m
]]></system-out>
  </testcase>
  <testcase name="runScenario[&quot;Validate error response is returned for &quot;bank_country_code&quot; AU, &quot;account_routing_type1&quot; bsb when &quot;account_routing_value1&quot;  contains invalid no. of charaters&quot;, &quot;Optional[Validates Routing_type and Routing_value in BankDetails]&quot;](59)" classname="cucumber.Options.RunCucumberTests" time="0.939">
    <failure message="Cannot invoke &quot;Object.toString()&quot; because the return value of &quot;io.restassured.path.json.JsonPath.get(String)&quot; is null" type="java.lang.NullPointerException"><![CDATA[java.lang.NullPointerException: Cannot invoke "Object.toString()" because the return value of "io.restassured.path.json.JsonPath.get(String)" is null
]]></failure>
    <system-out><![CDATA[
@RequirementMismatch-RequiredField @RequirementMismatch-AUAcctRoutingValueLength
Scenario Outline: Validate error response is returned for "bank_country_code" AU, "account_routing_type1" bsb when "account_routing_value1"  contains invalid no. of charaters &amp#27;[90m# src/test/resources/features/Routing_Type.feature:55&amp#27;[0m
2021-08-23 10:55:30,724 [INFO  ] Log - -----------------------------------------------------------------------------------------
2021-08-23 10:55:30,724 [INFO  ] Log - >> Validate error response is returned for "bank_country_code" AU, "account_routing_type1" bsb when "account_routing_value1"  contains invalid no. of charaters
2021-08-23 10:55:30,724 [INFO  ] Log - -----------------------------------------------------------------------------------------
2021-08-23 10:55:31,169 [INFO  ] Log - >> Token Created
  &amp#27;[32mGiven &amp#27;[0m&amp#27;[32mI am authorized user&amp#27;[0m                                                                                                                                                   &amp#27;[90m# stepDefinitions.Generic_Steps.i_am_authorized_user()&amp#27;[0m
2021-08-23 10:55:31,170 [INFO  ] Log - >> Request PayLoad Created

    Request Payload : {
        "payment_methods": ["SWIFT"],
        "beneficiary": {
            "address": {
                "country_code": "AU",
                "street_address": "412 5th Avenue",
                "city": "Seattle",
                "postcode": "98104",
                "state": "Washington"
            },
            "entity_type": "COMPANY",
            "additional_info": {"personal_email": "john.walker@gmail.com"},
            "bank_details": {
                "account_number": "12750852",
                "account_currency": "AUD",
                "bank_country_code": "AU",
                "swift_code": "CTBAAU2S",
                "account_name": "Lee Da Ming",
                "iban": "ES8023100001180000012345",
                "bank_name": "National Australia Bank",
                "account_routing_value1": "",
                "transaction_reference": "4140110135",
                "local_clearing_system": "ACH",
                "account_routing_type1": "bsb"
            },
            "company_name": "ABC University"
        },
        "nickname": "ABC University",
        "payer_entity_type": "PERSONAL"
    }

  &amp#27;[32mAnd &amp#27;[0m&amp#27;[32mI create request payload with valid data for all keys with &amp#27;[0m&amp#27;[32m&amp#27;[1m"Bank_Country_Code"&amp#27;[0m&amp#27;[32m is &amp#27;[0m&amp#27;[32m&amp#27;[1m"AU"&amp#27;[0m&amp#27;[32m &amp#27;[0m&amp#27;[32m&amp#27;[1m"account_routing_type1"&amp#27;[0m&amp#27;[32m is &amp#27;[0m&amp#27;[32m&amp#27;[1m"bsb"&amp#27;[0m&amp#27;[32m &amp#27;[0m&amp#27;[32m&amp#27;[1m"account_routing_value1"&amp#27;[0m&amp#27;[32m is &amp#27;[0m&amp#27;[32m&amp#27;[1m""&amp#27;[0m                   &amp#27;[90m# stepDefinitions.Generic_Steps.i_create_request_payload_with_valid_data_for_all_keys_with_is_is_is(java.lang.String,java.lang.String,java.lang.String,java.lang.String,java.lang.String,java.lang.String)&amp#27;[0m
2021-08-23 10:55:31,626 [INFO  ] Log - >> Request PayLoad is posted

    Response : {
        "beneficiary": {
            "additional_info": {
                "personal_email": "john.walker@gmail.com"
            },
            "address": {
                "city": "Seattle",
                "country_code": "AU",
                "postcode": "98104",
                "state": "Washington",
                "street_address": "412 5th Avenue"
            },
            "bank_details": {
                "account_currency": "AUD",
                "account_name": "Lee Da Ming",
                "account_number": "12750852",
                "account_routing_type1": "bsb",
                "account_routing_value1": "",
                "bank_country_code": "AU",
                "bank_name": "National Australia Bank",
                "iban": "ES8023100001180000012345",
                "swift_code": "CTBAAU2S"
            },
            "company_name": "ABC University",
            "entity_type": "COMPANY"
        },
        "beneficiary_id": "406b0926-2dd5-4523-a02c-5fd3141138f6",
        "nickname": "ABC University",
        "payer_entity_type": "PERSONAL",
        "payment_methods": [
            "SWIFT"
        ]
    }

  &amp#27;[32mWhen &amp#27;[0m&amp#27;[32mI perform post on CreateBeneficiary endpoint&amp#27;[0m                                                                                                                            &amp#27;[90m# stepDefinitions.Generic_Steps.i_perform_post_on_create_beneficiary_endpoint()&amp#27;[0m
2021-08-23 10:55:31,629 [INFO  ] Log - >> Response status code is 201
  &amp#27;[32mThen &amp#27;[0m&amp#27;[32mResponse status code is &amp#27;[0m&amp#27;[32m&amp#27;[1m400&amp#27;[0m                                                                                                                                             &amp#27;[90m# stepDefinitions.Generic_Steps.response_status_code_is(java.lang.Integer)&amp#27;[0m
2021-08-23 10:55:31,629 [INFO  ] Log - >> Response status line is HTTP/1.1 201 Created
  &amp#27;[32mAnd &amp#27;[0m&amp#27;[32mResponse status line is &amp#27;[0m&amp#27;[32m&amp#27;[1m"Bad Request"&amp#27;[0m                                                                                                                                    &amp#27;[90m# stepDefinitions.Generic_Steps.response_status_line_is(java.lang.String)&amp#27;[0m
  &amp#27;[31mAnd &amp#27;[0m&amp#27;[31mResponse &amp#27;[0m&amp#27;[31m&amp#27;[1m"code"&amp#27;[0m&amp#27;[31m has value &amp#27;[0m&amp#27;[31m&amp#27;[1m"payment_schema_validation_failed"&amp#27;[0m                                                                                                             &amp#27;[90m# stepDefinitions.Generic_Steps.response_contains_value(java.lang.String,java.lang.String)&amp#27;[0m
      &amp#27;[31mjava.lang.NullPointerException: Cannot invoke "Object.toString()" because the return value of "io.restassured.path.json.JsonPath.get(String)" is null
	at utilities.Json_handler.getJsonPath(Json_handler.java:21)
	at stepDefinitions.Generic_Steps.response_contains_value(Generic_Steps.java:139)
	at âœ½.Response "code" has value "payment_schema_validation_failed"(file:///C:/SnehProjects/DemoProject/Demo_APIFramework/src/test/resources/features/Routing_Type.feature:44)
&amp#27;[0m
  &amp#27;[36mAnd &amp#27;[0m&amp#27;[36mResponse &amp#27;[0m&amp#27;[36m&amp#27;[1m"message"&amp#27;[0m&amp#27;[36m has value &amp#27;[0m&amp#27;[36m&amp#27;[1m"Should be 6 characters long"&amp#27;[0m                                                                                                               &amp#27;[90m# stepDefinitions.Generic_Steps.response_contains_value(java.lang.String,java.lang.String)&amp#27;[0m
  &amp#27;[36mAnd &amp#27;[0m&amp#27;[36mResponse &amp#27;[0m&amp#27;[36m&amp#27;[1m"source"&amp#27;[0m&amp#27;[36m has value &amp#27;[0m&amp#27;[36m&amp#27;[1m"beneficiary.bank_details.account_routing_value1"&amp#27;[0m                                                                                            &amp#27;[90m# stepDefinitions.Generic_Steps.response_contains_value(java.lang.String,java.lang.String)&amp#27;[0m
      &amp#27;[31mjava.lang.AssertionError: The following asserts failed:
	expected [400] but found [201],
	expected [true] but found [false]
	at org.testng.asserts.SoftAssert.assertAll(SoftAssert.java:47)
	at org.testng.asserts.SoftAssert.assertAll(SoftAssert.java:31)
	at stepDefinitions.Generic_Steps.after(Generic_Steps.java:38)
&amp#27;[0m
]]></system-out>
  </testcase>
  <testcase name="runScenario[&quot;Validate error response is returned for &quot;bank_country_code&quot; US, &quot;account_routing_type1&quot; aba when &quot;account_routing_value1&quot; 123456789 contains invalid no. of charaters&quot;, &quot;Optional[Validates Routing_type and Routing_value in BankDetails]&quot;](60)" classname="cucumber.Options.RunCucumberTests" time="1.001">
    <system-out><![CDATA[
@PositiveScenarios
Scenario Outline: Validate error response is returned for "bank_country_code" US, "account_routing_type1" aba when "account_routing_value1" 123456789 contains invalid no. of charaters &amp#27;[90m# src/test/resources/features/Routing_Type.feature:66&amp#27;[0m
2021-08-23 10:55:31,657 [INFO  ] Log - -----------------------------------------------------------------------------------------
2021-08-23 10:55:31,658 [INFO  ] Log - >> Validate error response is returned for "bank_country_code" US, "account_routing_type1" aba when "account_routing_value1" 123456789 contains invalid no. of charaters
2021-08-23 10:55:31,658 [INFO  ] Log - -----------------------------------------------------------------------------------------
2021-08-23 10:55:32,164 [INFO  ] Log - >> Token Created
  &amp#27;[32mGiven &amp#27;[0m&amp#27;[32mI am authorized user&amp#27;[0m                                                                                                                                                            &amp#27;[90m# stepDefinitions.Generic_Steps.i_am_authorized_user()&amp#27;[0m
2021-08-23 10:55:32,165 [INFO  ] Log - >> Request PayLoad Created

    Request Payload : {
        "payment_methods": ["SWIFT"],
        "beneficiary": {
            "address": {
                "country_code": "US",
                "street_address": "412 5th Avenue",
                "city": "Seattle",
                "postcode": "98104",
                "state": "Washington"
            },
            "entity_type": "COMPANY",
            "additional_info": {"personal_email": "john.walker@gmail.com"},
            "bank_details": {
                "account_number": "502231121",
                "account_currency": "USD",
                "bank_country_code": "US",
                "swift_code": "CHASUS33",
                "account_name": "John Walker",
                "bank_name": "JP Morgan Chase Bank",
                "account_routing_value1": "123456789",
                "account_routing_type1": "aba"
            },
            "company_name": "ABC University"
        },
        "nickname": "ABC University",
        "payer_entity_type": "PERSONAL"
    }

  &amp#27;[32mAnd &amp#27;[0m&amp#27;[32mI create request payload with valid data for all keys with &amp#27;[0m&amp#27;[32m&amp#27;[1m"Bank_Country_Code"&amp#27;[0m&amp#27;[32m is &amp#27;[0m&amp#27;[32m&amp#27;[1m"US"&amp#27;[0m&amp#27;[32m &amp#27;[0m&amp#27;[32m&amp#27;[1m"account_routing_type1"&amp#27;[0m&amp#27;[32m is &amp#27;[0m&amp#27;[32m&amp#27;[1m"aba"&amp#27;[0m&amp#27;[32m &amp#27;[0m&amp#27;[32m&amp#27;[1m"account_routing_value1"&amp#27;[0m&amp#27;[32m is &amp#27;[0m&amp#27;[32m&amp#27;[1m"123456789"&amp#27;[0m                   &amp#27;[90m# stepDefinitions.Generic_Steps.i_create_request_payload_with_valid_data_for_all_keys_with_is_is_is(java.lang.String,java.lang.String,java.lang.String,java.lang.String,java.lang.String,java.lang.String)&amp#27;[0m
2021-08-23 10:55:32,563 [INFO  ] Log - >> Request PayLoad is posted

    Response : {
        "beneficiary": {
            "additional_info": {
                "personal_email": "john.walker@gmail.com"
            },
            "address": {
                "city": "Seattle",
                "country_code": "US",
                "postcode": "98104",
                "state": "Washington",
                "street_address": "412 5th Avenue"
            },
            "bank_details": {
                "account_currency": "USD",
                "account_name": "John Walker",
                "account_number": "502231121",
                "account_routing_type1": "aba",
                "account_routing_value1": "123456789",
                "bank_country_code": "US",
                "bank_name": "JP Morgan Chase Bank",
                "swift_code": "CHASUS33"
            },
            "company_name": "ABC University",
            "entity_type": "COMPANY"
        },
        "beneficiary_id": "73ff6c2a-4742-4d47-9c32-f765afa096bf",
        "nickname": "ABC University",
        "payer_entity_type": "PERSONAL",
        "payment_methods": [
            "SWIFT"
        ]
    }

  &amp#27;[32mWhen &amp#27;[0m&amp#27;[32mI perform post on CreateBeneficiary endpoint&amp#27;[0m                                                                                                                                     &amp#27;[90m# stepDefinitions.Generic_Steps.i_perform_post_on_create_beneficiary_endpoint()&amp#27;[0m
2021-08-23 10:55:32,571 [INFO  ] Log - >> Response status code is 201
  &amp#27;[32mThen &amp#27;[0m&amp#27;[32mResponse status code is &amp#27;[0m&amp#27;[32m&amp#27;[1m201&amp#27;[0m                                                                                                                                                      &amp#27;[90m# stepDefinitions.Generic_Steps.response_status_code_is(java.lang.Integer)&amp#27;[0m
2021-08-23 10:55:32,571 [INFO  ] Log - >> Response status line is HTTP/1.1 201 Created
  &amp#27;[32mAnd &amp#27;[0m&amp#27;[32mResponse status line is &amp#27;[0m&amp#27;[32m&amp#27;[1m"Created"&amp#27;[0m                                                                                                                                                 &amp#27;[90m# stepDefinitions.Generic_Steps.response_status_line_is(java.lang.String)&amp#27;[0m
]]></system-out>
  </testcase>
  <testcase name="runScenario[&quot;Validate error response is returned for &quot;bank_country_code&quot; AU, &quot;account_routing_type1&quot; bsb when &quot;account_routing_value1&quot; 123456 contains invalid no. of charaters&quot;, &quot;Optional[Validates Routing_type and Routing_value in BankDetails]&quot;](61)" classname="cucumber.Options.RunCucumberTests" time="0.806">
    <system-out><![CDATA[
@PositiveScenarios
Scenario Outline: Validate error response is returned for "bank_country_code" AU, "account_routing_type1" bsb when "account_routing_value1" 123456 contains invalid no. of charaters &amp#27;[90m# src/test/resources/features/Routing_Type.feature:67&amp#27;[0m
2021-08-23 10:55:32,593 [INFO  ] Log - -----------------------------------------------------------------------------------------
2021-08-23 10:55:32,594 [INFO  ] Log - >> Validate error response is returned for "bank_country_code" AU, "account_routing_type1" bsb when "account_routing_value1" 123456 contains invalid no. of charaters
2021-08-23 10:55:32,594 [INFO  ] Log - -----------------------------------------------------------------------------------------
2021-08-23 10:55:33,039 [INFO  ] Log - >> Token Created
  &amp#27;[32mGiven &amp#27;[0m&amp#27;[32mI am authorized user&amp#27;[0m                                                                                                                                                         &amp#27;[90m# stepDefinitions.Generic_Steps.i_am_authorized_user()&amp#27;[0m
2021-08-23 10:55:33,040 [INFO  ] Log - >> Request PayLoad Created

    Request Payload : {
        "payment_methods": ["SWIFT"],
        "beneficiary": {
            "address": {
                "country_code": "AU",
                "street_address": "412 5th Avenue",
                "city": "Seattle",
                "postcode": "98104",
                "state": "Washington"
            },
            "entity_type": "COMPANY",
            "additional_info": {"personal_email": "john.walker@gmail.com"},
            "bank_details": {
                "account_number": "12750852",
                "account_currency": "AUD",
                "bank_country_code": "AU",
                "swift_code": "CTBAAU2S",
                "account_name": "Lee Da Ming",
                "iban": "ES8023100001180000012345",
                "bank_name": "National Australia Bank",
                "account_routing_value1": "123456",
                "transaction_reference": "4140110135",
                "local_clearing_system": "ACH",
                "account_routing_type1": "bsb"
            },
            "company_name": "ABC University"
        },
        "nickname": "ABC University",
        "payer_entity_type": "PERSONAL"
    }

  &amp#27;[32mAnd &amp#27;[0m&amp#27;[32mI create request payload with valid data for all keys with &amp#27;[0m&amp#27;[32m&amp#27;[1m"Bank_Country_Code"&amp#27;[0m&amp#27;[32m is &amp#27;[0m&amp#27;[32m&amp#27;[1m"AU"&amp#27;[0m&amp#27;[32m &amp#27;[0m&amp#27;[32m&amp#27;[1m"account_routing_type1"&amp#27;[0m&amp#27;[32m is &amp#27;[0m&amp#27;[32m&amp#27;[1m"bsb"&amp#27;[0m&amp#27;[32m &amp#27;[0m&amp#27;[32m&amp#27;[1m"account_routing_value1"&amp#27;[0m&amp#27;[32m is &amp#27;[0m&amp#27;[32m&amp#27;[1m"123456"&amp#27;[0m                   &amp#27;[90m# stepDefinitions.Generic_Steps.i_create_request_payload_with_valid_data_for_all_keys_with_is_is_is(java.lang.String,java.lang.String,java.lang.String,java.lang.String,java.lang.String,java.lang.String)&amp#27;[0m
2021-08-23 10:55:33,489 [INFO  ] Log - >> Request PayLoad is posted

    Response : {
        "beneficiary": {
            "additional_info": {
                "personal_email": "john.walker@gmail.com"
            },
            "address": {
                "city": "Seattle",
                "country_code": "AU",
                "postcode": "98104",
                "state": "Washington",
                "street_address": "412 5th Avenue"
            },
            "bank_details": {
                "account_currency": "AUD",
                "account_name": "Lee Da Ming",
                "account_number": "12750852",
                "account_routing_type1": "bsb",
                "account_routing_value1": "123456",
                "bank_country_code": "AU",
                "bank_name": "National Australia Bank",
                "iban": "ES8023100001180000012345",
                "swift_code": "CTBAAU2S"
            },
            "company_name": "ABC University",
            "entity_type": "COMPANY"
        },
        "beneficiary_id": "2c110418-c4f8-4a32-aa56-d3af67e7371d",
        "nickname": "ABC University",
        "payer_entity_type": "PERSONAL",
        "payment_methods": [
            "SWIFT"
        ]
    }

  &amp#27;[32mWhen &amp#27;[0m&amp#27;[32mI perform post on CreateBeneficiary endpoint&amp#27;[0m                                                                                                                                  &amp#27;[90m# stepDefinitions.Generic_Steps.i_perform_post_on_create_beneficiary_endpoint()&amp#27;[0m
2021-08-23 10:55:33,491 [INFO  ] Log - >> Response status code is 201
  &amp#27;[32mThen &amp#27;[0m&amp#27;[32mResponse status code is &amp#27;[0m&amp#27;[32m&amp#27;[1m201&amp#27;[0m                                                                                                                                                   &amp#27;[90m# stepDefinitions.Generic_Steps.response_status_code_is(java.lang.Integer)&amp#27;[0m
2021-08-23 10:55:33,491 [INFO  ] Log - >> Response status line is HTTP/1.1 201 Created
  &amp#27;[32mAnd &amp#27;[0m&amp#27;[32mResponse status line is &amp#27;[0m&amp#27;[32m&amp#27;[1m"Created"&amp#27;[0m                                                                                                                                              &amp#27;[90m# stepDefinitions.Generic_Steps.response_status_line_is(java.lang.String)&amp#27;[0m
]]></system-out>
  </testcase>
  <testcase name="runScenario[&quot;Validates error response is received when payment_methods=SWIFT and Payload field swift_code is missing&quot;, &quot;Optional[Validates swift_code in BankDetails]&quot;](62)" classname="cucumber.Options.RunCucumberTests" time="0.99">
    <system-out><![CDATA[
@SchemaValidation
Scenario: Validates error response is received when payment_methods=SWIFT and Payload field swift_code is missing &amp#27;[90m# src/test/resources/features/Swift_code.feature:7&amp#27;[0m
2021-08-23 10:55:33,500 [INFO  ] Log - -----------------------------------------------------------------------------------------
2021-08-23 10:55:33,500 [INFO  ] Log - >> Validates error response is received when payment_methods=SWIFT and Payload field swift_code is missing
2021-08-23 10:55:33,500 [INFO  ] Log - -----------------------------------------------------------------------------------------
2021-08-23 10:55:33,971 [INFO  ] Log - >> Token Created
  &amp#27;[32mGiven &amp#27;[0m&amp#27;[32mI am authorized user&amp#27;[0m                                                                                      &amp#27;[90m# stepDefinitions.Generic_Steps.i_am_authorized_user()&amp#27;[0m
2021-08-23 10:55:33,972 [INFO  ] Log - >> Request PayLoad Created with all keys, except without  swift_code Code key

    Request Payload : {
        "payment_methods": ["SWIFT"],
        "beneficiary": {
            "address": {
                "country_code": "US",
                "street_address": "412 5th Avenue",
                "city": "Seattle",
                "postcode": "98104",
                "state": "Washington"
            },
            "entity_type": "COMPANY",
            "additional_info": {"personal_email": "john.walker@gmail.com"},
            "bank_details": {
                "account_number": "502231121",
                "account_currency": "USD",
                "bank_country_code": "US",
                "account_name": "John Walker",
                "bank_name": "JP Morgan Chase Bank",
                "account_routing_value1": "907765701",
                "account_routing_type1": "aba"
            },
            "company_name": "ABC University"
        },
        "nickname": "ABC University",
        "payer_entity_type": "PERSONAL"
    }

  &amp#27;[32mAnd &amp#27;[0m&amp#27;[32mI create request payload with valid data for all keys without &amp#27;[0m&amp#27;[32m&amp#27;[1m"swift_code"&amp#27;[0m                                  &amp#27;[90m# stepDefinitions.Generic_Steps.i_create_request_payload_with_valid_data_for_all_keys_without_bank_country_code(java.lang.String)&amp#27;[0m
2021-08-23 10:55:34,401 [INFO  ] Log - >> Request PayLoad is posted

    Response : {
        "code": "payment_schema_validation_failed",
        "message": "This field is required",
        "source": "beneficiary.bank_details.swift_code"
    }

  &amp#27;[32mWhen &amp#27;[0m&amp#27;[32mI perform post on CreateBeneficiary endpoint&amp#27;[0m                                                               &amp#27;[90m# stepDefinitions.Generic_Steps.i_perform_post_on_create_beneficiary_endpoint()&amp#27;[0m
2021-08-23 10:55:34,404 [INFO  ] Log - >> Response status code is 400
  &amp#27;[32mThen &amp#27;[0m&amp#27;[32mResponse status code is &amp#27;[0m&amp#27;[32m&amp#27;[1m400&amp#27;[0m                                                                                &amp#27;[90m# stepDefinitions.Generic_Steps.response_status_code_is(java.lang.Integer)&amp#27;[0m
2021-08-23 10:55:34,404 [INFO  ] Log - >> Response status line is HTTP/1.1 400 Bad Request
  &amp#27;[32mAnd &amp#27;[0m&amp#27;[32mResponse status line is &amp#27;[0m&amp#27;[32m&amp#27;[1m"Bad Request"&amp#27;[0m                                                                       &amp#27;[90m# stepDefinitions.Generic_Steps.response_status_line_is(java.lang.String)&amp#27;[0m
2021-08-23 10:55:34,417 [INFO  ] Log - >> Response code contains value payment_schema_validation_failed
  &amp#27;[32mAnd &amp#27;[0m&amp#27;[32mResponse &amp#27;[0m&amp#27;[32m&amp#27;[1m"code"&amp#27;[0m&amp#27;[32m has value &amp#27;[0m&amp#27;[32m&amp#27;[1m"payment_schema_validation_failed"&amp#27;[0m                                                &amp#27;[90m# stepDefinitions.Generic_Steps.response_contains_value(java.lang.String,java.lang.String)&amp#27;[0m
2021-08-23 10:55:34,456 [INFO  ] Log - >> Response message contains value This field is required
  &amp#27;[32mAnd &amp#27;[0m&amp#27;[32mResponse &amp#27;[0m&amp#27;[32m&amp#27;[1m"message"&amp#27;[0m&amp#27;[32m has value &amp#27;[0m&amp#27;[32m&amp#27;[1m"This field is required"&amp#27;[0m                                                       &amp#27;[90m# stepDefinitions.Generic_Steps.response_contains_value(java.lang.String,java.lang.String)&amp#27;[0m
2021-08-23 10:55:34,485 [INFO  ] Log - >> Response source contains value beneficiary.bank_details.swift_code
  &amp#27;[32mAnd &amp#27;[0m&amp#27;[32mResponse &amp#27;[0m&amp#27;[32m&amp#27;[1m"source"&amp#27;[0m&amp#27;[32m has value &amp#27;[0m&amp#27;[32m&amp#27;[1m"beneficiary.bank_details.swift_code"&amp#27;[0m                                           &amp#27;[90m# stepDefinitions.Generic_Steps.response_contains_value(java.lang.String,java.lang.String)&amp#27;[0m
]]></system-out>
  </testcase>
  <testcase name="runScenario[&quot;Validates error response is received when payment_methods=SWIFT and Payload feild swift_code is Empty&quot;, &quot;Optional[Validates swift_code in BankDetails]&quot;](63)" classname="cucumber.Options.RunCucumberTests" time="0.89">
    <system-out><![CDATA[
@SchemaValidation
Scenario: Validates error response is received when payment_methods=SWIFT and Payload feild swift_code is Empty &amp#27;[90m# src/test/resources/features/Swift_code.feature:17&amp#27;[0m
2021-08-23 10:55:34,508 [INFO  ] Log - -----------------------------------------------------------------------------------------
2021-08-23 10:55:34,508 [INFO  ] Log - >> Validates error response is received when payment_methods=SWIFT and Payload feild swift_code is Empty
2021-08-23 10:55:34,508 [INFO  ] Log - -----------------------------------------------------------------------------------------
2021-08-23 10:55:34,935 [INFO  ] Log - >> Token Created
  &amp#27;[32mGiven &amp#27;[0m&amp#27;[32mI am authorized user&amp#27;[0m                                                                                    &amp#27;[90m# stepDefinitions.Generic_Steps.i_am_authorized_user()&amp#27;[0m
2021-08-23 10:55:34,936 [INFO  ] Log - >> Request PayLoad Created with all keys, with swift_code value is Empty

    Request Payload : {
        "payment_methods": ["SWIFT"],
        "beneficiary": {
            "address": {
                "country_code": "US",
                "street_address": "412 5th Avenue",
                "city": "Seattle",
                "postcode": "98104",
                "state": "Washington"
            },
            "entity_type": "COMPANY",
            "additional_info": {"personal_email": "john.walker@gmail.com"},
            "bank_details": {
                "account_number": "502231121",
                "account_currency": "USD",
                "bank_country_code": "US",
                "swift_code": "",
                "account_name": "John Walker",
                "bank_name": "JP Morgan Chase Bank",
                "account_routing_value1": "907765701",
                "account_routing_type1": "aba"
            },
            "company_name": "ABC University"
        },
        "nickname": "ABC University",
        "payer_entity_type": "PERSONAL"
    }

  &amp#27;[32mAnd &amp#27;[0m&amp#27;[32mI create request payload with valid data for all keys with &amp#27;[0m&amp#27;[32m&amp#27;[1m"swift_code"&amp#27;[0m&amp#27;[32m is &amp#27;[0m&amp#27;[32m&amp#27;[1m"Empty"&amp#27;[0m                        &amp#27;[90m# stepDefinitions.Generic_Steps.i_create_request_payload_with_valid_data_for_all_keys_with_bank_country_code_is(java.lang.String,java.lang.String)&amp#27;[0m
2021-08-23 10:55:35,322 [INFO  ] Log - >> Request PayLoad is posted

    Response : {
        "code": "payment_schema_validation_failed",
        "message": "This field is required",
        "source": "beneficiary.bank_details.swift_code"
    }

  &amp#27;[32mWhen &amp#27;[0m&amp#27;[32mI perform post on CreateBeneficiary endpoint&amp#27;[0m                                                             &amp#27;[90m# stepDefinitions.Generic_Steps.i_perform_post_on_create_beneficiary_endpoint()&amp#27;[0m
2021-08-23 10:55:35,324 [INFO  ] Log - >> Response status code is 400
  &amp#27;[32mThen &amp#27;[0m&amp#27;[32mResponse status code is &amp#27;[0m&amp#27;[32m&amp#27;[1m400&amp#27;[0m                                                                              &amp#27;[90m# stepDefinitions.Generic_Steps.response_status_code_is(java.lang.Integer)&amp#27;[0m
2021-08-23 10:55:35,324 [INFO  ] Log - >> Response status line is HTTP/1.1 400 Bad Request
  &amp#27;[32mAnd &amp#27;[0m&amp#27;[32mResponse status line is &amp#27;[0m&amp#27;[32m&amp#27;[1m"Bad Request"&amp#27;[0m                                                                     &amp#27;[90m# stepDefinitions.Generic_Steps.response_status_line_is(java.lang.String)&amp#27;[0m
2021-08-23 10:55:35,343 [INFO  ] Log - >> Response code contains value payment_schema_validation_failed
  &amp#27;[32mAnd &amp#27;[0m&amp#27;[32mResponse &amp#27;[0m&amp#27;[32m&amp#27;[1m"code"&amp#27;[0m&amp#27;[32m has value &amp#27;[0m&amp#27;[32m&amp#27;[1m"payment_schema_validation_failed"&amp#27;[0m                                              &amp#27;[90m# stepDefinitions.Generic_Steps.response_contains_value(java.lang.String,java.lang.String)&amp#27;[0m
2021-08-23 10:55:35,366 [INFO  ] Log - >> Response message contains value This field is required
  &amp#27;[32mAnd &amp#27;[0m&amp#27;[32mResponse &amp#27;[0m&amp#27;[32m&amp#27;[1m"message"&amp#27;[0m&amp#27;[32m has value &amp#27;[0m&amp#27;[32m&amp#27;[1m"This field is required"&amp#27;[0m                                                     &amp#27;[90m# stepDefinitions.Generic_Steps.response_contains_value(java.lang.String,java.lang.String)&amp#27;[0m
2021-08-23 10:55:35,387 [INFO  ] Log - >> Response source contains value beneficiary.bank_details.swift_code
  &amp#27;[32mAnd &amp#27;[0m&amp#27;[32mResponse &amp#27;[0m&amp#27;[32m&amp#27;[1m"source"&amp#27;[0m&amp#27;[32m has value &amp#27;[0m&amp#27;[32m&amp#27;[1m"beneficiary.bank_details.swift_code"&amp#27;[0m                                         &amp#27;[90m# stepDefinitions.Generic_Steps.response_contains_value(java.lang.String,java.lang.String)&amp#27;[0m
]]></system-out>
  </testcase>
  <testcase name="runScenario[&quot;Validate error message is returned for &quot;bank_country_code&quot; &lt;Bank_country_code&gt; when &quot;swift_code&quot; ICBKUS lessthan 8 or greaterthan 11 charcters&quot;, &quot;Optional[Validates swift_code in BankDetails]&quot;](64)" classname="cucumber.Options.RunCucumberTests" time="0.924">
    <failure message="The following asserts failed:&#10;	expected [Length of &apos;swift_code&apos; should be either 8 or 11] but found [Should be a valid and supported SWIFT code / BIC]" type="java.lang.AssertionError"><![CDATA[java.lang.AssertionError: 
The following asserts failed:
	expected [Length of 'swift_code' should be either 8 or 11] but found [Should be a valid and supported SWIFT code / BIC]
]]></failure>
    <system-out><![CDATA[
@RequirementMismatch-ImproperResponseMessage
Scenario Outline: Validate error message is returned for "bank_country_code" <Bank_country_code> when "swift_code" ICBKUS lessthan 8 or greaterthan 11 charcters &amp#27;[90m# src/test/resources/features/Swift_code.feature:38&amp#27;[0m
2021-08-23 10:55:35,438 [INFO  ] Log - -----------------------------------------------------------------------------------------
2021-08-23 10:55:35,439 [INFO  ] Log - >> Validate error message is returned for "bank_country_code" <Bank_country_code> when "swift_code" ICBKUS lessthan 8 or greaterthan 11 charcters
2021-08-23 10:55:35,439 [INFO  ] Log - -----------------------------------------------------------------------------------------
2021-08-23 10:55:35,861 [INFO  ] Log - >> Token Created
  &amp#27;[32mGiven &amp#27;[0m&amp#27;[32mI am authorized user&amp#27;[0m                                                                                                                                     &amp#27;[90m# stepDefinitions.Generic_Steps.i_am_authorized_user()&amp#27;[0m
2021-08-23 10:55:35,862 [INFO  ] Log - >> Request PayLoad Created

    Request Payload : {
        "payment_methods": ["SWIFT"],
        "beneficiary": {
            "address": {
                "country_code": "US",
                "street_address": "412 5th Avenue",
                "city": "Seattle",
                "postcode": "98104",
                "state": "Washington"
            },
            "entity_type": "COMPANY",
            "additional_info": {"personal_email": "john.walker@gmail.com"},
            "bank_details": {
                "account_number": "502231121",
                "account_currency": "USD",
                "bank_country_code": "US",
                "swift_code": "ICBKUS",
                "account_name": "John Walker",
                "bank_name": "JP Morgan Chase Bank",
                "account_routing_value1": "907765701",
                "account_routing_type1": "aba"
            },
            "company_name": "ABC University"
        },
        "nickname": "ABC University",
        "payer_entity_type": "PERSONAL"
    }

  &amp#27;[32mAnd &amp#27;[0m&amp#27;[32mI create request payload with valid data for all keys with &amp#27;[0m&amp#27;[32m&amp#27;[1m"bank_country_code"&amp#27;[0m&amp#27;[32m is &amp#27;[0m&amp#27;[32m&amp#27;[1m"US"&amp#27;[0m&amp#27;[32m &amp#27;[0m&amp#27;[32m&amp#27;[1m"swift_code"&amp#27;[0m&amp#27;[32m is &amp#27;[0m&amp#27;[32m&amp#27;[1m"ICBKUS"&amp#27;[0m                                            &amp#27;[90m# stepDefinitions.Generic_Steps.i_create_request_payload_with_valid_data_for_all_keys_with_is_is(java.lang.String,java.lang.String,java.lang.String,java.lang.String)&amp#27;[0m
2021-08-23 10:55:36,244 [INFO  ] Log - >> Request PayLoad is posted

    Response : {
        "code": "payment_schema_validation_failed",
        "message": "Should be a valid and supported SWIFT code / BIC",
        "source": "beneficiary.bank_details.swift_code"
    }

  &amp#27;[32mWhen &amp#27;[0m&amp#27;[32mI perform post on CreateBeneficiary endpoint&amp#27;[0m                                                                                                              &amp#27;[90m# stepDefinitions.Generic_Steps.i_perform_post_on_create_beneficiary_endpoint()&amp#27;[0m
2021-08-23 10:55:36,256 [INFO  ] Log - >> Response status code is 400
  &amp#27;[32mThen &amp#27;[0m&amp#27;[32mResponse status code is &amp#27;[0m&amp#27;[32m&amp#27;[1m400&amp#27;[0m                                                                                                                               &amp#27;[90m# stepDefinitions.Generic_Steps.response_status_code_is(java.lang.Integer)&amp#27;[0m
2021-08-23 10:55:36,256 [INFO  ] Log - >> Response status line is HTTP/1.1 400 Bad Request
  &amp#27;[32mAnd &amp#27;[0m&amp#27;[32mResponse status line is &amp#27;[0m&amp#27;[32m&amp#27;[1m"Bad Request"&amp#27;[0m                                                                                                                      &amp#27;[90m# stepDefinitions.Generic_Steps.response_status_line_is(java.lang.String)&amp#27;[0m
2021-08-23 10:55:36,275 [INFO  ] Log - >> Response code contains value payment_schema_validation_failed
  &amp#27;[32mAnd &amp#27;[0m&amp#27;[32mResponse &amp#27;[0m&amp#27;[32m&amp#27;[1m"code"&amp#27;[0m&amp#27;[32m has value &amp#27;[0m&amp#27;[32m&amp#27;[1m"payment_schema_validation_failed"&amp#27;[0m                                                                                               &amp#27;[90m# stepDefinitions.Generic_Steps.response_contains_value(java.lang.String,java.lang.String)&amp#27;[0m
2021-08-23 10:55:36,292 [INFO  ] Log - >> Response message contains value Should be a valid and supported SWIFT code / BIC
  &amp#27;[32mAnd &amp#27;[0m&amp#27;[32mResponse &amp#27;[0m&amp#27;[32m&amp#27;[1m"message"&amp#27;[0m&amp#27;[32m has value &amp#27;[0m&amp#27;[32m&amp#27;[1m"Length of 'swift_code' should be either 8 or 11"&amp#27;[0m                                                                             &amp#27;[90m# stepDefinitions.Generic_Steps.response_contains_value(java.lang.String,java.lang.String)&amp#27;[0m
2021-08-23 10:55:36,310 [INFO  ] Log - >> Response source contains value beneficiary.bank_details.swift_code
  &amp#27;[32mAnd &amp#27;[0m&amp#27;[32mResponse &amp#27;[0m&amp#27;[32m&amp#27;[1m"source"&amp#27;[0m&amp#27;[32m has value &amp#27;[0m&amp#27;[32m&amp#27;[1m"beneficiary.bank_details.swift_code"&amp#27;[0m                                                                                          &amp#27;[90m# stepDefinitions.Generic_Steps.response_contains_value(java.lang.String,java.lang.String)&amp#27;[0m
      &amp#27;[31mjava.lang.AssertionError: The following asserts failed:
	expected [Length of 'swift_code' should be either 8 or 11] but found [Should be a valid and supported SWIFT code / BIC]
	at org.testng.asserts.SoftAssert.assertAll(SoftAssert.java:47)
	at org.testng.asserts.SoftAssert.assertAll(SoftAssert.java:31)
	at stepDefinitions.Generic_Steps.after(Generic_Steps.java:38)
&amp#27;[0m
]]></system-out>
  </testcase>
  <testcase name="runScenario[&quot;Validate error message is returned for &quot;bank_country_code&quot; &lt;Bank_country_code&gt; when &quot;swift_code&quot; ICBKAUBJ123w lessthan 8 or greaterthan 11 charcters&quot;, &quot;Optional[Validates swift_code in BankDetails]&quot;](65)" classname="cucumber.Options.RunCucumberTests" time="1.58">
    <failure message="The following asserts failed:&#10;	expected [Length of &apos;swift_code&apos; should be either 8 or 11] but found [Should be a valid and supported SWIFT code / BIC]" type="java.lang.AssertionError"><![CDATA[java.lang.AssertionError: 
The following asserts failed:
	expected [Length of 'swift_code' should be either 8 or 11] but found [Should be a valid and supported SWIFT code / BIC]
]]></failure>
    <system-out><![CDATA[
@RequirementMismatch-ImproperResponseMessage
Scenario Outline: Validate error message is returned for "bank_country_code" <Bank_country_code> when "swift_code" ICBKAUBJ123w lessthan 8 or greaterthan 11 charcters &amp#27;[90m# src/test/resources/features/Swift_code.feature:39&amp#27;[0m
2021-08-23 10:55:36,330 [INFO  ] Log - -----------------------------------------------------------------------------------------
2021-08-23 10:55:36,330 [INFO  ] Log - >> Validate error message is returned for "bank_country_code" <Bank_country_code> when "swift_code" ICBKAUBJ123w lessthan 8 or greaterthan 11 charcters
2021-08-23 10:55:36,330 [INFO  ] Log - -----------------------------------------------------------------------------------------
2021-08-23 10:55:36,753 [INFO  ] Log - >> Token Created
  &amp#27;[32mGiven &amp#27;[0m&amp#27;[32mI am authorized user&amp#27;[0m                                                                                                                                           &amp#27;[90m# stepDefinitions.Generic_Steps.i_am_authorized_user()&amp#27;[0m
2021-08-23 10:55:36,754 [INFO  ] Log - >> Request PayLoad Created

    Request Payload : {
        "payment_methods": ["SWIFT"],
        "beneficiary": {
            "address": {
                "country_code": "AU",
                "street_address": "412 5th Avenue",
                "city": "Seattle",
                "postcode": "98104",
                "state": "Washington"
            },
            "entity_type": "COMPANY",
            "additional_info": {"personal_email": "john.walker@gmail.com"},
            "bank_details": {
                "account_number": "12750852",
                "account_currency": "AUD",
                "bank_country_code": "AU",
                "swift_code": "ICBKAUBJ123w",
                "account_name": "Lee Da Ming",
                "iban": "ES8023100001180000012345",
                "bank_name": "National Australia Bank",
                "account_routing_value1": "083064",
                "transaction_reference": "4140110135",
                "local_clearing_system": "ACH",
                "account_routing_type1": "bsb"
            },
            "company_name": "ABC University"
        },
        "nickname": "ABC University",
        "payer_entity_type": "PERSONAL"
    }

  &amp#27;[32mAnd &amp#27;[0m&amp#27;[32mI create request payload with valid data for all keys with &amp#27;[0m&amp#27;[32m&amp#27;[1m"bank_country_code"&amp#27;[0m&amp#27;[32m is &amp#27;[0m&amp#27;[32m&amp#27;[1m"AU"&amp#27;[0m&amp#27;[32m &amp#27;[0m&amp#27;[32m&amp#27;[1m"swift_code"&amp#27;[0m&amp#27;[32m is &amp#27;[0m&amp#27;[32m&amp#27;[1m"ICBKAUBJ123w"&amp#27;[0m                                            &amp#27;[90m# stepDefinitions.Generic_Steps.i_create_request_payload_with_valid_data_for_all_keys_with_is_is(java.lang.String,java.lang.String,java.lang.String,java.lang.String)&amp#27;[0m
2021-08-23 10:55:37,826 [INFO  ] Log - >> Request PayLoad is posted

    Response : {
        "code": "payment_schema_validation_failed",
        "message": "Should be a valid and supported SWIFT code / BIC",
        "source": "beneficiary.bank_details.swift_code"
    }

  &amp#27;[32mWhen &amp#27;[0m&amp#27;[32mI perform post on CreateBeneficiary endpoint&amp#27;[0m                                                                                                                    &amp#27;[90m# stepDefinitions.Generic_Steps.i_perform_post_on_create_beneficiary_endpoint()&amp#27;[0m
2021-08-23 10:55:37,828 [INFO  ] Log - >> Response status code is 400
  &amp#27;[32mThen &amp#27;[0m&amp#27;[32mResponse status code is &amp#27;[0m&amp#27;[32m&amp#27;[1m400&amp#27;[0m                                                                                                                                     &amp#27;[90m# stepDefinitions.Generic_Steps.response_status_code_is(java.lang.Integer)&amp#27;[0m
2021-08-23 10:55:37,829 [INFO  ] Log - >> Response status line is HTTP/1.1 400 Bad Request
  &amp#27;[32mAnd &amp#27;[0m&amp#27;[32mResponse status line is &amp#27;[0m&amp#27;[32m&amp#27;[1m"Bad Request"&amp#27;[0m                                                                                                                            &amp#27;[90m# stepDefinitions.Generic_Steps.response_status_line_is(java.lang.String)&amp#27;[0m
2021-08-23 10:55:37,839 [INFO  ] Log - >> Response code contains value payment_schema_validation_failed
  &amp#27;[32mAnd &amp#27;[0m&amp#27;[32mResponse &amp#27;[0m&amp#27;[32m&amp#27;[1m"code"&amp#27;[0m&amp#27;[32m has value &amp#27;[0m&amp#27;[32m&amp#27;[1m"payment_schema_validation_failed"&amp#27;[0m                                                                                                     &amp#27;[90m# stepDefinitions.Generic_Steps.response_contains_value(java.lang.String,java.lang.String)&amp#27;[0m
2021-08-23 10:55:37,863 [INFO  ] Log - >> Response message contains value Should be a valid and supported SWIFT code / BIC
  &amp#27;[32mAnd &amp#27;[0m&amp#27;[32mResponse &amp#27;[0m&amp#27;[32m&amp#27;[1m"message"&amp#27;[0m&amp#27;[32m has value &amp#27;[0m&amp#27;[32m&amp#27;[1m"Length of 'swift_code' should be either 8 or 11"&amp#27;[0m                                                                                   &amp#27;[90m# stepDefinitions.Generic_Steps.response_contains_value(java.lang.String,java.lang.String)&amp#27;[0m
2021-08-23 10:55:37,886 [INFO  ] Log - >> Response source contains value beneficiary.bank_details.swift_code
  &amp#27;[32mAnd &amp#27;[0m&amp#27;[32mResponse &amp#27;[0m&amp#27;[32m&amp#27;[1m"source"&amp#27;[0m&amp#27;[32m has value &amp#27;[0m&amp#27;[32m&amp#27;[1m"beneficiary.bank_details.swift_code"&amp#27;[0m                                                                                                &amp#27;[90m# stepDefinitions.Generic_Steps.response_contains_value(java.lang.String,java.lang.String)&amp#27;[0m
      &amp#27;[31mjava.lang.AssertionError: The following asserts failed:
	expected [Length of 'swift_code' should be either 8 or 11] but found [Should be a valid and supported SWIFT code / BIC]
	at org.testng.asserts.SoftAssert.assertAll(SoftAssert.java:47)
	at org.testng.asserts.SoftAssert.assertAll(SoftAssert.java:31)
	at stepDefinitions.Generic_Steps.after(Generic_Steps.java:38)
&amp#27;[0m
]]></system-out>
  </testcase>
  <testcase name="runScenario[&quot;Validate error message is returned when &quot;swift_code&quot; CHAS33US do not contain passed &lt;Bank_country_code&gt; at 5th and 6th character&quot;, &quot;Optional[Validates swift_code in BankDetails]&quot;](66)" classname="cucumber.Options.RunCucumberTests" time="0.968">
    <failure message="The following asserts failed:&#10;	expected [The swift code is not valid for the given bank country code: &lt;Bank_country_code&gt;] but found [Should be a valid and supported SWIFT code / BIC]" type="java.lang.AssertionError"><![CDATA[java.lang.AssertionError: 
The following asserts failed:
	expected [The swift code is not valid for the given bank country code: <Bank_country_code>] but found [Should be a valid and supported SWIFT code / BIC]
]]></failure>
    <system-out><![CDATA[
@RequirementMismatch-ImproperResponseMessage
Scenario Outline: Validate error message is returned when "swift_code" CHAS33US do not contain passed <Bank_country_code> at 5th and 6th character &amp#27;[90m# src/test/resources/features/Swift_code.feature:53&amp#27;[0m
2021-08-23 10:55:37,906 [INFO  ] Log - -----------------------------------------------------------------------------------------
2021-08-23 10:55:37,907 [INFO  ] Log - >> Validate error message is returned when "swift_code" CHAS33US do not contain passed <Bank_country_code> at 5th and 6th character
2021-08-23 10:55:37,907 [INFO  ] Log - -----------------------------------------------------------------------------------------
2021-08-23 10:55:38,333 [INFO  ] Log - >> Token Created
  &amp#27;[32mGiven &amp#27;[0m&amp#27;[32mI am authorized user&amp#27;[0m                                                                                                                       &amp#27;[90m# stepDefinitions.Generic_Steps.i_am_authorized_user()&amp#27;[0m
2021-08-23 10:55:38,334 [INFO  ] Log - >> Request PayLoad Created

    Request Payload : {
        "payment_methods": ["SWIFT"],
        "beneficiary": {
            "address": {
                "country_code": "US",
                "street_address": "412 5th Avenue",
                "city": "Seattle",
                "postcode": "98104",
                "state": "Washington"
            },
            "entity_type": "COMPANY",
            "additional_info": {"personal_email": "john.walker@gmail.com"},
            "bank_details": {
                "account_number": "502231121",
                "account_currency": "USD",
                "bank_country_code": "US",
                "swift_code": "CHAS33US",
                "account_name": "John Walker",
                "bank_name": "JP Morgan Chase Bank",
                "account_routing_value1": "907765701",
                "account_routing_type1": "aba"
            },
            "company_name": "ABC University"
        },
        "nickname": "ABC University",
        "payer_entity_type": "PERSONAL"
    }

  &amp#27;[32mAnd &amp#27;[0m&amp#27;[32mI create request payload with valid data for all keys with &amp#27;[0m&amp#27;[32m&amp#27;[1m"bank_country_code"&amp#27;[0m&amp#27;[32m is &amp#27;[0m&amp#27;[32m&amp#27;[1m"US"&amp#27;[0m&amp#27;[32m &amp#27;[0m&amp#27;[32m&amp#27;[1m"swift_code"&amp#27;[0m&amp#27;[32m is &amp#27;[0m&amp#27;[32m&amp#27;[1m"CHAS33US"&amp#27;[0m                            &amp#27;[90m# stepDefinitions.Generic_Steps.i_create_request_payload_with_valid_data_for_all_keys_with_is_is(java.lang.String,java.lang.String,java.lang.String,java.lang.String)&amp#27;[0m
2021-08-23 10:55:38,724 [INFO  ] Log - >> Request PayLoad is posted

    Response : {
        "code": "payment_schema_validation_failed",
        "message": "Should be a valid and supported SWIFT code / BIC",
        "source": "beneficiary.bank_details.swift_code"
    }

  &amp#27;[32mWhen &amp#27;[0m&amp#27;[32mI perform post on CreateBeneficiary endpoint&amp#27;[0m                                                                                                &amp#27;[90m# stepDefinitions.Generic_Steps.i_perform_post_on_create_beneficiary_endpoint()&amp#27;[0m
2021-08-23 10:55:38,725 [INFO  ] Log - >> Response status code is 400
  &amp#27;[32mThen &amp#27;[0m&amp#27;[32mResponse status code is &amp#27;[0m&amp#27;[32m&amp#27;[1m400&amp#27;[0m                                                                                                                 &amp#27;[90m# stepDefinitions.Generic_Steps.response_status_code_is(java.lang.Integer)&amp#27;[0m
2021-08-23 10:55:38,726 [INFO  ] Log - >> Response status line is HTTP/1.1 400 Bad Request
  &amp#27;[32mAnd &amp#27;[0m&amp#27;[32mResponse status line is &amp#27;[0m&amp#27;[32m&amp#27;[1m"Bad Request"&amp#27;[0m                                                                                                        &amp#27;[90m# stepDefinitions.Generic_Steps.response_status_line_is(java.lang.String)&amp#27;[0m
2021-08-23 10:55:38,770 [INFO  ] Log - >> Response code contains value payment_schema_validation_failed
  &amp#27;[32mAnd &amp#27;[0m&amp#27;[32mResponse &amp#27;[0m&amp#27;[32m&amp#27;[1m"code"&amp#27;[0m&amp#27;[32m has value &amp#27;[0m&amp#27;[32m&amp#27;[1m"payment_schema_validation_failed"&amp#27;[0m                                                                                 &amp#27;[90m# stepDefinitions.Generic_Steps.response_contains_value(java.lang.String,java.lang.String)&amp#27;[0m
2021-08-23 10:55:38,795 [INFO  ] Log - >> Response message contains value Should be a valid and supported SWIFT code / BIC
  &amp#27;[32mAnd &amp#27;[0m&amp#27;[32mResponse &amp#27;[0m&amp#27;[32m&amp#27;[1m"message"&amp#27;[0m&amp#27;[32m has value &amp#27;[0m&amp#27;[32m&amp#27;[1m"The swift code is not valid for the given bank country code: <Bank_country_code>"&amp#27;[0m                              &amp#27;[90m# stepDefinitions.Generic_Steps.response_contains_value(java.lang.String,java.lang.String)&amp#27;[0m
2021-08-23 10:55:38,822 [INFO  ] Log - >> Response source contains value beneficiary.bank_details.swift_code
  &amp#27;[32mAnd &amp#27;[0m&amp#27;[32mResponse &amp#27;[0m&amp#27;[32m&amp#27;[1m"source"&amp#27;[0m&amp#27;[32m has value &amp#27;[0m&amp#27;[32m&amp#27;[1m"beneficiary.bank_details.swift_code"&amp#27;[0m                                                                            &amp#27;[90m# stepDefinitions.Generic_Steps.response_contains_value(java.lang.String,java.lang.String)&amp#27;[0m
      &amp#27;[31mjava.lang.AssertionError: The following asserts failed:
	expected [The swift code is not valid for the given bank country code: <Bank_country_code>] but found [Should be a valid and supported SWIFT code / BIC]
	at org.testng.asserts.SoftAssert.assertAll(SoftAssert.java:47)
	at org.testng.asserts.SoftAssert.assertAll(SoftAssert.java:31)
	at stepDefinitions.Generic_Steps.after(Generic_Steps.java:38)
&amp#27;[0m
]]></system-out>
  </testcase>
  <testcase name="runScenario[&quot;Validate error message is returned when &quot;swift_code&quot; USAS33US do not contain passed &lt;Bank_country_code&gt; at 5th and 6th character&quot;, &quot;Optional[Validates swift_code in BankDetails]&quot;](67)" classname="cucumber.Options.RunCucumberTests" time="0.895">
    <failure message="The following asserts failed:&#10;	expected [The swift code is not valid for the given bank country code: &lt;Bank_country_code&gt;] but found [Should be a valid and supported SWIFT code / BIC]" type="java.lang.AssertionError"><![CDATA[java.lang.AssertionError: 
The following asserts failed:
	expected [The swift code is not valid for the given bank country code: <Bank_country_code>] but found [Should be a valid and supported SWIFT code / BIC]
]]></failure>
    <system-out><![CDATA[
@RequirementMismatch-ImproperResponseMessage
Scenario Outline: Validate error message is returned when "swift_code" USAS33US do not contain passed <Bank_country_code> at 5th and 6th character &amp#27;[90m# src/test/resources/features/Swift_code.feature:54&amp#27;[0m
2021-08-23 10:55:38,874 [INFO  ] Log - -----------------------------------------------------------------------------------------
2021-08-23 10:55:38,874 [INFO  ] Log - >> Validate error message is returned when "swift_code" USAS33US do not contain passed <Bank_country_code> at 5th and 6th character
2021-08-23 10:55:38,874 [INFO  ] Log - -----------------------------------------------------------------------------------------
2021-08-23 10:55:39,301 [INFO  ] Log - >> Token Created
  &amp#27;[32mGiven &amp#27;[0m&amp#27;[32mI am authorized user&amp#27;[0m                                                                                                                       &amp#27;[90m# stepDefinitions.Generic_Steps.i_am_authorized_user()&amp#27;[0m
2021-08-23 10:55:39,312 [INFO  ] Log - >> Request PayLoad Created

    Request Payload : {
        "payment_methods": ["SWIFT"],
        "beneficiary": {
            "address": {
                "country_code": "US",
                "street_address": "412 5th Avenue",
                "city": "Seattle",
                "postcode": "98104",
                "state": "Washington"
            },
            "entity_type": "COMPANY",
            "additional_info": {"personal_email": "john.walker@gmail.com"},
            "bank_details": {
                "account_number": "502231121",
                "account_currency": "USD",
                "bank_country_code": "US",
                "swift_code": "USAS33US",
                "account_name": "John Walker",
                "bank_name": "JP Morgan Chase Bank",
                "account_routing_value1": "907765701",
                "account_routing_type1": "aba"
            },
            "company_name": "ABC University"
        },
        "nickname": "ABC University",
        "payer_entity_type": "PERSONAL"
    }

  &amp#27;[32mAnd &amp#27;[0m&amp#27;[32mI create request payload with valid data for all keys with &amp#27;[0m&amp#27;[32m&amp#27;[1m"bank_country_code"&amp#27;[0m&amp#27;[32m is &amp#27;[0m&amp#27;[32m&amp#27;[1m"US"&amp#27;[0m&amp#27;[32m &amp#27;[0m&amp#27;[32m&amp#27;[1m"swift_code"&amp#27;[0m&amp#27;[32m is &amp#27;[0m&amp#27;[32m&amp#27;[1m"USAS33US"&amp#27;[0m                            &amp#27;[90m# stepDefinitions.Generic_Steps.i_create_request_payload_with_valid_data_for_all_keys_with_is_is(java.lang.String,java.lang.String,java.lang.String,java.lang.String)&amp#27;[0m
2021-08-23 10:55:39,693 [INFO  ] Log - >> Request PayLoad is posted

    Response : {
        "code": "payment_schema_validation_failed",
        "message": "Should be a valid and supported SWIFT code / BIC",
        "source": "beneficiary.bank_details.swift_code"
    }

  &amp#27;[32mWhen &amp#27;[0m&amp#27;[32mI perform post on CreateBeneficiary endpoint&amp#27;[0m                                                                                                &amp#27;[90m# stepDefinitions.Generic_Steps.i_perform_post_on_create_beneficiary_endpoint()&amp#27;[0m
2021-08-23 10:55:39,695 [INFO  ] Log - >> Response status code is 400
  &amp#27;[32mThen &amp#27;[0m&amp#27;[32mResponse status code is &amp#27;[0m&amp#27;[32m&amp#27;[1m400&amp#27;[0m                                                                                                                 &amp#27;[90m# stepDefinitions.Generic_Steps.response_status_code_is(java.lang.Integer)&amp#27;[0m
2021-08-23 10:55:39,695 [INFO  ] Log - >> Response status line is HTTP/1.1 400 Bad Request
  &amp#27;[32mAnd &amp#27;[0m&amp#27;[32mResponse status line is &amp#27;[0m&amp#27;[32m&amp#27;[1m"Bad Request"&amp#27;[0m                                                                                                        &amp#27;[90m# stepDefinitions.Generic_Steps.response_status_line_is(java.lang.String)&amp#27;[0m
2021-08-23 10:55:39,710 [INFO  ] Log - >> Response code contains value payment_schema_validation_failed
  &amp#27;[32mAnd &amp#27;[0m&amp#27;[32mResponse &amp#27;[0m&amp#27;[32m&amp#27;[1m"code"&amp#27;[0m&amp#27;[32m has value &amp#27;[0m&amp#27;[32m&amp#27;[1m"payment_schema_validation_failed"&amp#27;[0m                                                                                 &amp#27;[90m# stepDefinitions.Generic_Steps.response_contains_value(java.lang.String,java.lang.String)&amp#27;[0m
2021-08-23 10:55:39,735 [INFO  ] Log - >> Response message contains value Should be a valid and supported SWIFT code / BIC
  &amp#27;[32mAnd &amp#27;[0m&amp#27;[32mResponse &amp#27;[0m&amp#27;[32m&amp#27;[1m"message"&amp#27;[0m&amp#27;[32m has value &amp#27;[0m&amp#27;[32m&amp#27;[1m"The swift code is not valid for the given bank country code: <Bank_country_code>"&amp#27;[0m                              &amp#27;[90m# stepDefinitions.Generic_Steps.response_contains_value(java.lang.String,java.lang.String)&amp#27;[0m
2021-08-23 10:55:39,754 [INFO  ] Log - >> Response source contains value beneficiary.bank_details.swift_code
  &amp#27;[32mAnd &amp#27;[0m&amp#27;[32mResponse &amp#27;[0m&amp#27;[32m&amp#27;[1m"source"&amp#27;[0m&amp#27;[32m has value &amp#27;[0m&amp#27;[32m&amp#27;[1m"beneficiary.bank_details.swift_code"&amp#27;[0m                                                                            &amp#27;[90m# stepDefinitions.Generic_Steps.response_contains_value(java.lang.String,java.lang.String)&amp#27;[0m
      &amp#27;[31mjava.lang.AssertionError: The following asserts failed:
	expected [The swift code is not valid for the given bank country code: <Bank_country_code>] but found [Should be a valid and supported SWIFT code / BIC]
	at org.testng.asserts.SoftAssert.assertAll(SoftAssert.java:47)
	at org.testng.asserts.SoftAssert.assertAll(SoftAssert.java:31)
	at stepDefinitions.Generic_Steps.after(Generic_Steps.java:38)
&amp#27;[0m
]]></system-out>
  </testcase>
  <testcase name="runScenario[&quot;Validate error message is returned when &quot;swift_code&quot; CNAS33US do not contain passed &lt;Bank_country_code&gt; at 5th and 6th character&quot;, &quot;Optional[Validates swift_code in BankDetails]&quot;](68)" classname="cucumber.Options.RunCucumberTests" time="0.964">
    <failure message="The following asserts failed:&#10;	expected [The swift code is not valid for the given bank country code: &lt;Bank_country_code&gt;] but found [Should be a valid and supported SWIFT code / BIC]" type="java.lang.AssertionError"><![CDATA[java.lang.AssertionError: 
The following asserts failed:
	expected [The swift code is not valid for the given bank country code: <Bank_country_code>] but found [Should be a valid and supported SWIFT code / BIC]
]]></failure>
    <system-out><![CDATA[
@RequirementMismatch-ImproperResponseMessage
Scenario Outline: Validate error message is returned when "swift_code" CNAS33US do not contain passed <Bank_country_code> at 5th and 6th character &amp#27;[90m# src/test/resources/features/Swift_code.feature:55&amp#27;[0m
2021-08-23 10:55:39,774 [INFO  ] Log - -----------------------------------------------------------------------------------------
2021-08-23 10:55:39,774 [INFO  ] Log - >> Validate error message is returned when "swift_code" CNAS33US do not contain passed <Bank_country_code> at 5th and 6th character
2021-08-23 10:55:39,774 [INFO  ] Log - -----------------------------------------------------------------------------------------
2021-08-23 10:55:40,192 [INFO  ] Log - >> Token Created
  &amp#27;[32mGiven &amp#27;[0m&amp#27;[32mI am authorized user&amp#27;[0m                                                                                                                       &amp#27;[90m# stepDefinitions.Generic_Steps.i_am_authorized_user()&amp#27;[0m
2021-08-23 10:55:40,194 [INFO  ] Log - >> Request PayLoad Created

    Request Payload : {
        "payment_methods": ["SWIFT"],
        "beneficiary": {
            "address": {
                "country_code": "CN",
                "street_address": "412 5th Avenue",
                "city": "Seattle",
                "postcode": "98104",
                "state": "Washington"
            },
            "entity_type": "COMPANY",
            "additional_info": {"personal_email": "john.walker@gmail.com"},
            "bank_details": {
                "account_number": "12750852",
                "account_currency": "CAD",
                "bank_country_code": "CN",
                "swift_code": "CNAS33US",
                "account_name": "Lee Da Ming",
                "iban": "ES8023100001180000012345",
                "bank_name": "National Canadian Bank",
                "account_routing_value1": "083064",
                "transaction_reference": "4140110135",
                "local_clearing_system": "ACH",
                "account_routing_type1": "aba"
            },
            "company_name": "ABC University"
        },
        "nickname": "ABC University",
        "payer_entity_type": "PERSONAL"
    }

  &amp#27;[32mAnd &amp#27;[0m&amp#27;[32mI create request payload with valid data for all keys with &amp#27;[0m&amp#27;[32m&amp#27;[1m"bank_country_code"&amp#27;[0m&amp#27;[32m is &amp#27;[0m&amp#27;[32m&amp#27;[1m"CN"&amp#27;[0m&amp#27;[32m &amp#27;[0m&amp#27;[32m&amp#27;[1m"swift_code"&amp#27;[0m&amp#27;[32m is &amp#27;[0m&amp#27;[32m&amp#27;[1m"CNAS33US"&amp#27;[0m                            &amp#27;[90m# stepDefinitions.Generic_Steps.i_create_request_payload_with_valid_data_for_all_keys_with_is_is(java.lang.String,java.lang.String,java.lang.String,java.lang.String)&amp#27;[0m
2021-08-23 10:55:40,648 [INFO  ] Log - >> Request PayLoad is posted

    Response : {
        "code": "payment_schema_validation_failed",
        "message": "Should be a valid and supported SWIFT code / BIC",
        "source": "beneficiary.bank_details.swift_code"
    }

  &amp#27;[32mWhen &amp#27;[0m&amp#27;[32mI perform post on CreateBeneficiary endpoint&amp#27;[0m                                                                                                &amp#27;[90m# stepDefinitions.Generic_Steps.i_perform_post_on_create_beneficiary_endpoint()&amp#27;[0m
2021-08-23 10:55:40,649 [INFO  ] Log - >> Response status code is 400
  &amp#27;[32mThen &amp#27;[0m&amp#27;[32mResponse status code is &amp#27;[0m&amp#27;[32m&amp#27;[1m400&amp#27;[0m                                                                                                                 &amp#27;[90m# stepDefinitions.Generic_Steps.response_status_code_is(java.lang.Integer)&amp#27;[0m
2021-08-23 10:55:40,650 [INFO  ] Log - >> Response status line is HTTP/1.1 400 Bad Request
  &amp#27;[32mAnd &amp#27;[0m&amp#27;[32mResponse status line is &amp#27;[0m&amp#27;[32m&amp#27;[1m"Bad Request"&amp#27;[0m                                                                                                        &amp#27;[90m# stepDefinitions.Generic_Steps.response_status_line_is(java.lang.String)&amp#27;[0m
2021-08-23 10:55:40,664 [INFO  ] Log - >> Response code contains value payment_schema_validation_failed
  &amp#27;[32mAnd &amp#27;[0m&amp#27;[32mResponse &amp#27;[0m&amp#27;[32m&amp#27;[1m"code"&amp#27;[0m&amp#27;[32m has value &amp#27;[0m&amp#27;[32m&amp#27;[1m"payment_schema_validation_failed"&amp#27;[0m                                                                                 &amp#27;[90m# stepDefinitions.Generic_Steps.response_contains_value(java.lang.String,java.lang.String)&amp#27;[0m
2021-08-23 10:55:40,688 [INFO  ] Log - >> Response message contains value Should be a valid and supported SWIFT code / BIC
  &amp#27;[32mAnd &amp#27;[0m&amp#27;[32mResponse &amp#27;[0m&amp#27;[32m&amp#27;[1m"message"&amp#27;[0m&amp#27;[32m has value &amp#27;[0m&amp#27;[32m&amp#27;[1m"The swift code is not valid for the given bank country code: <Bank_country_code>"&amp#27;[0m                              &amp#27;[90m# stepDefinitions.Generic_Steps.response_contains_value(java.lang.String,java.lang.String)&amp#27;[0m
2021-08-23 10:55:40,712 [INFO  ] Log - >> Response source contains value beneficiary.bank_details.swift_code
  &amp#27;[32mAnd &amp#27;[0m&amp#27;[32mResponse &amp#27;[0m&amp#27;[32m&amp#27;[1m"source"&amp#27;[0m&amp#27;[32m has value &amp#27;[0m&amp#27;[32m&amp#27;[1m"beneficiary.bank_details.swift_code"&amp#27;[0m                                                                            &amp#27;[90m# stepDefinitions.Generic_Steps.response_contains_value(java.lang.String,java.lang.String)&amp#27;[0m
      &amp#27;[31mjava.lang.AssertionError: The following asserts failed:
	expected [The swift code is not valid for the given bank country code: <Bank_country_code>] but found [Should be a valid and supported SWIFT code / BIC]
	at org.testng.asserts.SoftAssert.assertAll(SoftAssert.java:47)
	at org.testng.asserts.SoftAssert.assertAll(SoftAssert.java:31)
	at stepDefinitions.Generic_Steps.after(Generic_Steps.java:38)
&amp#27;[0m
]]></system-out>
  </testcase>
  <testcase name="runScenario[&quot;Validate error message is returned when &quot;swift_code&quot; CHASAU33 do not match with &quot;Bank_Country_Code&quot; &lt;Bank_country_code&gt; at 5th and 6th character&quot;, &quot;Optional[Validates swift_code in BankDetails]&quot;](69)" classname="cucumber.Options.RunCucumberTests" time="0.907">
    <failure message="The following asserts failed:&#10;	expected [The swift code is not valid for the given bank country code: &lt;Bank_country_code&gt;] but found [Should be a valid and supported SWIFT code / BIC]" type="java.lang.AssertionError"><![CDATA[java.lang.AssertionError: 
The following asserts failed:
	expected [The swift code is not valid for the given bank country code: <Bank_country_code>] but found [Should be a valid and supported SWIFT code / BIC]
]]></failure>
    <system-out><![CDATA[
@RequirementMismatch-ImproperResponseMessage
Scenario Outline: Validate error message is returned when "swift_code" CHASAU33 do not match with "Bank_Country_Code" <Bank_country_code> at 5th and 6th character &amp#27;[90m# src/test/resources/features/Swift_code.feature:69&amp#27;[0m
2021-08-23 10:55:40,730 [INFO  ] Log - -----------------------------------------------------------------------------------------
2021-08-23 10:55:40,730 [INFO  ] Log - >> Validate error message is returned when "swift_code" CHASAU33 do not match with "Bank_Country_Code" <Bank_country_code> at 5th and 6th character
2021-08-23 10:55:40,730 [INFO  ] Log - -----------------------------------------------------------------------------------------
2021-08-23 10:55:41,171 [INFO  ] Log - >> Token Created
  &amp#27;[32mGiven &amp#27;[0m&amp#27;[32mI am authorized user&amp#27;[0m                                                                                                                                       &amp#27;[90m# stepDefinitions.Generic_Steps.i_am_authorized_user()&amp#27;[0m
2021-08-23 10:55:41,172 [INFO  ] Log - >> Request PayLoad Created

    Request Payload : {
        "payment_methods": ["SWIFT"],
        "beneficiary": {
            "address": {
                "country_code": "US",
                "street_address": "412 5th Avenue",
                "city": "Seattle",
                "postcode": "98104",
                "state": "Washington"
            },
            "entity_type": "COMPANY",
            "additional_info": {"personal_email": "john.walker@gmail.com"},
            "bank_details": {
                "account_number": "502231121",
                "account_currency": "USD",
                "bank_country_code": "US",
                "swift_code": "CHASAU33",
                "account_name": "John Walker",
                "bank_name": "JP Morgan Chase Bank",
                "account_routing_value1": "907765701",
                "account_routing_type1": "aba"
            },
            "company_name": "ABC University"
        },
        "nickname": "ABC University",
        "payer_entity_type": "PERSONAL"
    }

  &amp#27;[32mAnd &amp#27;[0m&amp#27;[32mI create request payload with valid data for all keys with &amp#27;[0m&amp#27;[32m&amp#27;[1m"bank_country_code"&amp#27;[0m&amp#27;[32m is &amp#27;[0m&amp#27;[32m&amp#27;[1m"US"&amp#27;[0m&amp#27;[32m &amp#27;[0m&amp#27;[32m&amp#27;[1m"swift_code"&amp#27;[0m&amp#27;[32m is &amp#27;[0m&amp#27;[32m&amp#27;[1m"CHASAU33"&amp#27;[0m                                            &amp#27;[90m# stepDefinitions.Generic_Steps.i_create_request_payload_with_valid_data_for_all_keys_with_is_is(java.lang.String,java.lang.String,java.lang.String,java.lang.String)&amp#27;[0m
2021-08-23 10:55:41,569 [INFO  ] Log - >> Request PayLoad is posted

    Response : {
        "code": "payment_schema_validation_failed",
        "message": "Should be a valid and supported SWIFT code / BIC",
        "source": "beneficiary.bank_details.swift_code"
    }

  &amp#27;[32mWhen &amp#27;[0m&amp#27;[32mI perform post on CreateBeneficiary endpoint&amp#27;[0m                                                                                                                &amp#27;[90m# stepDefinitions.Generic_Steps.i_perform_post_on_create_beneficiary_endpoint()&amp#27;[0m
2021-08-23 10:55:41,571 [INFO  ] Log - >> Response status code is 400
  &amp#27;[32mThen &amp#27;[0m&amp#27;[32mResponse status code is &amp#27;[0m&amp#27;[32m&amp#27;[1m400&amp#27;[0m                                                                                                                                 &amp#27;[90m# stepDefinitions.Generic_Steps.response_status_code_is(java.lang.Integer)&amp#27;[0m
2021-08-23 10:55:41,571 [INFO  ] Log - >> Response status line is HTTP/1.1 400 Bad Request
  &amp#27;[32mAnd &amp#27;[0m&amp#27;[32mResponse status line is &amp#27;[0m&amp#27;[32m&amp#27;[1m"Bad Request"&amp#27;[0m                                                                                                                        &amp#27;[90m# stepDefinitions.Generic_Steps.response_status_line_is(java.lang.String)&amp#27;[0m
2021-08-23 10:55:41,583 [INFO  ] Log - >> Response code contains value payment_schema_validation_failed
  &amp#27;[32mAnd &amp#27;[0m&amp#27;[32mResponse &amp#27;[0m&amp#27;[32m&amp#27;[1m"code"&amp#27;[0m&amp#27;[32m has value &amp#27;[0m&amp#27;[32m&amp#27;[1m"payment_schema_validation_failed"&amp#27;[0m                                                                                                 &amp#27;[90m# stepDefinitions.Generic_Steps.response_contains_value(java.lang.String,java.lang.String)&amp#27;[0m
2021-08-23 10:55:41,605 [INFO  ] Log - >> Response message contains value Should be a valid and supported SWIFT code / BIC
  &amp#27;[32mAnd &amp#27;[0m&amp#27;[32mResponse &amp#27;[0m&amp#27;[32m&amp#27;[1m"message"&amp#27;[0m&amp#27;[32m has value &amp#27;[0m&amp#27;[32m&amp#27;[1m"The swift code is not valid for the given bank country code: <Bank_country_code>"&amp#27;[0m                                              &amp#27;[90m# stepDefinitions.Generic_Steps.response_contains_value(java.lang.String,java.lang.String)&amp#27;[0m
2021-08-23 10:55:41,623 [INFO  ] Log - >> Response source contains value beneficiary.bank_details.swift_code
  &amp#27;[32mAnd &amp#27;[0m&amp#27;[32mResponse &amp#27;[0m&amp#27;[32m&amp#27;[1m"source"&amp#27;[0m&amp#27;[32m has value &amp#27;[0m&amp#27;[32m&amp#27;[1m"beneficiary.bank_details.swift_code"&amp#27;[0m                                                                                            &amp#27;[90m# stepDefinitions.Generic_Steps.response_contains_value(java.lang.String,java.lang.String)&amp#27;[0m
      &amp#27;[31mjava.lang.AssertionError: The following asserts failed:
	expected [The swift code is not valid for the given bank country code: <Bank_country_code>] but found [Should be a valid and supported SWIFT code / BIC]
	at org.testng.asserts.SoftAssert.assertAll(SoftAssert.java:47)
	at org.testng.asserts.SoftAssert.assertAll(SoftAssert.java:31)
	at stepDefinitions.Generic_Steps.after(Generic_Steps.java:38)
&amp#27;[0m
]]></system-out>
  </testcase>
  <testcase name="runScenario[&quot;Validate error message is returned when &quot;swift_code&quot; CHASUS33 do not match with &quot;Bank_Country_Code&quot; &lt;Bank_country_code&gt; at 5th and 6th character&quot;, &quot;Optional[Validates swift_code in BankDetails]&quot;](70)" classname="cucumber.Options.RunCucumberTests" time="0.942">
    <failure message="The following asserts failed:&#10;	expected [The swift code is not valid for the given bank country code: &lt;Bank_country_code&gt;] but found [The SWIFT code / BIC should match the bank location selected ]" type="java.lang.AssertionError"><![CDATA[java.lang.AssertionError: 
The following asserts failed:
	expected [The swift code is not valid for the given bank country code: <Bank_country_code>] but found [The SWIFT code / BIC should match the bank location selected ]
]]></failure>
    <system-out><![CDATA[
@RequirementMismatch-ImproperResponseMessage
Scenario Outline: Validate error message is returned when "swift_code" CHASUS33 do not match with "Bank_Country_Code" <Bank_country_code> at 5th and 6th character &amp#27;[90m# src/test/resources/features/Swift_code.feature:70&amp#27;[0m
2021-08-23 10:55:41,648 [INFO  ] Log - -----------------------------------------------------------------------------------------
2021-08-23 10:55:41,648 [INFO  ] Log - >> Validate error message is returned when "swift_code" CHASUS33 do not match with "Bank_Country_Code" <Bank_country_code> at 5th and 6th character
2021-08-23 10:55:41,648 [INFO  ] Log - -----------------------------------------------------------------------------------------
2021-08-23 10:55:42,121 [INFO  ] Log - >> Token Created
  &amp#27;[32mGiven &amp#27;[0m&amp#27;[32mI am authorized user&amp#27;[0m                                                                                                                                       &amp#27;[90m# stepDefinitions.Generic_Steps.i_am_authorized_user()&amp#27;[0m
2021-08-23 10:55:42,122 [INFO  ] Log - >> Request PayLoad Created

    Request Payload : {
        "payment_methods": ["SWIFT"],
        "beneficiary": {
            "address": {
                "country_code": "AU",
                "street_address": "412 5th Avenue",
                "city": "Seattle",
                "postcode": "98104",
                "state": "Washington"
            },
            "entity_type": "COMPANY",
            "additional_info": {"personal_email": "john.walker@gmail.com"},
            "bank_details": {
                "account_number": "12750852",
                "account_currency": "AUD",
                "bank_country_code": "AU",
                "swift_code": "CHASUS33",
                "account_name": "Lee Da Ming",
                "iban": "ES8023100001180000012345",
                "bank_name": "National Australia Bank",
                "account_routing_value1": "083064",
                "transaction_reference": "4140110135",
                "local_clearing_system": "ACH",
                "account_routing_type1": "bsb"
            },
            "company_name": "ABC University"
        },
        "nickname": "ABC University",
        "payer_entity_type": "PERSONAL"
    }

  &amp#27;[32mAnd &amp#27;[0m&amp#27;[32mI create request payload with valid data for all keys with &amp#27;[0m&amp#27;[32m&amp#27;[1m"bank_country_code"&amp#27;[0m&amp#27;[32m is &amp#27;[0m&amp#27;[32m&amp#27;[1m"AU"&amp#27;[0m&amp#27;[32m &amp#27;[0m&amp#27;[32m&amp#27;[1m"swift_code"&amp#27;[0m&amp#27;[32m is &amp#27;[0m&amp#27;[32m&amp#27;[1m"CHASUS33"&amp#27;[0m                                            &amp#27;[90m# stepDefinitions.Generic_Steps.i_create_request_payload_with_valid_data_for_all_keys_with_is_is(java.lang.String,java.lang.String,java.lang.String,java.lang.String)&amp#27;[0m
2021-08-23 10:55:42,491 [INFO  ] Log - >> Request PayLoad is posted

    Response : {
        "code": "payment_schema_validation_failed",
        "message": "The SWIFT code / BIC should match the bank location selected ",
        "source": "beneficiary.bank_details.swift_code"
    }

  &amp#27;[32mWhen &amp#27;[0m&amp#27;[32mI perform post on CreateBeneficiary endpoint&amp#27;[0m                                                                                                                &amp#27;[90m# stepDefinitions.Generic_Steps.i_perform_post_on_create_beneficiary_endpoint()&amp#27;[0m
2021-08-23 10:55:42,492 [INFO  ] Log - >> Response status code is 400
  &amp#27;[32mThen &amp#27;[0m&amp#27;[32mResponse status code is &amp#27;[0m&amp#27;[32m&amp#27;[1m400&amp#27;[0m                                                                                                                                 &amp#27;[90m# stepDefinitions.Generic_Steps.response_status_code_is(java.lang.Integer)&amp#27;[0m
2021-08-23 10:55:42,495 [INFO  ] Log - >> Response status line is HTTP/1.1 400 Bad Request
  &amp#27;[32mAnd &amp#27;[0m&amp#27;[32mResponse status line is &amp#27;[0m&amp#27;[32m&amp#27;[1m"Bad Request"&amp#27;[0m                                                                                                                        &amp#27;[90m# stepDefinitions.Generic_Steps.response_status_line_is(java.lang.String)&amp#27;[0m
2021-08-23 10:55:42,509 [INFO  ] Log - >> Response code contains value payment_schema_validation_failed
  &amp#27;[32mAnd &amp#27;[0m&amp#27;[32mResponse &amp#27;[0m&amp#27;[32m&amp#27;[1m"code"&amp#27;[0m&amp#27;[32m has value &amp#27;[0m&amp#27;[32m&amp#27;[1m"payment_schema_validation_failed"&amp#27;[0m                                                                                                 &amp#27;[90m# stepDefinitions.Generic_Steps.response_contains_value(java.lang.String,java.lang.String)&amp#27;[0m
2021-08-23 10:55:42,537 [INFO  ] Log - >> Response message contains value The SWIFT code / BIC should match the bank location selected 
  &amp#27;[32mAnd &amp#27;[0m&amp#27;[32mResponse &amp#27;[0m&amp#27;[32m&amp#27;[1m"message"&amp#27;[0m&amp#27;[32m has value &amp#27;[0m&amp#27;[32m&amp#27;[1m"The swift code is not valid for the given bank country code: <Bank_country_code>"&amp#27;[0m                                              &amp#27;[90m# stepDefinitions.Generic_Steps.response_contains_value(java.lang.String,java.lang.String)&amp#27;[0m
2021-08-23 10:55:42,561 [INFO  ] Log - >> Response source contains value beneficiary.bank_details.swift_code
  &amp#27;[32mAnd &amp#27;[0m&amp#27;[32mResponse &amp#27;[0m&amp#27;[32m&amp#27;[1m"source"&amp#27;[0m&amp#27;[32m has value &amp#27;[0m&amp#27;[32m&amp#27;[1m"beneficiary.bank_details.swift_code"&amp#27;[0m                                                                                            &amp#27;[90m# stepDefinitions.Generic_Steps.response_contains_value(java.lang.String,java.lang.String)&amp#27;[0m
      &amp#27;[31mjava.lang.AssertionError: The following asserts failed:
	expected [The swift code is not valid for the given bank country code: <Bank_country_code>] but found [The SWIFT code / BIC should match the bank location selected ]
	at org.testng.asserts.SoftAssert.assertAll(SoftAssert.java:47)
	at org.testng.asserts.SoftAssert.assertAll(SoftAssert.java:31)
	at stepDefinitions.Generic_Steps.after(Generic_Steps.java:38)
&amp#27;[0m
]]></system-out>
  </testcase>
  <testcase name="runScenario[&quot;Validate error message is returned when &quot;swift_code&quot; CHASAU33 do not match with &quot;Bank_Country_Code&quot; &lt;Bank_country_code&gt; at 5th and 6th character&quot;, &quot;Optional[Validates swift_code in BankDetails]&quot;](71)" classname="cucumber.Options.RunCucumberTests" time="0.902">
    <failure message="The following asserts failed:&#10;	expected [The swift code is not valid for the given bank country code: &lt;Bank_country_code&gt;] but found [Should be a valid and supported SWIFT code / BIC]" type="java.lang.AssertionError"><![CDATA[java.lang.AssertionError: 
The following asserts failed:
	expected [The swift code is not valid for the given bank country code: <Bank_country_code>] but found [Should be a valid and supported SWIFT code / BIC]
]]></failure>
    <system-out><![CDATA[
@RequirementMismatch-ImproperResponseMessage
Scenario Outline: Validate error message is returned when "swift_code" CHASAU33 do not match with "Bank_Country_Code" <Bank_country_code> at 5th and 6th character &amp#27;[90m# src/test/resources/features/Swift_code.feature:71&amp#27;[0m
2021-08-23 10:55:42,580 [INFO  ] Log - -----------------------------------------------------------------------------------------
2021-08-23 10:55:42,580 [INFO  ] Log - >> Validate error message is returned when "swift_code" CHASAU33 do not match with "Bank_Country_Code" <Bank_country_code> at 5th and 6th character
2021-08-23 10:55:42,580 [INFO  ] Log - -----------------------------------------------------------------------------------------
2021-08-23 10:55:43,048 [INFO  ] Log - >> Token Created
  &amp#27;[32mGiven &amp#27;[0m&amp#27;[32mI am authorized user&amp#27;[0m                                                                                                                                       &amp#27;[90m# stepDefinitions.Generic_Steps.i_am_authorized_user()&amp#27;[0m
2021-08-23 10:55:43,049 [INFO  ] Log - >> Request PayLoad Created

    Request Payload : {
        "payment_methods": ["SWIFT"],
        "beneficiary": {
            "address": {
                "country_code": "CN",
                "street_address": "412 5th Avenue",
                "city": "Seattle",
                "postcode": "98104",
                "state": "Washington"
            },
            "entity_type": "COMPANY",
            "additional_info": {"personal_email": "john.walker@gmail.com"},
            "bank_details": {
                "account_number": "12750852",
                "account_currency": "CAD",
                "bank_country_code": "CN",
                "swift_code": "CHASAU33",
                "account_name": "Lee Da Ming",
                "iban": "ES8023100001180000012345",
                "bank_name": "National Canadian Bank",
                "account_routing_value1": "083064",
                "transaction_reference": "4140110135",
                "local_clearing_system": "ACH",
                "account_routing_type1": "aba"
            },
            "company_name": "ABC University"
        },
        "nickname": "ABC University",
        "payer_entity_type": "PERSONAL"
    }

  &amp#27;[32mAnd &amp#27;[0m&amp#27;[32mI create request payload with valid data for all keys with &amp#27;[0m&amp#27;[32m&amp#27;[1m"bank_country_code"&amp#27;[0m&amp#27;[32m is &amp#27;[0m&amp#27;[32m&amp#27;[1m"CN"&amp#27;[0m&amp#27;[32m &amp#27;[0m&amp#27;[32m&amp#27;[1m"swift_code"&amp#27;[0m&amp#27;[32m is &amp#27;[0m&amp#27;[32m&amp#27;[1m"CHASAU33"&amp#27;[0m                                            &amp#27;[90m# stepDefinitions.Generic_Steps.i_create_request_payload_with_valid_data_for_all_keys_with_is_is(java.lang.String,java.lang.String,java.lang.String,java.lang.String)&amp#27;[0m
2021-08-23 10:55:43,406 [INFO  ] Log - >> Request PayLoad is posted

    Response : {
        "code": "payment_schema_validation_failed",
        "message": "Should be a valid and supported SWIFT code / BIC",
        "source": "beneficiary.bank_details.swift_code"
    }

  &amp#27;[32mWhen &amp#27;[0m&amp#27;[32mI perform post on CreateBeneficiary endpoint&amp#27;[0m                                                                                                                &amp#27;[90m# stepDefinitions.Generic_Steps.i_perform_post_on_create_beneficiary_endpoint()&amp#27;[0m
2021-08-23 10:55:43,407 [INFO  ] Log - >> Response status code is 400
  &amp#27;[32mThen &amp#27;[0m&amp#27;[32mResponse status code is &amp#27;[0m&amp#27;[32m&amp#27;[1m400&amp#27;[0m                                                                                                                                 &amp#27;[90m# stepDefinitions.Generic_Steps.response_status_code_is(java.lang.Integer)&amp#27;[0m
2021-08-23 10:55:43,408 [INFO  ] Log - >> Response status line is HTTP/1.1 400 Bad Request
  &amp#27;[32mAnd &amp#27;[0m&amp#27;[32mResponse status line is &amp#27;[0m&amp#27;[32m&amp#27;[1m"Bad Request"&amp#27;[0m                                                                                                                        &amp#27;[90m# stepDefinitions.Generic_Steps.response_status_line_is(java.lang.String)&amp#27;[0m
2021-08-23 10:55:43,421 [INFO  ] Log - >> Response code contains value payment_schema_validation_failed
  &amp#27;[32mAnd &amp#27;[0m&amp#27;[32mResponse &amp#27;[0m&amp#27;[32m&amp#27;[1m"code"&amp#27;[0m&amp#27;[32m has value &amp#27;[0m&amp#27;[32m&amp#27;[1m"payment_schema_validation_failed"&amp#27;[0m                                                                                                 &amp#27;[90m# stepDefinitions.Generic_Steps.response_contains_value(java.lang.String,java.lang.String)&amp#27;[0m
2021-08-23 10:55:43,443 [INFO  ] Log - >> Response message contains value Should be a valid and supported SWIFT code / BIC
  &amp#27;[32mAnd &amp#27;[0m&amp#27;[32mResponse &amp#27;[0m&amp#27;[32m&amp#27;[1m"message"&amp#27;[0m&amp#27;[32m has value &amp#27;[0m&amp#27;[32m&amp#27;[1m"The swift code is not valid for the given bank country code: <Bank_country_code>"&amp#27;[0m                                              &amp#27;[90m# stepDefinitions.Generic_Steps.response_contains_value(java.lang.String,java.lang.String)&amp#27;[0m
2021-08-23 10:55:43,465 [INFO  ] Log - >> Response source contains value beneficiary.bank_details.swift_code
  &amp#27;[32mAnd &amp#27;[0m&amp#27;[32mResponse &amp#27;[0m&amp#27;[32m&amp#27;[1m"source"&amp#27;[0m&amp#27;[32m has value &amp#27;[0m&amp#27;[32m&amp#27;[1m"beneficiary.bank_details.swift_code"&amp#27;[0m                                                                                            &amp#27;[90m# stepDefinitions.Generic_Steps.response_contains_value(java.lang.String,java.lang.String)&amp#27;[0m
      &amp#27;[31mjava.lang.AssertionError: The following asserts failed:
	expected [The swift code is not valid for the given bank country code: <Bank_country_code>] but found [Should be a valid and supported SWIFT code / BIC]
	at org.testng.asserts.SoftAssert.assertAll(SoftAssert.java:47)
	at org.testng.asserts.SoftAssert.assertAll(SoftAssert.java:31)
	at stepDefinitions.Generic_Steps.after(Generic_Steps.java:38)
&amp#27;[0m
]]></system-out>
  </testcase>
  <testcase name="runScenario[&quot;Validate error message is returned when &quot;swift_code&quot; CHASUS33 matches with &quot;country_code&quot; US but not with &quot;bank_country_code&quot; &lt;Bank_country_code&gt;&quot;, &quot;Optional[Validates swift_code in BankDetails]&quot;](72)" classname="cucumber.Options.RunCucumberTests" time="0.937">
    <failure message="The following asserts failed:&#10;	expected [The swift code is not valid for the given bank country code: &lt;Bank_country_code&gt;] but found [The SWIFT code / BIC should match the bank location selected ]" type="java.lang.AssertionError"><![CDATA[java.lang.AssertionError: 
The following asserts failed:
	expected [The swift code is not valid for the given bank country code: <Bank_country_code>] but found [The SWIFT code / BIC should match the bank location selected ]
]]></failure>
    <system-out><![CDATA[
@RequirementMismatch-ImproperResponseMessage
Scenario Outline: Validate error message is returned when "swift_code" CHASUS33 matches with "country_code" US but not with "bank_country_code" <Bank_country_code> &amp#27;[90m# src/test/resources/features/Swift_code.feature:85&amp#27;[0m
2021-08-23 10:55:43,496 [INFO  ] Log - -----------------------------------------------------------------------------------------
2021-08-23 10:55:43,496 [INFO  ] Log - >> Validate error message is returned when "swift_code" CHASUS33 matches with "country_code" US but not with "bank_country_code" <Bank_country_code>
2021-08-23 10:55:43,496 [INFO  ] Log - -----------------------------------------------------------------------------------------
2021-08-23 10:55:43,932 [INFO  ] Log - >> Token Created
  &amp#27;[32mGiven &amp#27;[0m&amp#27;[32mI am authorized user&amp#27;[0m                                                                                                                                        &amp#27;[90m# stepDefinitions.Generic_Steps.i_am_authorized_user()&amp#27;[0m
2021-08-23 10:55:43,933 [INFO  ] Log - >> Request PayLoad Created

    Request Payload : {
        "payment_methods": ["SWIFT"],
        "beneficiary": {
            "address": {
                "country_code": "US",
                "street_address": "412 5th Avenue",
                "city": "Seattle",
                "postcode": "98104",
                "state": "Washington"
            },
            "entity_type": "COMPANY",
            "additional_info": {"personal_email": "john.walker@gmail.com"},
            "bank_details": {
                "account_number": "502231121",
                "account_currency": "USD",
                "bank_country_code": "AU",
                "swift_code": "CHASUS33",
                "account_name": "John Walker",
                "bank_name": "JP Morgan Chase Bank",
                "account_routing_value1": "907765701",
                "account_routing_type1": "aba"
            },
            "company_name": "ABC University"
        },
        "nickname": "ABC University",
        "payer_entity_type": "PERSONAL"
    }

  &amp#27;[32mAnd &amp#27;[0m&amp#27;[32mI create request payload with valid data for all keys with &amp#27;[0m&amp#27;[32m&amp#27;[1m"country_code"&amp#27;[0m&amp#27;[32m is &amp#27;[0m&amp#27;[32m&amp#27;[1m"US"&amp#27;[0m&amp#27;[32m &amp#27;[0m&amp#27;[32m&amp#27;[1m"bank_country_code"&amp#27;[0m&amp#27;[32m is &amp#27;[0m&amp#27;[32m&amp#27;[1m"AU"&amp#27;[0m&amp#27;[32m &amp#27;[0m&amp#27;[32m&amp#27;[1m"swift_code"&amp#27;[0m&amp#27;[32m is &amp#27;[0m&amp#27;[32m&amp#27;[1m"CHASUS33"&amp#27;[0m                      &amp#27;[90m# stepDefinitions.Generic_Steps.i_create_request_payload_with_valid_data_for_all_keys_with_is_is_is(java.lang.String,java.lang.String,java.lang.String,java.lang.String,java.lang.String,java.lang.String)&amp#27;[0m
2021-08-23 10:55:44,324 [INFO  ] Log - >> Request PayLoad is posted

    Response : {
        "code": "payment_schema_validation_failed",
        "message": "The SWIFT code / BIC should match the bank location selected ",
        "source": "beneficiary.bank_details.swift_code"
    }

  &amp#27;[32mWhen &amp#27;[0m&amp#27;[32mI perform post on CreateBeneficiary endpoint&amp#27;[0m                                                                                                                 &amp#27;[90m# stepDefinitions.Generic_Steps.i_perform_post_on_create_beneficiary_endpoint()&amp#27;[0m
2021-08-23 10:55:44,326 [INFO  ] Log - >> Response status code is 400
  &amp#27;[32mThen &amp#27;[0m&amp#27;[32mResponse status code is &amp#27;[0m&amp#27;[32m&amp#27;[1m400&amp#27;[0m                                                                                                                                  &amp#27;[90m# stepDefinitions.Generic_Steps.response_status_code_is(java.lang.Integer)&amp#27;[0m
2021-08-23 10:55:44,326 [INFO  ] Log - >> Response status line is HTTP/1.1 400 Bad Request
  &amp#27;[32mAnd &amp#27;[0m&amp#27;[32mResponse status line is &amp#27;[0m&amp#27;[32m&amp#27;[1m"Bad Request"&amp#27;[0m                                                                                                                         &amp#27;[90m# stepDefinitions.Generic_Steps.response_status_line_is(java.lang.String)&amp#27;[0m
2021-08-23 10:55:44,338 [INFO  ] Log - >> Response code contains value payment_schema_validation_failed
  &amp#27;[32mAnd &amp#27;[0m&amp#27;[32mResponse &amp#27;[0m&amp#27;[32m&amp#27;[1m"code"&amp#27;[0m&amp#27;[32m has value &amp#27;[0m&amp#27;[32m&amp#27;[1m"payment_schema_validation_failed"&amp#27;[0m                                                                                                  &amp#27;[90m# stepDefinitions.Generic_Steps.response_contains_value(java.lang.String,java.lang.String)&amp#27;[0m
2021-08-23 10:55:44,361 [INFO  ] Log - >> Response message contains value The SWIFT code / BIC should match the bank location selected 
  &amp#27;[32mAnd &amp#27;[0m&amp#27;[32mResponse &amp#27;[0m&amp#27;[32m&amp#27;[1m"message"&amp#27;[0m&amp#27;[32m has value &amp#27;[0m&amp#27;[32m&amp#27;[1m"The swift code is not valid for the given bank country code: <Bank_country_code>"&amp#27;[0m                                               &amp#27;[90m# stepDefinitions.Generic_Steps.response_contains_value(java.lang.String,java.lang.String)&amp#27;[0m
2021-08-23 10:55:44,394 [INFO  ] Log - >> Response source contains value beneficiary.bank_details.swift_code
  &amp#27;[32mAnd &amp#27;[0m&amp#27;[32mResponse &amp#27;[0m&amp#27;[32m&amp#27;[1m"source"&amp#27;[0m&amp#27;[32m has value &amp#27;[0m&amp#27;[32m&amp#27;[1m"beneficiary.bank_details.swift_code"&amp#27;[0m                                                                                             &amp#27;[90m# stepDefinitions.Generic_Steps.response_contains_value(java.lang.String,java.lang.String)&amp#27;[0m
      &amp#27;[31mjava.lang.AssertionError: The following asserts failed:
	expected [The swift code is not valid for the given bank country code: <Bank_country_code>] but found [The SWIFT code / BIC should match the bank location selected ]
	at org.testng.asserts.SoftAssert.assertAll(SoftAssert.java:47)
	at org.testng.asserts.SoftAssert.assertAll(SoftAssert.java:31)
	at stepDefinitions.Generic_Steps.after(Generic_Steps.java:38)
&amp#27;[0m
]]></system-out>
  </testcase>
  <testcase name="runScenario[&quot;Validate error message is returned when &quot;swift_code&quot; CTBAAU2S matches with &quot;country_code&quot; AU but not with &quot;bank_country_code&quot; &lt;Bank_country_code&gt;&quot;, &quot;Optional[Validates swift_code in BankDetails]&quot;](73)" classname="cucumber.Options.RunCucumberTests" time="0.899">
    <failure message="The following asserts failed:&#10;	expected [The swift code is not valid for the given bank country code: &lt;Bank_country_code&gt;] but found [The SWIFT code / BIC should match the bank location selected ]" type="java.lang.AssertionError"><![CDATA[java.lang.AssertionError: 
The following asserts failed:
	expected [The swift code is not valid for the given bank country code: <Bank_country_code>] but found [The SWIFT code / BIC should match the bank location selected ]
]]></failure>
    <system-out><![CDATA[
@RequirementMismatch-ImproperResponseMessage
Scenario Outline: Validate error message is returned when "swift_code" CTBAAU2S matches with "country_code" AU but not with "bank_country_code" <Bank_country_code> &amp#27;[90m# src/test/resources/features/Swift_code.feature:86&amp#27;[0m
2021-08-23 10:55:44,409 [INFO  ] Log - -----------------------------------------------------------------------------------------
2021-08-23 10:55:44,409 [INFO  ] Log - >> Validate error message is returned when "swift_code" CTBAAU2S matches with "country_code" AU but not with "bank_country_code" <Bank_country_code>
2021-08-23 10:55:44,409 [INFO  ] Log - -----------------------------------------------------------------------------------------
2021-08-23 10:55:44,861 [INFO  ] Log - >> Token Created
  &amp#27;[32mGiven &amp#27;[0m&amp#27;[32mI am authorized user&amp#27;[0m                                                                                                                                        &amp#27;[90m# stepDefinitions.Generic_Steps.i_am_authorized_user()&amp#27;[0m
2021-08-23 10:55:44,862 [INFO  ] Log - >> Request PayLoad Created

    Request Payload : {
        "payment_methods": ["SWIFT"],
        "beneficiary": {
            "address": {
                "country_code": "AU",
                "street_address": "412 5th Avenue",
                "city": "Seattle",
                "postcode": "98104",
                "state": "Washington"
            },
            "entity_type": "COMPANY",
            "additional_info": {"personal_email": "john.walker@gmail.com"},
            "bank_details": {
                "account_number": "12750852",
                "account_currency": "AUD",
                "bank_country_code": "US",
                "swift_code": "CTBAAU2S",
                "account_name": "Lee Da Ming",
                "iban": "ES8023100001180000012345",
                "bank_name": "National Australia Bank",
                "account_routing_value1": "083064",
                "transaction_reference": "4140110135",
                "local_clearing_system": "ACH",
                "account_routing_type1": "bsb"
            },
            "company_name": "ABC University"
        },
        "nickname": "ABC University",
        "payer_entity_type": "PERSONAL"
    }

  &amp#27;[32mAnd &amp#27;[0m&amp#27;[32mI create request payload with valid data for all keys with &amp#27;[0m&amp#27;[32m&amp#27;[1m"country_code"&amp#27;[0m&amp#27;[32m is &amp#27;[0m&amp#27;[32m&amp#27;[1m"AU"&amp#27;[0m&amp#27;[32m &amp#27;[0m&amp#27;[32m&amp#27;[1m"bank_country_code"&amp#27;[0m&amp#27;[32m is &amp#27;[0m&amp#27;[32m&amp#27;[1m"US"&amp#27;[0m&amp#27;[32m &amp#27;[0m&amp#27;[32m&amp#27;[1m"swift_code"&amp#27;[0m&amp#27;[32m is &amp#27;[0m&amp#27;[32m&amp#27;[1m"CTBAAU2S"&amp#27;[0m                      &amp#27;[90m# stepDefinitions.Generic_Steps.i_create_request_payload_with_valid_data_for_all_keys_with_is_is_is(java.lang.String,java.lang.String,java.lang.String,java.lang.String,java.lang.String,java.lang.String)&amp#27;[0m
2021-08-23 10:55:45,225 [INFO  ] Log - >> Request PayLoad is posted

    Response : {
        "code": "payment_schema_validation_failed",
        "message": "The SWIFT code / BIC should match the bank location selected ",
        "source": "beneficiary.bank_details.swift_code"
    }

  &amp#27;[32mWhen &amp#27;[0m&amp#27;[32mI perform post on CreateBeneficiary endpoint&amp#27;[0m                                                                                                                 &amp#27;[90m# stepDefinitions.Generic_Steps.i_perform_post_on_create_beneficiary_endpoint()&amp#27;[0m
2021-08-23 10:55:45,238 [INFO  ] Log - >> Response status code is 400
  &amp#27;[32mThen &amp#27;[0m&amp#27;[32mResponse status code is &amp#27;[0m&amp#27;[32m&amp#27;[1m400&amp#27;[0m                                                                                                                                  &amp#27;[90m# stepDefinitions.Generic_Steps.response_status_code_is(java.lang.Integer)&amp#27;[0m
2021-08-23 10:55:45,239 [INFO  ] Log - >> Response status line is HTTP/1.1 400 Bad Request
  &amp#27;[32mAnd &amp#27;[0m&amp#27;[32mResponse status line is &amp#27;[0m&amp#27;[32m&amp#27;[1m"Bad Request"&amp#27;[0m                                                                                                                         &amp#27;[90m# stepDefinitions.Generic_Steps.response_status_line_is(java.lang.String)&amp#27;[0m
2021-08-23 10:55:45,252 [INFO  ] Log - >> Response code contains value payment_schema_validation_failed
  &amp#27;[32mAnd &amp#27;[0m&amp#27;[32mResponse &amp#27;[0m&amp#27;[32m&amp#27;[1m"code"&amp#27;[0m&amp#27;[32m has value &amp#27;[0m&amp#27;[32m&amp#27;[1m"payment_schema_validation_failed"&amp#27;[0m                                                                                                  &amp#27;[90m# stepDefinitions.Generic_Steps.response_contains_value(java.lang.String,java.lang.String)&amp#27;[0m
2021-08-23 10:55:45,278 [INFO  ] Log - >> Response message contains value The SWIFT code / BIC should match the bank location selected 
  &amp#27;[32mAnd &amp#27;[0m&amp#27;[32mResponse &amp#27;[0m&amp#27;[32m&amp#27;[1m"message"&amp#27;[0m&amp#27;[32m has value &amp#27;[0m&amp#27;[32m&amp#27;[1m"The swift code is not valid for the given bank country code: <Bank_country_code>"&amp#27;[0m                                               &amp#27;[90m# stepDefinitions.Generic_Steps.response_contains_value(java.lang.String,java.lang.String)&amp#27;[0m
2021-08-23 10:55:45,301 [INFO  ] Log - >> Response source contains value beneficiary.bank_details.swift_code
  &amp#27;[32mAnd &amp#27;[0m&amp#27;[32mResponse &amp#27;[0m&amp#27;[32m&amp#27;[1m"source"&amp#27;[0m&amp#27;[32m has value &amp#27;[0m&amp#27;[32m&amp#27;[1m"beneficiary.bank_details.swift_code"&amp#27;[0m                                                                                             &amp#27;[90m# stepDefinitions.Generic_Steps.response_contains_value(java.lang.String,java.lang.String)&amp#27;[0m
      &amp#27;[31mjava.lang.AssertionError: The following asserts failed:
	expected [The swift code is not valid for the given bank country code: <Bank_country_code>] but found [The SWIFT code / BIC should match the bank location selected ]
	at org.testng.asserts.SoftAssert.assertAll(SoftAssert.java:47)
	at org.testng.asserts.SoftAssert.assertAll(SoftAssert.java:31)
	at stepDefinitions.Generic_Steps.after(Generic_Steps.java:38)
&amp#27;[0m
]]></system-out>
  </testcase>
  <testcase name="runScenario[&quot;Validate correct message is returned when &quot;swift_code&quot; CHASUS33 matches with &quot;country_code&quot; US but not with &quot;bank_country_code&quot; &lt;Bank_country_code&gt;&quot;, &quot;Optional[Validates swift_code in BankDetails]&quot;](74)" classname="cucumber.Options.RunCucumberTests" time="0.87">
    <system-out><![CDATA[
@PositiveScenarios
Scenario Outline: Validate correct message is returned when "swift_code" CHASUS33 matches with "country_code" US but not with "bank_country_code" <Bank_country_code> &amp#27;[90m# src/test/resources/features/Swift_code.feature:97&amp#27;[0m
2021-08-23 10:55:45,320 [INFO  ] Log - -----------------------------------------------------------------------------------------
2021-08-23 10:55:45,320 [INFO  ] Log - >> Validate correct message is returned when "swift_code" CHASUS33 matches with "country_code" US but not with "bank_country_code" <Bank_country_code>
2021-08-23 10:55:45,320 [INFO  ] Log - -----------------------------------------------------------------------------------------
2021-08-23 10:55:45,779 [INFO  ] Log - >> Token Created
  &amp#27;[32mGiven &amp#27;[0m&amp#27;[32mI am authorized user&amp#27;[0m                                                                                                                                          &amp#27;[90m# stepDefinitions.Generic_Steps.i_am_authorized_user()&amp#27;[0m
2021-08-23 10:55:45,780 [INFO  ] Log - >> Request PayLoad Created

    Request Payload : {
        "payment_methods": ["SWIFT"],
        "beneficiary": {
            "address": {
                "country_code": "US",
                "street_address": "412 5th Avenue",
                "city": "Seattle",
                "postcode": "98104",
                "state": "Washington"
            },
            "entity_type": "COMPANY",
            "additional_info": {"personal_email": "john.walker@gmail.com"},
            "bank_details": {
                "account_number": "502231121",
                "account_currency": "USD",
                "bank_country_code": "US",
                "swift_code": "CHASUS33",
                "account_name": "John Walker",
                "bank_name": "JP Morgan Chase Bank",
                "account_routing_value1": "907765701",
                "account_routing_type1": "aba"
            },
            "company_name": "ABC University"
        },
        "nickname": "ABC University",
        "payer_entity_type": "PERSONAL"
    }

  &amp#27;[32mAnd &amp#27;[0m&amp#27;[32mI create request payload with valid data for all keys with &amp#27;[0m&amp#27;[32m&amp#27;[1m"country_code"&amp#27;[0m&amp#27;[32m is &amp#27;[0m&amp#27;[32m&amp#27;[1m"US"&amp#27;[0m&amp#27;[32m &amp#27;[0m&amp#27;[32m&amp#27;[1m"bank_country_code"&amp#27;[0m&amp#27;[32m is &amp#27;[0m&amp#27;[32m&amp#27;[1m"US"&amp#27;[0m&amp#27;[32m &amp#27;[0m&amp#27;[32m&amp#27;[1m"swift_code"&amp#27;[0m&amp#27;[32m is &amp#27;[0m&amp#27;[32m&amp#27;[1m"CHASUS33"&amp#27;[0m                        &amp#27;[90m# stepDefinitions.Generic_Steps.i_create_request_payload_with_valid_data_for_all_keys_with_is_is_is(java.lang.String,java.lang.String,java.lang.String,java.lang.String,java.lang.String,java.lang.String)&amp#27;[0m
2021-08-23 10:55:46,177 [INFO  ] Log - >> Request PayLoad is posted

    Response : {
        "beneficiary": {
            "additional_info": {
                "personal_email": "john.walker@gmail.com"
            },
            "address": {
                "city": "Seattle",
                "country_code": "US",
                "postcode": "98104",
                "state": "Washington",
                "street_address": "412 5th Avenue"
            },
            "bank_details": {
                "account_currency": "USD",
                "account_name": "John Walker",
                "account_number": "502231121",
                "account_routing_type1": "aba",
                "account_routing_value1": "907765701",
                "bank_country_code": "US",
                "bank_name": "JP Morgan Chase Bank",
                "swift_code": "CHASUS33"
            },
            "company_name": "ABC University",
            "entity_type": "COMPANY"
        },
        "beneficiary_id": "48578782-8c61-4b63-b6c2-0e0563746f1d",
        "nickname": "ABC University",
        "payer_entity_type": "PERSONAL",
        "payment_methods": [
            "SWIFT"
        ]
    }

  &amp#27;[32mWhen &amp#27;[0m&amp#27;[32mI perform post on CreateBeneficiary endpoint&amp#27;[0m                                                                                                                   &amp#27;[90m# stepDefinitions.Generic_Steps.i_perform_post_on_create_beneficiary_endpoint()&amp#27;[0m
2021-08-23 10:55:46,179 [INFO  ] Log - >> Response status code is 201
  &amp#27;[32mThen &amp#27;[0m&amp#27;[32mResponse status code is &amp#27;[0m&amp#27;[32m&amp#27;[1m201&amp#27;[0m                                                                                                                                    &amp#27;[90m# stepDefinitions.Generic_Steps.response_status_code_is(java.lang.Integer)&amp#27;[0m
2021-08-23 10:55:46,179 [INFO  ] Log - >> Response status line is HTTP/1.1 201 Created
  &amp#27;[32mAnd &amp#27;[0m&amp#27;[32mResponse status line is &amp#27;[0m&amp#27;[32m&amp#27;[1m"Created"&amp#27;[0m                                                                                                                               &amp#27;[90m# stepDefinitions.Generic_Steps.response_status_line_is(java.lang.String)&amp#27;[0m
]]></system-out>
  </testcase>
  <testcase name="runScenario[&quot;Validate correct message is returned when &quot;swift_code&quot; CTBAAU2S matches with &quot;country_code&quot; AU but not with &quot;bank_country_code&quot; &lt;Bank_country_code&gt;&quot;, &quot;Optional[Validates swift_code in BankDetails]&quot;](75)" classname="cucumber.Options.RunCucumberTests" time="0.955">
    <system-out><![CDATA[
@PositiveScenarios
Scenario Outline: Validate correct message is returned when "swift_code" CTBAAU2S matches with "country_code" AU but not with "bank_country_code" <Bank_country_code> &amp#27;[90m# src/test/resources/features/Swift_code.feature:98&amp#27;[0m
2021-08-23 10:55:46,187 [INFO  ] Log - -----------------------------------------------------------------------------------------
2021-08-23 10:55:46,187 [INFO  ] Log - >> Validate correct message is returned when "swift_code" CTBAAU2S matches with "country_code" AU but not with "bank_country_code" <Bank_country_code>
2021-08-23 10:55:46,187 [INFO  ] Log - -----------------------------------------------------------------------------------------
2021-08-23 10:55:46,657 [INFO  ] Log - >> Token Created
  &amp#27;[32mGiven &amp#27;[0m&amp#27;[32mI am authorized user&amp#27;[0m                                                                                                                                          &amp#27;[90m# stepDefinitions.Generic_Steps.i_am_authorized_user()&amp#27;[0m
2021-08-23 10:55:46,657 [INFO  ] Log - >> Request PayLoad Created

    Request Payload : {
        "payment_methods": ["SWIFT"],
        "beneficiary": {
            "address": {
                "country_code": "AU",
                "street_address": "412 5th Avenue",
                "city": "Seattle",
                "postcode": "98104",
                "state": "Washington"
            },
            "entity_type": "COMPANY",
            "additional_info": {"personal_email": "john.walker@gmail.com"},
            "bank_details": {
                "account_number": "12750852",
                "account_currency": "AUD",
                "bank_country_code": "AU",
                "swift_code": "CTBAAU2S",
                "account_name": "Lee Da Ming",
                "iban": "ES8023100001180000012345",
                "bank_name": "National Australia Bank",
                "account_routing_value1": "083064",
                "transaction_reference": "4140110135",
                "local_clearing_system": "ACH",
                "account_routing_type1": "bsb"
            },
            "company_name": "ABC University"
        },
        "nickname": "ABC University",
        "payer_entity_type": "PERSONAL"
    }

  &amp#27;[32mAnd &amp#27;[0m&amp#27;[32mI create request payload with valid data for all keys with &amp#27;[0m&amp#27;[32m&amp#27;[1m"country_code"&amp#27;[0m&amp#27;[32m is &amp#27;[0m&amp#27;[32m&amp#27;[1m"AU"&amp#27;[0m&amp#27;[32m &amp#27;[0m&amp#27;[32m&amp#27;[1m"bank_country_code"&amp#27;[0m&amp#27;[32m is &amp#27;[0m&amp#27;[32m&amp#27;[1m"AU"&amp#27;[0m&amp#27;[32m &amp#27;[0m&amp#27;[32m&amp#27;[1m"swift_code"&amp#27;[0m&amp#27;[32m is &amp#27;[0m&amp#27;[32m&amp#27;[1m"CTBAAU2S"&amp#27;[0m                        &amp#27;[90m# stepDefinitions.Generic_Steps.i_create_request_payload_with_valid_data_for_all_keys_with_is_is_is(java.lang.String,java.lang.String,java.lang.String,java.lang.String,java.lang.String,java.lang.String)&amp#27;[0m
2021-08-23 10:55:47,099 [INFO  ] Log - >> Request PayLoad is posted

    Response : {
        "beneficiary": {
            "additional_info": {
                "personal_email": "john.walker@gmail.com"
            },
            "address": {
                "city": "Seattle",
                "country_code": "AU",
                "postcode": "98104",
                "state": "Washington",
                "street_address": "412 5th Avenue"
            },
            "bank_details": {
                "account_currency": "AUD",
                "account_name": "Lee Da Ming",
                "account_number": "12750852",
                "account_routing_type1": "bsb",
                "account_routing_value1": "083064",
                "bank_country_code": "AU",
                "bank_name": "National Australia Bank",
                "iban": "ES8023100001180000012345",
                "swift_code": "CTBAAU2S"
            },
            "company_name": "ABC University",
            "entity_type": "COMPANY"
        },
        "beneficiary_id": "a1a509fd-3a20-4504-84cc-87484cb44182",
        "nickname": "ABC University",
        "payer_entity_type": "PERSONAL",
        "payment_methods": [
            "SWIFT"
        ]
    }

  &amp#27;[32mWhen &amp#27;[0m&amp#27;[32mI perform post on CreateBeneficiary endpoint&amp#27;[0m                                                                                                                   &amp#27;[90m# stepDefinitions.Generic_Steps.i_perform_post_on_create_beneficiary_endpoint()&amp#27;[0m
2021-08-23 10:55:47,101 [INFO  ] Log - >> Response status code is 201
  &amp#27;[32mThen &amp#27;[0m&amp#27;[32mResponse status code is &amp#27;[0m&amp#27;[32m&amp#27;[1m201&amp#27;[0m                                                                                                                                    &amp#27;[90m# stepDefinitions.Generic_Steps.response_status_code_is(java.lang.Integer)&amp#27;[0m
2021-08-23 10:55:47,102 [INFO  ] Log - >> Response status line is HTTP/1.1 201 Created
  &amp#27;[32mAnd &amp#27;[0m&amp#27;[32mResponse status line is &amp#27;[0m&amp#27;[32m&amp#27;[1m"Created"&amp#27;[0m                                                                                                                               &amp#27;[90m# stepDefinitions.Generic_Steps.response_status_line_is(java.lang.String)&amp#27;[0m
]]></system-out>
  </testcase>
</testsuite>