<?xml version="1.0" encoding="UTF-8"?>
<!-- Generated by org.testng.reporters.JUnitReportReporter -->
<testsuite hostname="AbhiSneh" failures="23" tests="75" name="cucumber.Options.RunCucumberTests" time="90.027" errors="9" timestamp="2021-08-23T10:55:47 CEST" skipped="0">
  <testcase classname="cucumber.Options.RunCucumberTests" name="runScenario" time="0.924"/>
  <system-out/>
  <testcase classname="cucumber.Options.RunCucumberTests" name="runScenario" time="0.941"/>
  <system-out/>
  <testcase classname="cucumber.Options.RunCucumberTests" name="runScenario" time="1.015"/>
  <system-out/>
  <testcase classname="cucumber.Options.RunCucumberTests" name="runScenario" time="0.956">
    <failure message="The following asserts failed:
	expected [The swift code is not valid for the given bank country code: &lt;Bank_country_code&gt;] but found [Should be a valid and supported SWIFT code / BIC]" type="java.lang.AssertionError">
      <![CDATA[java.lang.AssertionError: The following asserts failed:
expected [The swift code is not valid for the given bank country code: <Bank_country_code>] but found [Should be a valid and supported SWIFT code / BIC]
at org.testng.asserts.SoftAssert.assertAll(SoftAssert.java:47)
at org.testng.asserts.SoftAssert.assertAll(SoftAssert.java:31)
at stepDefinitions.Generic_Steps.after(Generic_Steps.java:38)
]]>
    </failure>
  </testcase> <!-- runScenario -->
  <system-out/>
  <testcase classname="cucumber.Options.RunCucumberTests" name="runScenario" time="1.804"/>
  <system-out/>
  <testcase classname="cucumber.Options.RunCucumberTests" name="runScenario" time="1.045"/>
  <system-out/>
  <testcase classname="cucumber.Options.RunCucumberTests" name="runScenario" time="1.635">
    <error message="Cannot invoke &quot;Object.toString()&quot; because the return value of &quot;io.restassured.path.json.JsonPath.get(String)&quot; is null" type="java.lang.NullPointerException">
      <![CDATA[java.lang.NullPointerException: Cannot invoke "Object.toString()" because the return value of "io.restassured.path.json.JsonPath.get(String)" is null
at utilities.Json_handler.getJsonPath(Json_handler.java:21)
at stepDefinitions.Generic_Steps.response_contains_value(Generic_Steps.java:139)
at ✽.Response "code" has value "payment_schema_validation_failed"(file:///C:/SnehProjects/DemoProject/Demo_APIFramework/src/test/resources/features/Account_Number.feature:45)
]]>
    </error>
  </testcase> <!-- runScenario -->
  <system-out/>
  <testcase classname="cucumber.Options.RunCucumberTests" name="runScenario" time="1.034"/>
  <system-out/>
  <testcase classname="cucumber.Options.RunCucumberTests" name="runScenario" time="2.548">
    <failure message="The following asserts failed:
	expected [Length of account_number should be between 2 and 10 when bank_country_code is CN] but found [Should contain 2 to 200 characters],
	expected [Should contain 2 to 10 characters] but found [Should contain 2 to 200 characters]" type="java.lang.AssertionError">
      <![CDATA[java.lang.AssertionError: The following asserts failed:
expected [Length of account_number should be between 2 and 10 when bank_country_code is CN] but found [Should contain 2 to 200 characters],
expected [Should contain 2 to 10 characters] but found [Should contain 2 to 200 characters]
at org.testng.asserts.SoftAssert.assertAll(SoftAssert.java:47)
at org.testng.asserts.SoftAssert.assertAll(SoftAssert.java:31)
at stepDefinitions.Generic_Steps.after(Generic_Steps.java:38)
]]>
    </failure>
  </testcase> <!-- runScenario -->
  <system-out/>
  <testcase classname="cucumber.Options.RunCucumberTests" name="runScenario" time="0.926"/>
  <system-out/>
  <testcase classname="cucumber.Options.RunCucumberTests" name="runScenario" time="0.906">
    <failure message="The following asserts failed:
	expected [Length of &#039;swift_code&#039; should be either 8 or 11] but found [Should be a valid and supported SWIFT code / BIC]" type="java.lang.AssertionError">
      <![CDATA[java.lang.AssertionError: The following asserts failed:
expected [Length of 'swift_code' should be either 8 or 11] but found [Should be a valid and supported SWIFT code / BIC]
at org.testng.asserts.SoftAssert.assertAll(SoftAssert.java:47)
at org.testng.asserts.SoftAssert.assertAll(SoftAssert.java:31)
at stepDefinitions.Generic_Steps.after(Generic_Steps.java:38)
]]>
    </failure>
  </testcase> <!-- runScenario -->
  <system-out/>
  <testcase classname="cucumber.Options.RunCucumberTests" name="runScenario" time="0.907">
    <failure message="The following asserts failed:
	expected [The swift code is not valid for the given bank country code: &lt;Bank_country_code&gt;] but found [Should be a valid and supported SWIFT code / BIC]" type="java.lang.AssertionError">
      <![CDATA[java.lang.AssertionError: The following asserts failed:
expected [The swift code is not valid for the given bank country code: <Bank_country_code>] but found [Should be a valid and supported SWIFT code / BIC]
at org.testng.asserts.SoftAssert.assertAll(SoftAssert.java:47)
at org.testng.asserts.SoftAssert.assertAll(SoftAssert.java:31)
at stepDefinitions.Generic_Steps.after(Generic_Steps.java:38)
]]>
    </failure>
  </testcase> <!-- runScenario -->
  <system-out/>
  <testcase classname="cucumber.Options.RunCucumberTests" name="runScenario" time="5.708"/>
  <system-out/>
  <testcase classname="cucumber.Options.RunCucumberTests" name="runScenario" time="1.017"/>
  <system-out/>
  <testcase classname="cucumber.Options.RunCucumberTests" name="runScenario" time="0.994"/>
  <system-out/>
  <testcase classname="cucumber.Options.RunCucumberTests" name="runScenario" time="0.920">
    <failure message="The following asserts failed:
	expected [201] but found [400],
	expected [true] but found [false]" type="java.lang.AssertionError">
      <![CDATA[java.lang.AssertionError: The following asserts failed:
expected [201] but found [400],
expected [true] but found [false]
at org.testng.asserts.SoftAssert.assertAll(SoftAssert.java:47)
at org.testng.asserts.SoftAssert.assertAll(SoftAssert.java:31)
at stepDefinitions.Generic_Steps.after(Generic_Steps.java:38)
]]>
    </failure>
  </testcase> <!-- runScenario -->
  <system-out/>
  <testcase classname="cucumber.Options.RunCucumberTests" name="runScenario" time="0.986"/>
  <system-out/>
  <testcase classname="cucumber.Options.RunCucumberTests" name="runScenario" time="0.986"/>
  <system-out/>
  <testcase classname="cucumber.Options.RunCucumberTests" name="runScenario" time="0.791"/>
  <system-out/>
  <testcase classname="cucumber.Options.RunCucumberTests" name="runScenario" time="1.052">
    <failure message="The following asserts failed:
	expected [Length of account_number should be between 6 and 9 when bank_country_code is AU] but found [Should contain 6 to 20 characters]" type="java.lang.AssertionError">
      <![CDATA[java.lang.AssertionError: The following asserts failed:
expected [Length of account_number should be between 6 and 9 when bank_country_code is AU] but found [Should contain 6 to 20 characters]
at org.testng.asserts.SoftAssert.assertAll(SoftAssert.java:47)
at org.testng.asserts.SoftAssert.assertAll(SoftAssert.java:31)
at stepDefinitions.Generic_Steps.after(Generic_Steps.java:38)
]]>
    </failure>
  </testcase> <!-- runScenario -->
  <system-out/>
  <testcase classname="cucumber.Options.RunCucumberTests" name="runScenario" time="0.902"/>
  <system-out/>
  <testcase classname="cucumber.Options.RunCucumberTests" name="runScenario" time="0.927"/>
  <system-out/>
  <testcase classname="cucumber.Options.RunCucumberTests" name="runScenario" time="0.933">
    <error message="Cannot invoke &quot;Object.toString()&quot; because the return value of &quot;io.restassured.path.json.JsonPath.get(String)&quot; is null" type="java.lang.NullPointerException">
      <![CDATA[java.lang.NullPointerException: Cannot invoke "Object.toString()" because the return value of "io.restassured.path.json.JsonPath.get(String)" is null
at utilities.Json_handler.getJsonPath(Json_handler.java:21)
at stepDefinitions.Generic_Steps.response_contains_value(Generic_Steps.java:139)
at ✽.Response "code" has value "payment_schema_validation_failed"(file:///C:/SnehProjects/DemoProject/Demo_APIFramework/src/test/resources/features/Routing_Type.feature:44)
]]>
    </error>
  </testcase> <!-- runScenario -->
  <system-out/>
  <testcase classname="cucumber.Options.RunCucumberTests" name="runScenario" time="1.643"/>
  <system-out/>
  <testcase classname="cucumber.Options.RunCucumberTests" name="runScenario" time="1.018"/>
  <system-out/>
  <testcase classname="cucumber.Options.RunCucumberTests" name="runScenario" time="0.918"/>
  <system-out/>
  <testcase classname="cucumber.Options.RunCucumberTests" name="runScenario" time="1.010"/>
  <system-out/>
  <testcase classname="cucumber.Options.RunCucumberTests" name="runScenario" time="0.869"/>
  <system-out/>
  <testcase classname="cucumber.Options.RunCucumberTests" name="runScenario" time="0.923"/>
  <system-out/>
  <testcase classname="cucumber.Options.RunCucumberTests" name="runScenario" time="0.884">
    <error message="Cannot invoke &quot;Object.toString()&quot; because the return value of &quot;io.restassured.path.json.JsonPath.get(String)&quot; is null" type="java.lang.NullPointerException">
      <![CDATA[java.lang.NullPointerException: Cannot invoke "Object.toString()" because the return value of "io.restassured.path.json.JsonPath.get(String)" is null
at utilities.Json_handler.getJsonPath(Json_handler.java:21)
at stepDefinitions.Generic_Steps.response_contains_value(Generic_Steps.java:139)
at ✽.Response "code" has value "payment_schema_validation_failed"(file:///C:/SnehProjects/DemoProject/Demo_APIFramework/src/test/resources/features/Routing_Type.feature:44)
]]>
    </error>
  </testcase> <!-- runScenario -->
  <system-out/>
  <testcase classname="cucumber.Options.RunCucumberTests" name="runScenario" time="1.045"/>
  <system-out/>
  <testcase classname="cucumber.Options.RunCucumberTests" name="runScenario" time="1.083">
    <error message="Cannot invoke &quot;Object.toString()&quot; because the return value of &quot;io.restassured.path.json.JsonPath.get(String)&quot; is null" type="java.lang.NullPointerException">
      <![CDATA[java.lang.NullPointerException: Cannot invoke "Object.toString()" because the return value of "io.restassured.path.json.JsonPath.get(String)" is null
at utilities.Json_handler.getJsonPath(Json_handler.java:21)
at stepDefinitions.Generic_Steps.response_contains_value(Generic_Steps.java:139)
at ✽.Response "code" has value "payment_schema_validation_failed"(file:///C:/SnehProjects/DemoProject/Demo_APIFramework/src/test/resources/features/Account_Number.feature:45)
]]>
    </error>
  </testcase> <!-- runScenario -->
  <system-out/>
  <testcase classname="cucumber.Options.RunCucumberTests" name="runScenario" time="1.532"/>
  <system-out/>
  <testcase classname="cucumber.Options.RunCucumberTests" name="runScenario" time="1.019"/>
  <system-out/>
  <testcase classname="cucumber.Options.RunCucumberTests" name="runScenario" time="1.643"/>
  <system-out/>
  <testcase classname="cucumber.Options.RunCucumberTests" name="runScenario" time="0.959">
    <failure message="The following asserts failed:
	expected [The swift code is not valid for the given bank country code: &lt;Bank_country_code&gt;] but found [Should be a valid and supported SWIFT code / BIC]" type="java.lang.AssertionError">
      <![CDATA[java.lang.AssertionError: The following asserts failed:
expected [The swift code is not valid for the given bank country code: <Bank_country_code>] but found [Should be a valid and supported SWIFT code / BIC]
at org.testng.asserts.SoftAssert.assertAll(SoftAssert.java:47)
at org.testng.asserts.SoftAssert.assertAll(SoftAssert.java:31)
at stepDefinitions.Generic_Steps.after(Generic_Steps.java:38)
]]>
    </failure>
  </testcase> <!-- runScenario -->
  <system-out/>
  <testcase classname="cucumber.Options.RunCucumberTests" name="runScenario" time="0.771"/>
  <system-out/>
  <testcase classname="cucumber.Options.RunCucumberTests" name="runScenario" time="2.462">
    <failure message="The following asserts failed:
	expected [Length of account_number should be between 2 and 10 when bank_country_code is AU] but found [Should contain 2 to 200 characters],
	expected [Should contain 2 to 10 characters] but found [Should contain 2 to 200 characters]" type="java.lang.AssertionError">
      <![CDATA[java.lang.AssertionError: The following asserts failed:
expected [Length of account_number should be between 2 and 10 when bank_country_code is AU] but found [Should contain 2 to 200 characters],
expected [Should contain 2 to 10 characters] but found [Should contain 2 to 200 characters]
at org.testng.asserts.SoftAssert.assertAll(SoftAssert.java:47)
at org.testng.asserts.SoftAssert.assertAll(SoftAssert.java:31)
at stepDefinitions.Generic_Steps.after(Generic_Steps.java:38)
]]>
    </failure>
  </testcase> <!-- runScenario -->
  <system-out/>
  <testcase classname="cucumber.Options.RunCucumberTests" name="runScenario" time="0.911"/>
  <system-out/>
  <testcase classname="cucumber.Options.RunCucumberTests" name="runScenario" time="0.913">
    <failure message="The following asserts failed:
	expected [The swift code is not valid for the given bank country code: &lt;Bank_country_code&gt;] but found [Should be a valid and supported SWIFT code / BIC]" type="java.lang.AssertionError">
      <![CDATA[java.lang.AssertionError: The following asserts failed:
expected [The swift code is not valid for the given bank country code: <Bank_country_code>] but found [Should be a valid and supported SWIFT code / BIC]
at org.testng.asserts.SoftAssert.assertAll(SoftAssert.java:47)
at org.testng.asserts.SoftAssert.assertAll(SoftAssert.java:31)
at stepDefinitions.Generic_Steps.after(Generic_Steps.java:38)
]]>
    </failure>
  </testcase> <!-- runScenario -->
  <system-out/>
  <testcase classname="cucumber.Options.RunCucumberTests" name="runScenario" time="1.056"/>
  <system-out/>
  <testcase classname="cucumber.Options.RunCucumberTests" name="runScenario" time="1.603">
    <error message="Cannot invoke &quot;Object.toString()&quot; because the return value of &quot;io.restassured.path.json.JsonPath.get(String)&quot; is null" type="java.lang.NullPointerException">
      <![CDATA[java.lang.NullPointerException: Cannot invoke "Object.toString()" because the return value of "io.restassured.path.json.JsonPath.get(String)" is null
at utilities.Json_handler.getJsonPath(Json_handler.java:21)
at stepDefinitions.Generic_Steps.response_contains_value(Generic_Steps.java:139)
at ✽.Response "code" has value "payment_schema_validation_failed"(file:///C:/SnehProjects/DemoProject/Demo_APIFramework/src/test/resources/features/Account_Number.feature:45)
]]>
    </error>
  </testcase> <!-- runScenario -->
  <system-out/>
  <testcase classname="cucumber.Options.RunCucumberTests" name="runScenario" time="0.935">
    <error message="Cannot invoke &quot;Object.toString()&quot; because the return value of &quot;io.restassured.path.json.JsonPath.get(String)&quot; is null" type="java.lang.NullPointerException">
      <![CDATA[java.lang.NullPointerException: Cannot invoke "Object.toString()" because the return value of "io.restassured.path.json.JsonPath.get(String)" is null
at utilities.Json_handler.getJsonPath(Json_handler.java:21)
at stepDefinitions.Generic_Steps.response_contains_value(Generic_Steps.java:139)
at ✽.Response "code" has value "payment_schema_validation_failed"(file:///C:/SnehProjects/DemoProject/Demo_APIFramework/src/test/resources/features/Routing_Type.feature:44)
]]>
    </error>
  </testcase> <!-- runScenario -->
  <system-out/>
  <testcase classname="cucumber.Options.RunCucumberTests" name="runScenario" time="0.922"/>
  <system-out/>
  <testcase classname="cucumber.Options.RunCucumberTests" name="runScenario" time="0.978"/>
  <system-out/>
  <testcase classname="cucumber.Options.RunCucumberTests" name="runScenario" time="0.927">
    <failure message="The following asserts failed:
	expected [The swift code is not valid for the given bank country code: &lt;Bank_country_code&gt;] but found [The SWIFT code / BIC should match the bank location selected ]" type="java.lang.AssertionError">
      <![CDATA[java.lang.AssertionError: The following asserts failed:
expected [The swift code is not valid for the given bank country code: <Bank_country_code>] but found [The SWIFT code / BIC should match the bank location selected ]
at org.testng.asserts.SoftAssert.assertAll(SoftAssert.java:47)
at org.testng.asserts.SoftAssert.assertAll(SoftAssert.java:31)
at stepDefinitions.Generic_Steps.after(Generic_Steps.java:38)
]]>
    </failure>
  </testcase> <!-- runScenario -->
  <system-out/>
  <testcase classname="cucumber.Options.RunCucumberTests" name="runScenario" time="1.049"/>
  <system-out/>
  <testcase classname="cucumber.Options.RunCucumberTests" name="runScenario" time="1.056">
    <failure message="The following asserts failed:
	expected [Length of account_number should be between 8 and 20 when bank_country_code is CN] but found [Should contain 8 to 34 characters]" type="java.lang.AssertionError">
      <![CDATA[java.lang.AssertionError: The following asserts failed:
expected [Length of account_number should be between 8 and 20 when bank_country_code is CN] but found [Should contain 8 to 34 characters]
at org.testng.asserts.SoftAssert.assertAll(SoftAssert.java:47)
at org.testng.asserts.SoftAssert.assertAll(SoftAssert.java:31)
at stepDefinitions.Generic_Steps.after(Generic_Steps.java:38)
]]>
    </failure>
  </testcase> <!-- runScenario -->
  <system-out/>
  <testcase classname="cucumber.Options.RunCucumberTests" name="runScenario" time="0.954"/>
  <system-out/>
  <testcase classname="cucumber.Options.RunCucumberTests" name="runScenario" time="1.011"/>
  <system-out/>
  <testcase classname="cucumber.Options.RunCucumberTests" name="runScenario" time="0.836"/>
  <system-out/>
  <testcase classname="cucumber.Options.RunCucumberTests" name="runScenario" time="1.012">
    <failure message="The following asserts failed:
	expected [Length of account_number should be between 8 and 20 when bank_country_code is CN] but found [Should contain 8 to 34 characters]" type="java.lang.AssertionError">
      <![CDATA[java.lang.AssertionError: The following asserts failed:
expected [Length of account_number should be between 8 and 20 when bank_country_code is CN] but found [Should contain 8 to 34 characters]
at org.testng.asserts.SoftAssert.assertAll(SoftAssert.java:47)
at org.testng.asserts.SoftAssert.assertAll(SoftAssert.java:31)
at stepDefinitions.Generic_Steps.after(Generic_Steps.java:38)
]]>
    </failure>
  </testcase> <!-- runScenario -->
  <system-out/>
  <testcase classname="cucumber.Options.RunCucumberTests" name="runScenario" time="0.960">
    <error message="Cannot invoke &quot;Object.toString()&quot; because the return value of &quot;io.restassured.path.json.JsonPath.get(String)&quot; is null" type="java.lang.NullPointerException">
      <![CDATA[java.lang.NullPointerException: Cannot invoke "Object.toString()" because the return value of "io.restassured.path.json.JsonPath.get(String)" is null
at utilities.Json_handler.getJsonPath(Json_handler.java:21)
at stepDefinitions.Generic_Steps.response_contains_value(Generic_Steps.java:139)
at ✽.Response "code" has value "payment_schema_validation_failed"(file:///C:/SnehProjects/DemoProject/Demo_APIFramework/src/test/resources/features/Routing_Type.feature:44)
]]>
    </error>
  </testcase> <!-- runScenario -->
  <system-out/>
  <testcase classname="cucumber.Options.RunCucumberTests" name="runScenario" time="1.031">
    <failure message="The following asserts failed:
	expected [400] but found [201],
	expected [true] but found [false]" type="java.lang.AssertionError">
      <![CDATA[java.lang.AssertionError: The following asserts failed:
expected [400] but found [201],
expected [true] but found [false]
at org.testng.asserts.SoftAssert.assertAll(SoftAssert.java:47)
at org.testng.asserts.SoftAssert.assertAll(SoftAssert.java:31)
at stepDefinitions.Generic_Steps.after(Generic_Steps.java:38)
]]>
    </failure>
  </testcase> <!-- runScenario -->
  <system-out/>
  <testcase classname="cucumber.Options.RunCucumberTests" name="runScenario" time="1.713"/>
  <system-out/>
  <testcase classname="cucumber.Options.RunCucumberTests" name="runScenario" time="1.860"/>
  <system-out/>
  <testcase classname="cucumber.Options.RunCucumberTests" name="runScenario" time="0.909">
    <failure message="The following asserts failed:
	expected [The swift code is not valid for the given bank country code: &lt;Bank_country_code&gt;] but found [The SWIFT code / BIC should match the bank location selected ]" type="java.lang.AssertionError">
      <![CDATA[java.lang.AssertionError: The following asserts failed:
expected [The swift code is not valid for the given bank country code: <Bank_country_code>] but found [The SWIFT code / BIC should match the bank location selected ]
at org.testng.asserts.SoftAssert.assertAll(SoftAssert.java:47)
at org.testng.asserts.SoftAssert.assertAll(SoftAssert.java:31)
at stepDefinitions.Generic_Steps.after(Generic_Steps.java:38)
]]>
    </failure>
  </testcase> <!-- runScenario -->
  <system-out/>
  <testcase classname="cucumber.Options.RunCucumberTests" name="runScenario" time="1.112">
    <failure message="The following asserts failed:
	expected [201] but found [400],
	expected [true] but found [false]" type="java.lang.AssertionError">
      <![CDATA[java.lang.AssertionError: The following asserts failed:
expected [201] but found [400],
expected [true] but found [false]
at org.testng.asserts.SoftAssert.assertAll(SoftAssert.java:47)
at org.testng.asserts.SoftAssert.assertAll(SoftAssert.java:31)
at stepDefinitions.Generic_Steps.after(Generic_Steps.java:38)
]]>
    </failure>
  </testcase> <!-- runScenario -->
  <system-out/>
  <testcase classname="cucumber.Options.RunCucumberTests" name="runScenario" time="0.837"/>
  <system-out/>
  <testcase classname="cucumber.Options.RunCucumberTests" name="runScenario" time="1.895">
    <failure message="The following asserts failed:
	expected [Length of account_number should be between 2 and 10 when bank_country_code is US] but found [Should contain 2 to 200 characters],
	expected [Should contain 2 to 10 characters] but found [Should contain 2 to 200 characters]" type="java.lang.AssertionError">
      <![CDATA[java.lang.AssertionError: The following asserts failed:
expected [Length of account_number should be between 2 and 10 when bank_country_code is US] but found [Should contain 2 to 200 characters],
expected [Should contain 2 to 10 characters] but found [Should contain 2 to 200 characters]
at org.testng.asserts.SoftAssert.assertAll(SoftAssert.java:47)
at org.testng.asserts.SoftAssert.assertAll(SoftAssert.java:31)
at stepDefinitions.Generic_Steps.after(Generic_Steps.java:38)
]]>
    </failure>
  </testcase> <!-- runScenario -->
  <system-out/>
  <testcase classname="cucumber.Options.RunCucumberTests" name="runScenario" time="0.899"/>
  <system-out/>
  <testcase classname="cucumber.Options.RunCucumberTests" name="runScenario" time="1.226">
    <failure message="The following asserts failed:
	expected [Length of account_number should be between 8 and 20 when bank_country_code is CN] but found [Should contain 8 to 34 characters]" type="java.lang.AssertionError">
      <![CDATA[java.lang.AssertionError: The following asserts failed:
expected [Length of account_number should be between 8 and 20 when bank_country_code is CN] but found [Should contain 8 to 34 characters]
at org.testng.asserts.SoftAssert.assertAll(SoftAssert.java:47)
at org.testng.asserts.SoftAssert.assertAll(SoftAssert.java:31)
at stepDefinitions.Generic_Steps.after(Generic_Steps.java:38)
]]>
    </failure>
  </testcase> <!-- runScenario -->
  <system-out/>
  <testcase classname="cucumber.Options.RunCucumberTests" name="runScenario" time="0.866"/>
  <system-out/>
  <testcase classname="cucumber.Options.RunCucumberTests" name="runScenario" time="1.577">
    <failure message="The following asserts failed:
	expected [201] but found [400],
	expected [true] but found [false]" type="java.lang.AssertionError">
      <![CDATA[java.lang.AssertionError: The following asserts failed:
expected [201] but found [400],
expected [true] but found [false]
at org.testng.asserts.SoftAssert.assertAll(SoftAssert.java:47)
at org.testng.asserts.SoftAssert.assertAll(SoftAssert.java:31)
at stepDefinitions.Generic_Steps.after(Generic_Steps.java:38)
]]>
    </failure>
  </testcase> <!-- runScenario -->
  <system-out/>
  <testcase classname="cucumber.Options.RunCucumberTests" name="runScenario" time="0.864"/>
  <system-out/>
  <testcase classname="cucumber.Options.RunCucumberTests" name="runScenario" time="0.935">
    <failure message="The following asserts failed:
	expected [The swift code is not valid for the given bank country code: &lt;Bank_country_code&gt;] but found [The SWIFT code / BIC should match the bank location selected ]" type="java.lang.AssertionError">
      <![CDATA[java.lang.AssertionError: The following asserts failed:
expected [The swift code is not valid for the given bank country code: <Bank_country_code>] but found [The SWIFT code / BIC should match the bank location selected ]
at org.testng.asserts.SoftAssert.assertAll(SoftAssert.java:47)
at org.testng.asserts.SoftAssert.assertAll(SoftAssert.java:31)
at stepDefinitions.Generic_Steps.after(Generic_Steps.java:38)
]]>
    </failure>
  </testcase> <!-- runScenario -->
  <system-out/>
  <testcase classname="cucumber.Options.RunCucumberTests" name="runScenario" time="1.747">
    <failure message="The following asserts failed:
	expected [Length of account_number should be between 1 and 17 when bank_country_code is US] but found [Should contain 1 to 26 characters]" type="java.lang.AssertionError">
      <![CDATA[java.lang.AssertionError: The following asserts failed:
expected [Length of account_number should be between 1 and 17 when bank_country_code is US] but found [Should contain 1 to 26 characters]
at org.testng.asserts.SoftAssert.assertAll(SoftAssert.java:47)
at org.testng.asserts.SoftAssert.assertAll(SoftAssert.java:31)
at stepDefinitions.Generic_Steps.after(Generic_Steps.java:38)
]]>
    </failure>
  </testcase> <!-- runScenario -->
  <system-out/>
  <testcase classname="cucumber.Options.RunCucumberTests" name="runScenario" time="0.985">
    <failure message="The following asserts failed:
	expected [Length of account_number should be between 6 and 9 when bank_country_code is AU] but found [Should contain 6 to 20 characters]" type="java.lang.AssertionError">
      <![CDATA[java.lang.AssertionError: The following asserts failed:
expected [Length of account_number should be between 6 and 9 when bank_country_code is AU] but found [Should contain 6 to 20 characters]
at org.testng.asserts.SoftAssert.assertAll(SoftAssert.java:47)
at org.testng.asserts.SoftAssert.assertAll(SoftAssert.java:31)
at stepDefinitions.Generic_Steps.after(Generic_Steps.java:38)
]]>
    </failure>
  </testcase> <!-- runScenario -->
  <system-out/>
  <testcase classname="cucumber.Options.RunCucumberTests" name="runScenario" time="0.899">
    <failure message="The following asserts failed:
	expected [The swift code is not valid for the given bank country code: &lt;Bank_country_code&gt;] but found [Should be a valid and supported SWIFT code / BIC]" type="java.lang.AssertionError">
      <![CDATA[java.lang.AssertionError: The following asserts failed:
expected [The swift code is not valid for the given bank country code: <Bank_country_code>] but found [Should be a valid and supported SWIFT code / BIC]
at org.testng.asserts.SoftAssert.assertAll(SoftAssert.java:47)
at org.testng.asserts.SoftAssert.assertAll(SoftAssert.java:31)
at stepDefinitions.Generic_Steps.after(Generic_Steps.java:38)
]]>
    </failure>
  </testcase> <!-- runScenario -->
  <system-out/>
  <testcase classname="cucumber.Options.RunCucumberTests" name="runScenario" time="1.745">
    <error message="Cannot invoke &quot;Object.toString()&quot; because the return value of &quot;io.restassured.path.json.JsonPath.get(String)&quot; is null" type="java.lang.NullPointerException">
      <![CDATA[java.lang.NullPointerException: Cannot invoke "Object.toString()" because the return value of "io.restassured.path.json.JsonPath.get(String)" is null
at utilities.Json_handler.getJsonPath(Json_handler.java:21)
at stepDefinitions.Generic_Steps.response_contains_value(Generic_Steps.java:139)
at ✽.Response "code" has value "payment_schema_validation_failed"(file:///C:/SnehProjects/DemoProject/Demo_APIFramework/src/test/resources/features/Account_Number.feature:45)
]]>
    </error>
  </testcase> <!-- runScenario -->
  <system-out/>
  <testcase classname="cucumber.Options.RunCucumberTests" name="runScenario" time="1.577">
    <failure message="The following asserts failed:
	expected [Length of &#039;swift_code&#039; should be either 8 or 11] but found [Should be a valid and supported SWIFT code / BIC]" type="java.lang.AssertionError">
      <![CDATA[java.lang.AssertionError: The following asserts failed:
expected [Length of 'swift_code' should be either 8 or 11] but found [Should be a valid and supported SWIFT code / BIC]
at org.testng.asserts.SoftAssert.assertAll(SoftAssert.java:47)
at org.testng.asserts.SoftAssert.assertAll(SoftAssert.java:31)
at stepDefinitions.Generic_Steps.after(Generic_Steps.java:38)
]]>
    </failure>
  </testcase> <!-- runScenario -->
  <system-out/>
  <testcase classname="cucumber.Options.RunCucumberTests" name="runScenario" time="0.940"/>
  <system-out/>
  <testcase classname="cucumber.Options.RunCucumberTests" name="runScenario" time="1.007"/>
  <system-out/>
  <testcase classname="cucumber.Options.RunCucumberTests" name="runScenario" time="0.886"/>
  <system-out/>
  <testcase classname="cucumber.Options.RunCucumberTests" name="runScenario" time="1.758">
    <error message="Cannot invoke &quot;Object.toString()&quot; because the return value of &quot;io.restassured.path.json.JsonPath.get(String)&quot; is null" type="java.lang.NullPointerException">
      <![CDATA[java.lang.NullPointerException: Cannot invoke "Object.toString()" because the return value of "io.restassured.path.json.JsonPath.get(String)" is null
at utilities.Json_handler.getJsonPath(Json_handler.java:21)
at stepDefinitions.Generic_Steps.response_contains_value(Generic_Steps.java:139)
at ✽.Response "code" has value "payment_schema_validation_failed"(file:///C:/SnehProjects/DemoProject/Demo_APIFramework/src/test/resources/features/Account_Name.feature:32)
]]>
    </error>
  </testcase> <!-- runScenario -->
  <system-out/>
</testsuite> <!-- cucumber.Options.RunCucumberTests -->
